ERROR - 2025-05-20 02:50:36 --> mysqli_sql_exception: You have an error in your SQL syntax; check the manual that corresponds to your MariaDB server version for the right syntax to use near ')' at line 37 in C:\xampp\htdocs\fods\system\Database\MySQLi\Connection.php:327
Stack trace:
#0 C:\xampp\htdocs\fods\system\Database\MySQLi\Connection.php(327): mysqli->query('\r\n\t\t\t\tINSERT IN...', 0)
#1 C:\xampp\htdocs\fods\system\Database\BaseConnection.php(738): CodeIgniter\Database\MySQLi\Connection->execute('\r\n\t\t\t\tINSERT IN...')
#2 C:\xampp\htdocs\fods\system\Database\BaseConnection.php(652): CodeIgniter\Database\BaseConnection->simpleQuery('\r\n\t\t\t\tINSERT IN...')
#3 C:\xampp\htdocs\fods\app\Models\MyBudgetAllotmentModel.php(226): CodeIgniter\Database\BaseConnection->query('\r\n\t\t\t\tINSERT IN...')
#4 C:\xampp\htdocs\fods\app\Controllers\MyBudgetAllotment.php(36): App\Models\MyBudgetAllotmentModel->budget_save()
#5 C:\xampp\htdocs\fods\system\CodeIgniter.php(933): App\Controllers\MyBudgetAllotment->index()
#6 C:\xampp\htdocs\fods\system\CodeIgniter.php(507): CodeIgniter\CodeIgniter->runController(Object(App\Controllers\MyBudgetAllotment))
#7 C:\xampp\htdocs\fods\system\CodeIgniter.php(354): CodeIgniter\CodeIgniter->handleRequest(NULL, Object(Config\Cache), false)
#8 C:\xampp\htdocs\fods\system\Boot.php(334): CodeIgniter\CodeIgniter->run()
#9 C:\xampp\htdocs\fods\system\Boot.php(67): CodeIgniter\Boot::runCodeIgniter(Object(CodeIgniter\CodeIgniter))
#10 C:\xampp\htdocs\fods\public\index.php(56): CodeIgniter\Boot::bootWeb(Object(Config\Paths))
#11 {main}
CRITICAL - 2025-05-20 02:50:36 --> CodeIgniter\Database\Exceptions\DatabaseException: You have an error in your SQL syntax; check the manual that corresponds to your MariaDB server version for the right syntax to use near ')' at line 37
[Method: POST, Route: mybudgetallotment]
in SYSTEMPATH\Database\BaseConnection.php on line 692.
 1 APPPATH\Models\MyBudgetAllotmentModel.php(226): CodeIgniter\Database\BaseConnection->query('
				INSERT INTO `tbl_budget_hd`(
				`trxno`,
				`project_title`, 
				`responsibility_code`,
				`fund_cluster_code`, 
				`division_name`,
				`project_leader`, 
				`added_at`, 
				`added_by`,
				`program_title`,
				`total_duration`,
				`duration_from`,
				`duration_to`,
				`program_leader`,
				`monitoring_agency`,
				`collaborating_agencies`,
				`implementing_agency`,
				`tagging`) 
				VALUES (
				\'LIB-00002-0520\',
				\'Assessment of Selected Risk Factors of Non-Communicable Diseases (NCDs) among School-age Children, Adolescents, and Adults: 2021-2022 ENNS (Data Processing and Analysis) and 2023 NNS (Data Collection)\',
				\'T2023-19\',
				\'07\',
				\'NAMD\',
				\'admin\',
				NOW(),
				\'admin\',
				\'TEST 05202025\',
				\'One (1) Year\',
				\'2025-05-20\',
				\'2025-05-20\',
				\'ASDA\',
				\'ASDASD\',
				\'ASDA\',
				\'SDASD\',
				\'Save to Draft\',
				)
			')
 2 APPPATH\Controllers\MyBudgetAllotment.php(36): App\Models\MyBudgetAllotmentModel->budget_save()
 3 SYSTEMPATH\CodeIgniter.php(933): App\Controllers\MyBudgetAllotment->index()
 4 SYSTEMPATH\CodeIgniter.php(507): CodeIgniter\CodeIgniter->runController(Object(App\Controllers\MyBudgetAllotment))
 5 SYSTEMPATH\CodeIgniter.php(354): CodeIgniter\CodeIgniter->handleRequest(null, Object(Config\Cache), false)
 6 SYSTEMPATH\Boot.php(334): CodeIgniter\CodeIgniter->run()
 7 SYSTEMPATH\Boot.php(67): CodeIgniter\Boot::runCodeIgniter(Object(CodeIgniter\CodeIgniter))
 8 FCPATH\index.php(56): CodeIgniter\Boot::bootWeb(Object(Config\Paths))
CRITICAL - 2025-05-20 02:50:36 --> [Caused by] CodeIgniter\Database\Exceptions\DatabaseException: You have an error in your SQL syntax; check the manual that corresponds to your MariaDB server version for the right syntax to use near ')' at line 37
in SYSTEMPATH\Database\MySQLi\Connection.php on line 332.
 1 SYSTEMPATH\Database\BaseConnection.php(738): CodeIgniter\Database\MySQLi\Connection->execute('
				INSERT INTO `tbl_budget_hd`(
				`trxno`,
				`project_title`, 
				`responsibility_code`,
				`fund_cluster_code`, 
				`division_name`,
				`project_leader`, 
				`added_at`, 
				`added_by`,
				`program_title`,
				`total_duration`,
				`duration_from`,
				`duration_to`,
				`program_leader`,
				`monitoring_agency`,
				`collaborating_agencies`,
				`implementing_agency`,
				`tagging`) 
				VALUES (
				\'LIB-00002-0520\',
				\'Assessment of Selected Risk Factors of Non-Communicable Diseases (NCDs) among School-age Children, Adolescents, and Adults: 2021-2022 ENNS (Data Processing and Analysis) and 2023 NNS (Data Collection)\',
				\'T2023-19\',
				\'07\',
				\'NAMD\',
				\'admin\',
				NOW(),
				\'admin\',
				\'TEST 05202025\',
				\'One (1) Year\',
				\'2025-05-20\',
				\'2025-05-20\',
				\'ASDA\',
				\'ASDASD\',
				\'ASDA\',
				\'SDASD\',
				\'Save to Draft\',
				)
			')
 2 SYSTEMPATH\Database\BaseConnection.php(652): CodeIgniter\Database\BaseConnection->simpleQuery('
				INSERT INTO `tbl_budget_hd`(
				`trxno`,
				`project_title`, 
				`responsibility_code`,
				`fund_cluster_code`, 
				`division_name`,
				`project_leader`, 
				`added_at`, 
				`added_by`,
				`program_title`,
				`total_duration`,
				`duration_from`,
				`duration_to`,
				`program_leader`,
				`monitoring_agency`,
				`collaborating_agencies`,
				`implementing_agency`,
				`tagging`) 
				VALUES (
				\'LIB-00002-0520\',
				\'Assessment of Selected Risk Factors of Non-Communicable Diseases (NCDs) among School-age Children, Adolescents, and Adults: 2021-2022 ENNS (Data Processing and Analysis) and 2023 NNS (Data Collection)\',
				\'T2023-19\',
				\'07\',
				\'NAMD\',
				\'admin\',
				NOW(),
				\'admin\',
				\'TEST 05202025\',
				\'One (1) Year\',
				\'2025-05-20\',
				\'2025-05-20\',
				\'ASDA\',
				\'ASDASD\',
				\'ASDA\',
				\'SDASD\',
				\'Save to Draft\',
				)
			')
 3 APPPATH\Models\MyBudgetAllotmentModel.php(226): CodeIgniter\Database\BaseConnection->query('
				INSERT INTO `tbl_budget_hd`(
				`trxno`,
				`project_title`, 
				`responsibility_code`,
				`fund_cluster_code`, 
				`division_name`,
				`project_leader`, 
				`added_at`, 
				`added_by`,
				`program_title`,
				`total_duration`,
				`duration_from`,
				`duration_to`,
				`program_leader`,
				`monitoring_agency`,
				`collaborating_agencies`,
				`implementing_agency`,
				`tagging`) 
				VALUES (
				\'LIB-00002-0520\',
				\'Assessment of Selected Risk Factors of Non-Communicable Diseases (NCDs) among School-age Children, Adolescents, and Adults: 2021-2022 ENNS (Data Processing and Analysis) and 2023 NNS (Data Collection)\',
				\'T2023-19\',
				\'07\',
				\'NAMD\',
				\'admin\',
				NOW(),
				\'admin\',
				\'TEST 05202025\',
				\'One (1) Year\',
				\'2025-05-20\',
				\'2025-05-20\',
				\'ASDA\',
				\'ASDASD\',
				\'ASDA\',
				\'SDASD\',
				\'Save to Draft\',
				)
			')
 4 APPPATH\Controllers\MyBudgetAllotment.php(36): App\Models\MyBudgetAllotmentModel->budget_save()
 5 SYSTEMPATH\CodeIgniter.php(933): App\Controllers\MyBudgetAllotment->index()
 6 SYSTEMPATH\CodeIgniter.php(507): CodeIgniter\CodeIgniter->runController(Object(App\Controllers\MyBudgetAllotment))
 7 SYSTEMPATH\CodeIgniter.php(354): CodeIgniter\CodeIgniter->handleRequest(null, Object(Config\Cache), false)
 8 SYSTEMPATH\Boot.php(334): CodeIgniter\CodeIgniter->run()
 9 SYSTEMPATH\Boot.php(67): CodeIgniter\Boot::runCodeIgniter(Object(CodeIgniter\CodeIgniter))
10 FCPATH\index.php(56): CodeIgniter\Boot::bootWeb(Object(Config\Paths))
CRITICAL - 2025-05-20 02:50:36 --> [Caused by] mysqli_sql_exception: You have an error in your SQL syntax; check the manual that corresponds to your MariaDB server version for the right syntax to use near ')' at line 37
in SYSTEMPATH\Database\MySQLi\Connection.php on line 327.
 1 SYSTEMPATH\Database\MySQLi\Connection.php(327): mysqli->query('
				INSERT INTO `tbl_budget_hd`(
				`trxno`,
				`project_title`, 
				`responsibility_code`,
				`fund_cluster_code`, 
				`division_name`,
				`project_leader`, 
				`added_at`, 
				`added_by`,
				`program_title`,
				`total_duration`,
				`duration_from`,
				`duration_to`,
				`program_leader`,
				`monitoring_agency`,
				`collaborating_agencies`,
				`implementing_agency`,
				`tagging`) 
				VALUES (
				\'LIB-00002-0520\',
				\'Assessment of Selected Risk Factors of Non-Communicable Diseases (NCDs) among School-age Children, Adolescents, and Adults: 2021-2022 ENNS (Data Processing and Analysis) and 2023 NNS (Data Collection)\',
				\'T2023-19\',
				\'07\',
				\'NAMD\',
				\'admin\',
				NOW(),
				\'admin\',
				\'TEST 05202025\',
				\'One (1) Year\',
				\'2025-05-20\',
				\'2025-05-20\',
				\'ASDA\',
				\'ASDASD\',
				\'ASDA\',
				\'SDASD\',
				\'Save to Draft\',
				)
			', 0)
 2 SYSTEMPATH\Database\BaseConnection.php(738): CodeIgniter\Database\MySQLi\Connection->execute('
				INSERT INTO `tbl_budget_hd`(
				`trxno`,
				`project_title`, 
				`responsibility_code`,
				`fund_cluster_code`, 
				`division_name`,
				`project_leader`, 
				`added_at`, 
				`added_by`,
				`program_title`,
				`total_duration`,
				`duration_from`,
				`duration_to`,
				`program_leader`,
				`monitoring_agency`,
				`collaborating_agencies`,
				`implementing_agency`,
				`tagging`) 
				VALUES (
				\'LIB-00002-0520\',
				\'Assessment of Selected Risk Factors of Non-Communicable Diseases (NCDs) among School-age Children, Adolescents, and Adults: 2021-2022 ENNS (Data Processing and Analysis) and 2023 NNS (Data Collection)\',
				\'T2023-19\',
				\'07\',
				\'NAMD\',
				\'admin\',
				NOW(),
				\'admin\',
				\'TEST 05202025\',
				\'One (1) Year\',
				\'2025-05-20\',
				\'2025-05-20\',
				\'ASDA\',
				\'ASDASD\',
				\'ASDA\',
				\'SDASD\',
				\'Save to Draft\',
				)
			')
 3 SYSTEMPATH\Database\BaseConnection.php(652): CodeIgniter\Database\BaseConnection->simpleQuery('
				INSERT INTO `tbl_budget_hd`(
				`trxno`,
				`project_title`, 
				`responsibility_code`,
				`fund_cluster_code`, 
				`division_name`,
				`project_leader`, 
				`added_at`, 
				`added_by`,
				`program_title`,
				`total_duration`,
				`duration_from`,
				`duration_to`,
				`program_leader`,
				`monitoring_agency`,
				`collaborating_agencies`,
				`implementing_agency`,
				`tagging`) 
				VALUES (
				\'LIB-00002-0520\',
				\'Assessment of Selected Risk Factors of Non-Communicable Diseases (NCDs) among School-age Children, Adolescents, and Adults: 2021-2022 ENNS (Data Processing and Analysis) and 2023 NNS (Data Collection)\',
				\'T2023-19\',
				\'07\',
				\'NAMD\',
				\'admin\',
				NOW(),
				\'admin\',
				\'TEST 05202025\',
				\'One (1) Year\',
				\'2025-05-20\',
				\'2025-05-20\',
				\'ASDA\',
				\'ASDASD\',
				\'ASDA\',
				\'SDASD\',
				\'Save to Draft\',
				)
			')
 4 APPPATH\Models\MyBudgetAllotmentModel.php(226): CodeIgniter\Database\BaseConnection->query('
				INSERT INTO `tbl_budget_hd`(
				`trxno`,
				`project_title`, 
				`responsibility_code`,
				`fund_cluster_code`, 
				`division_name`,
				`project_leader`, 
				`added_at`, 
				`added_by`,
				`program_title`,
				`total_duration`,
				`duration_from`,
				`duration_to`,
				`program_leader`,
				`monitoring_agency`,
				`collaborating_agencies`,
				`implementing_agency`,
				`tagging`) 
				VALUES (
				\'LIB-00002-0520\',
				\'Assessment of Selected Risk Factors of Non-Communicable Diseases (NCDs) among School-age Children, Adolescents, and Adults: 2021-2022 ENNS (Data Processing and Analysis) and 2023 NNS (Data Collection)\',
				\'T2023-19\',
				\'07\',
				\'NAMD\',
				\'admin\',
				NOW(),
				\'admin\',
				\'TEST 05202025\',
				\'One (1) Year\',
				\'2025-05-20\',
				\'2025-05-20\',
				\'ASDA\',
				\'ASDASD\',
				\'ASDA\',
				\'SDASD\',
				\'Save to Draft\',
				)
			')
 5 APPPATH\Controllers\MyBudgetAllotment.php(36): App\Models\MyBudgetAllotmentModel->budget_save()
 6 SYSTEMPATH\CodeIgniter.php(933): App\Controllers\MyBudgetAllotment->index()
 7 SYSTEMPATH\CodeIgniter.php(507): CodeIgniter\CodeIgniter->runController(Object(App\Controllers\MyBudgetAllotment))
 8 SYSTEMPATH\CodeIgniter.php(354): CodeIgniter\CodeIgniter->handleRequest(null, Object(Config\Cache), false)
 9 SYSTEMPATH\Boot.php(334): CodeIgniter\CodeIgniter->run()
10 SYSTEMPATH\Boot.php(67): CodeIgniter\Boot::runCodeIgniter(Object(CodeIgniter\CodeIgniter))
11 FCPATH\index.php(56): CodeIgniter\Boot::bootWeb(Object(Config\Paths))
ERROR - 2025-05-20 05:27:41 --> Error connecting to the database: mysqli_sql_exception: No connection could be made because the target machine actively refused it in C:\xampp\htdocs\fods\system\Database\MySQLi\Connection.php:202
Stack trace:
#0 C:\xampp\htdocs\fods\system\Database\MySQLi\Connection.php(202): mysqli->real_connect('localhost', 'root', '', 'fods', 3306, '', 0)
#1 C:\xampp\htdocs\fods\system\Database\BaseConnection.php(421): CodeIgniter\Database\MySQLi\Connection->connect(false)
#2 C:\xampp\htdocs\fods\system\Database\BaseConnection.php(620): CodeIgniter\Database\BaseConnection->initialize()
#3 C:\xampp\htdocs\fods\app\Controllers\MyBudgetAllotment.php(25): CodeIgniter\Database\BaseConnection->query('\r\n             ...')
#4 C:\xampp\htdocs\fods\system\CodeIgniter.php(933): App\Controllers\MyBudgetAllotment->index()
#5 C:\xampp\htdocs\fods\system\CodeIgniter.php(507): CodeIgniter\CodeIgniter->runController(Object(App\Controllers\MyBudgetAllotment))
#6 C:\xampp\htdocs\fods\system\CodeIgniter.php(354): CodeIgniter\CodeIgniter->handleRequest(NULL, Object(Config\Cache), false)
#7 C:\xampp\htdocs\fods\system\Boot.php(334): CodeIgniter\CodeIgniter->run()
#8 C:\xampp\htdocs\fods\system\Boot.php(67): CodeIgniter\Boot::runCodeIgniter(Object(CodeIgniter\CodeIgniter))
#9 C:\xampp\htdocs\fods\public\index.php(56): CodeIgniter\Boot::bootWeb(Object(Config\Paths))
#10 {main}

Next CodeIgniter\Database\Exceptions\DatabaseException: No connection could be made because the target machine actively refused it in C:\xampp\htdocs\fods\system\Database\MySQLi\Connection.php:246
Stack trace:
#0 C:\xampp\htdocs\fods\system\Database\BaseConnection.php(421): CodeIgniter\Database\MySQLi\Connection->connect(false)
#1 C:\xampp\htdocs\fods\system\Database\BaseConnection.php(620): CodeIgniter\Database\BaseConnection->initialize()
#2 C:\xampp\htdocs\fods\app\Controllers\MyBudgetAllotment.php(25): CodeIgniter\Database\BaseConnection->query('\r\n             ...')
#3 C:\xampp\htdocs\fods\system\CodeIgniter.php(933): App\Controllers\MyBudgetAllotment->index()
#4 C:\xampp\htdocs\fods\system\CodeIgniter.php(507): CodeIgniter\CodeIgniter->runController(Object(App\Controllers\MyBudgetAllotment))
#5 C:\xampp\htdocs\fods\system\CodeIgniter.php(354): CodeIgniter\CodeIgniter->handleRequest(NULL, Object(Config\Cache), false)
#6 C:\xampp\htdocs\fods\system\Boot.php(334): CodeIgniter\CodeIgniter->run()
#7 C:\xampp\htdocs\fods\system\Boot.php(67): CodeIgniter\Boot::runCodeIgniter(Object(CodeIgniter\CodeIgniter))
#8 C:\xampp\htdocs\fods\public\index.php(56): CodeIgniter\Boot::bootWeb(Object(Config\Paths))
#9 {main}
CRITICAL - 2025-05-20 05:27:41 --> CodeIgniter\Database\Exceptions\DatabaseException: Unable to connect to the database.
Main connection [MySQLi]: No connection could be made because the target machine actively refused it
[Method: GET, Route: mybudgetallotment]
in SYSTEMPATH\Database\BaseConnection.php on line 467.
 1 SYSTEMPATH\Database\BaseConnection.php(620): CodeIgniter\Database\BaseConnection->initialize()
 2 APPPATH\Controllers\MyBudgetAllotment.php(25): CodeIgniter\Database\BaseConnection->query('
                    SELECT `recid`FROM tbl_user_access WHERE `username` = \'admin\' AND `access_code` = \'1001\' AND `is_active` = \'1\'
                ')
 3 SYSTEMPATH\CodeIgniter.php(933): App\Controllers\MyBudgetAllotment->index()
 4 SYSTEMPATH\CodeIgniter.php(507): CodeIgniter\CodeIgniter->runController(Object(App\Controllers\MyBudgetAllotment))
 5 SYSTEMPATH\CodeIgniter.php(354): CodeIgniter\CodeIgniter->handleRequest(null, Object(Config\Cache), false)
 6 SYSTEMPATH\Boot.php(334): CodeIgniter\CodeIgniter->run()
 7 SYSTEMPATH\Boot.php(67): CodeIgniter\Boot::runCodeIgniter(Object(CodeIgniter\CodeIgniter))
 8 FCPATH\index.php(56): CodeIgniter\Boot::bootWeb(Object(Config\Paths))
CRITICAL - 2025-05-20 16:33:51 --> ErrorException: Trying to access array offset on value of type null
[Method: GET, Route: mybudgetallotment]
in APPPATH\Views\budget\budget-allotment-main.php on line 64.
 1 APPPATH\Views\budget\budget-allotment-main.php(64): CodeIgniter\Debug\Exceptions->errorHandler(2, 'Trying to access array offset on value of type null', 'C:\\xampp\\htdocs\\fods\\app\\Views\\budget\\budget-allotment-main.php', 64)
 2 SYSTEMPATH\View\View.php(224): include('C:\\xampp\\htdocs\\fods\\app\\Views\\budget\\budget-allotment-main.php')
 3 SYSTEMPATH\View\View.php(227): CodeIgniter\View\View->CodeIgniter\View\{closure}()
 4 SYSTEMPATH\Common.php(1173): CodeIgniter\View\View->render('budget/budget-allotment-main', [], true)
 5 APPPATH\Controllers\MyBudgetAllotment.php(134): view('budget/budget-allotment-main', [...])
 6 APPPATH\Controllers\MyBudgetAllotment.php(28): App\Controllers\MyBudgetAllotment->loadMainView()
 7 SYSTEMPATH\CodeIgniter.php(933): App\Controllers\MyBudgetAllotment->index()
 8 SYSTEMPATH\CodeIgniter.php(507): CodeIgniter\CodeIgniter->runController(Object(App\Controllers\MyBudgetAllotment))
 9 SYSTEMPATH\CodeIgniter.php(354): CodeIgniter\CodeIgniter->handleRequest(null, Object(Config\Cache), false)
10 SYSTEMPATH\Boot.php(334): CodeIgniter\CodeIgniter->run()
11 SYSTEMPATH\Boot.php(67): CodeIgniter\Boot::runCodeIgniter(Object(CodeIgniter\CodeIgniter))
12 FCPATH\index.php(56): CodeIgniter\Boot::bootWeb(Object(Config\Paths))
