ERROR - 2026-03-19 13:49:21 --> Flashdata set: User Name not Found
ERROR - 2026-03-19 13:49:22 --> Flashdata set: User Name not Found
ERROR - 2026-03-19 13:49:30 --> Flashdata set: User Name not Found
ERROR - 2026-03-19 13:50:16 --> Flashdata set: User Name not Found
ERROR - 2026-03-19 13:50:17 --> Flashdata set: User Name not Found
ERROR - 2026-03-19 13:50:52 --> Flashdata set: User Name not Found
ERROR - 2026-03-19 13:51:02 --> Flashdata set: User Name not Found
ERROR - 2026-03-19 13:51:07 --> Flashdata set: User Name not Found
ERROR - 2026-03-19 13:51:22 --> Flashdata set: User Name not Found
ERROR - 2026-03-19 13:51:57 --> Flashdata set: User Name not Found
ERROR - 2026-03-19 13:52:06 --> Flashdata set: Wrong Password
ERROR - 2026-03-19 13:52:31 --> Flashdata set: User Name not Found
ERROR - 2026-03-19 13:52:40 --> Flashdata set: Wrong Password
CRITICAL - 2026-03-19 14:18:55 --> ErrorException: Trying to access array offset on value of type null
[Method: GET, Route: mysaobrpt]
in APPPATH\Views\report\saob-pdf.php on line 10512.
 1 APPPATH\Views\report\saob-pdf.php(10512): CodeIgniter\Debug\Exceptions->errorHandler(2, 'Trying to access array offset on value of type null', 'C:\\xampp\\htdocs\\fods\\app\\Views\\report\\saob-pdf.php', 10512)
 2 SYSTEMPATH\View\View.php(224): include('C:\\xampp\\htdocs\\fods\\app\\Views\\report\\saob-pdf.php')
 3 SYSTEMPATH\View\View.php(227): CodeIgniter\View\View->CodeIgniter\View\{closure}()
 4 SYSTEMPATH\Common.php(1173): CodeIgniter\View\View->render('report/saob-pdf', [], true)
 5 APPPATH\Controllers\MySaobReport.php(38): view('report/saob-pdf')
 6 SYSTEMPATH\CodeIgniter.php(933): App\Controllers\MySaobReport->index()
 7 SYSTEMPATH\CodeIgniter.php(507): CodeIgniter\CodeIgniter->runController(Object(App\Controllers\MySaobReport))
 8 SYSTEMPATH\CodeIgniter.php(354): CodeIgniter\CodeIgniter->handleRequest(null, Object(Config\Cache), false)
 9 SYSTEMPATH\Boot.php(334): CodeIgniter\CodeIgniter->run()
10 SYSTEMPATH\Boot.php(67): CodeIgniter\Boot::runCodeIgniter(Object(CodeIgniter\CodeIgniter))
11 FCPATH\index.php(56): CodeIgniter\Boot::bootWeb(Object(Config\Paths))
