ERROR - 2025-10-20 14:39:39 --> mysqli_sql_exception: Unknown column 'burs_date' in 'field list' in C:\xampp\htdocs\fods\system\Database\MySQLi\Connection.php:327
Stack trace:
#0 C:\xampp\htdocs\fods\system\Database\MySQLi\Connection.php(327): mysqli->query('\r\n\t\t\t\tINSERT IN...', 0)
#1 C:\xampp\htdocs\fods\system\Database\BaseConnection.php(738): CodeIgniter\Database\MySQLi\Connection->execute('\r\n\t\t\t\tINSERT IN...')
#2 C:\xampp\htdocs\fods\system\Database\BaseConnection.php(652): CodeIgniter\Database\BaseConnection->simpleQuery('\r\n\t\t\t\tINSERT IN...')
#3 C:\xampp\htdocs\fods\app\Models\MyBursModel.php(151): CodeIgniter\Database\BaseConnection->query('\r\n\t\t\t\tINSERT IN...', Array)
#4 C:\xampp\htdocs\fods\app\Controllers\MyBurs.php(35): App\Models\MyBursModel->burs_save()
#5 C:\xampp\htdocs\fods\system\CodeIgniter.php(933): App\Controllers\MyBurs->index()
#6 C:\xampp\htdocs\fods\system\CodeIgniter.php(507): CodeIgniter\CodeIgniter->runController(Object(App\Controllers\MyBurs))
#7 C:\xampp\htdocs\fods\system\CodeIgniter.php(354): CodeIgniter\CodeIgniter->handleRequest(NULL, Object(Config\Cache), false)
#8 C:\xampp\htdocs\fods\system\Boot.php(334): CodeIgniter\CodeIgniter->run()
#9 C:\xampp\htdocs\fods\system\Boot.php(67): CodeIgniter\Boot::runCodeIgniter(Object(CodeIgniter\CodeIgniter))
#10 C:\xampp\htdocs\fods\public\index.php(56): CodeIgniter\Boot::bootWeb(Object(Config\Paths))
#11 {main}
CRITICAL - 2025-10-20 14:39:39 --> CodeIgniter\Database\Exceptions\DatabaseException: Unknown column 'burs_date' in 'field list'
[Method: POST, Route: myburs]
in SYSTEMPATH\Database\BaseConnection.php on line 692.
 1 APPPATH\Models\MyBursModel.php(151): CodeIgniter\Database\BaseConnection->query('
				INSERT INTO tbl_burs_hd (
					`serialno`,
					`particulars`,
					`funding_source`,
					`payee_name`,
					`payee_office`,
					`payee_address`,
					`certified_a`,
					`position_a`,
					`certified_b`,
					`position_b`,
					`added_by`,
					`burs_date`
				)
				VALUES (?, ?, ?, ?, ?, ?, ?, ?, ?, ?, ?, ?)', [...])
 2 APPPATH\Controllers\MyBurs.php(35): App\Models\MyBursModel->burs_save()
 3 SYSTEMPATH\CodeIgniter.php(933): App\Controllers\MyBurs->index()
 4 SYSTEMPATH\CodeIgniter.php(507): CodeIgniter\CodeIgniter->runController(Object(App\Controllers\MyBurs))
 5 SYSTEMPATH\CodeIgniter.php(354): CodeIgniter\CodeIgniter->handleRequest(null, Object(Config\Cache), false)
 6 SYSTEMPATH\Boot.php(334): CodeIgniter\CodeIgniter->run()
 7 SYSTEMPATH\Boot.php(67): CodeIgniter\Boot::runCodeIgniter(Object(CodeIgniter\CodeIgniter))
 8 FCPATH\index.php(56): CodeIgniter\Boot::bootWeb(Object(Config\Paths))
CRITICAL - 2025-10-20 14:39:39 --> [Caused by] CodeIgniter\Database\Exceptions\DatabaseException: Unknown column 'burs_date' in 'field list'
in SYSTEMPATH\Database\MySQLi\Connection.php on line 332.
 1 SYSTEMPATH\Database\BaseConnection.php(738): CodeIgniter\Database\MySQLi\Connection->execute('
				INSERT INTO tbl_burs_hd (
					`serialno`,
					`particulars`,
					`funding_source`,
					`payee_name`,
					`payee_office`,
					`payee_address`,
					`certified_a`,
					`position_a`,
					`certified_b`,
					`position_b`,
					`added_by`,
					`burs_date`
				)
				VALUES (\'test\', \'test\', \'101101\', \'AGDEPPA, IMELDA A.\', \'\', \'\', \'MILDRED O. GUIRINDOLA, Ph. D.\', \'Chief SRS\', \'ROMANA L. LLAMAS\', \'ADMINISTRATIVE OFFICER V\', \'ADMIN-KYLE\', \'2025-10-20\')')
 2 SYSTEMPATH\Database\BaseConnection.php(652): CodeIgniter\Database\BaseConnection->simpleQuery('
				INSERT INTO tbl_burs_hd (
					`serialno`,
					`particulars`,
					`funding_source`,
					`payee_name`,
					`payee_office`,
					`payee_address`,
					`certified_a`,
					`position_a`,
					`certified_b`,
					`position_b`,
					`added_by`,
					`burs_date`
				)
				VALUES (\'test\', \'test\', \'101101\', \'AGDEPPA, IMELDA A.\', \'\', \'\', \'MILDRED O. GUIRINDOLA, Ph. D.\', \'Chief SRS\', \'ROMANA L. LLAMAS\', \'ADMINISTRATIVE OFFICER V\', \'ADMIN-KYLE\', \'2025-10-20\')')
 3 APPPATH\Models\MyBursModel.php(151): CodeIgniter\Database\BaseConnection->query('
				INSERT INTO tbl_burs_hd (
					`serialno`,
					`particulars`,
					`funding_source`,
					`payee_name`,
					`payee_office`,
					`payee_address`,
					`certified_a`,
					`position_a`,
					`certified_b`,
					`position_b`,
					`added_by`,
					`burs_date`
				)
				VALUES (?, ?, ?, ?, ?, ?, ?, ?, ?, ?, ?, ?)', [...])
 4 APPPATH\Controllers\MyBurs.php(35): App\Models\MyBursModel->burs_save()
 5 SYSTEMPATH\CodeIgniter.php(933): App\Controllers\MyBurs->index()
 6 SYSTEMPATH\CodeIgniter.php(507): CodeIgniter\CodeIgniter->runController(Object(App\Controllers\MyBurs))
 7 SYSTEMPATH\CodeIgniter.php(354): CodeIgniter\CodeIgniter->handleRequest(null, Object(Config\Cache), false)
 8 SYSTEMPATH\Boot.php(334): CodeIgniter\CodeIgniter->run()
 9 SYSTEMPATH\Boot.php(67): CodeIgniter\Boot::runCodeIgniter(Object(CodeIgniter\CodeIgniter))
10 FCPATH\index.php(56): CodeIgniter\Boot::bootWeb(Object(Config\Paths))
CRITICAL - 2025-10-20 14:39:39 --> [Caused by] mysqli_sql_exception: Unknown column 'burs_date' in 'field list'
in SYSTEMPATH\Database\MySQLi\Connection.php on line 327.
 1 SYSTEMPATH\Database\MySQLi\Connection.php(327): mysqli->query('
				INSERT INTO tbl_burs_hd (
					`serialno`,
					`particulars`,
					`funding_source`,
					`payee_name`,
					`payee_office`,
					`payee_address`,
					`certified_a`,
					`position_a`,
					`certified_b`,
					`position_b`,
					`added_by`,
					`burs_date`
				)
				VALUES (\'test\', \'test\', \'101101\', \'AGDEPPA, IMELDA A.\', \'\', \'\', \'MILDRED O. GUIRINDOLA, Ph. D.\', \'Chief SRS\', \'ROMANA L. LLAMAS\', \'ADMINISTRATIVE OFFICER V\', \'ADMIN-KYLE\', \'2025-10-20\')', 0)
 2 SYSTEMPATH\Database\BaseConnection.php(738): CodeIgniter\Database\MySQLi\Connection->execute('
				INSERT INTO tbl_burs_hd (
					`serialno`,
					`particulars`,
					`funding_source`,
					`payee_name`,
					`payee_office`,
					`payee_address`,
					`certified_a`,
					`position_a`,
					`certified_b`,
					`position_b`,
					`added_by`,
					`burs_date`
				)
				VALUES (\'test\', \'test\', \'101101\', \'AGDEPPA, IMELDA A.\', \'\', \'\', \'MILDRED O. GUIRINDOLA, Ph. D.\', \'Chief SRS\', \'ROMANA L. LLAMAS\', \'ADMINISTRATIVE OFFICER V\', \'ADMIN-KYLE\', \'2025-10-20\')')
 3 SYSTEMPATH\Database\BaseConnection.php(652): CodeIgniter\Database\BaseConnection->simpleQuery('
				INSERT INTO tbl_burs_hd (
					`serialno`,
					`particulars`,
					`funding_source`,
					`payee_name`,
					`payee_office`,
					`payee_address`,
					`certified_a`,
					`position_a`,
					`certified_b`,
					`position_b`,
					`added_by`,
					`burs_date`
				)
				VALUES (\'test\', \'test\', \'101101\', \'AGDEPPA, IMELDA A.\', \'\', \'\', \'MILDRED O. GUIRINDOLA, Ph. D.\', \'Chief SRS\', \'ROMANA L. LLAMAS\', \'ADMINISTRATIVE OFFICER V\', \'ADMIN-KYLE\', \'2025-10-20\')')
 4 APPPATH\Models\MyBursModel.php(151): CodeIgniter\Database\BaseConnection->query('
				INSERT INTO tbl_burs_hd (
					`serialno`,
					`particulars`,
					`funding_source`,
					`payee_name`,
					`payee_office`,
					`payee_address`,
					`certified_a`,
					`position_a`,
					`certified_b`,
					`position_b`,
					`added_by`,
					`burs_date`
				)
				VALUES (?, ?, ?, ?, ?, ?, ?, ?, ?, ?, ?, ?)', [...])
 5 APPPATH\Controllers\MyBurs.php(35): App\Models\MyBursModel->burs_save()
 6 SYSTEMPATH\CodeIgniter.php(933): App\Controllers\MyBurs->index()
 7 SYSTEMPATH\CodeIgniter.php(507): CodeIgniter\CodeIgniter->runController(Object(App\Controllers\MyBurs))
 8 SYSTEMPATH\CodeIgniter.php(354): CodeIgniter\CodeIgniter->handleRequest(null, Object(Config\Cache), false)
 9 SYSTEMPATH\Boot.php(334): CodeIgniter\CodeIgniter->run()
10 SYSTEMPATH\Boot.php(67): CodeIgniter\Boot::runCodeIgniter(Object(CodeIgniter\CodeIgniter))
11 FCPATH\index.php(56): CodeIgniter\Boot::bootWeb(Object(Config\Paths))
CRITICAL - 2025-10-20 15:57:50 --> ErrorException: Trying to access array offset on value of type null
[Method: GET, Route: myburs]
in APPPATH\Views\burs\burs-main.php on line 62.
 1 APPPATH\Views\burs\burs-main.php(62): CodeIgniter\Debug\Exceptions->errorHandler(2, 'Trying to access array offset on value of type null', 'C:\\xampp\\htdocs\\fods\\app\\Views\\burs\\burs-main.php', 62)
 2 SYSTEMPATH\View\View.php(224): include('C:\\xampp\\htdocs\\fods\\app\\Views\\burs\\burs-main.php')
 3 SYSTEMPATH\View\View.php(227): CodeIgniter\View\View->CodeIgniter\View\{closure}()
 4 SYSTEMPATH\Common.php(1173): CodeIgniter\View\View->render('burs/burs-main', [], true)
 5 APPPATH\Controllers\MyBurs.php(155): view('burs/burs-main', [...])
 6 APPPATH\Controllers\MyBurs.php(28): App\Controllers\MyBurs->loadMainView()
 7 SYSTEMPATH\CodeIgniter.php(933): App\Controllers\MyBurs->index()
 8 SYSTEMPATH\CodeIgniter.php(507): CodeIgniter\CodeIgniter->runController(Object(App\Controllers\MyBurs))
 9 SYSTEMPATH\CodeIgniter.php(354): CodeIgniter\CodeIgniter->handleRequest(null, Object(Config\Cache), false)
10 SYSTEMPATH\Boot.php(334): CodeIgniter\CodeIgniter->run()
11 SYSTEMPATH\Boot.php(67): CodeIgniter\Boot::runCodeIgniter(Object(CodeIgniter\CodeIgniter))
12 FCPATH\index.php(56): CodeIgniter\Boot::bootWeb(Object(Config\Paths))
CRITICAL - 2025-10-20 16:42:21 --> CodeIgniter\View\Exceptions\ViewException: Invalid file: "products/products-main.php"
[Method: GET, Route: myproducts]
in SYSTEMPATH\Exceptions\FrameworkException.php on line 39.
 1 SYSTEMPATH\View\View.php(212): CodeIgniter\Exceptions\FrameworkException::forInvalidFile('products/products-main.php')
 2 SYSTEMPATH\Common.php(1173): CodeIgniter\View\View->render('products/products-main', [], true)
 3 APPPATH\Controllers\MyProducts.php(139): view('products/products-main', [...])
 4 APPPATH\Controllers\MyProducts.php(28): App\Controllers\MyProducts->loadProductsView()
 5 SYSTEMPATH\CodeIgniter.php(933): App\Controllers\MyProducts->index()
 6 SYSTEMPATH\CodeIgniter.php(507): CodeIgniter\CodeIgniter->runController(Object(App\Controllers\MyProducts))
 7 SYSTEMPATH\CodeIgniter.php(354): CodeIgniter\CodeIgniter->handleRequest(null, Object(Config\Cache), false)
 8 SYSTEMPATH\Boot.php(334): CodeIgniter\CodeIgniter->run()
 9 SYSTEMPATH\Boot.php(67): CodeIgniter\Boot::runCodeIgniter(Object(CodeIgniter\CodeIgniter))
10 FCPATH\index.php(56): CodeIgniter\Boot::bootWeb(Object(Config\Paths))
CRITICAL - 2025-10-20 16:42:33 --> CodeIgniter\View\Exceptions\ViewException: Invalid file: "products/products-main.php"
[Method: GET, Route: myproducts]
in SYSTEMPATH\Exceptions\FrameworkException.php on line 39.
 1 SYSTEMPATH\View\View.php(212): CodeIgniter\Exceptions\FrameworkException::forInvalidFile('products/products-main.php')
 2 SYSTEMPATH\Common.php(1173): CodeIgniter\View\View->render('products/products-main', [], true)
 3 APPPATH\Controllers\MyProducts.php(139): view('products/products-main', [...])
 4 APPPATH\Controllers\MyProducts.php(28): App\Controllers\MyProducts->loadProductsView()
 5 SYSTEMPATH\CodeIgniter.php(933): App\Controllers\MyProducts->index()
 6 SYSTEMPATH\CodeIgniter.php(507): CodeIgniter\CodeIgniter->runController(Object(App\Controllers\MyProducts))
 7 SYSTEMPATH\CodeIgniter.php(354): CodeIgniter\CodeIgniter->handleRequest(null, Object(Config\Cache), false)
 8 SYSTEMPATH\Boot.php(334): CodeIgniter\CodeIgniter->run()
 9 SYSTEMPATH\Boot.php(67): CodeIgniter\Boot::runCodeIgniter(Object(CodeIgniter\CodeIgniter))
10 FCPATH\index.php(56): CodeIgniter\Boot::bootWeb(Object(Config\Paths))
CRITICAL - 2025-10-20 16:42:35 --> CodeIgniter\View\Exceptions\ViewException: Invalid file: "products/products-main.php"
[Method: GET, Route: myproducts]
in SYSTEMPATH\Exceptions\FrameworkException.php on line 39.
 1 SYSTEMPATH\View\View.php(212): CodeIgniter\Exceptions\FrameworkException::forInvalidFile('products/products-main.php')
 2 SYSTEMPATH\Common.php(1173): CodeIgniter\View\View->render('products/products-main', [], true)
 3 APPPATH\Controllers\MyProducts.php(139): view('products/products-main', [...])
 4 APPPATH\Controllers\MyProducts.php(28): App\Controllers\MyProducts->loadProductsView()
 5 SYSTEMPATH\CodeIgniter.php(933): App\Controllers\MyProducts->index()
 6 SYSTEMPATH\CodeIgniter.php(507): CodeIgniter\CodeIgniter->runController(Object(App\Controllers\MyProducts))
 7 SYSTEMPATH\CodeIgniter.php(354): CodeIgniter\CodeIgniter->handleRequest(null, Object(Config\Cache), false)
 8 SYSTEMPATH\Boot.php(334): CodeIgniter\CodeIgniter->run()
 9 SYSTEMPATH\Boot.php(67): CodeIgniter\Boot::runCodeIgniter(Object(CodeIgniter\CodeIgniter))
10 FCPATH\index.php(56): CodeIgniter\Boot::bootWeb(Object(Config\Paths))
CRITICAL - 2025-10-20 16:42:40 --> CodeIgniter\View\Exceptions\ViewException: Invalid file: "products/products-main.php"
[Method: GET, Route: myproducts]
in SYSTEMPATH\Exceptions\FrameworkException.php on line 39.
 1 SYSTEMPATH\View\View.php(212): CodeIgniter\Exceptions\FrameworkException::forInvalidFile('products/products-main.php')
 2 SYSTEMPATH\Common.php(1173): CodeIgniter\View\View->render('products/products-main', [], true)
 3 APPPATH\Controllers\MyProducts.php(139): view('products/products-main', [...])
 4 APPPATH\Controllers\MyProducts.php(28): App\Controllers\MyProducts->loadProductsView()
 5 SYSTEMPATH\CodeIgniter.php(933): App\Controllers\MyProducts->index()
 6 SYSTEMPATH\CodeIgniter.php(507): CodeIgniter\CodeIgniter->runController(Object(App\Controllers\MyProducts))
 7 SYSTEMPATH\CodeIgniter.php(354): CodeIgniter\CodeIgniter->handleRequest(null, Object(Config\Cache), false)
 8 SYSTEMPATH\Boot.php(334): CodeIgniter\CodeIgniter->run()
 9 SYSTEMPATH\Boot.php(67): CodeIgniter\Boot::runCodeIgniter(Object(CodeIgniter\CodeIgniter))
10 FCPATH\index.php(56): CodeIgniter\Boot::bootWeb(Object(Config\Paths))
