CRITICAL - 2025-07-11 09:11:31 --> ErrorException: Undefined variable $IDPS
[Method: GET, Route: myors]
in APPPATH\Views\ors\ors-pdf.php on line 234.
 1 APPPATH\Views\ors\ors-pdf.php(234): CodeIgniter\Debug\Exceptions->errorHandler(2, 'Undefined variable $IDPS', 'C:\\xampp\\htdocs\\fods\\app\\Views\\ors\\ors-pdf.php', 234)
 2 SYSTEMPATH\View\View.php(224): include('C:\\xampp\\htdocs\\fods\\app\\Views\\ors\\ors-pdf.php')
 3 SYSTEMPATH\View\View.php(227): CodeIgniter\View\View->CodeIgniter\View\{closure}()
 4 SYSTEMPATH\Common.php(1173): CodeIgniter\View\View->render('ors/ors-pdf', [], true)
 5 APPPATH\Controllers\MyOrs.php(48): view('ors/ors-pdf')
 6 SYSTEMPATH\CodeIgniter.php(933): App\Controllers\MyOrs->index()
 7 SYSTEMPATH\CodeIgniter.php(507): CodeIgniter\CodeIgniter->runController(Object(App\Controllers\MyOrs))
 8 SYSTEMPATH\CodeIgniter.php(354): CodeIgniter\CodeIgniter->handleRequest(null, Object(Config\Cache), false)
 9 SYSTEMPATH\Boot.php(334): CodeIgniter\CodeIgniter->run()
10 SYSTEMPATH\Boot.php(67): CodeIgniter\Boot::runCodeIgniter(Object(CodeIgniter\CodeIgniter))
11 FCPATH\index.php(56): CodeIgniter\Boot::bootWeb(Object(Config\Paths))
CRITICAL - 2025-07-11 09:11:41 --> ErrorException: Undefined variable $IDPS
[Method: GET, Route: myors]
in APPPATH\Views\ors\ors-pdf.php on line 234.
 1 APPPATH\Views\ors\ors-pdf.php(234): CodeIgniter\Debug\Exceptions->errorHandler(2, 'Undefined variable $IDPS', 'C:\\xampp\\htdocs\\fods\\app\\Views\\ors\\ors-pdf.php', 234)
 2 SYSTEMPATH\View\View.php(224): include('C:\\xampp\\htdocs\\fods\\app\\Views\\ors\\ors-pdf.php')
 3 SYSTEMPATH\View\View.php(227): CodeIgniter\View\View->CodeIgniter\View\{closure}()
 4 SYSTEMPATH\Common.php(1173): CodeIgniter\View\View->render('ors/ors-pdf', [], true)
 5 APPPATH\Controllers\MyOrs.php(48): view('ors/ors-pdf')
 6 SYSTEMPATH\CodeIgniter.php(933): App\Controllers\MyOrs->index()
 7 SYSTEMPATH\CodeIgniter.php(507): CodeIgniter\CodeIgniter->runController(Object(App\Controllers\MyOrs))
 8 SYSTEMPATH\CodeIgniter.php(354): CodeIgniter\CodeIgniter->handleRequest(null, Object(Config\Cache), false)
 9 SYSTEMPATH\Boot.php(334): CodeIgniter\CodeIgniter->run()
10 SYSTEMPATH\Boot.php(67): CodeIgniter\Boot::runCodeIgniter(Object(CodeIgniter\CodeIgniter))
11 FCPATH\index.php(56): CodeIgniter\Boot::bootWeb(Object(Config\Paths))
CRITICAL - 2025-07-11 10:51:09 --> ErrorException: Undefined variable $DMOOE
[Method: GET, Route: myors]
in APPPATH\Views\ors\ors-pdf.php on line 321.
 1 APPPATH\Views\ors\ors-pdf.php(321): CodeIgniter\Debug\Exceptions->errorHandler(2, 'Undefined variable $DMOOE', 'C:\\xampp\\htdocs\\fods\\app\\Views\\ors\\ors-pdf.php', 321)
 2 SYSTEMPATH\View\View.php(224): include('C:\\xampp\\htdocs\\fods\\app\\Views\\ors\\ors-pdf.php')
 3 SYSTEMPATH\View\View.php(227): CodeIgniter\View\View->CodeIgniter\View\{closure}()
 4 SYSTEMPATH\Common.php(1173): CodeIgniter\View\View->render('ors/ors-pdf', [], true)
 5 APPPATH\Controllers\MyOrs.php(48): view('ors/ors-pdf')
 6 SYSTEMPATH\CodeIgniter.php(933): App\Controllers\MyOrs->index()
 7 SYSTEMPATH\CodeIgniter.php(507): CodeIgniter\CodeIgniter->runController(Object(App\Controllers\MyOrs))
 8 SYSTEMPATH\CodeIgniter.php(354): CodeIgniter\CodeIgniter->handleRequest(null, Object(Config\Cache), false)
 9 SYSTEMPATH\Boot.php(334): CodeIgniter\CodeIgniter->run()
10 SYSTEMPATH\Boot.php(67): CodeIgniter\Boot::runCodeIgniter(Object(CodeIgniter\CodeIgniter))
11 FCPATH\index.php(56): CodeIgniter\Boot::bootWeb(Object(Config\Paths))
CRITICAL - 2025-07-11 11:36:40 --> ErrorException: Undefined variable $DMOOE
[Method: GET, Route: myors]
in APPPATH\Views\ors\ors-pdf.php on line 323.
 1 APPPATH\Views\ors\ors-pdf.php(323): CodeIgniter\Debug\Exceptions->errorHandler(2, 'Undefined variable $DMOOE', 'C:\\xampp\\htdocs\\fods\\app\\Views\\ors\\ors-pdf.php', 323)
 2 SYSTEMPATH\View\View.php(224): include('C:\\xampp\\htdocs\\fods\\app\\Views\\ors\\ors-pdf.php')
 3 SYSTEMPATH\View\View.php(227): CodeIgniter\View\View->CodeIgniter\View\{closure}()
 4 SYSTEMPATH\Common.php(1173): CodeIgniter\View\View->render('ors/ors-pdf', [], true)
 5 APPPATH\Controllers\MyOrs.php(48): view('ors/ors-pdf')
 6 SYSTEMPATH\CodeIgniter.php(933): App\Controllers\MyOrs->index()
 7 SYSTEMPATH\CodeIgniter.php(507): CodeIgniter\CodeIgniter->runController(Object(App\Controllers\MyOrs))
 8 SYSTEMPATH\CodeIgniter.php(354): CodeIgniter\CodeIgniter->handleRequest(null, Object(Config\Cache), false)
 9 SYSTEMPATH\Boot.php(334): CodeIgniter\CodeIgniter->run()
10 SYSTEMPATH\Boot.php(67): CodeIgniter\Boot::runCodeIgniter(Object(CodeIgniter\CodeIgniter))
11 FCPATH\index.php(56): CodeIgniter\Boot::bootWeb(Object(Config\Paths))
CRITICAL - 2025-07-11 13:06:14 --> ErrorException: Undefined variable $DMOOE
[Method: GET, Route: myors]
in APPPATH\Views\ors\ors-pdf.php on line 322.
 1 APPPATH\Views\ors\ors-pdf.php(322): CodeIgniter\Debug\Exceptions->errorHandler(2, 'Undefined variable $DMOOE', 'C:\\xampp\\htdocs\\fods\\app\\Views\\ors\\ors-pdf.php', 322)
 2 SYSTEMPATH\View\View.php(224): include('C:\\xampp\\htdocs\\fods\\app\\Views\\ors\\ors-pdf.php')
 3 SYSTEMPATH\View\View.php(227): CodeIgniter\View\View->CodeIgniter\View\{closure}()
 4 SYSTEMPATH\Common.php(1173): CodeIgniter\View\View->render('ors/ors-pdf', [], true)
 5 APPPATH\Controllers\MyOrs.php(48): view('ors/ors-pdf')
 6 SYSTEMPATH\CodeIgniter.php(933): App\Controllers\MyOrs->index()
 7 SYSTEMPATH\CodeIgniter.php(507): CodeIgniter\CodeIgniter->runController(Object(App\Controllers\MyOrs))
 8 SYSTEMPATH\CodeIgniter.php(354): CodeIgniter\CodeIgniter->handleRequest(null, Object(Config\Cache), false)
 9 SYSTEMPATH\Boot.php(334): CodeIgniter\CodeIgniter->run()
10 SYSTEMPATH\Boot.php(67): CodeIgniter\Boot::runCodeIgniter(Object(CodeIgniter\CodeIgniter))
11 FCPATH\index.php(56): CodeIgniter\Boot::bootWeb(Object(Config\Paths))
CRITICAL - 2025-07-11 13:06:16 --> ErrorException: Undefined variable $DMOOE
[Method: GET, Route: myors]
in APPPATH\Views\ors\ors-pdf.php on line 322.
 1 APPPATH\Views\ors\ors-pdf.php(322): CodeIgniter\Debug\Exceptions->errorHandler(2, 'Undefined variable $DMOOE', 'C:\\xampp\\htdocs\\fods\\app\\Views\\ors\\ors-pdf.php', 322)
 2 SYSTEMPATH\View\View.php(224): include('C:\\xampp\\htdocs\\fods\\app\\Views\\ors\\ors-pdf.php')
 3 SYSTEMPATH\View\View.php(227): CodeIgniter\View\View->CodeIgniter\View\{closure}()
 4 SYSTEMPATH\Common.php(1173): CodeIgniter\View\View->render('ors/ors-pdf', [], true)
 5 APPPATH\Controllers\MyOrs.php(48): view('ors/ors-pdf')
 6 SYSTEMPATH\CodeIgniter.php(933): App\Controllers\MyOrs->index()
 7 SYSTEMPATH\CodeIgniter.php(507): CodeIgniter\CodeIgniter->runController(Object(App\Controllers\MyOrs))
 8 SYSTEMPATH\CodeIgniter.php(354): CodeIgniter\CodeIgniter->handleRequest(null, Object(Config\Cache), false)
 9 SYSTEMPATH\Boot.php(334): CodeIgniter\CodeIgniter->run()
10 SYSTEMPATH\Boot.php(67): CodeIgniter\Boot::runCodeIgniter(Object(CodeIgniter\CodeIgniter))
11 FCPATH\index.php(56): CodeIgniter\Boot::bootWeb(Object(Config\Paths))
CRITICAL - 2025-07-11 13:31:48 --> ErrorException: Undefined variable $DMOOE
[Method: GET, Route: myors]
in APPPATH\Views\ors\ors-pdf.php on line 319.
 1 APPPATH\Views\ors\ors-pdf.php(319): CodeIgniter\Debug\Exceptions->errorHandler(2, 'Undefined variable $DMOOE', 'C:\\xampp\\htdocs\\fods\\app\\Views\\ors\\ors-pdf.php', 319)
 2 SYSTEMPATH\View\View.php(224): include('C:\\xampp\\htdocs\\fods\\app\\Views\\ors\\ors-pdf.php')
 3 SYSTEMPATH\View\View.php(227): CodeIgniter\View\View->CodeIgniter\View\{closure}()
 4 SYSTEMPATH\Common.php(1173): CodeIgniter\View\View->render('ors/ors-pdf', [], true)
 5 APPPATH\Controllers\MyOrs.php(48): view('ors/ors-pdf')
 6 SYSTEMPATH\CodeIgniter.php(933): App\Controllers\MyOrs->index()
 7 SYSTEMPATH\CodeIgniter.php(507): CodeIgniter\CodeIgniter->runController(Object(App\Controllers\MyOrs))
 8 SYSTEMPATH\CodeIgniter.php(354): CodeIgniter\CodeIgniter->handleRequest(null, Object(Config\Cache), false)
 9 SYSTEMPATH\Boot.php(334): CodeIgniter\CodeIgniter->run()
10 SYSTEMPATH\Boot.php(67): CodeIgniter\Boot::runCodeIgniter(Object(CodeIgniter\CodeIgniter))
11 FCPATH\index.php(56): CodeIgniter\Boot::bootWeb(Object(Config\Paths))
