ERROR - 2025-05-16 01:01:13 --> mysqli_sql_exception: You have an error in your SQL syntax; check the manual that corresponds to your MariaDB server version for the right syntax to use near 'FULL OUTER
                tbl_access_modules b
            ON
           ...' at line 9 in C:\xampp\htdocs\fods\system\Database\MySQLi\Connection.php:327
Stack trace:
#0 C:\xampp\htdocs\fods\system\Database\MySQLi\Connection.php(327): mysqli->query('\r\n            S...', 0)
#1 C:\xampp\htdocs\fods\system\Database\BaseConnection.php(738): CodeIgniter\Database\MySQLi\Connection->execute('\r\n            S...')
#2 C:\xampp\htdocs\fods\system\Database\BaseConnection.php(652): CodeIgniter\Database\BaseConnection->simpleQuery('\r\n            S...')
#3 C:\xampp\htdocs\fods\app\Controllers\MyUserManagement.php(80): CodeIgniter\Database\BaseConnection->query('\r\n            S...')
#4 C:\xampp\htdocs\fods\app\Controllers\MyUserManagement.php(22): App\Controllers\MyUserManagement->loadMainView()
#5 C:\xampp\htdocs\fods\system\CodeIgniter.php(933): App\Controllers\MyUserManagement->index()
#6 C:\xampp\htdocs\fods\system\CodeIgniter.php(507): CodeIgniter\CodeIgniter->runController(Object(App\Controllers\MyUserManagement))
#7 C:\xampp\htdocs\fods\system\CodeIgniter.php(354): CodeIgniter\CodeIgniter->handleRequest(NULL, Object(Config\Cache), false)
#8 C:\xampp\htdocs\fods\system\Boot.php(334): CodeIgniter\CodeIgniter->run()
#9 C:\xampp\htdocs\fods\system\Boot.php(67): CodeIgniter\Boot::runCodeIgniter(Object(CodeIgniter\CodeIgniter))
#10 C:\xampp\htdocs\fods\public\index.php(56): CodeIgniter\Boot::bootWeb(Object(Config\Paths))
#11 {main}
CRITICAL - 2025-05-16 01:01:13 --> CodeIgniter\Database\Exceptions\DatabaseException: You have an error in your SQL syntax; check the manual that corresponds to your MariaDB server version for the right syntax to use near 'FULL OUTER
                tbl_access_modules b
            ON
           ...' at line 9
[Method: GET, Route: myua]
in SYSTEMPATH\Database\BaseConnection.php on line 692.
 1 APPPATH\Controllers\MyUserManagement.php(80): CodeIgniter\Database\BaseConnection->query('
            SELECT 
                a.`recid`,
                a.`access_code`,
                b.`access_name`,
                a.`is_active`,
                1 AS `with_ua`
            FROM 
                tbl_user_access a
            FULL OUTER
                tbl_access_modules b
            ON
                a.`access_code` = b.`access_code`
            WHERE
                a.`username` = \'CDS-KYLE\'
            ')
 2 APPPATH\Controllers\MyUserManagement.php(22): App\Controllers\MyUserManagement->loadMainView()
 3 SYSTEMPATH\CodeIgniter.php(933): App\Controllers\MyUserManagement->index()
 4 SYSTEMPATH\CodeIgniter.php(507): CodeIgniter\CodeIgniter->runController(Object(App\Controllers\MyUserManagement))
 5 SYSTEMPATH\CodeIgniter.php(354): CodeIgniter\CodeIgniter->handleRequest(null, Object(Config\Cache), false)
 6 SYSTEMPATH\Boot.php(334): CodeIgniter\CodeIgniter->run()
 7 SYSTEMPATH\Boot.php(67): CodeIgniter\Boot::runCodeIgniter(Object(CodeIgniter\CodeIgniter))
 8 FCPATH\index.php(56): CodeIgniter\Boot::bootWeb(Object(Config\Paths))
CRITICAL - 2025-05-16 01:01:13 --> [Caused by] CodeIgniter\Database\Exceptions\DatabaseException: You have an error in your SQL syntax; check the manual that corresponds to your MariaDB server version for the right syntax to use near 'FULL OUTER
                tbl_access_modules b
            ON
           ...' at line 9
in SYSTEMPATH\Database\MySQLi\Connection.php on line 332.
 1 SYSTEMPATH\Database\BaseConnection.php(738): CodeIgniter\Database\MySQLi\Connection->execute('
            SELECT 
                a.`recid`,
                a.`access_code`,
                b.`access_name`,
                a.`is_active`,
                1 AS `with_ua`
            FROM 
                tbl_user_access a
            FULL OUTER
                tbl_access_modules b
            ON
                a.`access_code` = b.`access_code`
            WHERE
                a.`username` = \'CDS-KYLE\'
            ')
 2 SYSTEMPATH\Database\BaseConnection.php(652): CodeIgniter\Database\BaseConnection->simpleQuery('
            SELECT 
                a.`recid`,
                a.`access_code`,
                b.`access_name`,
                a.`is_active`,
                1 AS `with_ua`
            FROM 
                tbl_user_access a
            FULL OUTER
                tbl_access_modules b
            ON
                a.`access_code` = b.`access_code`
            WHERE
                a.`username` = \'CDS-KYLE\'
            ')
 3 APPPATH\Controllers\MyUserManagement.php(80): CodeIgniter\Database\BaseConnection->query('
            SELECT 
                a.`recid`,
                a.`access_code`,
                b.`access_name`,
                a.`is_active`,
                1 AS `with_ua`
            FROM 
                tbl_user_access a
            FULL OUTER
                tbl_access_modules b
            ON
                a.`access_code` = b.`access_code`
            WHERE
                a.`username` = \'CDS-KYLE\'
            ')
 4 APPPATH\Controllers\MyUserManagement.php(22): App\Controllers\MyUserManagement->loadMainView()
 5 SYSTEMPATH\CodeIgniter.php(933): App\Controllers\MyUserManagement->index()
 6 SYSTEMPATH\CodeIgniter.php(507): CodeIgniter\CodeIgniter->runController(Object(App\Controllers\MyUserManagement))
 7 SYSTEMPATH\CodeIgniter.php(354): CodeIgniter\CodeIgniter->handleRequest(null, Object(Config\Cache), false)
 8 SYSTEMPATH\Boot.php(334): CodeIgniter\CodeIgniter->run()
 9 SYSTEMPATH\Boot.php(67): CodeIgniter\Boot::runCodeIgniter(Object(CodeIgniter\CodeIgniter))
10 FCPATH\index.php(56): CodeIgniter\Boot::bootWeb(Object(Config\Paths))
CRITICAL - 2025-05-16 01:01:13 --> [Caused by] mysqli_sql_exception: You have an error in your SQL syntax; check the manual that corresponds to your MariaDB server version for the right syntax to use near 'FULL OUTER
                tbl_access_modules b
            ON
           ...' at line 9
in SYSTEMPATH\Database\MySQLi\Connection.php on line 327.
 1 SYSTEMPATH\Database\MySQLi\Connection.php(327): mysqli->query('
            SELECT 
                a.`recid`,
                a.`access_code`,
                b.`access_name`,
                a.`is_active`,
                1 AS `with_ua`
            FROM 
                tbl_user_access a
            FULL OUTER
                tbl_access_modules b
            ON
                a.`access_code` = b.`access_code`
            WHERE
                a.`username` = \'CDS-KYLE\'
            ', 0)
 2 SYSTEMPATH\Database\BaseConnection.php(738): CodeIgniter\Database\MySQLi\Connection->execute('
            SELECT 
                a.`recid`,
                a.`access_code`,
                b.`access_name`,
                a.`is_active`,
                1 AS `with_ua`
            FROM 
                tbl_user_access a
            FULL OUTER
                tbl_access_modules b
            ON
                a.`access_code` = b.`access_code`
            WHERE
                a.`username` = \'CDS-KYLE\'
            ')
 3 SYSTEMPATH\Database\BaseConnection.php(652): CodeIgniter\Database\BaseConnection->simpleQuery('
            SELECT 
                a.`recid`,
                a.`access_code`,
                b.`access_name`,
                a.`is_active`,
                1 AS `with_ua`
            FROM 
                tbl_user_access a
            FULL OUTER
                tbl_access_modules b
            ON
                a.`access_code` = b.`access_code`
            WHERE
                a.`username` = \'CDS-KYLE\'
            ')
 4 APPPATH\Controllers\MyUserManagement.php(80): CodeIgniter\Database\BaseConnection->query('
            SELECT 
                a.`recid`,
                a.`access_code`,
                b.`access_name`,
                a.`is_active`,
                1 AS `with_ua`
            FROM 
                tbl_user_access a
            FULL OUTER
                tbl_access_modules b
            ON
                a.`access_code` = b.`access_code`
            WHERE
                a.`username` = \'CDS-KYLE\'
            ')
 5 APPPATH\Controllers\MyUserManagement.php(22): App\Controllers\MyUserManagement->loadMainView()
 6 SYSTEMPATH\CodeIgniter.php(933): App\Controllers\MyUserManagement->index()
 7 SYSTEMPATH\CodeIgniter.php(507): CodeIgniter\CodeIgniter->runController(Object(App\Controllers\MyUserManagement))
 8 SYSTEMPATH\CodeIgniter.php(354): CodeIgniter\CodeIgniter->handleRequest(null, Object(Config\Cache), false)
 9 SYSTEMPATH\Boot.php(334): CodeIgniter\CodeIgniter->run()
10 SYSTEMPATH\Boot.php(67): CodeIgniter\Boot::runCodeIgniter(Object(CodeIgniter\CodeIgniter))
11 FCPATH\index.php(56): CodeIgniter\Boot::bootWeb(Object(Config\Paths))
ERROR - 2025-05-16 01:01:26 --> mysqli_sql_exception: You have an error in your SQL syntax; check the manual that corresponds to your MariaDB server version for the right syntax to use near 'FULL OUTER JOIN
                tbl_access_modules b
            ON
      ...' at line 9 in C:\xampp\htdocs\fods\system\Database\MySQLi\Connection.php:327
Stack trace:
#0 C:\xampp\htdocs\fods\system\Database\MySQLi\Connection.php(327): mysqli->query('\r\n            S...', 0)
#1 C:\xampp\htdocs\fods\system\Database\BaseConnection.php(738): CodeIgniter\Database\MySQLi\Connection->execute('\r\n            S...')
#2 C:\xampp\htdocs\fods\system\Database\BaseConnection.php(652): CodeIgniter\Database\BaseConnection->simpleQuery('\r\n            S...')
#3 C:\xampp\htdocs\fods\app\Controllers\MyUserManagement.php(80): CodeIgniter\Database\BaseConnection->query('\r\n            S...')
#4 C:\xampp\htdocs\fods\app\Controllers\MyUserManagement.php(22): App\Controllers\MyUserManagement->loadMainView()
#5 C:\xampp\htdocs\fods\system\CodeIgniter.php(933): App\Controllers\MyUserManagement->index()
#6 C:\xampp\htdocs\fods\system\CodeIgniter.php(507): CodeIgniter\CodeIgniter->runController(Object(App\Controllers\MyUserManagement))
#7 C:\xampp\htdocs\fods\system\CodeIgniter.php(354): CodeIgniter\CodeIgniter->handleRequest(NULL, Object(Config\Cache), false)
#8 C:\xampp\htdocs\fods\system\Boot.php(334): CodeIgniter\CodeIgniter->run()
#9 C:\xampp\htdocs\fods\system\Boot.php(67): CodeIgniter\Boot::runCodeIgniter(Object(CodeIgniter\CodeIgniter))
#10 C:\xampp\htdocs\fods\public\index.php(56): CodeIgniter\Boot::bootWeb(Object(Config\Paths))
#11 {main}
CRITICAL - 2025-05-16 01:01:26 --> CodeIgniter\Database\Exceptions\DatabaseException: You have an error in your SQL syntax; check the manual that corresponds to your MariaDB server version for the right syntax to use near 'FULL OUTER JOIN
                tbl_access_modules b
            ON
      ...' at line 9
[Method: GET, Route: myua]
in SYSTEMPATH\Database\BaseConnection.php on line 692.
 1 APPPATH\Controllers\MyUserManagement.php(80): CodeIgniter\Database\BaseConnection->query('
            SELECT 
                a.`recid`,
                a.`access_code`,
                b.`access_name`,
                a.`is_active`,
                1 AS `with_ua`
            FROM 
                tbl_user_access a
            FULL OUTER JOIN
                tbl_access_modules b
            ON
                a.`access_code` = b.`access_code`
            WHERE
                a.`username` = \'CDS-KYLE\'
            ')
 2 APPPATH\Controllers\MyUserManagement.php(22): App\Controllers\MyUserManagement->loadMainView()
 3 SYSTEMPATH\CodeIgniter.php(933): App\Controllers\MyUserManagement->index()
 4 SYSTEMPATH\CodeIgniter.php(507): CodeIgniter\CodeIgniter->runController(Object(App\Controllers\MyUserManagement))
 5 SYSTEMPATH\CodeIgniter.php(354): CodeIgniter\CodeIgniter->handleRequest(null, Object(Config\Cache), false)
 6 SYSTEMPATH\Boot.php(334): CodeIgniter\CodeIgniter->run()
 7 SYSTEMPATH\Boot.php(67): CodeIgniter\Boot::runCodeIgniter(Object(CodeIgniter\CodeIgniter))
 8 FCPATH\index.php(56): CodeIgniter\Boot::bootWeb(Object(Config\Paths))
CRITICAL - 2025-05-16 01:01:26 --> [Caused by] CodeIgniter\Database\Exceptions\DatabaseException: You have an error in your SQL syntax; check the manual that corresponds to your MariaDB server version for the right syntax to use near 'FULL OUTER JOIN
                tbl_access_modules b
            ON
      ...' at line 9
in SYSTEMPATH\Database\MySQLi\Connection.php on line 332.
 1 SYSTEMPATH\Database\BaseConnection.php(738): CodeIgniter\Database\MySQLi\Connection->execute('
            SELECT 
                a.`recid`,
                a.`access_code`,
                b.`access_name`,
                a.`is_active`,
                1 AS `with_ua`
            FROM 
                tbl_user_access a
            FULL OUTER JOIN
                tbl_access_modules b
            ON
                a.`access_code` = b.`access_code`
            WHERE
                a.`username` = \'CDS-KYLE\'
            ')
 2 SYSTEMPATH\Database\BaseConnection.php(652): CodeIgniter\Database\BaseConnection->simpleQuery('
            SELECT 
                a.`recid`,
                a.`access_code`,
                b.`access_name`,
                a.`is_active`,
                1 AS `with_ua`
            FROM 
                tbl_user_access a
            FULL OUTER JOIN
                tbl_access_modules b
            ON
                a.`access_code` = b.`access_code`
            WHERE
                a.`username` = \'CDS-KYLE\'
            ')
 3 APPPATH\Controllers\MyUserManagement.php(80): CodeIgniter\Database\BaseConnection->query('
            SELECT 
                a.`recid`,
                a.`access_code`,
                b.`access_name`,
                a.`is_active`,
                1 AS `with_ua`
            FROM 
                tbl_user_access a
            FULL OUTER JOIN
                tbl_access_modules b
            ON
                a.`access_code` = b.`access_code`
            WHERE
                a.`username` = \'CDS-KYLE\'
            ')
 4 APPPATH\Controllers\MyUserManagement.php(22): App\Controllers\MyUserManagement->loadMainView()
 5 SYSTEMPATH\CodeIgniter.php(933): App\Controllers\MyUserManagement->index()
 6 SYSTEMPATH\CodeIgniter.php(507): CodeIgniter\CodeIgniter->runController(Object(App\Controllers\MyUserManagement))
 7 SYSTEMPATH\CodeIgniter.php(354): CodeIgniter\CodeIgniter->handleRequest(null, Object(Config\Cache), false)
 8 SYSTEMPATH\Boot.php(334): CodeIgniter\CodeIgniter->run()
 9 SYSTEMPATH\Boot.php(67): CodeIgniter\Boot::runCodeIgniter(Object(CodeIgniter\CodeIgniter))
10 FCPATH\index.php(56): CodeIgniter\Boot::bootWeb(Object(Config\Paths))
CRITICAL - 2025-05-16 01:01:26 --> [Caused by] mysqli_sql_exception: You have an error in your SQL syntax; check the manual that corresponds to your MariaDB server version for the right syntax to use near 'FULL OUTER JOIN
                tbl_access_modules b
            ON
      ...' at line 9
in SYSTEMPATH\Database\MySQLi\Connection.php on line 327.
 1 SYSTEMPATH\Database\MySQLi\Connection.php(327): mysqli->query('
            SELECT 
                a.`recid`,
                a.`access_code`,
                b.`access_name`,
                a.`is_active`,
                1 AS `with_ua`
            FROM 
                tbl_user_access a
            FULL OUTER JOIN
                tbl_access_modules b
            ON
                a.`access_code` = b.`access_code`
            WHERE
                a.`username` = \'CDS-KYLE\'
            ', 0)
 2 SYSTEMPATH\Database\BaseConnection.php(738): CodeIgniter\Database\MySQLi\Connection->execute('
            SELECT 
                a.`recid`,
                a.`access_code`,
                b.`access_name`,
                a.`is_active`,
                1 AS `with_ua`
            FROM 
                tbl_user_access a
            FULL OUTER JOIN
                tbl_access_modules b
            ON
                a.`access_code` = b.`access_code`
            WHERE
                a.`username` = \'CDS-KYLE\'
            ')
 3 SYSTEMPATH\Database\BaseConnection.php(652): CodeIgniter\Database\BaseConnection->simpleQuery('
            SELECT 
                a.`recid`,
                a.`access_code`,
                b.`access_name`,
                a.`is_active`,
                1 AS `with_ua`
            FROM 
                tbl_user_access a
            FULL OUTER JOIN
                tbl_access_modules b
            ON
                a.`access_code` = b.`access_code`
            WHERE
                a.`username` = \'CDS-KYLE\'
            ')
 4 APPPATH\Controllers\MyUserManagement.php(80): CodeIgniter\Database\BaseConnection->query('
            SELECT 
                a.`recid`,
                a.`access_code`,
                b.`access_name`,
                a.`is_active`,
                1 AS `with_ua`
            FROM 
                tbl_user_access a
            FULL OUTER JOIN
                tbl_access_modules b
            ON
                a.`access_code` = b.`access_code`
            WHERE
                a.`username` = \'CDS-KYLE\'
            ')
 5 APPPATH\Controllers\MyUserManagement.php(22): App\Controllers\MyUserManagement->loadMainView()
 6 SYSTEMPATH\CodeIgniter.php(933): App\Controllers\MyUserManagement->index()
 7 SYSTEMPATH\CodeIgniter.php(507): CodeIgniter\CodeIgniter->runController(Object(App\Controllers\MyUserManagement))
 8 SYSTEMPATH\CodeIgniter.php(354): CodeIgniter\CodeIgniter->handleRequest(null, Object(Config\Cache), false)
 9 SYSTEMPATH\Boot.php(334): CodeIgniter\CodeIgniter->run()
10 SYSTEMPATH\Boot.php(67): CodeIgniter\Boot::runCodeIgniter(Object(CodeIgniter\CodeIgniter))
11 FCPATH\index.php(56): CodeIgniter\Boot::bootWeb(Object(Config\Paths))
ERROR - 2025-05-16 01:01:27 --> mysqli_sql_exception: You have an error in your SQL syntax; check the manual that corresponds to your MariaDB server version for the right syntax to use near 'FULL OUTER JOIN
                tbl_access_modules b
            ON
      ...' at line 9 in C:\xampp\htdocs\fods\system\Database\MySQLi\Connection.php:327
Stack trace:
#0 C:\xampp\htdocs\fods\system\Database\MySQLi\Connection.php(327): mysqli->query('\r\n            S...', 0)
#1 C:\xampp\htdocs\fods\system\Database\BaseConnection.php(738): CodeIgniter\Database\MySQLi\Connection->execute('\r\n            S...')
#2 C:\xampp\htdocs\fods\system\Database\BaseConnection.php(652): CodeIgniter\Database\BaseConnection->simpleQuery('\r\n            S...')
#3 C:\xampp\htdocs\fods\app\Controllers\MyUserManagement.php(80): CodeIgniter\Database\BaseConnection->query('\r\n            S...')
#4 C:\xampp\htdocs\fods\app\Controllers\MyUserManagement.php(22): App\Controllers\MyUserManagement->loadMainView()
#5 C:\xampp\htdocs\fods\system\CodeIgniter.php(933): App\Controllers\MyUserManagement->index()
#6 C:\xampp\htdocs\fods\system\CodeIgniter.php(507): CodeIgniter\CodeIgniter->runController(Object(App\Controllers\MyUserManagement))
#7 C:\xampp\htdocs\fods\system\CodeIgniter.php(354): CodeIgniter\CodeIgniter->handleRequest(NULL, Object(Config\Cache), false)
#8 C:\xampp\htdocs\fods\system\Boot.php(334): CodeIgniter\CodeIgniter->run()
#9 C:\xampp\htdocs\fods\system\Boot.php(67): CodeIgniter\Boot::runCodeIgniter(Object(CodeIgniter\CodeIgniter))
#10 C:\xampp\htdocs\fods\public\index.php(56): CodeIgniter\Boot::bootWeb(Object(Config\Paths))
#11 {main}
CRITICAL - 2025-05-16 01:01:27 --> CodeIgniter\Database\Exceptions\DatabaseException: You have an error in your SQL syntax; check the manual that corresponds to your MariaDB server version for the right syntax to use near 'FULL OUTER JOIN
                tbl_access_modules b
            ON
      ...' at line 9
[Method: GET, Route: myua]
in SYSTEMPATH\Database\BaseConnection.php on line 692.
 1 APPPATH\Controllers\MyUserManagement.php(80): CodeIgniter\Database\BaseConnection->query('
            SELECT 
                a.`recid`,
                a.`access_code`,
                b.`access_name`,
                a.`is_active`,
                1 AS `with_ua`
            FROM 
                tbl_user_access a
            FULL OUTER JOIN
                tbl_access_modules b
            ON
                a.`access_code` = b.`access_code`
            WHERE
                a.`username` = \'CDS-KYLE\'
            ')
 2 APPPATH\Controllers\MyUserManagement.php(22): App\Controllers\MyUserManagement->loadMainView()
 3 SYSTEMPATH\CodeIgniter.php(933): App\Controllers\MyUserManagement->index()
 4 SYSTEMPATH\CodeIgniter.php(507): CodeIgniter\CodeIgniter->runController(Object(App\Controllers\MyUserManagement))
 5 SYSTEMPATH\CodeIgniter.php(354): CodeIgniter\CodeIgniter->handleRequest(null, Object(Config\Cache), false)
 6 SYSTEMPATH\Boot.php(334): CodeIgniter\CodeIgniter->run()
 7 SYSTEMPATH\Boot.php(67): CodeIgniter\Boot::runCodeIgniter(Object(CodeIgniter\CodeIgniter))
 8 FCPATH\index.php(56): CodeIgniter\Boot::bootWeb(Object(Config\Paths))
CRITICAL - 2025-05-16 01:01:27 --> [Caused by] CodeIgniter\Database\Exceptions\DatabaseException: You have an error in your SQL syntax; check the manual that corresponds to your MariaDB server version for the right syntax to use near 'FULL OUTER JOIN
                tbl_access_modules b
            ON
      ...' at line 9
in SYSTEMPATH\Database\MySQLi\Connection.php on line 332.
 1 SYSTEMPATH\Database\BaseConnection.php(738): CodeIgniter\Database\MySQLi\Connection->execute('
            SELECT 
                a.`recid`,
                a.`access_code`,
                b.`access_name`,
                a.`is_active`,
                1 AS `with_ua`
            FROM 
                tbl_user_access a
            FULL OUTER JOIN
                tbl_access_modules b
            ON
                a.`access_code` = b.`access_code`
            WHERE
                a.`username` = \'CDS-KYLE\'
            ')
 2 SYSTEMPATH\Database\BaseConnection.php(652): CodeIgniter\Database\BaseConnection->simpleQuery('
            SELECT 
                a.`recid`,
                a.`access_code`,
                b.`access_name`,
                a.`is_active`,
                1 AS `with_ua`
            FROM 
                tbl_user_access a
            FULL OUTER JOIN
                tbl_access_modules b
            ON
                a.`access_code` = b.`access_code`
            WHERE
                a.`username` = \'CDS-KYLE\'
            ')
 3 APPPATH\Controllers\MyUserManagement.php(80): CodeIgniter\Database\BaseConnection->query('
            SELECT 
                a.`recid`,
                a.`access_code`,
                b.`access_name`,
                a.`is_active`,
                1 AS `with_ua`
            FROM 
                tbl_user_access a
            FULL OUTER JOIN
                tbl_access_modules b
            ON
                a.`access_code` = b.`access_code`
            WHERE
                a.`username` = \'CDS-KYLE\'
            ')
 4 APPPATH\Controllers\MyUserManagement.php(22): App\Controllers\MyUserManagement->loadMainView()
 5 SYSTEMPATH\CodeIgniter.php(933): App\Controllers\MyUserManagement->index()
 6 SYSTEMPATH\CodeIgniter.php(507): CodeIgniter\CodeIgniter->runController(Object(App\Controllers\MyUserManagement))
 7 SYSTEMPATH\CodeIgniter.php(354): CodeIgniter\CodeIgniter->handleRequest(null, Object(Config\Cache), false)
 8 SYSTEMPATH\Boot.php(334): CodeIgniter\CodeIgniter->run()
 9 SYSTEMPATH\Boot.php(67): CodeIgniter\Boot::runCodeIgniter(Object(CodeIgniter\CodeIgniter))
10 FCPATH\index.php(56): CodeIgniter\Boot::bootWeb(Object(Config\Paths))
CRITICAL - 2025-05-16 01:01:27 --> [Caused by] mysqli_sql_exception: You have an error in your SQL syntax; check the manual that corresponds to your MariaDB server version for the right syntax to use near 'FULL OUTER JOIN
                tbl_access_modules b
            ON
      ...' at line 9
in SYSTEMPATH\Database\MySQLi\Connection.php on line 327.
 1 SYSTEMPATH\Database\MySQLi\Connection.php(327): mysqli->query('
            SELECT 
                a.`recid`,
                a.`access_code`,
                b.`access_name`,
                a.`is_active`,
                1 AS `with_ua`
            FROM 
                tbl_user_access a
            FULL OUTER JOIN
                tbl_access_modules b
            ON
                a.`access_code` = b.`access_code`
            WHERE
                a.`username` = \'CDS-KYLE\'
            ', 0)
 2 SYSTEMPATH\Database\BaseConnection.php(738): CodeIgniter\Database\MySQLi\Connection->execute('
            SELECT 
                a.`recid`,
                a.`access_code`,
                b.`access_name`,
                a.`is_active`,
                1 AS `with_ua`
            FROM 
                tbl_user_access a
            FULL OUTER JOIN
                tbl_access_modules b
            ON
                a.`access_code` = b.`access_code`
            WHERE
                a.`username` = \'CDS-KYLE\'
            ')
 3 SYSTEMPATH\Database\BaseConnection.php(652): CodeIgniter\Database\BaseConnection->simpleQuery('
            SELECT 
                a.`recid`,
                a.`access_code`,
                b.`access_name`,
                a.`is_active`,
                1 AS `with_ua`
            FROM 
                tbl_user_access a
            FULL OUTER JOIN
                tbl_access_modules b
            ON
                a.`access_code` = b.`access_code`
            WHERE
                a.`username` = \'CDS-KYLE\'
            ')
 4 APPPATH\Controllers\MyUserManagement.php(80): CodeIgniter\Database\BaseConnection->query('
            SELECT 
                a.`recid`,
                a.`access_code`,
                b.`access_name`,
                a.`is_active`,
                1 AS `with_ua`
            FROM 
                tbl_user_access a
            FULL OUTER JOIN
                tbl_access_modules b
            ON
                a.`access_code` = b.`access_code`
            WHERE
                a.`username` = \'CDS-KYLE\'
            ')
 5 APPPATH\Controllers\MyUserManagement.php(22): App\Controllers\MyUserManagement->loadMainView()
 6 SYSTEMPATH\CodeIgniter.php(933): App\Controllers\MyUserManagement->index()
 7 SYSTEMPATH\CodeIgniter.php(507): CodeIgniter\CodeIgniter->runController(Object(App\Controllers\MyUserManagement))
 8 SYSTEMPATH\CodeIgniter.php(354): CodeIgniter\CodeIgniter->handleRequest(null, Object(Config\Cache), false)
 9 SYSTEMPATH\Boot.php(334): CodeIgniter\CodeIgniter->run()
10 SYSTEMPATH\Boot.php(67): CodeIgniter\Boot::runCodeIgniter(Object(CodeIgniter\CodeIgniter))
11 FCPATH\index.php(56): CodeIgniter\Boot::bootWeb(Object(Config\Paths))
ERROR - 2025-05-16 01:20:03 --> mysqli_sql_exception: Unknown column 'a.username' in 'where clause' in C:\xampp\htdocs\fods\system\Database\MySQLi\Connection.php:327
Stack trace:
#0 C:\xampp\htdocs\fods\system\Database\MySQLi\Connection.php(327): mysqli->query('\r\n            S...', 0)
#1 C:\xampp\htdocs\fods\system\Database\BaseConnection.php(738): CodeIgniter\Database\MySQLi\Connection->execute('\r\n            S...')
#2 C:\xampp\htdocs\fods\system\Database\BaseConnection.php(652): CodeIgniter\Database\BaseConnection->simpleQuery('\r\n            S...')
#3 C:\xampp\htdocs\fods\app\Controllers\MyUserManagement.php(79): CodeIgniter\Database\BaseConnection->query('\r\n            S...')
#4 C:\xampp\htdocs\fods\app\Controllers\MyUserManagement.php(22): App\Controllers\MyUserManagement->loadMainView()
#5 C:\xampp\htdocs\fods\system\CodeIgniter.php(933): App\Controllers\MyUserManagement->index()
#6 C:\xampp\htdocs\fods\system\CodeIgniter.php(507): CodeIgniter\CodeIgniter->runController(Object(App\Controllers\MyUserManagement))
#7 C:\xampp\htdocs\fods\system\CodeIgniter.php(354): CodeIgniter\CodeIgniter->handleRequest(NULL, Object(Config\Cache), false)
#8 C:\xampp\htdocs\fods\system\Boot.php(334): CodeIgniter\CodeIgniter->run()
#9 C:\xampp\htdocs\fods\system\Boot.php(67): CodeIgniter\Boot::runCodeIgniter(Object(CodeIgniter\CodeIgniter))
#10 C:\xampp\htdocs\fods\public\index.php(56): CodeIgniter\Boot::bootWeb(Object(Config\Paths))
#11 {main}
CRITICAL - 2025-05-16 01:20:03 --> CodeIgniter\Database\Exceptions\DatabaseException: Unknown column 'a.username' in 'where clause'
[Method: GET, Route: myua]
in SYSTEMPATH\Database\BaseConnection.php on line 692.
 1 APPPATH\Controllers\MyUserManagement.php(79): CodeIgniter\Database\BaseConnection->query('
            SELECT 
                a.`recid`,
                b.`access_code`,
                a.`access_name`,
                IF(b.is_active = \'1\', \'1\', \'0\') is_active
            FROM 
                tbl_access_modules a
            LEFT JOIN
                tbl_user_access b
            ON
                a.`access_code` = b.`access_code`
            WHERE
                a.`username` = \'CDS-KYLE\'
            ')
 2 APPPATH\Controllers\MyUserManagement.php(22): App\Controllers\MyUserManagement->loadMainView()
 3 SYSTEMPATH\CodeIgniter.php(933): App\Controllers\MyUserManagement->index()
 4 SYSTEMPATH\CodeIgniter.php(507): CodeIgniter\CodeIgniter->runController(Object(App\Controllers\MyUserManagement))
 5 SYSTEMPATH\CodeIgniter.php(354): CodeIgniter\CodeIgniter->handleRequest(null, Object(Config\Cache), false)
 6 SYSTEMPATH\Boot.php(334): CodeIgniter\CodeIgniter->run()
 7 SYSTEMPATH\Boot.php(67): CodeIgniter\Boot::runCodeIgniter(Object(CodeIgniter\CodeIgniter))
 8 FCPATH\index.php(56): CodeIgniter\Boot::bootWeb(Object(Config\Paths))
CRITICAL - 2025-05-16 01:20:03 --> [Caused by] CodeIgniter\Database\Exceptions\DatabaseException: Unknown column 'a.username' in 'where clause'
in SYSTEMPATH\Database\MySQLi\Connection.php on line 332.
 1 SYSTEMPATH\Database\BaseConnection.php(738): CodeIgniter\Database\MySQLi\Connection->execute('
            SELECT 
                a.`recid`,
                b.`access_code`,
                a.`access_name`,
                IF(b.is_active = \'1\', \'1\', \'0\') is_active
            FROM 
                tbl_access_modules a
            LEFT JOIN
                tbl_user_access b
            ON
                a.`access_code` = b.`access_code`
            WHERE
                a.`username` = \'CDS-KYLE\'
            ')
 2 SYSTEMPATH\Database\BaseConnection.php(652): CodeIgniter\Database\BaseConnection->simpleQuery('
            SELECT 
                a.`recid`,
                b.`access_code`,
                a.`access_name`,
                IF(b.is_active = \'1\', \'1\', \'0\') is_active
            FROM 
                tbl_access_modules a
            LEFT JOIN
                tbl_user_access b
            ON
                a.`access_code` = b.`access_code`
            WHERE
                a.`username` = \'CDS-KYLE\'
            ')
 3 APPPATH\Controllers\MyUserManagement.php(79): CodeIgniter\Database\BaseConnection->query('
            SELECT 
                a.`recid`,
                b.`access_code`,
                a.`access_name`,
                IF(b.is_active = \'1\', \'1\', \'0\') is_active
            FROM 
                tbl_access_modules a
            LEFT JOIN
                tbl_user_access b
            ON
                a.`access_code` = b.`access_code`
            WHERE
                a.`username` = \'CDS-KYLE\'
            ')
 4 APPPATH\Controllers\MyUserManagement.php(22): App\Controllers\MyUserManagement->loadMainView()
 5 SYSTEMPATH\CodeIgniter.php(933): App\Controllers\MyUserManagement->index()
 6 SYSTEMPATH\CodeIgniter.php(507): CodeIgniter\CodeIgniter->runController(Object(App\Controllers\MyUserManagement))
 7 SYSTEMPATH\CodeIgniter.php(354): CodeIgniter\CodeIgniter->handleRequest(null, Object(Config\Cache), false)
 8 SYSTEMPATH\Boot.php(334): CodeIgniter\CodeIgniter->run()
 9 SYSTEMPATH\Boot.php(67): CodeIgniter\Boot::runCodeIgniter(Object(CodeIgniter\CodeIgniter))
10 FCPATH\index.php(56): CodeIgniter\Boot::bootWeb(Object(Config\Paths))
CRITICAL - 2025-05-16 01:20:03 --> [Caused by] mysqli_sql_exception: Unknown column 'a.username' in 'where clause'
in SYSTEMPATH\Database\MySQLi\Connection.php on line 327.
 1 SYSTEMPATH\Database\MySQLi\Connection.php(327): mysqli->query('
            SELECT 
                a.`recid`,
                b.`access_code`,
                a.`access_name`,
                IF(b.is_active = \'1\', \'1\', \'0\') is_active
            FROM 
                tbl_access_modules a
            LEFT JOIN
                tbl_user_access b
            ON
                a.`access_code` = b.`access_code`
            WHERE
                a.`username` = \'CDS-KYLE\'
            ', 0)
 2 SYSTEMPATH\Database\BaseConnection.php(738): CodeIgniter\Database\MySQLi\Connection->execute('
            SELECT 
                a.`recid`,
                b.`access_code`,
                a.`access_name`,
                IF(b.is_active = \'1\', \'1\', \'0\') is_active
            FROM 
                tbl_access_modules a
            LEFT JOIN
                tbl_user_access b
            ON
                a.`access_code` = b.`access_code`
            WHERE
                a.`username` = \'CDS-KYLE\'
            ')
 3 SYSTEMPATH\Database\BaseConnection.php(652): CodeIgniter\Database\BaseConnection->simpleQuery('
            SELECT 
                a.`recid`,
                b.`access_code`,
                a.`access_name`,
                IF(b.is_active = \'1\', \'1\', \'0\') is_active
            FROM 
                tbl_access_modules a
            LEFT JOIN
                tbl_user_access b
            ON
                a.`access_code` = b.`access_code`
            WHERE
                a.`username` = \'CDS-KYLE\'
            ')
 4 APPPATH\Controllers\MyUserManagement.php(79): CodeIgniter\Database\BaseConnection->query('
            SELECT 
                a.`recid`,
                b.`access_code`,
                a.`access_name`,
                IF(b.is_active = \'1\', \'1\', \'0\') is_active
            FROM 
                tbl_access_modules a
            LEFT JOIN
                tbl_user_access b
            ON
                a.`access_code` = b.`access_code`
            WHERE
                a.`username` = \'CDS-KYLE\'
            ')
 5 APPPATH\Controllers\MyUserManagement.php(22): App\Controllers\MyUserManagement->loadMainView()
 6 SYSTEMPATH\CodeIgniter.php(933): App\Controllers\MyUserManagement->index()
 7 SYSTEMPATH\CodeIgniter.php(507): CodeIgniter\CodeIgniter->runController(Object(App\Controllers\MyUserManagement))
 8 SYSTEMPATH\CodeIgniter.php(354): CodeIgniter\CodeIgniter->handleRequest(null, Object(Config\Cache), false)
 9 SYSTEMPATH\Boot.php(334): CodeIgniter\CodeIgniter->run()
10 SYSTEMPATH\Boot.php(67): CodeIgniter\Boot::runCodeIgniter(Object(CodeIgniter\CodeIgniter))
11 FCPATH\index.php(56): CodeIgniter\Boot::bootWeb(Object(Config\Paths))
CRITICAL - 2025-05-16 03:03:11 --> ErrorException: Undefined variable $psuacsdata
[Method: GET, Route: myorsburs]
in APPPATH\Views\orsburs\orsburs-main.php on line 218.
 1 APPPATH\Views\orsburs\orsburs-main.php(218): CodeIgniter\Debug\Exceptions->errorHandler(2, 'Undefined variable $psuacsdata', 'C:\\xampp\\htdocs\\fods\\app\\Views\\orsburs\\orsburs-main.php', 218)
 2 SYSTEMPATH\View\View.php(224): include('C:\\xampp\\htdocs\\fods\\app\\Views\\orsburs\\orsburs-main.php')
 3 SYSTEMPATH\View\View.php(227): CodeIgniter\View\View->CodeIgniter\View\{closure}()
 4 SYSTEMPATH\Common.php(1173): CodeIgniter\View\View->render('orsburs/orsburs-main', [], true)
 5 APPPATH\Controllers\MyOrsBurs.php(117): view('orsburs/orsburs-main', [...])
 6 APPPATH\Controllers\MyOrsBurs.php(28): App\Controllers\MyOrsBurs->loadMainView()
 7 SYSTEMPATH\CodeIgniter.php(933): App\Controllers\MyOrsBurs->index()
 8 SYSTEMPATH\CodeIgniter.php(507): CodeIgniter\CodeIgniter->runController(Object(App\Controllers\MyOrsBurs))
 9 SYSTEMPATH\CodeIgniter.php(354): CodeIgniter\CodeIgniter->handleRequest(null, Object(Config\Cache), false)
10 SYSTEMPATH\Boot.php(334): CodeIgniter\CodeIgniter->run()
11 SYSTEMPATH\Boot.php(67): CodeIgniter\Boot::runCodeIgniter(Object(CodeIgniter\CodeIgniter))
12 FCPATH\index.php(56): CodeIgniter\Boot::bootWeb(Object(Config\Paths))
