ERROR - 2025-04-28 00:25:45 --> mysqli_sql_exception: Table 'fods.tbl_budget_allotment_hd' doesn't exist in engine in C:\xampp\htdocs\ci4-flexy\system\Database\MySQLi\Connection.php:327
Stack trace:
#0 C:\xampp\htdocs\ci4-flexy\system\Database\MySQLi\Connection.php(327): mysqli->query('\n        SELECT...', 0)
#1 C:\xampp\htdocs\ci4-flexy\system\Database\BaseConnection.php(738): CodeIgniter\Database\MySQLi\Connection->execute('\n        SELECT...')
#2 C:\xampp\htdocs\ci4-flexy\system\Database\BaseConnection.php(652): CodeIgniter\Database\BaseConnection->simpleQuery('\n        SELECT...')
#3 C:\xampp\htdocs\ci4-flexy\app\Controllers\MyBudgetAllotment.php(46): CodeIgniter\Database\BaseConnection->query('\n        SELECT...')
#4 C:\xampp\htdocs\ci4-flexy\app\Controllers\MyBudgetAllotment.php(22): App\Controllers\MyBudgetAllotment->loadMainView()
#5 C:\xampp\htdocs\ci4-flexy\system\CodeIgniter.php(933): App\Controllers\MyBudgetAllotment->index()
#6 C:\xampp\htdocs\ci4-flexy\system\CodeIgniter.php(507): CodeIgniter\CodeIgniter->runController(Object(App\Controllers\MyBudgetAllotment))
#7 C:\xampp\htdocs\ci4-flexy\system\CodeIgniter.php(354): CodeIgniter\CodeIgniter->handleRequest(NULL, Object(Config\Cache), false)
#8 C:\xampp\htdocs\ci4-flexy\system\Boot.php(334): CodeIgniter\CodeIgniter->run()
#9 C:\xampp\htdocs\ci4-flexy\system\Boot.php(67): CodeIgniter\Boot::runCodeIgniter(Object(CodeIgniter\CodeIgniter))
#10 C:\xampp\htdocs\ci4-flexy\public\index.php(56): CodeIgniter\Boot::bootWeb(Object(Config\Paths))
#11 {main}
CRITICAL - 2025-04-28 00:25:45 --> CodeIgniter\Database\Exceptions\DatabaseException: Table 'fods.tbl_budget_allotment_hd' doesn't exist in engine
[Method: GET, Route: mybudgetallotment]
in SYSTEMPATH\Database\BaseConnection.php on line 692.
 1 APPPATH\Controllers\MyBudgetAllotment.php(46): CodeIgniter\Database\BaseConnection->query('
        SELECT 
            a.`recid`,
            a.`project_title`,
            a.`responsibility_code`,
            a.`fund_cluster_code`,
            a.`division_name`,
            a.`is_pending`,
            a.`is_approved`,
            a.`is_disapproved`,
            SUM(b.`approved_budget`) approved_budget
        FROM
            tbl_budget_allotment_hd a
        JOIN
            tbl_budget_allotment_dt b
        on
            a.`recid` = b.`project_id`
        GROUP BY a.`project_title`
        ')
 2 APPPATH\Controllers\MyBudgetAllotment.php(22): App\Controllers\MyBudgetAllotment->loadMainView()
 3 SYSTEMPATH\CodeIgniter.php(933): App\Controllers\MyBudgetAllotment->index()
 4 SYSTEMPATH\CodeIgniter.php(507): CodeIgniter\CodeIgniter->runController(Object(App\Controllers\MyBudgetAllotment))
 5 SYSTEMPATH\CodeIgniter.php(354): CodeIgniter\CodeIgniter->handleRequest(null, Object(Config\Cache), false)
 6 SYSTEMPATH\Boot.php(334): CodeIgniter\CodeIgniter->run()
 7 SYSTEMPATH\Boot.php(67): CodeIgniter\Boot::runCodeIgniter(Object(CodeIgniter\CodeIgniter))
 8 FCPATH\index.php(56): CodeIgniter\Boot::bootWeb(Object(Config\Paths))
CRITICAL - 2025-04-28 00:25:45 --> [Caused by] CodeIgniter\Database\Exceptions\DatabaseException: Table 'fods.tbl_budget_allotment_hd' doesn't exist in engine
in SYSTEMPATH\Database\MySQLi\Connection.php on line 332.
 1 SYSTEMPATH\Database\BaseConnection.php(738): CodeIgniter\Database\MySQLi\Connection->execute('
        SELECT 
            a.`recid`,
            a.`project_title`,
            a.`responsibility_code`,
            a.`fund_cluster_code`,
            a.`division_name`,
            a.`is_pending`,
            a.`is_approved`,
            a.`is_disapproved`,
            SUM(b.`approved_budget`) approved_budget
        FROM
            tbl_budget_allotment_hd a
        JOIN
            tbl_budget_allotment_dt b
        on
            a.`recid` = b.`project_id`
        GROUP BY a.`project_title`
        ')
 2 SYSTEMPATH\Database\BaseConnection.php(652): CodeIgniter\Database\BaseConnection->simpleQuery('
        SELECT 
            a.`recid`,
            a.`project_title`,
            a.`responsibility_code`,
            a.`fund_cluster_code`,
            a.`division_name`,
            a.`is_pending`,
            a.`is_approved`,
            a.`is_disapproved`,
            SUM(b.`approved_budget`) approved_budget
        FROM
            tbl_budget_allotment_hd a
        JOIN
            tbl_budget_allotment_dt b
        on
            a.`recid` = b.`project_id`
        GROUP BY a.`project_title`
        ')
 3 APPPATH\Controllers\MyBudgetAllotment.php(46): CodeIgniter\Database\BaseConnection->query('
        SELECT 
            a.`recid`,
            a.`project_title`,
            a.`responsibility_code`,
            a.`fund_cluster_code`,
            a.`division_name`,
            a.`is_pending`,
            a.`is_approved`,
            a.`is_disapproved`,
            SUM(b.`approved_budget`) approved_budget
        FROM
            tbl_budget_allotment_hd a
        JOIN
            tbl_budget_allotment_dt b
        on
            a.`recid` = b.`project_id`
        GROUP BY a.`project_title`
        ')
 4 APPPATH\Controllers\MyBudgetAllotment.php(22): App\Controllers\MyBudgetAllotment->loadMainView()
 5 SYSTEMPATH\CodeIgniter.php(933): App\Controllers\MyBudgetAllotment->index()
 6 SYSTEMPATH\CodeIgniter.php(507): CodeIgniter\CodeIgniter->runController(Object(App\Controllers\MyBudgetAllotment))
 7 SYSTEMPATH\CodeIgniter.php(354): CodeIgniter\CodeIgniter->handleRequest(null, Object(Config\Cache), false)
 8 SYSTEMPATH\Boot.php(334): CodeIgniter\CodeIgniter->run()
 9 SYSTEMPATH\Boot.php(67): CodeIgniter\Boot::runCodeIgniter(Object(CodeIgniter\CodeIgniter))
10 FCPATH\index.php(56): CodeIgniter\Boot::bootWeb(Object(Config\Paths))
CRITICAL - 2025-04-28 00:25:45 --> [Caused by] mysqli_sql_exception: Table 'fods.tbl_budget_allotment_hd' doesn't exist in engine
in SYSTEMPATH\Database\MySQLi\Connection.php on line 327.
 1 SYSTEMPATH\Database\MySQLi\Connection.php(327): mysqli->query('
        SELECT 
            a.`recid`,
            a.`project_title`,
            a.`responsibility_code`,
            a.`fund_cluster_code`,
            a.`division_name`,
            a.`is_pending`,
            a.`is_approved`,
            a.`is_disapproved`,
            SUM(b.`approved_budget`) approved_budget
        FROM
            tbl_budget_allotment_hd a
        JOIN
            tbl_budget_allotment_dt b
        on
            a.`recid` = b.`project_id`
        GROUP BY a.`project_title`
        ', 0)
 2 SYSTEMPATH\Database\BaseConnection.php(738): CodeIgniter\Database\MySQLi\Connection->execute('
        SELECT 
            a.`recid`,
            a.`project_title`,
            a.`responsibility_code`,
            a.`fund_cluster_code`,
            a.`division_name`,
            a.`is_pending`,
            a.`is_approved`,
            a.`is_disapproved`,
            SUM(b.`approved_budget`) approved_budget
        FROM
            tbl_budget_allotment_hd a
        JOIN
            tbl_budget_allotment_dt b
        on
            a.`recid` = b.`project_id`
        GROUP BY a.`project_title`
        ')
 3 SYSTEMPATH\Database\BaseConnection.php(652): CodeIgniter\Database\BaseConnection->simpleQuery('
        SELECT 
            a.`recid`,
            a.`project_title`,
            a.`responsibility_code`,
            a.`fund_cluster_code`,
            a.`division_name`,
            a.`is_pending`,
            a.`is_approved`,
            a.`is_disapproved`,
            SUM(b.`approved_budget`) approved_budget
        FROM
            tbl_budget_allotment_hd a
        JOIN
            tbl_budget_allotment_dt b
        on
            a.`recid` = b.`project_id`
        GROUP BY a.`project_title`
        ')
 4 APPPATH\Controllers\MyBudgetAllotment.php(46): CodeIgniter\Database\BaseConnection->query('
        SELECT 
            a.`recid`,
            a.`project_title`,
            a.`responsibility_code`,
            a.`fund_cluster_code`,
            a.`division_name`,
            a.`is_pending`,
            a.`is_approved`,
            a.`is_disapproved`,
            SUM(b.`approved_budget`) approved_budget
        FROM
            tbl_budget_allotment_hd a
        JOIN
            tbl_budget_allotment_dt b
        on
            a.`recid` = b.`project_id`
        GROUP BY a.`project_title`
        ')
 5 APPPATH\Controllers\MyBudgetAllotment.php(22): App\Controllers\MyBudgetAllotment->loadMainView()
 6 SYSTEMPATH\CodeIgniter.php(933): App\Controllers\MyBudgetAllotment->index()
 7 SYSTEMPATH\CodeIgniter.php(507): CodeIgniter\CodeIgniter->runController(Object(App\Controllers\MyBudgetAllotment))
 8 SYSTEMPATH\CodeIgniter.php(354): CodeIgniter\CodeIgniter->handleRequest(null, Object(Config\Cache), false)
 9 SYSTEMPATH\Boot.php(334): CodeIgniter\CodeIgniter->run()
10 SYSTEMPATH\Boot.php(67): CodeIgniter\Boot::runCodeIgniter(Object(CodeIgniter\CodeIgniter))
11 FCPATH\index.php(56): CodeIgniter\Boot::bootWeb(Object(Config\Paths))
ERROR - 2025-04-28 00:47:34 --> mysqli_sql_exception: Table 'fods.tbl_budget_allotment_hd' doesn't exist in C:\xampp\htdocs\ci4-flexy\system\Database\MySQLi\Connection.php:327
Stack trace:
#0 C:\xampp\htdocs\ci4-flexy\system\Database\MySQLi\Connection.php(327): mysqli->query('\n        SELECT...', 0)
#1 C:\xampp\htdocs\ci4-flexy\system\Database\BaseConnection.php(738): CodeIgniter\Database\MySQLi\Connection->execute('\n        SELECT...')
#2 C:\xampp\htdocs\ci4-flexy\system\Database\BaseConnection.php(652): CodeIgniter\Database\BaseConnection->simpleQuery('\n        SELECT...')
#3 C:\xampp\htdocs\ci4-flexy\app\Controllers\MyBudgetAllotment.php(46): CodeIgniter\Database\BaseConnection->query('\n        SELECT...')
#4 C:\xampp\htdocs\ci4-flexy\app\Controllers\MyBudgetAllotment.php(22): App\Controllers\MyBudgetAllotment->loadMainView()
#5 C:\xampp\htdocs\ci4-flexy\system\CodeIgniter.php(933): App\Controllers\MyBudgetAllotment->index()
#6 C:\xampp\htdocs\ci4-flexy\system\CodeIgniter.php(507): CodeIgniter\CodeIgniter->runController(Object(App\Controllers\MyBudgetAllotment))
#7 C:\xampp\htdocs\ci4-flexy\system\CodeIgniter.php(354): CodeIgniter\CodeIgniter->handleRequest(NULL, Object(Config\Cache), false)
#8 C:\xampp\htdocs\ci4-flexy\system\Boot.php(334): CodeIgniter\CodeIgniter->run()
#9 C:\xampp\htdocs\ci4-flexy\system\Boot.php(67): CodeIgniter\Boot::runCodeIgniter(Object(CodeIgniter\CodeIgniter))
#10 C:\xampp\htdocs\ci4-flexy\public\index.php(56): CodeIgniter\Boot::bootWeb(Object(Config\Paths))
#11 {main}
CRITICAL - 2025-04-28 00:47:34 --> CodeIgniter\Database\Exceptions\DatabaseException: Table 'fods.tbl_budget_allotment_hd' doesn't exist
[Method: GET, Route: mybudgetallotment]
in SYSTEMPATH\Database\BaseConnection.php on line 692.
 1 APPPATH\Controllers\MyBudgetAllotment.php(46): CodeIgniter\Database\BaseConnection->query('
        SELECT 
            a.`recid`,
            a.`project_title`,
            a.`responsibility_code`,
            a.`fund_cluster_code`,
            a.`division_name`,
            a.`is_pending`,
            a.`is_approved`,
            a.`is_disapproved`,
            SUM(b.`approved_budget`) approved_budget
        FROM
            tbl_budget_allotment_hd a
        JOIN
            tbl_budget_allotment_dt b
        on
            a.`recid` = b.`project_id`
        GROUP BY a.`project_title`
        ')
 2 APPPATH\Controllers\MyBudgetAllotment.php(22): App\Controllers\MyBudgetAllotment->loadMainView()
 3 SYSTEMPATH\CodeIgniter.php(933): App\Controllers\MyBudgetAllotment->index()
 4 SYSTEMPATH\CodeIgniter.php(507): CodeIgniter\CodeIgniter->runController(Object(App\Controllers\MyBudgetAllotment))
 5 SYSTEMPATH\CodeIgniter.php(354): CodeIgniter\CodeIgniter->handleRequest(null, Object(Config\Cache), false)
 6 SYSTEMPATH\Boot.php(334): CodeIgniter\CodeIgniter->run()
 7 SYSTEMPATH\Boot.php(67): CodeIgniter\Boot::runCodeIgniter(Object(CodeIgniter\CodeIgniter))
 8 FCPATH\index.php(56): CodeIgniter\Boot::bootWeb(Object(Config\Paths))
CRITICAL - 2025-04-28 00:47:34 --> [Caused by] CodeIgniter\Database\Exceptions\DatabaseException: Table 'fods.tbl_budget_allotment_hd' doesn't exist
in SYSTEMPATH\Database\MySQLi\Connection.php on line 332.
 1 SYSTEMPATH\Database\BaseConnection.php(738): CodeIgniter\Database\MySQLi\Connection->execute('
        SELECT 
            a.`recid`,
            a.`project_title`,
            a.`responsibility_code`,
            a.`fund_cluster_code`,
            a.`division_name`,
            a.`is_pending`,
            a.`is_approved`,
            a.`is_disapproved`,
            SUM(b.`approved_budget`) approved_budget
        FROM
            tbl_budget_allotment_hd a
        JOIN
            tbl_budget_allotment_dt b
        on
            a.`recid` = b.`project_id`
        GROUP BY a.`project_title`
        ')
 2 SYSTEMPATH\Database\BaseConnection.php(652): CodeIgniter\Database\BaseConnection->simpleQuery('
        SELECT 
            a.`recid`,
            a.`project_title`,
            a.`responsibility_code`,
            a.`fund_cluster_code`,
            a.`division_name`,
            a.`is_pending`,
            a.`is_approved`,
            a.`is_disapproved`,
            SUM(b.`approved_budget`) approved_budget
        FROM
            tbl_budget_allotment_hd a
        JOIN
            tbl_budget_allotment_dt b
        on
            a.`recid` = b.`project_id`
        GROUP BY a.`project_title`
        ')
 3 APPPATH\Controllers\MyBudgetAllotment.php(46): CodeIgniter\Database\BaseConnection->query('
        SELECT 
            a.`recid`,
            a.`project_title`,
            a.`responsibility_code`,
            a.`fund_cluster_code`,
            a.`division_name`,
            a.`is_pending`,
            a.`is_approved`,
            a.`is_disapproved`,
            SUM(b.`approved_budget`) approved_budget
        FROM
            tbl_budget_allotment_hd a
        JOIN
            tbl_budget_allotment_dt b
        on
            a.`recid` = b.`project_id`
        GROUP BY a.`project_title`
        ')
 4 APPPATH\Controllers\MyBudgetAllotment.php(22): App\Controllers\MyBudgetAllotment->loadMainView()
 5 SYSTEMPATH\CodeIgniter.php(933): App\Controllers\MyBudgetAllotment->index()
 6 SYSTEMPATH\CodeIgniter.php(507): CodeIgniter\CodeIgniter->runController(Object(App\Controllers\MyBudgetAllotment))
 7 SYSTEMPATH\CodeIgniter.php(354): CodeIgniter\CodeIgniter->handleRequest(null, Object(Config\Cache), false)
 8 SYSTEMPATH\Boot.php(334): CodeIgniter\CodeIgniter->run()
 9 SYSTEMPATH\Boot.php(67): CodeIgniter\Boot::runCodeIgniter(Object(CodeIgniter\CodeIgniter))
10 FCPATH\index.php(56): CodeIgniter\Boot::bootWeb(Object(Config\Paths))
CRITICAL - 2025-04-28 00:47:34 --> [Caused by] mysqli_sql_exception: Table 'fods.tbl_budget_allotment_hd' doesn't exist
in SYSTEMPATH\Database\MySQLi\Connection.php on line 327.
 1 SYSTEMPATH\Database\MySQLi\Connection.php(327): mysqli->query('
        SELECT 
            a.`recid`,
            a.`project_title`,
            a.`responsibility_code`,
            a.`fund_cluster_code`,
            a.`division_name`,
            a.`is_pending`,
            a.`is_approved`,
            a.`is_disapproved`,
            SUM(b.`approved_budget`) approved_budget
        FROM
            tbl_budget_allotment_hd a
        JOIN
            tbl_budget_allotment_dt b
        on
            a.`recid` = b.`project_id`
        GROUP BY a.`project_title`
        ', 0)
 2 SYSTEMPATH\Database\BaseConnection.php(738): CodeIgniter\Database\MySQLi\Connection->execute('
        SELECT 
            a.`recid`,
            a.`project_title`,
            a.`responsibility_code`,
            a.`fund_cluster_code`,
            a.`division_name`,
            a.`is_pending`,
            a.`is_approved`,
            a.`is_disapproved`,
            SUM(b.`approved_budget`) approved_budget
        FROM
            tbl_budget_allotment_hd a
        JOIN
            tbl_budget_allotment_dt b
        on
            a.`recid` = b.`project_id`
        GROUP BY a.`project_title`
        ')
 3 SYSTEMPATH\Database\BaseConnection.php(652): CodeIgniter\Database\BaseConnection->simpleQuery('
        SELECT 
            a.`recid`,
            a.`project_title`,
            a.`responsibility_code`,
            a.`fund_cluster_code`,
            a.`division_name`,
            a.`is_pending`,
            a.`is_approved`,
            a.`is_disapproved`,
            SUM(b.`approved_budget`) approved_budget
        FROM
            tbl_budget_allotment_hd a
        JOIN
            tbl_budget_allotment_dt b
        on
            a.`recid` = b.`project_id`
        GROUP BY a.`project_title`
        ')
 4 APPPATH\Controllers\MyBudgetAllotment.php(46): CodeIgniter\Database\BaseConnection->query('
        SELECT 
            a.`recid`,
            a.`project_title`,
            a.`responsibility_code`,
            a.`fund_cluster_code`,
            a.`division_name`,
            a.`is_pending`,
            a.`is_approved`,
            a.`is_disapproved`,
            SUM(b.`approved_budget`) approved_budget
        FROM
            tbl_budget_allotment_hd a
        JOIN
            tbl_budget_allotment_dt b
        on
            a.`recid` = b.`project_id`
        GROUP BY a.`project_title`
        ')
 5 APPPATH\Controllers\MyBudgetAllotment.php(22): App\Controllers\MyBudgetAllotment->loadMainView()
 6 SYSTEMPATH\CodeIgniter.php(933): App\Controllers\MyBudgetAllotment->index()
 7 SYSTEMPATH\CodeIgniter.php(507): CodeIgniter\CodeIgniter->runController(Object(App\Controllers\MyBudgetAllotment))
 8 SYSTEMPATH\CodeIgniter.php(354): CodeIgniter\CodeIgniter->handleRequest(null, Object(Config\Cache), false)
 9 SYSTEMPATH\Boot.php(334): CodeIgniter\CodeIgniter->run()
10 SYSTEMPATH\Boot.php(67): CodeIgniter\Boot::runCodeIgniter(Object(CodeIgniter\CodeIgniter))
11 FCPATH\index.php(56): CodeIgniter\Boot::bootWeb(Object(Config\Paths))
ERROR - 2025-04-28 00:49:34 --> mysqli_sql_exception: Table 'fods.tbl_budget_allotment_hd' doesn't exist in C:\xampp\htdocs\ci4-flexy\system\Database\MySQLi\Connection.php:327
Stack trace:
#0 C:\xampp\htdocs\ci4-flexy\system\Database\MySQLi\Connection.php(327): mysqli->query('\n        SELECT...', 0)
#1 C:\xampp\htdocs\ci4-flexy\system\Database\BaseConnection.php(738): CodeIgniter\Database\MySQLi\Connection->execute('\n        SELECT...')
#2 C:\xampp\htdocs\ci4-flexy\system\Database\BaseConnection.php(652): CodeIgniter\Database\BaseConnection->simpleQuery('\n        SELECT...')
#3 C:\xampp\htdocs\ci4-flexy\app\Controllers\MyBudgetApproval.php(20): CodeIgniter\Database\BaseConnection->query('\n        SELECT...')
#4 C:\xampp\htdocs\ci4-flexy\app\Controllers\MyBudgetApproval.php(14): App\Controllers\MyBudgetApproval->loadMainView()
#5 C:\xampp\htdocs\ci4-flexy\system\CodeIgniter.php(933): App\Controllers\MyBudgetApproval->index()
#6 C:\xampp\htdocs\ci4-flexy\system\CodeIgniter.php(507): CodeIgniter\CodeIgniter->runController(Object(App\Controllers\MyBudgetApproval))
#7 C:\xampp\htdocs\ci4-flexy\system\CodeIgniter.php(354): CodeIgniter\CodeIgniter->handleRequest(NULL, Object(Config\Cache), false)
#8 C:\xampp\htdocs\ci4-flexy\system\Boot.php(334): CodeIgniter\CodeIgniter->run()
#9 C:\xampp\htdocs\ci4-flexy\system\Boot.php(67): CodeIgniter\Boot::runCodeIgniter(Object(CodeIgniter\CodeIgniter))
#10 C:\xampp\htdocs\ci4-flexy\public\index.php(56): CodeIgniter\Boot::bootWeb(Object(Config\Paths))
#11 {main}
CRITICAL - 2025-04-28 00:49:34 --> CodeIgniter\Database\Exceptions\DatabaseException: Table 'fods.tbl_budget_allotment_hd' doesn't exist
[Method: GET, Route: mybudgetapproval]
in SYSTEMPATH\Database\BaseConnection.php on line 692.
 1 APPPATH\Controllers\MyBudgetApproval.php(20): CodeIgniter\Database\BaseConnection->query('
        SELECT 
            a.`recid`,
            a.`project_title`,
            a.`responsibility_code`,
            a.`fund_cluster_code`,
            a.`division_name`,
            SUM(b.`approved_budget`) approved_budget
        FROM
            tbl_budget_allotment_hd a
        JOIN
            tbl_budget_allotment_dt b
        on
            a.`recid` = b.`project_id`
        GROUP BY a.`project_title`
        ')
 2 APPPATH\Controllers\MyBudgetApproval.php(14): App\Controllers\MyBudgetApproval->loadMainView()
 3 SYSTEMPATH\CodeIgniter.php(933): App\Controllers\MyBudgetApproval->index()
 4 SYSTEMPATH\CodeIgniter.php(507): CodeIgniter\CodeIgniter->runController(Object(App\Controllers\MyBudgetApproval))
 5 SYSTEMPATH\CodeIgniter.php(354): CodeIgniter\CodeIgniter->handleRequest(null, Object(Config\Cache), false)
 6 SYSTEMPATH\Boot.php(334): CodeIgniter\CodeIgniter->run()
 7 SYSTEMPATH\Boot.php(67): CodeIgniter\Boot::runCodeIgniter(Object(CodeIgniter\CodeIgniter))
 8 FCPATH\index.php(56): CodeIgniter\Boot::bootWeb(Object(Config\Paths))
CRITICAL - 2025-04-28 00:49:34 --> [Caused by] CodeIgniter\Database\Exceptions\DatabaseException: Table 'fods.tbl_budget_allotment_hd' doesn't exist
in SYSTEMPATH\Database\MySQLi\Connection.php on line 332.
 1 SYSTEMPATH\Database\BaseConnection.php(738): CodeIgniter\Database\MySQLi\Connection->execute('
        SELECT 
            a.`recid`,
            a.`project_title`,
            a.`responsibility_code`,
            a.`fund_cluster_code`,
            a.`division_name`,
            SUM(b.`approved_budget`) approved_budget
        FROM
            tbl_budget_allotment_hd a
        JOIN
            tbl_budget_allotment_dt b
        on
            a.`recid` = b.`project_id`
        GROUP BY a.`project_title`
        ')
 2 SYSTEMPATH\Database\BaseConnection.php(652): CodeIgniter\Database\BaseConnection->simpleQuery('
        SELECT 
            a.`recid`,
            a.`project_title`,
            a.`responsibility_code`,
            a.`fund_cluster_code`,
            a.`division_name`,
            SUM(b.`approved_budget`) approved_budget
        FROM
            tbl_budget_allotment_hd a
        JOIN
            tbl_budget_allotment_dt b
        on
            a.`recid` = b.`project_id`
        GROUP BY a.`project_title`
        ')
 3 APPPATH\Controllers\MyBudgetApproval.php(20): CodeIgniter\Database\BaseConnection->query('
        SELECT 
            a.`recid`,
            a.`project_title`,
            a.`responsibility_code`,
            a.`fund_cluster_code`,
            a.`division_name`,
            SUM(b.`approved_budget`) approved_budget
        FROM
            tbl_budget_allotment_hd a
        JOIN
            tbl_budget_allotment_dt b
        on
            a.`recid` = b.`project_id`
        GROUP BY a.`project_title`
        ')
 4 APPPATH\Controllers\MyBudgetApproval.php(14): App\Controllers\MyBudgetApproval->loadMainView()
 5 SYSTEMPATH\CodeIgniter.php(933): App\Controllers\MyBudgetApproval->index()
 6 SYSTEMPATH\CodeIgniter.php(507): CodeIgniter\CodeIgniter->runController(Object(App\Controllers\MyBudgetApproval))
 7 SYSTEMPATH\CodeIgniter.php(354): CodeIgniter\CodeIgniter->handleRequest(null, Object(Config\Cache), false)
 8 SYSTEMPATH\Boot.php(334): CodeIgniter\CodeIgniter->run()
 9 SYSTEMPATH\Boot.php(67): CodeIgniter\Boot::runCodeIgniter(Object(CodeIgniter\CodeIgniter))
10 FCPATH\index.php(56): CodeIgniter\Boot::bootWeb(Object(Config\Paths))
CRITICAL - 2025-04-28 00:49:34 --> [Caused by] mysqli_sql_exception: Table 'fods.tbl_budget_allotment_hd' doesn't exist
in SYSTEMPATH\Database\MySQLi\Connection.php on line 327.
 1 SYSTEMPATH\Database\MySQLi\Connection.php(327): mysqli->query('
        SELECT 
            a.`recid`,
            a.`project_title`,
            a.`responsibility_code`,
            a.`fund_cluster_code`,
            a.`division_name`,
            SUM(b.`approved_budget`) approved_budget
        FROM
            tbl_budget_allotment_hd a
        JOIN
            tbl_budget_allotment_dt b
        on
            a.`recid` = b.`project_id`
        GROUP BY a.`project_title`
        ', 0)
 2 SYSTEMPATH\Database\BaseConnection.php(738): CodeIgniter\Database\MySQLi\Connection->execute('
        SELECT 
            a.`recid`,
            a.`project_title`,
            a.`responsibility_code`,
            a.`fund_cluster_code`,
            a.`division_name`,
            SUM(b.`approved_budget`) approved_budget
        FROM
            tbl_budget_allotment_hd a
        JOIN
            tbl_budget_allotment_dt b
        on
            a.`recid` = b.`project_id`
        GROUP BY a.`project_title`
        ')
 3 SYSTEMPATH\Database\BaseConnection.php(652): CodeIgniter\Database\BaseConnection->simpleQuery('
        SELECT 
            a.`recid`,
            a.`project_title`,
            a.`responsibility_code`,
            a.`fund_cluster_code`,
            a.`division_name`,
            SUM(b.`approved_budget`) approved_budget
        FROM
            tbl_budget_allotment_hd a
        JOIN
            tbl_budget_allotment_dt b
        on
            a.`recid` = b.`project_id`
        GROUP BY a.`project_title`
        ')
 4 APPPATH\Controllers\MyBudgetApproval.php(20): CodeIgniter\Database\BaseConnection->query('
        SELECT 
            a.`recid`,
            a.`project_title`,
            a.`responsibility_code`,
            a.`fund_cluster_code`,
            a.`division_name`,
            SUM(b.`approved_budget`) approved_budget
        FROM
            tbl_budget_allotment_hd a
        JOIN
            tbl_budget_allotment_dt b
        on
            a.`recid` = b.`project_id`
        GROUP BY a.`project_title`
        ')
 5 APPPATH\Controllers\MyBudgetApproval.php(14): App\Controllers\MyBudgetApproval->loadMainView()
 6 SYSTEMPATH\CodeIgniter.php(933): App\Controllers\MyBudgetApproval->index()
 7 SYSTEMPATH\CodeIgniter.php(507): CodeIgniter\CodeIgniter->runController(Object(App\Controllers\MyBudgetApproval))
 8 SYSTEMPATH\CodeIgniter.php(354): CodeIgniter\CodeIgniter->handleRequest(null, Object(Config\Cache), false)
 9 SYSTEMPATH\Boot.php(334): CodeIgniter\CodeIgniter->run()
10 SYSTEMPATH\Boot.php(67): CodeIgniter\Boot::runCodeIgniter(Object(CodeIgniter\CodeIgniter))
11 FCPATH\index.php(56): CodeIgniter\Boot::bootWeb(Object(Config\Paths))
ERROR - 2025-04-28 00:51:43 --> mysqli_sql_exception: Table 'fods.tbl_budget_allotment_hd' doesn't exist in C:\xampp\htdocs\ci4-flexy\system\Database\MySQLi\Connection.php:327
Stack trace:
#0 C:\xampp\htdocs\ci4-flexy\system\Database\MySQLi\Connection.php(327): mysqli->query('\nSELECT\n    COA...', 0)
#1 C:\xampp\htdocs\ci4-flexy\system\Database\BaseConnection.php(738): CodeIgniter\Database\MySQLi\Connection->execute('\nSELECT\n    COA...')
#2 C:\xampp\htdocs\ci4-flexy\system\Database\BaseConnection.php(652): CodeIgniter\Database\BaseConnection->simpleQuery('\nSELECT\n    COA...')
#3 C:\xampp\htdocs\ci4-flexy\app\Views\budget-approval\budget-approval-main.php(8): CodeIgniter\Database\BaseConnection->query('\nSELECT\n    COA...')
#4 C:\xampp\htdocs\ci4-flexy\system\View\View.php(224): include('C:\\xampp\\htdocs...')
#5 C:\xampp\htdocs\ci4-flexy\system\View\View.php(227): CodeIgniter\View\View->CodeIgniter\View\{closure}()
#6 C:\xampp\htdocs\ci4-flexy\system\Common.php(1173): CodeIgniter\View\View->render('budget-approval...', Array, true)
#7 C:\xampp\htdocs\ci4-flexy\app\Controllers\MyBudgetApproval.php(80): view('budget-approval...', Array)
#8 C:\xampp\htdocs\ci4-flexy\app\Controllers\MyBudgetApproval.php(14): App\Controllers\MyBudgetApproval->loadMainView()
#9 C:\xampp\htdocs\ci4-flexy\system\CodeIgniter.php(933): App\Controllers\MyBudgetApproval->index()
#10 C:\xampp\htdocs\ci4-flexy\system\CodeIgniter.php(507): CodeIgniter\CodeIgniter->runController(Object(App\Controllers\MyBudgetApproval))
#11 C:\xampp\htdocs\ci4-flexy\system\CodeIgniter.php(354): CodeIgniter\CodeIgniter->handleRequest(NULL, Object(Config\Cache), false)
#12 C:\xampp\htdocs\ci4-flexy\system\Boot.php(334): CodeIgniter\CodeIgniter->run()
#13 C:\xampp\htdocs\ci4-flexy\system\Boot.php(67): CodeIgniter\Boot::runCodeIgniter(Object(CodeIgniter\CodeIgniter))
#14 C:\xampp\htdocs\ci4-flexy\public\index.php(56): CodeIgniter\Boot::bootWeb(Object(Config\Paths))
#15 {main}
CRITICAL - 2025-04-28 00:51:43 --> CodeIgniter\Database\Exceptions\DatabaseException: Table 'fods.tbl_budget_allotment_hd' doesn't exist
[Method: GET, Route: mybudgetapproval]
in SYSTEMPATH\Database\BaseConnection.php on line 692.
 1 APPPATH\Views\budget-approval\budget-approval-main.php(8): CodeIgniter\Database\BaseConnection->query('
SELECT
    COALESCE(COUNT(recid), 0) AS total_transactions
FROM
    `tbl_budget_allotment_hd`
')
 2 SYSTEMPATH\View\View.php(224): include('C:\\xampp\\htdocs\\ci4-flexy\\app\\Views\\budget-approval\\budget-approval-main.php')
 3 SYSTEMPATH\View\View.php(227): CodeIgniter\View\View->CodeIgniter\View\{closure}()
 4 SYSTEMPATH\Common.php(1173): CodeIgniter\View\View->render('budget-approval/budget-approval-main', [], true)
 5 APPPATH\Controllers\MyBudgetApproval.php(80): view('budget-approval/budget-approval-main', [...])
 6 APPPATH\Controllers\MyBudgetApproval.php(14): App\Controllers\MyBudgetApproval->loadMainView()
 7 SYSTEMPATH\CodeIgniter.php(933): App\Controllers\MyBudgetApproval->index()
 8 SYSTEMPATH\CodeIgniter.php(507): CodeIgniter\CodeIgniter->runController(Object(App\Controllers\MyBudgetApproval))
 9 SYSTEMPATH\CodeIgniter.php(354): CodeIgniter\CodeIgniter->handleRequest(null, Object(Config\Cache), false)
10 SYSTEMPATH\Boot.php(334): CodeIgniter\CodeIgniter->run()
11 SYSTEMPATH\Boot.php(67): CodeIgniter\Boot::runCodeIgniter(Object(CodeIgniter\CodeIgniter))
12 FCPATH\index.php(56): CodeIgniter\Boot::bootWeb(Object(Config\Paths))
CRITICAL - 2025-04-28 00:51:43 --> [Caused by] CodeIgniter\Database\Exceptions\DatabaseException: Table 'fods.tbl_budget_allotment_hd' doesn't exist
in SYSTEMPATH\Database\MySQLi\Connection.php on line 332.
 1 SYSTEMPATH\Database\BaseConnection.php(738): CodeIgniter\Database\MySQLi\Connection->execute('
SELECT
    COALESCE(COUNT(recid), 0) AS total_transactions
FROM
    `tbl_budget_allotment_hd`
')
 2 SYSTEMPATH\Database\BaseConnection.php(652): CodeIgniter\Database\BaseConnection->simpleQuery('
SELECT
    COALESCE(COUNT(recid), 0) AS total_transactions
FROM
    `tbl_budget_allotment_hd`
')
 3 APPPATH\Views\budget-approval\budget-approval-main.php(8): CodeIgniter\Database\BaseConnection->query('
SELECT
    COALESCE(COUNT(recid), 0) AS total_transactions
FROM
    `tbl_budget_allotment_hd`
')
 4 SYSTEMPATH\View\View.php(224): include('C:\\xampp\\htdocs\\ci4-flexy\\app\\Views\\budget-approval\\budget-approval-main.php')
 5 SYSTEMPATH\View\View.php(227): CodeIgniter\View\View->CodeIgniter\View\{closure}()
 6 SYSTEMPATH\Common.php(1173): CodeIgniter\View\View->render('budget-approval/budget-approval-main', [], true)
 7 APPPATH\Controllers\MyBudgetApproval.php(80): view('budget-approval/budget-approval-main', [...])
 8 APPPATH\Controllers\MyBudgetApproval.php(14): App\Controllers\MyBudgetApproval->loadMainView()
 9 SYSTEMPATH\CodeIgniter.php(933): App\Controllers\MyBudgetApproval->index()
10 SYSTEMPATH\CodeIgniter.php(507): CodeIgniter\CodeIgniter->runController(Object(App\Controllers\MyBudgetApproval))
11 SYSTEMPATH\CodeIgniter.php(354): CodeIgniter\CodeIgniter->handleRequest(null, Object(Config\Cache), false)
12 SYSTEMPATH\Boot.php(334): CodeIgniter\CodeIgniter->run()
13 SYSTEMPATH\Boot.php(67): CodeIgniter\Boot::runCodeIgniter(Object(CodeIgniter\CodeIgniter))
14 FCPATH\index.php(56): CodeIgniter\Boot::bootWeb(Object(Config\Paths))
CRITICAL - 2025-04-28 00:51:43 --> [Caused by] mysqli_sql_exception: Table 'fods.tbl_budget_allotment_hd' doesn't exist
in SYSTEMPATH\Database\MySQLi\Connection.php on line 327.
 1 SYSTEMPATH\Database\MySQLi\Connection.php(327): mysqli->query('
SELECT
    COALESCE(COUNT(recid), 0) AS total_transactions
FROM
    `tbl_budget_allotment_hd`
', 0)
 2 SYSTEMPATH\Database\BaseConnection.php(738): CodeIgniter\Database\MySQLi\Connection->execute('
SELECT
    COALESCE(COUNT(recid), 0) AS total_transactions
FROM
    `tbl_budget_allotment_hd`
')
 3 SYSTEMPATH\Database\BaseConnection.php(652): CodeIgniter\Database\BaseConnection->simpleQuery('
SELECT
    COALESCE(COUNT(recid), 0) AS total_transactions
FROM
    `tbl_budget_allotment_hd`
')
 4 APPPATH\Views\budget-approval\budget-approval-main.php(8): CodeIgniter\Database\BaseConnection->query('
SELECT
    COALESCE(COUNT(recid), 0) AS total_transactions
FROM
    `tbl_budget_allotment_hd`
')
 5 SYSTEMPATH\View\View.php(224): include('C:\\xampp\\htdocs\\ci4-flexy\\app\\Views\\budget-approval\\budget-approval-main.php')
 6 SYSTEMPATH\View\View.php(227): CodeIgniter\View\View->CodeIgniter\View\{closure}()
 7 SYSTEMPATH\Common.php(1173): CodeIgniter\View\View->render('budget-approval/budget-approval-main', [], true)
 8 APPPATH\Controllers\MyBudgetApproval.php(80): view('budget-approval/budget-approval-main', [...])
 9 APPPATH\Controllers\MyBudgetApproval.php(14): App\Controllers\MyBudgetApproval->loadMainView()
10 SYSTEMPATH\CodeIgniter.php(933): App\Controllers\MyBudgetApproval->index()
11 SYSTEMPATH\CodeIgniter.php(507): CodeIgniter\CodeIgniter->runController(Object(App\Controllers\MyBudgetApproval))
12 SYSTEMPATH\CodeIgniter.php(354): CodeIgniter\CodeIgniter->handleRequest(null, Object(Config\Cache), false)
13 SYSTEMPATH\Boot.php(334): CodeIgniter\CodeIgniter->run()
14 SYSTEMPATH\Boot.php(67): CodeIgniter\Boot::runCodeIgniter(Object(CodeIgniter\CodeIgniter))
15 FCPATH\index.php(56): CodeIgniter\Boot::bootWeb(Object(Config\Paths))
CRITICAL - 2025-04-28 01:23:29 --> ParseError: syntax error, unexpected token "&&"
[Method: GET, Route: mybudgetallotment]
in APPPATH\Views\budget\budget-allotment-main.php on line 393.
 1 SYSTEMPATH\View\View.php(227): CodeIgniter\View\View->CodeIgniter\View\{closure}()
 2 SYSTEMPATH\Common.php(1173): CodeIgniter\View\View->render('budget/budget-allotment-main', [], true)
 3 APPPATH\Controllers\MyBudgetAllotment.php(99): view('budget/budget-allotment-main', [...])
 4 APPPATH\Controllers\MyBudgetAllotment.php(22): App\Controllers\MyBudgetAllotment->loadMainView()
 5 SYSTEMPATH\CodeIgniter.php(933): App\Controllers\MyBudgetAllotment->index()
 6 SYSTEMPATH\CodeIgniter.php(507): CodeIgniter\CodeIgniter->runController(Object(App\Controllers\MyBudgetAllotment))
 7 SYSTEMPATH\CodeIgniter.php(354): CodeIgniter\CodeIgniter->handleRequest(null, Object(Config\Cache), false)
 8 SYSTEMPATH\Boot.php(334): CodeIgniter\CodeIgniter->run()
 9 SYSTEMPATH\Boot.php(67): CodeIgniter\Boot::runCodeIgniter(Object(CodeIgniter\CodeIgniter))
10 FCPATH\index.php(56): CodeIgniter\Boot::bootWeb(Object(Config\Paths))
ERROR - 2025-04-28 05:01:43 --> Error connecting to the database: mysqli_sql_exception: No connection could be made because the target machine actively refused it in C:\xampp\htdocs\ci4-flexy\system\Database\MySQLi\Connection.php:201
Stack trace:
#0 C:\xampp\htdocs\ci4-flexy\system\Database\MySQLi\Connection.php(201): mysqli->real_connect('localhost', 'root', Object(SensitiveParameterValue), 'fods', 3306, '', 0)
#1 C:\xampp\htdocs\ci4-flexy\system\Database\BaseConnection.php(421): CodeIgniter\Database\MySQLi\Connection->connect(false)
#2 C:\xampp\htdocs\ci4-flexy\system\Database\BaseConnection.php(620): CodeIgniter\Database\BaseConnection->initialize()
#3 C:\xampp\htdocs\ci4-flexy\app\Controllers\MyLogIn.php(56): CodeIgniter\Database\BaseConnection->query('select `myua_un...')
#4 C:\xampp\htdocs\ci4-flexy\app\Controllers\MyLogIn.php(24): App\Controllers\MyLogIn->Verify_User('admin')
#5 C:\xampp\htdocs\ci4-flexy\system\CodeIgniter.php(933): App\Controllers\MyLogIn->auth()
#6 C:\xampp\htdocs\ci4-flexy\system\CodeIgniter.php(507): CodeIgniter\CodeIgniter->runController(Object(App\Controllers\MyLogIn))
#7 C:\xampp\htdocs\ci4-flexy\system\CodeIgniter.php(354): CodeIgniter\CodeIgniter->handleRequest(NULL, Object(Config\Cache), false)
#8 C:\xampp\htdocs\ci4-flexy\system\Boot.php(334): CodeIgniter\CodeIgniter->run()
#9 C:\xampp\htdocs\ci4-flexy\system\Boot.php(67): CodeIgniter\Boot::runCodeIgniter(Object(CodeIgniter\CodeIgniter))
#10 C:\xampp\htdocs\ci4-flexy\public\index.php(56): CodeIgniter\Boot::bootWeb(Object(Config\Paths))
#11 {main}

Next CodeIgniter\Database\Exceptions\DatabaseException: No connection could be made because the target machine actively refused it in C:\xampp\htdocs\ci4-flexy\system\Database\MySQLi\Connection.php:246
Stack trace:
#0 C:\xampp\htdocs\ci4-flexy\system\Database\BaseConnection.php(421): CodeIgniter\Database\MySQLi\Connection->connect(false)
#1 C:\xampp\htdocs\ci4-flexy\system\Database\BaseConnection.php(620): CodeIgniter\Database\BaseConnection->initialize()
#2 C:\xampp\htdocs\ci4-flexy\app\Controllers\MyLogIn.php(56): CodeIgniter\Database\BaseConnection->query('select `myua_un...')
#3 C:\xampp\htdocs\ci4-flexy\app\Controllers\MyLogIn.php(24): App\Controllers\MyLogIn->Verify_User('admin')
#4 C:\xampp\htdocs\ci4-flexy\system\CodeIgniter.php(933): App\Controllers\MyLogIn->auth()
#5 C:\xampp\htdocs\ci4-flexy\system\CodeIgniter.php(507): CodeIgniter\CodeIgniter->runController(Object(App\Controllers\MyLogIn))
#6 C:\xampp\htdocs\ci4-flexy\system\CodeIgniter.php(354): CodeIgniter\CodeIgniter->handleRequest(NULL, Object(Config\Cache), false)
#7 C:\xampp\htdocs\ci4-flexy\system\Boot.php(334): CodeIgniter\CodeIgniter->run()
#8 C:\xampp\htdocs\ci4-flexy\system\Boot.php(67): CodeIgniter\Boot::runCodeIgniter(Object(CodeIgniter\CodeIgniter))
#9 C:\xampp\htdocs\ci4-flexy\public\index.php(56): CodeIgniter\Boot::bootWeb(Object(Config\Paths))
#10 {main}
CRITICAL - 2025-04-28 05:01:43 --> CodeIgniter\Database\Exceptions\DatabaseException: Unable to connect to the database.
Main connection [MySQLi]: No connection could be made because the target machine actively refused it
[Method: POST, Route: mylogin-auth]
in SYSTEMPATH\Database\BaseConnection.php on line 467.
 1 SYSTEMPATH\Database\BaseConnection.php(620): CodeIgniter\Database\BaseConnection->initialize()
 2 APPPATH\Controllers\MyLogIn.php(56): CodeIgniter\Database\BaseConnection->query('select `myua_uname`,`myua_passwd` FROM myua_user where myua_uname = \'admin\' limit 1 ')
 3 APPPATH\Controllers\MyLogIn.php(24): App\Controllers\MyLogIn->Verify_User('admin')
 4 SYSTEMPATH\CodeIgniter.php(933): App\Controllers\MyLogIn->auth()
 5 SYSTEMPATH\CodeIgniter.php(507): CodeIgniter\CodeIgniter->runController(Object(App\Controllers\MyLogIn))
 6 SYSTEMPATH\CodeIgniter.php(354): CodeIgniter\CodeIgniter->handleRequest(null, Object(Config\Cache), false)
 7 SYSTEMPATH\Boot.php(334): CodeIgniter\CodeIgniter->run()
 8 SYSTEMPATH\Boot.php(67): CodeIgniter\Boot::runCodeIgniter(Object(CodeIgniter\CodeIgniter))
 9 FCPATH\index.php(56): CodeIgniter\Boot::bootWeb(Object(Config\Paths))
CRITICAL - 2025-04-28 06:47:12 --> ErrorException: Undefined variable $MDL_jsscript
[Method: GET, Route: mybudgetallotment]
in APPPATH\Views\budget\budget-allotment-main.php on line 483.
 1 APPPATH\Views\budget\budget-allotment-main.php(483): CodeIgniter\Debug\Exceptions->errorHandler(2, 'Undefined variable $MDL_jsscript', 'C:\\xampp\\htdocs\\ci4-flexy\\app\\Views\\budget\\budget-allotment-main.php', 483)
 2 SYSTEMPATH\View\View.php(224): include('C:\\xampp\\htdocs\\ci4-flexy\\app\\Views\\budget\\budget-allotment-main.php')
 3 SYSTEMPATH\View\View.php(227): CodeIgniter\View\View->CodeIgniter\View\{closure}()
 4 SYSTEMPATH\Common.php(1173): CodeIgniter\View\View->render('budget/budget-allotment-main', [], true)
 5 APPPATH\Controllers\MyBudgetAllotment.php(99): view('budget/budget-allotment-main', [...])
 6 APPPATH\Controllers\MyBudgetAllotment.php(22): App\Controllers\MyBudgetAllotment->loadMainView()
 7 SYSTEMPATH\CodeIgniter.php(933): App\Controllers\MyBudgetAllotment->index()
 8 SYSTEMPATH\CodeIgniter.php(507): CodeIgniter\CodeIgniter->runController(Object(App\Controllers\MyBudgetAllotment))
 9 SYSTEMPATH\CodeIgniter.php(354): CodeIgniter\CodeIgniter->handleRequest(null, Object(Config\Cache), false)
10 SYSTEMPATH\Boot.php(334): CodeIgniter\CodeIgniter->run()
11 SYSTEMPATH\Boot.php(67): CodeIgniter\Boot::runCodeIgniter(Object(CodeIgniter\CodeIgniter))
12 FCPATH\index.php(56): CodeIgniter\Boot::bootWeb(Object(Config\Paths))
CRITICAL - 2025-04-28 07:22:17 --> ErrorException: Undefined array key "username"
[Method: GET, Route: myua]
in APPPATH\Views\user-management\ua-main.php on line 154.
 1 APPPATH\Views\user-management\ua-main.php(154): CodeIgniter\Debug\Exceptions->errorHandler(2, 'Undefined array key "username"', 'C:\\xampp\\htdocs\\ci4-flexy\\app\\Views\\user-management\\ua-main.php', 154)
 2 SYSTEMPATH\View\View.php(224): include('C:\\xampp\\htdocs\\ci4-flexy\\app\\Views\\user-management\\ua-main.php')
 3 SYSTEMPATH\View\View.php(227): CodeIgniter\View\View->CodeIgniter\View\{closure}()
 4 SYSTEMPATH\Common.php(1173): CodeIgniter\View\View->render('user-management/ua-main', [], true)
 5 APPPATH\Controllers\MyUserManagement.php(48): view('user-management/ua-main', [...])
 6 APPPATH\Controllers\MyUserManagement.php(22): App\Controllers\MyUserManagement->loadMainView()
 7 SYSTEMPATH\CodeIgniter.php(933): App\Controllers\MyUserManagement->index()
 8 SYSTEMPATH\CodeIgniter.php(507): CodeIgniter\CodeIgniter->runController(Object(App\Controllers\MyUserManagement))
 9 SYSTEMPATH\CodeIgniter.php(354): CodeIgniter\CodeIgniter->handleRequest(null, Object(Config\Cache), false)
10 SYSTEMPATH\Boot.php(334): CodeIgniter\CodeIgniter->run()
11 SYSTEMPATH\Boot.php(67): CodeIgniter\Boot::runCodeIgniter(Object(CodeIgniter\CodeIgniter))
12 FCPATH\index.php(56): CodeIgniter\Boot::bootWeb(Object(Config\Paths))
CRITICAL - 2025-04-28 07:31:50 --> ErrorException: Undefined variable $division
[Method: GET, Route: myua]
in APPPATH\Views\user-management\ua-main.php on line 99.
 1 APPPATH\Views\user-management\ua-main.php(99): CodeIgniter\Debug\Exceptions->errorHandler(2, 'Undefined variable $division', 'C:\\xampp\\htdocs\\ci4-flexy\\app\\Views\\user-management\\ua-main.php', 99)
 2 SYSTEMPATH\View\View.php(224): include('C:\\xampp\\htdocs\\ci4-flexy\\app\\Views\\user-management\\ua-main.php')
 3 SYSTEMPATH\View\View.php(227): CodeIgniter\View\View->CodeIgniter\View\{closure}()
 4 SYSTEMPATH\Common.php(1173): CodeIgniter\View\View->render('user-management/ua-main', [], true)
 5 APPPATH\Controllers\MyUserManagement.php(48): view('user-management/ua-main', [...])
 6 APPPATH\Controllers\MyUserManagement.php(22): App\Controllers\MyUserManagement->loadMainView()
 7 SYSTEMPATH\CodeIgniter.php(933): App\Controllers\MyUserManagement->index()
 8 SYSTEMPATH\CodeIgniter.php(507): CodeIgniter\CodeIgniter->runController(Object(App\Controllers\MyUserManagement))
 9 SYSTEMPATH\CodeIgniter.php(354): CodeIgniter\CodeIgniter->handleRequest(null, Object(Config\Cache), false)
10 SYSTEMPATH\Boot.php(334): CodeIgniter\CodeIgniter->run()
11 SYSTEMPATH\Boot.php(67): CodeIgniter\Boot::runCodeIgniter(Object(CodeIgniter\CodeIgniter))
12 FCPATH\index.php(56): CodeIgniter\Boot::bootWeb(Object(Config\Paths))
CRITICAL - 2025-04-28 07:32:17 --> ErrorException: Undefined variable $password
[Method: GET, Route: myua]
in APPPATH\Views\user-management\ua-main.php on line 115.
 1 APPPATH\Views\user-management\ua-main.php(115): CodeIgniter\Debug\Exceptions->errorHandler(2, 'Undefined variable $password', 'C:\\xampp\\htdocs\\ci4-flexy\\app\\Views\\user-management\\ua-main.php', 115)
 2 SYSTEMPATH\View\View.php(224): include('C:\\xampp\\htdocs\\ci4-flexy\\app\\Views\\user-management\\ua-main.php')
 3 SYSTEMPATH\View\View.php(227): CodeIgniter\View\View->CodeIgniter\View\{closure}()
 4 SYSTEMPATH\Common.php(1173): CodeIgniter\View\View->render('user-management/ua-main', [], true)
 5 APPPATH\Controllers\MyUserManagement.php(48): view('user-management/ua-main', [...])
 6 APPPATH\Controllers\MyUserManagement.php(22): App\Controllers\MyUserManagement->loadMainView()
 7 SYSTEMPATH\CodeIgniter.php(933): App\Controllers\MyUserManagement->index()
 8 SYSTEMPATH\CodeIgniter.php(507): CodeIgniter\CodeIgniter->runController(Object(App\Controllers\MyUserManagement))
 9 SYSTEMPATH\CodeIgniter.php(354): CodeIgniter\CodeIgniter->handleRequest(null, Object(Config\Cache), false)
10 SYSTEMPATH\Boot.php(334): CodeIgniter\CodeIgniter->run()
11 SYSTEMPATH\Boot.php(67): CodeIgniter\Boot::runCodeIgniter(Object(CodeIgniter\CodeIgniter))
12 FCPATH\index.php(56): CodeIgniter\Boot::bootWeb(Object(Config\Paths))
ERROR - 2025-04-28 07:32:54 --> mysqli_sql_exception: You have an error in your SQL syntax; check the manual that corresponds to your MariaDB server version for the right syntax to use near ') myua_passwd
    FROM 
        `myua_user` 
    WHERE 
        `recid` =...' at line 5 in C:\xampp\htdocs\ci4-flexy\system\Database\MySQLi\Connection.php:327
Stack trace:
#0 C:\xampp\htdocs\ci4-flexy\system\Database\MySQLi\Connection.php(327): mysqli->query('\r\n    SELECT \r\n...', 0)
#1 C:\xampp\htdocs\ci4-flexy\system\Database\BaseConnection.php(738): CodeIgniter\Database\MySQLi\Connection->execute('\r\n    SELECT \r\n...')
#2 C:\xampp\htdocs\ci4-flexy\system\Database\BaseConnection.php(652): CodeIgniter\Database\BaseConnection->simpleQuery('\r\n    SELECT \r\n...')
#3 C:\xampp\htdocs\ci4-flexy\app\Views\user-management\ua-main.php(14): CodeIgniter\Database\BaseConnection->query('\r\n    SELECT \r\n...')
#4 C:\xampp\htdocs\ci4-flexy\system\View\View.php(224): include('C:\\xampp\\htdocs...')
#5 C:\xampp\htdocs\ci4-flexy\system\View\View.php(227): CodeIgniter\View\View->CodeIgniter\View\{closure}()
#6 C:\xampp\htdocs\ci4-flexy\system\Common.php(1173): CodeIgniter\View\View->render('user-management...', Array, true)
#7 C:\xampp\htdocs\ci4-flexy\app\Controllers\MyUserManagement.php(48): view('user-management...', Array)
#8 C:\xampp\htdocs\ci4-flexy\app\Controllers\MyUserManagement.php(22): App\Controllers\MyUserManagement->loadMainView()
#9 C:\xampp\htdocs\ci4-flexy\system\CodeIgniter.php(933): App\Controllers\MyUserManagement->index()
#10 C:\xampp\htdocs\ci4-flexy\system\CodeIgniter.php(507): CodeIgniter\CodeIgniter->runController(Object(App\Controllers\MyUserManagement))
#11 C:\xampp\htdocs\ci4-flexy\system\CodeIgniter.php(354): CodeIgniter\CodeIgniter->handleRequest(NULL, Object(Config\Cache), false)
#12 C:\xampp\htdocs\ci4-flexy\system\Boot.php(334): CodeIgniter\CodeIgniter->run()
#13 C:\xampp\htdocs\ci4-flexy\system\Boot.php(67): CodeIgniter\Boot::runCodeIgniter(Object(CodeIgniter\CodeIgniter))
#14 C:\xampp\htdocs\ci4-flexy\public\index.php(56): CodeIgniter\Boot::bootWeb(Object(Config\Paths))
#15 {main}
CRITICAL - 2025-04-28 07:32:54 --> CodeIgniter\Database\Exceptions\DatabaseException: You have an error in your SQL syntax; check the manual that corresponds to your MariaDB server version for the right syntax to use near ') myua_passwd
    FROM 
        `myua_user` 
    WHERE 
        `recid` =...' at line 5
[Method: GET, Route: myua]
in SYSTEMPATH\Database\BaseConnection.php on line 692.
 1 APPPATH\Views\user-management\ua-main.php(14): CodeIgniter\Database\BaseConnection->query('
    SELECT 
        `full_name`, 
        `division`, 
        `myua_uname`, 
        sha2(`myua_passwd`,512),1,0) myua_passwd
    FROM 
        `myua_user` 
    WHERE 
        `recid` = \'1\'')
 2 SYSTEMPATH\View\View.php(224): include('C:\\xampp\\htdocs\\ci4-flexy\\app\\Views\\user-management\\ua-main.php')
 3 SYSTEMPATH\View\View.php(227): CodeIgniter\View\View->CodeIgniter\View\{closure}()
 4 SYSTEMPATH\Common.php(1173): CodeIgniter\View\View->render('user-management/ua-main', [], true)
 5 APPPATH\Controllers\MyUserManagement.php(48): view('user-management/ua-main', [...])
 6 APPPATH\Controllers\MyUserManagement.php(22): App\Controllers\MyUserManagement->loadMainView()
 7 SYSTEMPATH\CodeIgniter.php(933): App\Controllers\MyUserManagement->index()
 8 SYSTEMPATH\CodeIgniter.php(507): CodeIgniter\CodeIgniter->runController(Object(App\Controllers\MyUserManagement))
 9 SYSTEMPATH\CodeIgniter.php(354): CodeIgniter\CodeIgniter->handleRequest(null, Object(Config\Cache), false)
10 SYSTEMPATH\Boot.php(334): CodeIgniter\CodeIgniter->run()
11 SYSTEMPATH\Boot.php(67): CodeIgniter\Boot::runCodeIgniter(Object(CodeIgniter\CodeIgniter))
12 FCPATH\index.php(56): CodeIgniter\Boot::bootWeb(Object(Config\Paths))
CRITICAL - 2025-04-28 07:32:54 --> [Caused by] CodeIgniter\Database\Exceptions\DatabaseException: You have an error in your SQL syntax; check the manual that corresponds to your MariaDB server version for the right syntax to use near ') myua_passwd
    FROM 
        `myua_user` 
    WHERE 
        `recid` =...' at line 5
in SYSTEMPATH\Database\MySQLi\Connection.php on line 332.
 1 SYSTEMPATH\Database\BaseConnection.php(738): CodeIgniter\Database\MySQLi\Connection->execute('
    SELECT 
        `full_name`, 
        `division`, 
        `myua_uname`, 
        sha2(`myua_passwd`,512),1,0) myua_passwd
    FROM 
        `myua_user` 
    WHERE 
        `recid` = \'1\'')
 2 SYSTEMPATH\Database\BaseConnection.php(652): CodeIgniter\Database\BaseConnection->simpleQuery('
    SELECT 
        `full_name`, 
        `division`, 
        `myua_uname`, 
        sha2(`myua_passwd`,512),1,0) myua_passwd
    FROM 
        `myua_user` 
    WHERE 
        `recid` = \'1\'')
 3 APPPATH\Views\user-management\ua-main.php(14): CodeIgniter\Database\BaseConnection->query('
    SELECT 
        `full_name`, 
        `division`, 
        `myua_uname`, 
        sha2(`myua_passwd`,512),1,0) myua_passwd
    FROM 
        `myua_user` 
    WHERE 
        `recid` = \'1\'')
 4 SYSTEMPATH\View\View.php(224): include('C:\\xampp\\htdocs\\ci4-flexy\\app\\Views\\user-management\\ua-main.php')
 5 SYSTEMPATH\View\View.php(227): CodeIgniter\View\View->CodeIgniter\View\{closure}()
 6 SYSTEMPATH\Common.php(1173): CodeIgniter\View\View->render('user-management/ua-main', [], true)
 7 APPPATH\Controllers\MyUserManagement.php(48): view('user-management/ua-main', [...])
 8 APPPATH\Controllers\MyUserManagement.php(22): App\Controllers\MyUserManagement->loadMainView()
 9 SYSTEMPATH\CodeIgniter.php(933): App\Controllers\MyUserManagement->index()
10 SYSTEMPATH\CodeIgniter.php(507): CodeIgniter\CodeIgniter->runController(Object(App\Controllers\MyUserManagement))
11 SYSTEMPATH\CodeIgniter.php(354): CodeIgniter\CodeIgniter->handleRequest(null, Object(Config\Cache), false)
12 SYSTEMPATH\Boot.php(334): CodeIgniter\CodeIgniter->run()
13 SYSTEMPATH\Boot.php(67): CodeIgniter\Boot::runCodeIgniter(Object(CodeIgniter\CodeIgniter))
14 FCPATH\index.php(56): CodeIgniter\Boot::bootWeb(Object(Config\Paths))
CRITICAL - 2025-04-28 07:32:54 --> [Caused by] mysqli_sql_exception: You have an error in your SQL syntax; check the manual that corresponds to your MariaDB server version for the right syntax to use near ') myua_passwd
    FROM 
        `myua_user` 
    WHERE 
        `recid` =...' at line 5
in SYSTEMPATH\Database\MySQLi\Connection.php on line 327.
 1 SYSTEMPATH\Database\MySQLi\Connection.php(327): mysqli->query('
    SELECT 
        `full_name`, 
        `division`, 
        `myua_uname`, 
        sha2(`myua_passwd`,512),1,0) myua_passwd
    FROM 
        `myua_user` 
    WHERE 
        `recid` = \'1\'', 0)
 2 SYSTEMPATH\Database\BaseConnection.php(738): CodeIgniter\Database\MySQLi\Connection->execute('
    SELECT 
        `full_name`, 
        `division`, 
        `myua_uname`, 
        sha2(`myua_passwd`,512),1,0) myua_passwd
    FROM 
        `myua_user` 
    WHERE 
        `recid` = \'1\'')
 3 SYSTEMPATH\Database\BaseConnection.php(652): CodeIgniter\Database\BaseConnection->simpleQuery('
    SELECT 
        `full_name`, 
        `division`, 
        `myua_uname`, 
        sha2(`myua_passwd`,512),1,0) myua_passwd
    FROM 
        `myua_user` 
    WHERE 
        `recid` = \'1\'')
 4 APPPATH\Views\user-management\ua-main.php(14): CodeIgniter\Database\BaseConnection->query('
    SELECT 
        `full_name`, 
        `division`, 
        `myua_uname`, 
        sha2(`myua_passwd`,512),1,0) myua_passwd
    FROM 
        `myua_user` 
    WHERE 
        `recid` = \'1\'')
 5 SYSTEMPATH\View\View.php(224): include('C:\\xampp\\htdocs\\ci4-flexy\\app\\Views\\user-management\\ua-main.php')
 6 SYSTEMPATH\View\View.php(227): CodeIgniter\View\View->CodeIgniter\View\{closure}()
 7 SYSTEMPATH\Common.php(1173): CodeIgniter\View\View->render('user-management/ua-main', [], true)
 8 APPPATH\Controllers\MyUserManagement.php(48): view('user-management/ua-main', [...])
 9 APPPATH\Controllers\MyUserManagement.php(22): App\Controllers\MyUserManagement->loadMainView()
10 SYSTEMPATH\CodeIgniter.php(933): App\Controllers\MyUserManagement->index()
11 SYSTEMPATH\CodeIgniter.php(507): CodeIgniter\CodeIgniter->runController(Object(App\Controllers\MyUserManagement))
12 SYSTEMPATH\CodeIgniter.php(354): CodeIgniter\CodeIgniter->handleRequest(null, Object(Config\Cache), false)
13 SYSTEMPATH\Boot.php(334): CodeIgniter\CodeIgniter->run()
14 SYSTEMPATH\Boot.php(67): CodeIgniter\Boot::runCodeIgniter(Object(CodeIgniter\CodeIgniter))
15 FCPATH\index.php(56): CodeIgniter\Boot::bootWeb(Object(Config\Paths))
CRITICAL - 2025-04-28 07:52:22 --> ErrorException: Undefined array key "myua_uname"
[Method: GET, Route: myua]
in APPPATH\Views\user-management\ua-main.php on line 166.
 1 APPPATH\Views\user-management\ua-main.php(166): CodeIgniter\Debug\Exceptions->errorHandler(2, 'Undefined array key "myua_uname"', 'C:\\xampp\\htdocs\\ci4-flexy\\app\\Views\\user-management\\ua-main.php', 166)
 2 SYSTEMPATH\View\View.php(224): include('C:\\xampp\\htdocs\\ci4-flexy\\app\\Views\\user-management\\ua-main.php')
 3 SYSTEMPATH\View\View.php(227): CodeIgniter\View\View->CodeIgniter\View\{closure}()
 4 SYSTEMPATH\Common.php(1173): CodeIgniter\View\View->render('user-management/ua-main', [], true)
 5 APPPATH\Controllers\MyUserManagement.php(48): view('user-management/ua-main', [...])
 6 APPPATH\Controllers\MyUserManagement.php(22): App\Controllers\MyUserManagement->loadMainView()
 7 SYSTEMPATH\CodeIgniter.php(933): App\Controllers\MyUserManagement->index()
 8 SYSTEMPATH\CodeIgniter.php(507): CodeIgniter\CodeIgniter->runController(Object(App\Controllers\MyUserManagement))
 9 SYSTEMPATH\CodeIgniter.php(354): CodeIgniter\CodeIgniter->handleRequest(null, Object(Config\Cache), false)
10 SYSTEMPATH\Boot.php(334): CodeIgniter\CodeIgniter->run()
11 SYSTEMPATH\Boot.php(67): CodeIgniter\Boot::runCodeIgniter(Object(CodeIgniter\CodeIgniter))
12 FCPATH\index.php(56): CodeIgniter\Boot::bootWeb(Object(Config\Paths))
CRITICAL - 2025-04-28 08:01:48 --> Error: Call to a member function user_save() on null
[Method: POST, Route: myua]
in APPPATH\Controllers\MyUserManagement.php on line 26.
 1 SYSTEMPATH\CodeIgniter.php(933): App\Controllers\MyUserManagement->index()
 2 SYSTEMPATH\CodeIgniter.php(507): CodeIgniter\CodeIgniter->runController(Object(App\Controllers\MyUserManagement))
 3 SYSTEMPATH\CodeIgniter.php(354): CodeIgniter\CodeIgniter->handleRequest(null, Object(Config\Cache), false)
 4 SYSTEMPATH\Boot.php(334): CodeIgniter\CodeIgniter->run()
 5 SYSTEMPATH\Boot.php(67): CodeIgniter\Boot::runCodeIgniter(Object(CodeIgniter\CodeIgniter))
 6 FCPATH\index.php(56): CodeIgniter\Boot::bootWeb(Object(Config\Paths))
CRITICAL - 2025-04-28 08:09:30 --> ParseError: syntax error, unexpected identifier "var_dump"
[Method: GET, Route: myua]
in APPPATH\Models\MyUserManagementtModel.php on line 27.
 1 SYSTEMPATH\Autoloader\Autoloader.php(295): CodeIgniter\Autoloader\Autoloader->includeFile('C:\\xampp\\htdocs\\ci4-flexy\\app\\Models\\MyUserManagementtModel.php')
 2 SYSTEMPATH\Autoloader\Autoloader.php(271): CodeIgniter\Autoloader\Autoloader->loadInNamespace('App\\Models\\MyUserManagementtModel')
 3 [internal function]: CodeIgniter\Autoloader\Autoloader->loadClass('App\\Models\\MyUserManagementtModel')
 4 SYSTEMPATH\Config\Factories.php(297): class_exists('App\\Models\\MyUserManagementtModel')
 5 SYSTEMPATH\Config\Factories.php(216): CodeIgniter\Config\Factories::locateClass([...], 'App\\Models\\MyUserManagementtModel')
 6 SYSTEMPATH\Config\Factories.php(159): CodeIgniter\Config\Factories::getDefinedInstance([...], 'App\\Models\\MyUserManagementtModel', [...])
 7 SYSTEMPATH\Common.php(804): CodeIgniter\Config\Factories::__callStatic('models', [...])
 8 APPPATH\Controllers\MyUserManagement.php(12): model('App\\Models\\MyUserManagementtModel')
 9 SYSTEMPATH\CodeIgniter.php(903): App\Controllers\MyUserManagement->__construct()
10 SYSTEMPATH\CodeIgniter.php(498): CodeIgniter\CodeIgniter->createController()
11 SYSTEMPATH\CodeIgniter.php(354): CodeIgniter\CodeIgniter->handleRequest(null, Object(Config\Cache), false)
12 SYSTEMPATH\Boot.php(334): CodeIgniter\CodeIgniter->run()
13 SYSTEMPATH\Boot.php(67): CodeIgniter\Boot::runCodeIgniter(Object(CodeIgniter\CodeIgniter))
14 FCPATH\index.php(56): CodeIgniter\Boot::bootWeb(Object(Config\Paths))
CRITICAL - 2025-04-28 08:10:37 --> ParseError: syntax error, unexpected token "if"
[Method: GET, Route: myua]
in APPPATH\Models\MyUserManagementModel.php on line 27.
 1 SYSTEMPATH\Autoloader\Autoloader.php(295): CodeIgniter\Autoloader\Autoloader->includeFile('C:\\xampp\\htdocs\\ci4-flexy\\app\\Models\\MyUserManagementModel.php')
 2 SYSTEMPATH\Autoloader\Autoloader.php(271): CodeIgniter\Autoloader\Autoloader->loadInNamespace('App\\Models\\MyUserManagementModel')
 3 [internal function]: CodeIgniter\Autoloader\Autoloader->loadClass('App\\Models\\MyUserManagementModel')
 4 SYSTEMPATH\Config\Factories.php(297): class_exists('App\\Models\\MyUserManagementModel')
 5 SYSTEMPATH\Config\Factories.php(216): CodeIgniter\Config\Factories::locateClass([...], 'App\\Models\\MyUserManagementModel')
 6 SYSTEMPATH\Config\Factories.php(159): CodeIgniter\Config\Factories::getDefinedInstance([...], 'App\\Models\\MyUserManagementModel', [...])
 7 SYSTEMPATH\Common.php(804): CodeIgniter\Config\Factories::__callStatic('models', [...])
 8 APPPATH\Controllers\MyUserManagement.php(12): model('App\\Models\\MyUserManagementModel')
 9 SYSTEMPATH\CodeIgniter.php(903): App\Controllers\MyUserManagement->__construct()
10 SYSTEMPATH\CodeIgniter.php(498): CodeIgniter\CodeIgniter->createController()
11 SYSTEMPATH\CodeIgniter.php(354): CodeIgniter\CodeIgniter->handleRequest(null, Object(Config\Cache), false)
12 SYSTEMPATH\Boot.php(334): CodeIgniter\CodeIgniter->run()
13 SYSTEMPATH\Boot.php(67): CodeIgniter\Boot::runCodeIgniter(Object(CodeIgniter\CodeIgniter))
14 FCPATH\index.php(56): CodeIgniter\Boot::bootWeb(Object(Config\Paths))
CRITICAL - 2025-04-28 08:10:39 --> ParseError: syntax error, unexpected token "if"
[Method: GET, Route: myua]
in APPPATH\Models\MyUserManagementModel.php on line 27.
 1 SYSTEMPATH\Autoloader\Autoloader.php(295): CodeIgniter\Autoloader\Autoloader->includeFile('C:\\xampp\\htdocs\\ci4-flexy\\app\\Models\\MyUserManagementModel.php')
 2 SYSTEMPATH\Autoloader\Autoloader.php(271): CodeIgniter\Autoloader\Autoloader->loadInNamespace('App\\Models\\MyUserManagementModel')
 3 [internal function]: CodeIgniter\Autoloader\Autoloader->loadClass('App\\Models\\MyUserManagementModel')
 4 SYSTEMPATH\Config\Factories.php(297): class_exists('App\\Models\\MyUserManagementModel')
 5 SYSTEMPATH\Config\Factories.php(216): CodeIgniter\Config\Factories::locateClass([...], 'App\\Models\\MyUserManagementModel')
 6 SYSTEMPATH\Config\Factories.php(159): CodeIgniter\Config\Factories::getDefinedInstance([...], 'App\\Models\\MyUserManagementModel', [...])
 7 SYSTEMPATH\Common.php(804): CodeIgniter\Config\Factories::__callStatic('models', [...])
 8 APPPATH\Controllers\MyUserManagement.php(12): model('App\\Models\\MyUserManagementModel')
 9 SYSTEMPATH\CodeIgniter.php(903): App\Controllers\MyUserManagement->__construct()
10 SYSTEMPATH\CodeIgniter.php(498): CodeIgniter\CodeIgniter->createController()
11 SYSTEMPATH\CodeIgniter.php(354): CodeIgniter\CodeIgniter->handleRequest(null, Object(Config\Cache), false)
12 SYSTEMPATH\Boot.php(334): CodeIgniter\CodeIgniter->run()
13 SYSTEMPATH\Boot.php(67): CodeIgniter\Boot::runCodeIgniter(Object(CodeIgniter\CodeIgniter))
14 FCPATH\index.php(56): CodeIgniter\Boot::bootWeb(Object(Config\Paths))
