ERROR - 2025-12-01 15:26:21 --> mysqli_sql_exception: You have an error in your SQL syntax; check the manual that corresponds to your MariaDB server version for the right syntax to use near 'COUNT(recid) AS total_count
FROM tbl_ors_hd
WHERE funding_source LIKE '10%'...' at line 4 in C:\xampp\htdocs\fods\system\Database\MySQLi\Connection.php:327
Stack trace:
#0 C:\xampp\htdocs\fods\system\Database\MySQLi\Connection.php(327): mysqli->query('\r\nSELECT \r\n    ...', 0)
#1 C:\xampp\htdocs\fods\system\Database\BaseConnection.php(738): CodeIgniter\Database\MySQLi\Connection->execute('\r\nSELECT \r\n    ...')
#2 C:\xampp\htdocs\fods\system\Database\BaseConnection.php(652): CodeIgniter\Database\BaseConnection->simpleQuery('\r\nSELECT \r\n    ...')
#3 C:\xampp\htdocs\fods\app\Views\MyDashboard.php(158): CodeIgniter\Database\BaseConnection->query('\r\nSELECT \r\n    ...')
#4 C:\xampp\htdocs\fods\system\View\View.php(224): include('C:\\xampp\\htdocs...')
#5 C:\xampp\htdocs\fods\system\View\View.php(227): CodeIgniter\View\View->CodeIgniter\View\{closure}()
#6 C:\xampp\htdocs\fods\system\Common.php(1173): CodeIgniter\View\View->render('MyDashboard', Array, true)
#7 C:\xampp\htdocs\fods\app\Controllers\MyDashboard.php(12): view('MyDashboard')
#8 C:\xampp\htdocs\fods\system\CodeIgniter.php(933): App\Controllers\MyDashboard->index()
#9 C:\xampp\htdocs\fods\system\CodeIgniter.php(507): CodeIgniter\CodeIgniter->runController(Object(App\Controllers\MyDashboard))
#10 C:\xampp\htdocs\fods\system\CodeIgniter.php(354): CodeIgniter\CodeIgniter->handleRequest(NULL, Object(Config\Cache), false)
#11 C:\xampp\htdocs\fods\system\Boot.php(334): CodeIgniter\CodeIgniter->run()
#12 C:\xampp\htdocs\fods\system\Boot.php(67): CodeIgniter\Boot::runCodeIgniter(Object(CodeIgniter\CodeIgniter))
#13 C:\xampp\htdocs\fods\public\index.php(56): CodeIgniter\Boot::bootWeb(Object(Config\Paths))
#14 {main}
CRITICAL - 2025-12-01 15:26:21 --> CodeIgniter\Database\Exceptions\DatabaseException: You have an error in your SQL syntax; check the manual that corresponds to your MariaDB server version for the right syntax to use near 'COUNT(recid) AS total_count
FROM tbl_ors_hd
WHERE funding_source LIKE '10%'...' at line 4
[Method: GET, Route: mydashboard]
in SYSTEMPATH\Database\BaseConnection.php on line 692.
 1 APPPATH\Views\MyDashboard.php(158): CodeIgniter\Database\BaseConnection->query('
SELECT 
    MONTH(ors_date) AS month_num,
    MONTHNAME(ors_date) AS month_name
    COUNT(recid) AS total_count
FROM tbl_ors_hd
WHERE funding_source LIKE \'10%\'
  AND YEAR(ors_date) = 2025
GROUP BY MONTH(ors_date)
ORDER BY month_num DESC
LIMIT 1;

')
 2 SYSTEMPATH\View\View.php(224): include('C:\\xampp\\htdocs\\fods\\app\\Views\\MyDashboard.php')
 3 SYSTEMPATH\View\View.php(227): CodeIgniter\View\View->CodeIgniter\View\{closure}()
 4 SYSTEMPATH\Common.php(1173): CodeIgniter\View\View->render('MyDashboard', [], true)
 5 APPPATH\Controllers\MyDashboard.php(12): view('MyDashboard')
 6 SYSTEMPATH\CodeIgniter.php(933): App\Controllers\MyDashboard->index()
 7 SYSTEMPATH\CodeIgniter.php(507): CodeIgniter\CodeIgniter->runController(Object(App\Controllers\MyDashboard))
 8 SYSTEMPATH\CodeIgniter.php(354): CodeIgniter\CodeIgniter->handleRequest(null, Object(Config\Cache), false)
 9 SYSTEMPATH\Boot.php(334): CodeIgniter\CodeIgniter->run()
10 SYSTEMPATH\Boot.php(67): CodeIgniter\Boot::runCodeIgniter(Object(CodeIgniter\CodeIgniter))
11 FCPATH\index.php(56): CodeIgniter\Boot::bootWeb(Object(Config\Paths))
CRITICAL - 2025-12-01 15:26:21 --> [Caused by] CodeIgniter\Database\Exceptions\DatabaseException: You have an error in your SQL syntax; check the manual that corresponds to your MariaDB server version for the right syntax to use near 'COUNT(recid) AS total_count
FROM tbl_ors_hd
WHERE funding_source LIKE '10%'...' at line 4
in SYSTEMPATH\Database\MySQLi\Connection.php on line 332.
 1 SYSTEMPATH\Database\BaseConnection.php(738): CodeIgniter\Database\MySQLi\Connection->execute('
SELECT 
    MONTH(ors_date) AS month_num,
    MONTHNAME(ors_date) AS month_name
    COUNT(recid) AS total_count
FROM tbl_ors_hd
WHERE funding_source LIKE \'10%\'
  AND YEAR(ors_date) = 2025
GROUP BY MONTH(ors_date)
ORDER BY month_num DESC
LIMIT 1;

')
 2 SYSTEMPATH\Database\BaseConnection.php(652): CodeIgniter\Database\BaseConnection->simpleQuery('
SELECT 
    MONTH(ors_date) AS month_num,
    MONTHNAME(ors_date) AS month_name
    COUNT(recid) AS total_count
FROM tbl_ors_hd
WHERE funding_source LIKE \'10%\'
  AND YEAR(ors_date) = 2025
GROUP BY MONTH(ors_date)
ORDER BY month_num DESC
LIMIT 1;

')
 3 APPPATH\Views\MyDashboard.php(158): CodeIgniter\Database\BaseConnection->query('
SELECT 
    MONTH(ors_date) AS month_num,
    MONTHNAME(ors_date) AS month_name
    COUNT(recid) AS total_count
FROM tbl_ors_hd
WHERE funding_source LIKE \'10%\'
  AND YEAR(ors_date) = 2025
GROUP BY MONTH(ors_date)
ORDER BY month_num DESC
LIMIT 1;

')
 4 SYSTEMPATH\View\View.php(224): include('C:\\xampp\\htdocs\\fods\\app\\Views\\MyDashboard.php')
 5 SYSTEMPATH\View\View.php(227): CodeIgniter\View\View->CodeIgniter\View\{closure}()
 6 SYSTEMPATH\Common.php(1173): CodeIgniter\View\View->render('MyDashboard', [], true)
 7 APPPATH\Controllers\MyDashboard.php(12): view('MyDashboard')
 8 SYSTEMPATH\CodeIgniter.php(933): App\Controllers\MyDashboard->index()
 9 SYSTEMPATH\CodeIgniter.php(507): CodeIgniter\CodeIgniter->runController(Object(App\Controllers\MyDashboard))
10 SYSTEMPATH\CodeIgniter.php(354): CodeIgniter\CodeIgniter->handleRequest(null, Object(Config\Cache), false)
11 SYSTEMPATH\Boot.php(334): CodeIgniter\CodeIgniter->run()
12 SYSTEMPATH\Boot.php(67): CodeIgniter\Boot::runCodeIgniter(Object(CodeIgniter\CodeIgniter))
13 FCPATH\index.php(56): CodeIgniter\Boot::bootWeb(Object(Config\Paths))
CRITICAL - 2025-12-01 15:26:21 --> [Caused by] mysqli_sql_exception: You have an error in your SQL syntax; check the manual that corresponds to your MariaDB server version for the right syntax to use near 'COUNT(recid) AS total_count
FROM tbl_ors_hd
WHERE funding_source LIKE '10%'...' at line 4
in SYSTEMPATH\Database\MySQLi\Connection.php on line 327.
 1 SYSTEMPATH\Database\MySQLi\Connection.php(327): mysqli->query('
SELECT 
    MONTH(ors_date) AS month_num,
    MONTHNAME(ors_date) AS month_name
    COUNT(recid) AS total_count
FROM tbl_ors_hd
WHERE funding_source LIKE \'10%\'
  AND YEAR(ors_date) = 2025
GROUP BY MONTH(ors_date)
ORDER BY month_num DESC
LIMIT 1;

', 0)
 2 SYSTEMPATH\Database\BaseConnection.php(738): CodeIgniter\Database\MySQLi\Connection->execute('
SELECT 
    MONTH(ors_date) AS month_num,
    MONTHNAME(ors_date) AS month_name
    COUNT(recid) AS total_count
FROM tbl_ors_hd
WHERE funding_source LIKE \'10%\'
  AND YEAR(ors_date) = 2025
GROUP BY MONTH(ors_date)
ORDER BY month_num DESC
LIMIT 1;

')
 3 SYSTEMPATH\Database\BaseConnection.php(652): CodeIgniter\Database\BaseConnection->simpleQuery('
SELECT 
    MONTH(ors_date) AS month_num,
    MONTHNAME(ors_date) AS month_name
    COUNT(recid) AS total_count
FROM tbl_ors_hd
WHERE funding_source LIKE \'10%\'
  AND YEAR(ors_date) = 2025
GROUP BY MONTH(ors_date)
ORDER BY month_num DESC
LIMIT 1;

')
 4 APPPATH\Views\MyDashboard.php(158): CodeIgniter\Database\BaseConnection->query('
SELECT 
    MONTH(ors_date) AS month_num,
    MONTHNAME(ors_date) AS month_name
    COUNT(recid) AS total_count
FROM tbl_ors_hd
WHERE funding_source LIKE \'10%\'
  AND YEAR(ors_date) = 2025
GROUP BY MONTH(ors_date)
ORDER BY month_num DESC
LIMIT 1;

')
 5 SYSTEMPATH\View\View.php(224): include('C:\\xampp\\htdocs\\fods\\app\\Views\\MyDashboard.php')
 6 SYSTEMPATH\View\View.php(227): CodeIgniter\View\View->CodeIgniter\View\{closure}()
 7 SYSTEMPATH\Common.php(1173): CodeIgniter\View\View->render('MyDashboard', [], true)
 8 APPPATH\Controllers\MyDashboard.php(12): view('MyDashboard')
 9 SYSTEMPATH\CodeIgniter.php(933): App\Controllers\MyDashboard->index()
10 SYSTEMPATH\CodeIgniter.php(507): CodeIgniter\CodeIgniter->runController(Object(App\Controllers\MyDashboard))
11 SYSTEMPATH\CodeIgniter.php(354): CodeIgniter\CodeIgniter->handleRequest(null, Object(Config\Cache), false)
12 SYSTEMPATH\Boot.php(334): CodeIgniter\CodeIgniter->run()
13 SYSTEMPATH\Boot.php(67): CodeIgniter\Boot::runCodeIgniter(Object(CodeIgniter\CodeIgniter))
14 FCPATH\index.php(56): CodeIgniter\Boot::bootWeb(Object(Config\Paths))
