ERROR - 2026-04-15 08:00:08 --> Error connecting to the database: mysqli_sql_exception: No connection could be made because the target machine actively refused it in C:\xampp\htdocs\fods\system\Database\MySQLi\Connection.php:202
Stack trace:
#0 C:\xampp\htdocs\fods\system\Database\MySQLi\Connection.php(202): mysqli->real_connect('localhost', 'root', '', 'fods-03032026', 3306, '', 0)
#1 C:\xampp\htdocs\fods\system\Database\BaseConnection.php(421): CodeIgniter\Database\MySQLi\Connection->connect(false)
#2 C:\xampp\htdocs\fods\system\Database\BaseConnection.php(620): CodeIgniter\Database\BaseConnection->initialize()
#3 C:\xampp\htdocs\fods\app\Controllers\MyLogIn.php(58): CodeIgniter\Database\BaseConnection->query('select `usernam...', Array)
#4 C:\xampp\htdocs\fods\app\Controllers\MyLogIn.php(24): App\Controllers\MyLogIn->Verify_User('ADMIN-KYLE')
#5 C:\xampp\htdocs\fods\system\CodeIgniter.php(933): App\Controllers\MyLogIn->auth()
#6 C:\xampp\htdocs\fods\system\CodeIgniter.php(507): CodeIgniter\CodeIgniter->runController(Object(App\Controllers\MyLogIn))
#7 C:\xampp\htdocs\fods\system\CodeIgniter.php(354): CodeIgniter\CodeIgniter->handleRequest(NULL, Object(Config\Cache), false)
#8 C:\xampp\htdocs\fods\system\Boot.php(334): CodeIgniter\CodeIgniter->run()
#9 C:\xampp\htdocs\fods\system\Boot.php(67): CodeIgniter\Boot::runCodeIgniter(Object(CodeIgniter\CodeIgniter))
#10 C:\xampp\htdocs\fods\public\index.php(56): CodeIgniter\Boot::bootWeb(Object(Config\Paths))
#11 {main}

Next CodeIgniter\Database\Exceptions\DatabaseException: No connection could be made because the target machine actively refused it in C:\xampp\htdocs\fods\system\Database\MySQLi\Connection.php:246
Stack trace:
#0 C:\xampp\htdocs\fods\system\Database\BaseConnection.php(421): CodeIgniter\Database\MySQLi\Connection->connect(false)
#1 C:\xampp\htdocs\fods\system\Database\BaseConnection.php(620): CodeIgniter\Database\BaseConnection->initialize()
#2 C:\xampp\htdocs\fods\app\Controllers\MyLogIn.php(58): CodeIgniter\Database\BaseConnection->query('select `usernam...', Array)
#3 C:\xampp\htdocs\fods\app\Controllers\MyLogIn.php(24): App\Controllers\MyLogIn->Verify_User('ADMIN-KYLE')
#4 C:\xampp\htdocs\fods\system\CodeIgniter.php(933): App\Controllers\MyLogIn->auth()
#5 C:\xampp\htdocs\fods\system\CodeIgniter.php(507): CodeIgniter\CodeIgniter->runController(Object(App\Controllers\MyLogIn))
#6 C:\xampp\htdocs\fods\system\CodeIgniter.php(354): CodeIgniter\CodeIgniter->handleRequest(NULL, Object(Config\Cache), false)
#7 C:\xampp\htdocs\fods\system\Boot.php(334): CodeIgniter\CodeIgniter->run()
#8 C:\xampp\htdocs\fods\system\Boot.php(67): CodeIgniter\Boot::runCodeIgniter(Object(CodeIgniter\CodeIgniter))
#9 C:\xampp\htdocs\fods\public\index.php(56): CodeIgniter\Boot::bootWeb(Object(Config\Paths))
#10 {main}
CRITICAL - 2026-04-15 08:00:08 --> CodeIgniter\Database\Exceptions\DatabaseException: Unable to connect to the database.
Main connection [MySQLi]: No connection could be made because the target machine actively refused it
[Method: POST, Route: mylogin-auth]
in SYSTEMPATH\Database\BaseConnection.php on line 467.
 1 SYSTEMPATH\Database\BaseConnection.php(620): CodeIgniter\Database\BaseConnection->initialize()
 2 APPPATH\Controllers\MyLogIn.php(58): CodeIgniter\Database\BaseConnection->query('select `username`,`hash_password` FROM myua_user where username = ? limit 1 ', [...])
 3 APPPATH\Controllers\MyLogIn.php(24): App\Controllers\MyLogIn->Verify_User('ADMIN-KYLE')
 4 SYSTEMPATH\CodeIgniter.php(933): App\Controllers\MyLogIn->auth()
 5 SYSTEMPATH\CodeIgniter.php(507): CodeIgniter\CodeIgniter->runController(Object(App\Controllers\MyLogIn))
 6 SYSTEMPATH\CodeIgniter.php(354): CodeIgniter\CodeIgniter->handleRequest(null, Object(Config\Cache), false)
 7 SYSTEMPATH\Boot.php(334): CodeIgniter\CodeIgniter->run()
 8 SYSTEMPATH\Boot.php(67): CodeIgniter\Boot::runCodeIgniter(Object(CodeIgniter\CodeIgniter))
 9 FCPATH\index.php(56): CodeIgniter\Boot::bootWeb(Object(Config\Paths))
ERROR - 2026-04-15 08:01:47 --> Flashdata set: User Name not Found
CRITICAL - 2026-04-15 09:26:54 --> ErrorException: Trying to access array offset on value of type null
[Method: GET, Route: mydisbursement]
in APPPATH\Views\disbursement\disbursement-pdf.php on line 23.
 1 APPPATH\Views\disbursement\disbursement-pdf.php(23): CodeIgniter\Debug\Exceptions->errorHandler(2, 'Trying to access array offset on value of type null', 'C:\\xampp\\htdocs\\fods\\app\\Views\\disbursement\\disbursement-pdf.php', 23)
 2 SYSTEMPATH\View\View.php(224): include('C:\\xampp\\htdocs\\fods\\app\\Views\\disbursement\\disbursement-pdf.php')
 3 SYSTEMPATH\View\View.php(227): CodeIgniter\View\View->CodeIgniter\View\{closure}()
 4 SYSTEMPATH\Common.php(1173): CodeIgniter\View\View->render('disbursement/disbursement-pdf', [], true)
 5 APPPATH\Controllers\MyDisbursement.php(58): view('disbursement/disbursement-pdf')
 6 SYSTEMPATH\CodeIgniter.php(933): App\Controllers\MyDisbursement->index()
 7 SYSTEMPATH\CodeIgniter.php(507): CodeIgniter\CodeIgniter->runController(Object(App\Controllers\MyDisbursement))
 8 SYSTEMPATH\CodeIgniter.php(354): CodeIgniter\CodeIgniter->handleRequest(null, Object(Config\Cache), false)
 9 SYSTEMPATH\Boot.php(334): CodeIgniter\CodeIgniter->run()
10 SYSTEMPATH\Boot.php(67): CodeIgniter\Boot::runCodeIgniter(Object(CodeIgniter\CodeIgniter))
11 FCPATH\index.php(56): CodeIgniter\Boot::bootWeb(Object(Config\Paths))
CRITICAL - 2026-04-15 09:28:01 --> ErrorException: Undefined variable $certified_b
[Method: GET, Route: mydisbursement]
in APPPATH\Views\disbursement\disbursement-pdf.php on line 51.
 1 APPPATH\Views\disbursement\disbursement-pdf.php(51): CodeIgniter\Debug\Exceptions->errorHandler(2, 'Undefined variable $certified_b', 'C:\\xampp\\htdocs\\fods\\app\\Views\\disbursement\\disbursement-pdf.php', 51)
 2 SYSTEMPATH\View\View.php(224): include('C:\\xampp\\htdocs\\fods\\app\\Views\\disbursement\\disbursement-pdf.php')
 3 SYSTEMPATH\View\View.php(227): CodeIgniter\View\View->CodeIgniter\View\{closure}()
 4 SYSTEMPATH\Common.php(1173): CodeIgniter\View\View->render('disbursement/disbursement-pdf', [], true)
 5 APPPATH\Controllers\MyDisbursement.php(58): view('disbursement/disbursement-pdf')
 6 SYSTEMPATH\CodeIgniter.php(933): App\Controllers\MyDisbursement->index()
 7 SYSTEMPATH\CodeIgniter.php(507): CodeIgniter\CodeIgniter->runController(Object(App\Controllers\MyDisbursement))
 8 SYSTEMPATH\CodeIgniter.php(354): CodeIgniter\CodeIgniter->handleRequest(null, Object(Config\Cache), false)
 9 SYSTEMPATH\Boot.php(334): CodeIgniter\CodeIgniter->run()
10 SYSTEMPATH\Boot.php(67): CodeIgniter\Boot::runCodeIgniter(Object(CodeIgniter\CodeIgniter))
11 FCPATH\index.php(56): CodeIgniter\Boot::bootWeb(Object(Config\Paths))
CRITICAL - 2026-04-15 11:00:09 --> ArgumentCountError: Too few arguments to function FPDF::SetXY(), 1 passed in C:\xampp\htdocs\fods\app\Views\disbursement\disbursement-pdf.php on line 191 and exactly 2 expected
[Method: GET, Route: mydisbursement]
in APPPATH\ThirdParty\fpdf\fpdf.php on line 978.
 1 APPPATH\Views\disbursement\disbursement-pdf.php(191): FPDF->SetXY(85)
 2 SYSTEMPATH\View\View.php(224): include('C:\\xampp\\htdocs\\fods\\app\\Views\\disbursement\\disbursement-pdf.php')
 3 SYSTEMPATH\View\View.php(227): CodeIgniter\View\View->CodeIgniter\View\{closure}()
 4 SYSTEMPATH\Common.php(1173): CodeIgniter\View\View->render('disbursement/disbursement-pdf', [], true)
 5 APPPATH\Controllers\MyDisbursement.php(58): view('disbursement/disbursement-pdf')
 6 SYSTEMPATH\CodeIgniter.php(933): App\Controllers\MyDisbursement->index()
 7 SYSTEMPATH\CodeIgniter.php(507): CodeIgniter\CodeIgniter->runController(Object(App\Controllers\MyDisbursement))
 8 SYSTEMPATH\CodeIgniter.php(354): CodeIgniter\CodeIgniter->handleRequest(null, Object(Config\Cache), false)
 9 SYSTEMPATH\Boot.php(334): CodeIgniter\CodeIgniter->run()
10 SYSTEMPATH\Boot.php(67): CodeIgniter\Boot::runCodeIgniter(Object(CodeIgniter\CodeIgniter))
11 FCPATH\index.php(56): CodeIgniter\Boot::bootWeb(Object(Config\Paths))
CRITICAL - 2026-04-15 14:23:34 --> ErrorException: include(C:\xampp\htdocs\fods\app\ThirdParty\fpdf/font/helveticatest.php): Failed to open stream: No such file or directory
[Method: GET, Route: mydisbursement]
in APPPATH\ThirdParty\fpdf\fpdf.php on line 1137.
 1 APPPATH\ThirdParty\fpdf\fpdf.php(1137): CodeIgniter\Debug\Exceptions->errorHandler(2, 'include(C:\\xampp\\htdocs\\fods\\app\\ThirdParty\\fpdf/font/helveticatest.php): Failed to open stream: No such file or directory', 'C:\\xampp\\htdocs\\fods\\app\\ThirdParty\\fpdf\\fpdf.php', 1137)
 2 APPPATH\ThirdParty\fpdf\fpdf.php(1137): include()
 3 APPPATH\ThirdParty\fpdf\fpdf.php(461): FPDF->_loadfont('C:\\xampp\\htdocs\\fods\\app\\ThirdParty\\fpdf/font/helveticatest.php')
 4 APPPATH\ThirdParty\fpdf\fpdf.php(510): FPDF->AddFont('helvetica', 'TEST')
 5 APPPATH\Views\disbursement\disbursement-pdf.php(389): FPDF->SetFont('helvetica', 'TEST', 8)
 6 SYSTEMPATH\View\View.php(224): include('C:\\xampp\\htdocs\\fods\\app\\Views\\disbursement\\disbursement-pdf.php')
 7 SYSTEMPATH\View\View.php(227): CodeIgniter\View\View->CodeIgniter\View\{closure}()
 8 SYSTEMPATH\Common.php(1173): CodeIgniter\View\View->render('disbursement/disbursement-pdf', [], true)
 9 APPPATH\Controllers\MyDisbursement.php(58): view('disbursement/disbursement-pdf')
10 SYSTEMPATH\CodeIgniter.php(933): App\Controllers\MyDisbursement->index()
11 SYSTEMPATH\CodeIgniter.php(507): CodeIgniter\CodeIgniter->runController(Object(App\Controllers\MyDisbursement))
12 SYSTEMPATH\CodeIgniter.php(354): CodeIgniter\CodeIgniter->handleRequest(null, Object(Config\Cache), false)
13 SYSTEMPATH\Boot.php(334): CodeIgniter\CodeIgniter->run()
14 SYSTEMPATH\Boot.php(67): CodeIgniter\Boot::runCodeIgniter(Object(CodeIgniter\CodeIgniter))
15 FCPATH\index.php(56): CodeIgniter\Boot::bootWeb(Object(Config\Paths))
CRITICAL - 2026-04-15 16:22:47 --> ErrorException: Undefined variable $variable
[Method: GET, Route: mydisbursement]
in APPPATH\Views\disbursement\disbursement-pdf.php on line 252.
 1 APPPATH\Views\disbursement\disbursement-pdf.php(252): CodeIgniter\Debug\Exceptions->errorHandler(2, 'Undefined variable $variable', 'C:\\xampp\\htdocs\\fods\\app\\Views\\disbursement\\disbursement-pdf.php', 252)
 2 SYSTEMPATH\View\View.php(224): include('C:\\xampp\\htdocs\\fods\\app\\Views\\disbursement\\disbursement-pdf.php')
 3 SYSTEMPATH\View\View.php(227): CodeIgniter\View\View->CodeIgniter\View\{closure}()
 4 SYSTEMPATH\Common.php(1173): CodeIgniter\View\View->render('disbursement/disbursement-pdf', [], true)
 5 APPPATH\Controllers\MyDisbursement.php(58): view('disbursement/disbursement-pdf')
 6 SYSTEMPATH\CodeIgniter.php(933): App\Controllers\MyDisbursement->index()
 7 SYSTEMPATH\CodeIgniter.php(507): CodeIgniter\CodeIgniter->runController(Object(App\Controllers\MyDisbursement))
 8 SYSTEMPATH\CodeIgniter.php(354): CodeIgniter\CodeIgniter->handleRequest(null, Object(Config\Cache), false)
 9 SYSTEMPATH\Boot.php(334): CodeIgniter\CodeIgniter->run()
10 SYSTEMPATH\Boot.php(67): CodeIgniter\Boot::runCodeIgniter(Object(CodeIgniter\CodeIgniter))
11 FCPATH\index.php(56): CodeIgniter\Boot::bootWeb(Object(Config\Paths))
ERROR - 2026-04-15 16:23:15 --> mysqli_sql_exception: Table 'fods-03032026.tbl_disbursment_direct_ps_dt' doesn't exist in C:\xampp\htdocs\fods\system\Database\MySQLi\Connection.php:327
Stack trace:
#0 C:\xampp\htdocs\fods\system\Database\MySQLi\Connection.php(327): mysqli->query('\r\n    (SELECT r...', 0)
#1 C:\xampp\htdocs\fods\system\Database\BaseConnection.php(738): CodeIgniter\Database\MySQLi\Connection->execute('\r\n    (SELECT r...')
#2 C:\xampp\htdocs\fods\system\Database\BaseConnection.php(652): CodeIgniter\Database\BaseConnection->simpleQuery('\r\n    (SELECT r...')
#3 C:\xampp\htdocs\fods\app\Views\disbursement\disbursement-pdf.php(248): CodeIgniter\Database\BaseConnection->query('\r\n    (SELECT r...', Array)
#4 C:\xampp\htdocs\fods\system\View\View.php(224): include('C:\\xampp\\htdocs...')
#5 C:\xampp\htdocs\fods\system\View\View.php(227): CodeIgniter\View\View->CodeIgniter\View\{closure}()
#6 C:\xampp\htdocs\fods\system\Common.php(1173): CodeIgniter\View\View->render('disbursement/di...', Array, true)
#7 C:\xampp\htdocs\fods\app\Controllers\MyDisbursement.php(58): view('disbursement/di...')
#8 C:\xampp\htdocs\fods\system\CodeIgniter.php(933): App\Controllers\MyDisbursement->index()
#9 C:\xampp\htdocs\fods\system\CodeIgniter.php(507): CodeIgniter\CodeIgniter->runController(Object(App\Controllers\MyDisbursement))
#10 C:\xampp\htdocs\fods\system\CodeIgniter.php(354): CodeIgniter\CodeIgniter->handleRequest(NULL, Object(Config\Cache), false)
#11 C:\xampp\htdocs\fods\system\Boot.php(334): CodeIgniter\CodeIgniter->run()
#12 C:\xampp\htdocs\fods\system\Boot.php(67): CodeIgniter\Boot::runCodeIgniter(Object(CodeIgniter\CodeIgniter))
#13 C:\xampp\htdocs\fods\public\index.php(56): CodeIgniter\Boot::bootWeb(Object(Config\Paths))
#14 {main}
CRITICAL - 2026-04-15 16:23:15 --> CodeIgniter\Database\Exceptions\DatabaseException: Table 'fods-03032026.tbl_disbursment_direct_ps_dt' doesn't exist
[Method: GET, Route: mydisbursement]
in SYSTEMPATH\Database\BaseConnection.php on line 692.
 1 APPPATH\Views\disbursement\disbursement-pdf.php(248): CodeIgniter\Database\BaseConnection->query('
    (SELECT responsibility_code, mfopaps_code, amount
     FROM tbl_disbursment_direct_ps_dt WHERE project_id = ?)

    UNION ALL

    (SELECT responsibility_code, mfopaps_code, amount
     FROM tbl_disbursment_direct_mooe_dt WHERE project_id = ?)

    UNION ALL

    (SELECT responsibility_code, mfopaps_code, amount
     FROM tbl_disbursment_direct_co_dt WHERE project_id = ?)

    UNION ALL

    (SELECT responsibility_code, mfopaps_code, amount
     FROM tbl_disbursment_indirect_ps_dt WHERE project_id = ?)

    UNION ALL

    (SELECT responsibility_code, mfopaps_code, amount
     FROM tbl_disbursment_indirect_mooe_dt WHERE project_id = ?)

    UNION ALL

    (SELECT responsibility_code, mfopaps_code, amount
     FROM tbl_disbursment_indirect_co_dt WHERE project_id = ?)
', [...])
 2 SYSTEMPATH\View\View.php(224): include('C:\\xampp\\htdocs\\fods\\app\\Views\\disbursement\\disbursement-pdf.php')
 3 SYSTEMPATH\View\View.php(227): CodeIgniter\View\View->CodeIgniter\View\{closure}()
 4 SYSTEMPATH\Common.php(1173): CodeIgniter\View\View->render('disbursement/disbursement-pdf', [], true)
 5 APPPATH\Controllers\MyDisbursement.php(58): view('disbursement/disbursement-pdf')
 6 SYSTEMPATH\CodeIgniter.php(933): App\Controllers\MyDisbursement->index()
 7 SYSTEMPATH\CodeIgniter.php(507): CodeIgniter\CodeIgniter->runController(Object(App\Controllers\MyDisbursement))
 8 SYSTEMPATH\CodeIgniter.php(354): CodeIgniter\CodeIgniter->handleRequest(null, Object(Config\Cache), false)
 9 SYSTEMPATH\Boot.php(334): CodeIgniter\CodeIgniter->run()
10 SYSTEMPATH\Boot.php(67): CodeIgniter\Boot::runCodeIgniter(Object(CodeIgniter\CodeIgniter))
11 FCPATH\index.php(56): CodeIgniter\Boot::bootWeb(Object(Config\Paths))
CRITICAL - 2026-04-15 16:23:15 --> [Caused by] CodeIgniter\Database\Exceptions\DatabaseException: Table 'fods-03032026.tbl_disbursment_direct_ps_dt' doesn't exist
in SYSTEMPATH\Database\MySQLi\Connection.php on line 332.
 1 SYSTEMPATH\Database\BaseConnection.php(738): CodeIgniter\Database\MySQLi\Connection->execute('
    (SELECT responsibility_code, mfopaps_code, amount
     FROM tbl_disbursment_direct_ps_dt WHERE project_id = \'4\')

    UNION ALL

    (SELECT responsibility_code, mfopaps_code, amount
     FROM tbl_disbursment_direct_mooe_dt WHERE project_id = \'4\')

    UNION ALL

    (SELECT responsibility_code, mfopaps_code, amount
     FROM tbl_disbursment_direct_co_dt WHERE project_id = \'4\')

    UNION ALL

    (SELECT responsibility_code, mfopaps_code, amount
     FROM tbl_disbursment_indirect_ps_dt WHERE project_id = \'4\')

    UNION ALL

    (SELECT responsibility_code, mfopaps_code, amount
     FROM tbl_disbursment_indirect_mooe_dt WHERE project_id = \'4\')

    UNION ALL

    (SELECT responsibility_code, mfopaps_code, amount
     FROM tbl_disbursment_indirect_co_dt WHERE project_id = \'4\')
')
 2 SYSTEMPATH\Database\BaseConnection.php(652): CodeIgniter\Database\BaseConnection->simpleQuery('
    (SELECT responsibility_code, mfopaps_code, amount
     FROM tbl_disbursment_direct_ps_dt WHERE project_id = \'4\')

    UNION ALL

    (SELECT responsibility_code, mfopaps_code, amount
     FROM tbl_disbursment_direct_mooe_dt WHERE project_id = \'4\')

    UNION ALL

    (SELECT responsibility_code, mfopaps_code, amount
     FROM tbl_disbursment_direct_co_dt WHERE project_id = \'4\')

    UNION ALL

    (SELECT responsibility_code, mfopaps_code, amount
     FROM tbl_disbursment_indirect_ps_dt WHERE project_id = \'4\')

    UNION ALL

    (SELECT responsibility_code, mfopaps_code, amount
     FROM tbl_disbursment_indirect_mooe_dt WHERE project_id = \'4\')

    UNION ALL

    (SELECT responsibility_code, mfopaps_code, amount
     FROM tbl_disbursment_indirect_co_dt WHERE project_id = \'4\')
')
 3 APPPATH\Views\disbursement\disbursement-pdf.php(248): CodeIgniter\Database\BaseConnection->query('
    (SELECT responsibility_code, mfopaps_code, amount
     FROM tbl_disbursment_direct_ps_dt WHERE project_id = ?)

    UNION ALL

    (SELECT responsibility_code, mfopaps_code, amount
     FROM tbl_disbursment_direct_mooe_dt WHERE project_id = ?)

    UNION ALL

    (SELECT responsibility_code, mfopaps_code, amount
     FROM tbl_disbursment_direct_co_dt WHERE project_id = ?)

    UNION ALL

    (SELECT responsibility_code, mfopaps_code, amount
     FROM tbl_disbursment_indirect_ps_dt WHERE project_id = ?)

    UNION ALL

    (SELECT responsibility_code, mfopaps_code, amount
     FROM tbl_disbursment_indirect_mooe_dt WHERE project_id = ?)

    UNION ALL

    (SELECT responsibility_code, mfopaps_code, amount
     FROM tbl_disbursment_indirect_co_dt WHERE project_id = ?)
', [...])
 4 SYSTEMPATH\View\View.php(224): include('C:\\xampp\\htdocs\\fods\\app\\Views\\disbursement\\disbursement-pdf.php')
 5 SYSTEMPATH\View\View.php(227): CodeIgniter\View\View->CodeIgniter\View\{closure}()
 6 SYSTEMPATH\Common.php(1173): CodeIgniter\View\View->render('disbursement/disbursement-pdf', [], true)
 7 APPPATH\Controllers\MyDisbursement.php(58): view('disbursement/disbursement-pdf')
 8 SYSTEMPATH\CodeIgniter.php(933): App\Controllers\MyDisbursement->index()
 9 SYSTEMPATH\CodeIgniter.php(507): CodeIgniter\CodeIgniter->runController(Object(App\Controllers\MyDisbursement))
10 SYSTEMPATH\CodeIgniter.php(354): CodeIgniter\CodeIgniter->handleRequest(null, Object(Config\Cache), false)
11 SYSTEMPATH\Boot.php(334): CodeIgniter\CodeIgniter->run()
12 SYSTEMPATH\Boot.php(67): CodeIgniter\Boot::runCodeIgniter(Object(CodeIgniter\CodeIgniter))
13 FCPATH\index.php(56): CodeIgniter\Boot::bootWeb(Object(Config\Paths))
CRITICAL - 2026-04-15 16:23:15 --> [Caused by] mysqli_sql_exception: Table 'fods-03032026.tbl_disbursment_direct_ps_dt' doesn't exist
in SYSTEMPATH\Database\MySQLi\Connection.php on line 327.
 1 SYSTEMPATH\Database\MySQLi\Connection.php(327): mysqli->query('
    (SELECT responsibility_code, mfopaps_code, amount
     FROM tbl_disbursment_direct_ps_dt WHERE project_id = \'4\')

    UNION ALL

    (SELECT responsibility_code, mfopaps_code, amount
     FROM tbl_disbursment_direct_mooe_dt WHERE project_id = \'4\')

    UNION ALL

    (SELECT responsibility_code, mfopaps_code, amount
     FROM tbl_disbursment_direct_co_dt WHERE project_id = \'4\')

    UNION ALL

    (SELECT responsibility_code, mfopaps_code, amount
     FROM tbl_disbursment_indirect_ps_dt WHERE project_id = \'4\')

    UNION ALL

    (SELECT responsibility_code, mfopaps_code, amount
     FROM tbl_disbursment_indirect_mooe_dt WHERE project_id = \'4\')

    UNION ALL

    (SELECT responsibility_code, mfopaps_code, amount
     FROM tbl_disbursment_indirect_co_dt WHERE project_id = \'4\')
', 0)
 2 SYSTEMPATH\Database\BaseConnection.php(738): CodeIgniter\Database\MySQLi\Connection->execute('
    (SELECT responsibility_code, mfopaps_code, amount
     FROM tbl_disbursment_direct_ps_dt WHERE project_id = \'4\')

    UNION ALL

    (SELECT responsibility_code, mfopaps_code, amount
     FROM tbl_disbursment_direct_mooe_dt WHERE project_id = \'4\')

    UNION ALL

    (SELECT responsibility_code, mfopaps_code, amount
     FROM tbl_disbursment_direct_co_dt WHERE project_id = \'4\')

    UNION ALL

    (SELECT responsibility_code, mfopaps_code, amount
     FROM tbl_disbursment_indirect_ps_dt WHERE project_id = \'4\')

    UNION ALL

    (SELECT responsibility_code, mfopaps_code, amount
     FROM tbl_disbursment_indirect_mooe_dt WHERE project_id = \'4\')

    UNION ALL

    (SELECT responsibility_code, mfopaps_code, amount
     FROM tbl_disbursment_indirect_co_dt WHERE project_id = \'4\')
')
 3 SYSTEMPATH\Database\BaseConnection.php(652): CodeIgniter\Database\BaseConnection->simpleQuery('
    (SELECT responsibility_code, mfopaps_code, amount
     FROM tbl_disbursment_direct_ps_dt WHERE project_id = \'4\')

    UNION ALL

    (SELECT responsibility_code, mfopaps_code, amount
     FROM tbl_disbursment_direct_mooe_dt WHERE project_id = \'4\')

    UNION ALL

    (SELECT responsibility_code, mfopaps_code, amount
     FROM tbl_disbursment_direct_co_dt WHERE project_id = \'4\')

    UNION ALL

    (SELECT responsibility_code, mfopaps_code, amount
     FROM tbl_disbursment_indirect_ps_dt WHERE project_id = \'4\')

    UNION ALL

    (SELECT responsibility_code, mfopaps_code, amount
     FROM tbl_disbursment_indirect_mooe_dt WHERE project_id = \'4\')

    UNION ALL

    (SELECT responsibility_code, mfopaps_code, amount
     FROM tbl_disbursment_indirect_co_dt WHERE project_id = \'4\')
')
 4 APPPATH\Views\disbursement\disbursement-pdf.php(248): CodeIgniter\Database\BaseConnection->query('
    (SELECT responsibility_code, mfopaps_code, amount
     FROM tbl_disbursment_direct_ps_dt WHERE project_id = ?)

    UNION ALL

    (SELECT responsibility_code, mfopaps_code, amount
     FROM tbl_disbursment_direct_mooe_dt WHERE project_id = ?)

    UNION ALL

    (SELECT responsibility_code, mfopaps_code, amount
     FROM tbl_disbursment_direct_co_dt WHERE project_id = ?)

    UNION ALL

    (SELECT responsibility_code, mfopaps_code, amount
     FROM tbl_disbursment_indirect_ps_dt WHERE project_id = ?)

    UNION ALL

    (SELECT responsibility_code, mfopaps_code, amount
     FROM tbl_disbursment_indirect_mooe_dt WHERE project_id = ?)

    UNION ALL

    (SELECT responsibility_code, mfopaps_code, amount
     FROM tbl_disbursment_indirect_co_dt WHERE project_id = ?)
', [...])
 5 SYSTEMPATH\View\View.php(224): include('C:\\xampp\\htdocs\\fods\\app\\Views\\disbursement\\disbursement-pdf.php')
 6 SYSTEMPATH\View\View.php(227): CodeIgniter\View\View->CodeIgniter\View\{closure}()
 7 SYSTEMPATH\Common.php(1173): CodeIgniter\View\View->render('disbursement/disbursement-pdf', [], true)
 8 APPPATH\Controllers\MyDisbursement.php(58): view('disbursement/disbursement-pdf')
 9 SYSTEMPATH\CodeIgniter.php(933): App\Controllers\MyDisbursement->index()
10 SYSTEMPATH\CodeIgniter.php(507): CodeIgniter\CodeIgniter->runController(Object(App\Controllers\MyDisbursement))
11 SYSTEMPATH\CodeIgniter.php(354): CodeIgniter\CodeIgniter->handleRequest(null, Object(Config\Cache), false)
12 SYSTEMPATH\Boot.php(334): CodeIgniter\CodeIgniter->run()
13 SYSTEMPATH\Boot.php(67): CodeIgniter\Boot::runCodeIgniter(Object(CodeIgniter\CodeIgniter))
14 FCPATH\index.php(56): CodeIgniter\Boot::bootWeb(Object(Config\Paths))
CRITICAL - 2026-04-15 16:23:42 --> ErrorException: Undefined variable $variable
[Method: GET, Route: mydisbursement]
in APPPATH\Views\disbursement\disbursement-pdf.php on line 252.
 1 APPPATH\Views\disbursement\disbursement-pdf.php(252): CodeIgniter\Debug\Exceptions->errorHandler(2, 'Undefined variable $variable', 'C:\\xampp\\htdocs\\fods\\app\\Views\\disbursement\\disbursement-pdf.php', 252)
 2 SYSTEMPATH\View\View.php(224): include('C:\\xampp\\htdocs\\fods\\app\\Views\\disbursement\\disbursement-pdf.php')
 3 SYSTEMPATH\View\View.php(227): CodeIgniter\View\View->CodeIgniter\View\{closure}()
 4 SYSTEMPATH\Common.php(1173): CodeIgniter\View\View->render('disbursement/disbursement-pdf', [], true)
 5 APPPATH\Controllers\MyDisbursement.php(58): view('disbursement/disbursement-pdf')
 6 SYSTEMPATH\CodeIgniter.php(933): App\Controllers\MyDisbursement->index()
 7 SYSTEMPATH\CodeIgniter.php(507): CodeIgniter\CodeIgniter->runController(Object(App\Controllers\MyDisbursement))
 8 SYSTEMPATH\CodeIgniter.php(354): CodeIgniter\CodeIgniter->handleRequest(null, Object(Config\Cache), false)
 9 SYSTEMPATH\Boot.php(334): CodeIgniter\CodeIgniter->run()
10 SYSTEMPATH\Boot.php(67): CodeIgniter\Boot::runCodeIgniter(Object(CodeIgniter\CodeIgniter))
11 FCPATH\index.php(56): CodeIgniter\Boot::bootWeb(Object(Config\Paths))
CRITICAL - 2026-04-15 16:27:58 --> ErrorException: Trying to access array offset on value of type null
[Method: GET, Route: mydisbursement]
in APPPATH\Views\disbursement\disbursement-pdf.php on line 23.
 1 APPPATH\Views\disbursement\disbursement-pdf.php(23): CodeIgniter\Debug\Exceptions->errorHandler(2, 'Trying to access array offset on value of type null', 'C:\\xampp\\htdocs\\fods\\app\\Views\\disbursement\\disbursement-pdf.php', 23)
 2 SYSTEMPATH\View\View.php(224): include('C:\\xampp\\htdocs\\fods\\app\\Views\\disbursement\\disbursement-pdf.php')
 3 SYSTEMPATH\View\View.php(227): CodeIgniter\View\View->CodeIgniter\View\{closure}()
 4 SYSTEMPATH\Common.php(1173): CodeIgniter\View\View->render('disbursement/disbursement-pdf', [], true)
 5 APPPATH\Controllers\MyDisbursement.php(58): view('disbursement/disbursement-pdf')
 6 SYSTEMPATH\CodeIgniter.php(933): App\Controllers\MyDisbursement->index()
 7 SYSTEMPATH\CodeIgniter.php(507): CodeIgniter\CodeIgniter->runController(Object(App\Controllers\MyDisbursement))
 8 SYSTEMPATH\CodeIgniter.php(354): CodeIgniter\CodeIgniter->handleRequest(null, Object(Config\Cache), false)
 9 SYSTEMPATH\Boot.php(334): CodeIgniter\CodeIgniter->run()
10 SYSTEMPATH\Boot.php(67): CodeIgniter\Boot::runCodeIgniter(Object(CodeIgniter\CodeIgniter))
11 FCPATH\index.php(56): CodeIgniter\Boot::bootWeb(Object(Config\Paths))
CRITICAL - 2026-04-15 16:28:04 --> ErrorException: Trying to access array offset on value of type null
[Method: GET, Route: mydisbursement]
in APPPATH\Views\disbursement\disbursement-pdf.php on line 23.
 1 APPPATH\Views\disbursement\disbursement-pdf.php(23): CodeIgniter\Debug\Exceptions->errorHandler(2, 'Trying to access array offset on value of type null', 'C:\\xampp\\htdocs\\fods\\app\\Views\\disbursement\\disbursement-pdf.php', 23)
 2 SYSTEMPATH\View\View.php(224): include('C:\\xampp\\htdocs\\fods\\app\\Views\\disbursement\\disbursement-pdf.php')
 3 SYSTEMPATH\View\View.php(227): CodeIgniter\View\View->CodeIgniter\View\{closure}()
 4 SYSTEMPATH\Common.php(1173): CodeIgniter\View\View->render('disbursement/disbursement-pdf', [], true)
 5 APPPATH\Controllers\MyDisbursement.php(58): view('disbursement/disbursement-pdf')
 6 SYSTEMPATH\CodeIgniter.php(933): App\Controllers\MyDisbursement->index()
 7 SYSTEMPATH\CodeIgniter.php(507): CodeIgniter\CodeIgniter->runController(Object(App\Controllers\MyDisbursement))
 8 SYSTEMPATH\CodeIgniter.php(354): CodeIgniter\CodeIgniter->handleRequest(null, Object(Config\Cache), false)
 9 SYSTEMPATH\Boot.php(334): CodeIgniter\CodeIgniter->run()
10 SYSTEMPATH\Boot.php(67): CodeIgniter\Boot::runCodeIgniter(Object(CodeIgniter\CodeIgniter))
11 FCPATH\index.php(56): CodeIgniter\Boot::bootWeb(Object(Config\Paths))
CRITICAL - 2026-04-15 16:42:49 --> ErrorException: Trying to access array offset on value of type null
[Method: GET, Route: mydisbursement]
in APPPATH\Views\disbursement\disbursement-pdf.php on line 23.
 1 APPPATH\Views\disbursement\disbursement-pdf.php(23): CodeIgniter\Debug\Exceptions->errorHandler(2, 'Trying to access array offset on value of type null', 'C:\\xampp\\htdocs\\fods\\app\\Views\\disbursement\\disbursement-pdf.php', 23)
 2 SYSTEMPATH\View\View.php(224): include('C:\\xampp\\htdocs\\fods\\app\\Views\\disbursement\\disbursement-pdf.php')
 3 SYSTEMPATH\View\View.php(227): CodeIgniter\View\View->CodeIgniter\View\{closure}()
 4 SYSTEMPATH\Common.php(1173): CodeIgniter\View\View->render('disbursement/disbursement-pdf', [], true)
 5 APPPATH\Controllers\MyDisbursement.php(58): view('disbursement/disbursement-pdf')
 6 SYSTEMPATH\CodeIgniter.php(933): App\Controllers\MyDisbursement->index()
 7 SYSTEMPATH\CodeIgniter.php(507): CodeIgniter\CodeIgniter->runController(Object(App\Controllers\MyDisbursement))
 8 SYSTEMPATH\CodeIgniter.php(354): CodeIgniter\CodeIgniter->handleRequest(null, Object(Config\Cache), false)
 9 SYSTEMPATH\Boot.php(334): CodeIgniter\CodeIgniter->run()
10 SYSTEMPATH\Boot.php(67): CodeIgniter\Boot::runCodeIgniter(Object(CodeIgniter\CodeIgniter))
11 FCPATH\index.php(56): CodeIgniter\Boot::bootWeb(Object(Config\Paths))
CRITICAL - 2026-04-15 16:42:51 --> ErrorException: Trying to access array offset on value of type null
[Method: GET, Route: mydisbursement]
in APPPATH\Views\disbursement\disbursement-pdf.php on line 23.
 1 APPPATH\Views\disbursement\disbursement-pdf.php(23): CodeIgniter\Debug\Exceptions->errorHandler(2, 'Trying to access array offset on value of type null', 'C:\\xampp\\htdocs\\fods\\app\\Views\\disbursement\\disbursement-pdf.php', 23)
 2 SYSTEMPATH\View\View.php(224): include('C:\\xampp\\htdocs\\fods\\app\\Views\\disbursement\\disbursement-pdf.php')
 3 SYSTEMPATH\View\View.php(227): CodeIgniter\View\View->CodeIgniter\View\{closure}()
 4 SYSTEMPATH\Common.php(1173): CodeIgniter\View\View->render('disbursement/disbursement-pdf', [], true)
 5 APPPATH\Controllers\MyDisbursement.php(58): view('disbursement/disbursement-pdf')
 6 SYSTEMPATH\CodeIgniter.php(933): App\Controllers\MyDisbursement->index()
 7 SYSTEMPATH\CodeIgniter.php(507): CodeIgniter\CodeIgniter->runController(Object(App\Controllers\MyDisbursement))
 8 SYSTEMPATH\CodeIgniter.php(354): CodeIgniter\CodeIgniter->handleRequest(null, Object(Config\Cache), false)
 9 SYSTEMPATH\Boot.php(334): CodeIgniter\CodeIgniter->run()
10 SYSTEMPATH\Boot.php(67): CodeIgniter\Boot::runCodeIgniter(Object(CodeIgniter\CodeIgniter))
11 FCPATH\index.php(56): CodeIgniter\Boot::bootWeb(Object(Config\Paths))
