CRITICAL - 2025-05-07 00:34:16 --> ErrorException: Trying to access array offset on value of type null
[Method: GET, Route: mybudgetallotment]
in APPPATH\Views\budget\budget-lib-print.php on line 22.
 1 APPPATH\Views\budget\budget-lib-print.php(22): CodeIgniter\Debug\Exceptions->errorHandler(2, 'Trying to access array offset on value of type null', 'C:\\xampp\\htdocs\\fods\\app\\Views\\budget\\budget-lib-print.php', 22)
 2 SYSTEMPATH\View\View.php(224): include('C:\\xampp\\htdocs\\fods\\app\\Views\\budget\\budget-lib-print.php')
 3 SYSTEMPATH\View\View.php(227): CodeIgniter\View\View->CodeIgniter\View\{closure}()
 4 SYSTEMPATH\Common.php(1173): CodeIgniter\View\View->render('budget/budget-lib-print', [], true)
 5 APPPATH\Controllers\MyBudgetAllotment.php(56): view('budget/budget-lib-print')
 6 SYSTEMPATH\CodeIgniter.php(933): App\Controllers\MyBudgetAllotment->index()
 7 SYSTEMPATH\CodeIgniter.php(507): CodeIgniter\CodeIgniter->runController(Object(App\Controllers\MyBudgetAllotment))
 8 SYSTEMPATH\CodeIgniter.php(354): CodeIgniter\CodeIgniter->handleRequest(null, Object(Config\Cache), false)
 9 SYSTEMPATH\Boot.php(334): CodeIgniter\CodeIgniter->run()
10 SYSTEMPATH\Boot.php(67): CodeIgniter\Boot::runCodeIgniter(Object(CodeIgniter\CodeIgniter))
11 FCPATH\index.php(56): CodeIgniter\Boot::bootWeb(Object(Config\Paths))
CRITICAL - 2025-05-07 00:34:20 --> ErrorException: Trying to access array offset on value of type null
[Method: GET, Route: mybudgetallotment]
in APPPATH\Views\budget\budget-lib-print.php on line 22.
 1 APPPATH\Views\budget\budget-lib-print.php(22): CodeIgniter\Debug\Exceptions->errorHandler(2, 'Trying to access array offset on value of type null', 'C:\\xampp\\htdocs\\fods\\app\\Views\\budget\\budget-lib-print.php', 22)
 2 SYSTEMPATH\View\View.php(224): include('C:\\xampp\\htdocs\\fods\\app\\Views\\budget\\budget-lib-print.php')
 3 SYSTEMPATH\View\View.php(227): CodeIgniter\View\View->CodeIgniter\View\{closure}()
 4 SYSTEMPATH\Common.php(1173): CodeIgniter\View\View->render('budget/budget-lib-print', [], true)
 5 APPPATH\Controllers\MyBudgetAllotment.php(56): view('budget/budget-lib-print')
 6 SYSTEMPATH\CodeIgniter.php(933): App\Controllers\MyBudgetAllotment->index()
 7 SYSTEMPATH\CodeIgniter.php(507): CodeIgniter\CodeIgniter->runController(Object(App\Controllers\MyBudgetAllotment))
 8 SYSTEMPATH\CodeIgniter.php(354): CodeIgniter\CodeIgniter->handleRequest(null, Object(Config\Cache), false)
 9 SYSTEMPATH\Boot.php(334): CodeIgniter\CodeIgniter->run()
10 SYSTEMPATH\Boot.php(67): CodeIgniter\Boot::runCodeIgniter(Object(CodeIgniter\CodeIgniter))
11 FCPATH\index.php(56): CodeIgniter\Boot::bootWeb(Object(Config\Paths))
