ERROR - 2025-06-19 08:47:20 --> mysqli_sql_exception: MySQL server has gone away in C:\xampp\htdocs\fods\system\Database\MySQLi\Connection.php:327
Stack trace:
#0 C:\xampp\htdocs\fods\system\Database\MySQLi\Connection.php(327): mysqli->query('\r\n             ...', 0)
#1 C:\xampp\htdocs\fods\system\Database\BaseConnection.php(738): CodeIgniter\Database\MySQLi\Connection->execute('\r\n             ...')
#2 C:\xampp\htdocs\fods\system\Database\BaseConnection.php(652): CodeIgniter\Database\BaseConnection->simpleQuery('\r\n             ...')
#3 C:\xampp\htdocs\fods\app\Controllers\MyOrs.php(25): CodeIgniter\Database\BaseConnection->query('\r\n             ...')
#4 C:\xampp\htdocs\fods\system\CodeIgniter.php(933): App\Controllers\MyOrs->index()
#5 C:\xampp\htdocs\fods\system\CodeIgniter.php(507): CodeIgniter\CodeIgniter->runController(Object(App\Controllers\MyOrs))
#6 C:\xampp\htdocs\fods\system\CodeIgniter.php(354): CodeIgniter\CodeIgniter->handleRequest(NULL, Object(Config\Cache), false)
#7 C:\xampp\htdocs\fods\system\Boot.php(334): CodeIgniter\CodeIgniter->run()
#8 C:\xampp\htdocs\fods\system\Boot.php(67): CodeIgniter\Boot::runCodeIgniter(Object(CodeIgniter\CodeIgniter))
#9 C:\xampp\htdocs\fods\public\index.php(56): CodeIgniter\Boot::bootWeb(Object(Config\Paths))
#10 {main}
CRITICAL - 2025-06-19 08:47:20 --> CodeIgniter\Database\Exceptions\DatabaseException: MySQL server has gone away
[Method: GET, Route: myors]
in SYSTEMPATH\Database\BaseConnection.php on line 692.
 1 APPPATH\Controllers\MyOrs.php(25): CodeIgniter\Database\BaseConnection->query('
                    SELECT `recid`FROM tbl_user_access WHERE `username` = \'admin\' AND `access_code` = \'2001\' AND `is_active` = \'1\'
                ')
 2 SYSTEMPATH\CodeIgniter.php(933): App\Controllers\MyOrs->index()
 3 SYSTEMPATH\CodeIgniter.php(507): CodeIgniter\CodeIgniter->runController(Object(App\Controllers\MyOrs))
 4 SYSTEMPATH\CodeIgniter.php(354): CodeIgniter\CodeIgniter->handleRequest(null, Object(Config\Cache), false)
 5 SYSTEMPATH\Boot.php(334): CodeIgniter\CodeIgniter->run()
 6 SYSTEMPATH\Boot.php(67): CodeIgniter\Boot::runCodeIgniter(Object(CodeIgniter\CodeIgniter))
 7 FCPATH\index.php(56): CodeIgniter\Boot::bootWeb(Object(Config\Paths))
CRITICAL - 2025-06-19 08:47:20 --> [Caused by] CodeIgniter\Database\Exceptions\DatabaseException: MySQL server has gone away
in SYSTEMPATH\Database\MySQLi\Connection.php on line 332.
 1 SYSTEMPATH\Database\BaseConnection.php(738): CodeIgniter\Database\MySQLi\Connection->execute('
                    SELECT `recid`FROM tbl_user_access WHERE `username` = \'admin\' AND `access_code` = \'2001\' AND `is_active` = \'1\'
                ')
 2 SYSTEMPATH\Database\BaseConnection.php(652): CodeIgniter\Database\BaseConnection->simpleQuery('
                    SELECT `recid`FROM tbl_user_access WHERE `username` = \'admin\' AND `access_code` = \'2001\' AND `is_active` = \'1\'
                ')
 3 APPPATH\Controllers\MyOrs.php(25): CodeIgniter\Database\BaseConnection->query('
                    SELECT `recid`FROM tbl_user_access WHERE `username` = \'admin\' AND `access_code` = \'2001\' AND `is_active` = \'1\'
                ')
 4 SYSTEMPATH\CodeIgniter.php(933): App\Controllers\MyOrs->index()
 5 SYSTEMPATH\CodeIgniter.php(507): CodeIgniter\CodeIgniter->runController(Object(App\Controllers\MyOrs))
 6 SYSTEMPATH\CodeIgniter.php(354): CodeIgniter\CodeIgniter->handleRequest(null, Object(Config\Cache), false)
 7 SYSTEMPATH\Boot.php(334): CodeIgniter\CodeIgniter->run()
 8 SYSTEMPATH\Boot.php(67): CodeIgniter\Boot::runCodeIgniter(Object(CodeIgniter\CodeIgniter))
 9 FCPATH\index.php(56): CodeIgniter\Boot::bootWeb(Object(Config\Paths))
CRITICAL - 2025-06-19 08:47:20 --> [Caused by] mysqli_sql_exception: MySQL server has gone away
in SYSTEMPATH\Database\MySQLi\Connection.php on line 327.
 1 SYSTEMPATH\Database\MySQLi\Connection.php(327): mysqli->query('
                    SELECT `recid`FROM tbl_user_access WHERE `username` = \'admin\' AND `access_code` = \'2001\' AND `is_active` = \'1\'
                ', 0)
 2 SYSTEMPATH\Database\BaseConnection.php(738): CodeIgniter\Database\MySQLi\Connection->execute('
                    SELECT `recid`FROM tbl_user_access WHERE `username` = \'admin\' AND `access_code` = \'2001\' AND `is_active` = \'1\'
                ')
 3 SYSTEMPATH\Database\BaseConnection.php(652): CodeIgniter\Database\BaseConnection->simpleQuery('
                    SELECT `recid`FROM tbl_user_access WHERE `username` = \'admin\' AND `access_code` = \'2001\' AND `is_active` = \'1\'
                ')
 4 APPPATH\Controllers\MyOrs.php(25): CodeIgniter\Database\BaseConnection->query('
                    SELECT `recid`FROM tbl_user_access WHERE `username` = \'admin\' AND `access_code` = \'2001\' AND `is_active` = \'1\'
                ')
 5 SYSTEMPATH\CodeIgniter.php(933): App\Controllers\MyOrs->index()
 6 SYSTEMPATH\CodeIgniter.php(507): CodeIgniter\CodeIgniter->runController(Object(App\Controllers\MyOrs))
 7 SYSTEMPATH\CodeIgniter.php(354): CodeIgniter\CodeIgniter->handleRequest(null, Object(Config\Cache), false)
 8 SYSTEMPATH\Boot.php(334): CodeIgniter\CodeIgniter->run()
 9 SYSTEMPATH\Boot.php(67): CodeIgniter\Boot::runCodeIgniter(Object(CodeIgniter\CodeIgniter))
10 FCPATH\index.php(56): CodeIgniter\Boot::bootWeb(Object(Config\Paths))
ERROR - 2025-06-19 08:47:46 --> Error connecting to the database: mysqli_sql_exception: No connection could be made because the target machine actively refused it in C:\xampp\htdocs\fods\system\Database\MySQLi\Connection.php:202
Stack trace:
#0 C:\xampp\htdocs\fods\system\Database\MySQLi\Connection.php(202): mysqli->real_connect('localhost', 'root', '', 'fods', 3306, '', 0)
#1 C:\xampp\htdocs\fods\system\Database\BaseConnection.php(421): CodeIgniter\Database\MySQLi\Connection->connect(false)
#2 C:\xampp\htdocs\fods\system\Database\BaseConnection.php(620): CodeIgniter\Database\BaseConnection->initialize()
#3 C:\xampp\htdocs\fods\app\Controllers\MyUACS.php(40): CodeIgniter\Database\BaseConnection->query('\r\n        SELEC...')
#4 C:\xampp\htdocs\fods\app\Controllers\MyUACS.php(22): App\Controllers\MyUACS->loadMainView()
#5 C:\xampp\htdocs\fods\system\CodeIgniter.php(933): App\Controllers\MyUACS->index()
#6 C:\xampp\htdocs\fods\system\CodeIgniter.php(507): CodeIgniter\CodeIgniter->runController(Object(App\Controllers\MyUACS))
#7 C:\xampp\htdocs\fods\system\CodeIgniter.php(354): CodeIgniter\CodeIgniter->handleRequest(NULL, Object(Config\Cache), false)
#8 C:\xampp\htdocs\fods\system\Boot.php(334): CodeIgniter\CodeIgniter->run()
#9 C:\xampp\htdocs\fods\system\Boot.php(67): CodeIgniter\Boot::runCodeIgniter(Object(CodeIgniter\CodeIgniter))
#10 C:\xampp\htdocs\fods\public\index.php(56): CodeIgniter\Boot::bootWeb(Object(Config\Paths))
#11 {main}

Next CodeIgniter\Database\Exceptions\DatabaseException: No connection could be made because the target machine actively refused it in C:\xampp\htdocs\fods\system\Database\MySQLi\Connection.php:246
Stack trace:
#0 C:\xampp\htdocs\fods\system\Database\BaseConnection.php(421): CodeIgniter\Database\MySQLi\Connection->connect(false)
#1 C:\xampp\htdocs\fods\system\Database\BaseConnection.php(620): CodeIgniter\Database\BaseConnection->initialize()
#2 C:\xampp\htdocs\fods\app\Controllers\MyUACS.php(40): CodeIgniter\Database\BaseConnection->query('\r\n        SELEC...')
#3 C:\xampp\htdocs\fods\app\Controllers\MyUACS.php(22): App\Controllers\MyUACS->loadMainView()
#4 C:\xampp\htdocs\fods\system\CodeIgniter.php(933): App\Controllers\MyUACS->index()
#5 C:\xampp\htdocs\fods\system\CodeIgniter.php(507): CodeIgniter\CodeIgniter->runController(Object(App\Controllers\MyUACS))
#6 C:\xampp\htdocs\fods\system\CodeIgniter.php(354): CodeIgniter\CodeIgniter->handleRequest(NULL, Object(Config\Cache), false)
#7 C:\xampp\htdocs\fods\system\Boot.php(334): CodeIgniter\CodeIgniter->run()
#8 C:\xampp\htdocs\fods\system\Boot.php(67): CodeIgniter\Boot::runCodeIgniter(Object(CodeIgniter\CodeIgniter))
#9 C:\xampp\htdocs\fods\public\index.php(56): CodeIgniter\Boot::bootWeb(Object(Config\Paths))
#10 {main}
CRITICAL - 2025-06-19 08:47:46 --> CodeIgniter\Database\Exceptions\DatabaseException: Unable to connect to the database.
Main connection [MySQLi]: No connection could be made because the target machine actively refused it
[Method: GET, Route: myuacs]
in SYSTEMPATH\Database\BaseConnection.php on line 467.
 1 SYSTEMPATH\Database\BaseConnection.php(620): CodeIgniter\Database\BaseConnection->initialize()
 2 APPPATH\Controllers\MyUACS.php(40): CodeIgniter\Database\BaseConnection->query('
        SELECT
            `recid`,
            `allotment_class`,
            `object_code`,
            `sub_object_code`,
            `uacs_code`,
            `added_at`,
            `added_by`
        FROM
            `mst_uacs`
        ORDER BY recid DESC
        ')
 3 APPPATH\Controllers\MyUACS.php(22): App\Controllers\MyUACS->loadMainView()
 4 SYSTEMPATH\CodeIgniter.php(933): App\Controllers\MyUACS->index()
 5 SYSTEMPATH\CodeIgniter.php(507): CodeIgniter\CodeIgniter->runController(Object(App\Controllers\MyUACS))
 6 SYSTEMPATH\CodeIgniter.php(354): CodeIgniter\CodeIgniter->handleRequest(null, Object(Config\Cache), false)
 7 SYSTEMPATH\Boot.php(334): CodeIgniter\CodeIgniter->run()
 8 SYSTEMPATH\Boot.php(67): CodeIgniter\Boot::runCodeIgniter(Object(CodeIgniter\CodeIgniter))
 9 FCPATH\index.php(56): CodeIgniter\Boot::bootWeb(Object(Config\Paths))
ERROR - 2025-06-19 08:47:50 --> Error connecting to the database: mysqli_sql_exception: No connection could be made because the target machine actively refused it in C:\xampp\htdocs\fods\system\Database\MySQLi\Connection.php:202
Stack trace:
#0 C:\xampp\htdocs\fods\system\Database\MySQLi\Connection.php(202): mysqli->real_connect('localhost', 'root', '', 'fods', 3306, '', 0)
#1 C:\xampp\htdocs\fods\system\Database\BaseConnection.php(421): CodeIgniter\Database\MySQLi\Connection->connect(false)
#2 C:\xampp\htdocs\fods\system\Database\BaseConnection.php(620): CodeIgniter\Database\BaseConnection->initialize()
#3 C:\xampp\htdocs\fods\app\Controllers\MyBudgetAllotment.php(25): CodeIgniter\Database\BaseConnection->query('\r\n             ...')
#4 C:\xampp\htdocs\fods\system\CodeIgniter.php(933): App\Controllers\MyBudgetAllotment->index()
#5 C:\xampp\htdocs\fods\system\CodeIgniter.php(507): CodeIgniter\CodeIgniter->runController(Object(App\Controllers\MyBudgetAllotment))
#6 C:\xampp\htdocs\fods\system\CodeIgniter.php(354): CodeIgniter\CodeIgniter->handleRequest(NULL, Object(Config\Cache), false)
#7 C:\xampp\htdocs\fods\system\Boot.php(334): CodeIgniter\CodeIgniter->run()
#8 C:\xampp\htdocs\fods\system\Boot.php(67): CodeIgniter\Boot::runCodeIgniter(Object(CodeIgniter\CodeIgniter))
#9 C:\xampp\htdocs\fods\public\index.php(56): CodeIgniter\Boot::bootWeb(Object(Config\Paths))
#10 {main}

Next CodeIgniter\Database\Exceptions\DatabaseException: No connection could be made because the target machine actively refused it in C:\xampp\htdocs\fods\system\Database\MySQLi\Connection.php:246
Stack trace:
#0 C:\xampp\htdocs\fods\system\Database\BaseConnection.php(421): CodeIgniter\Database\MySQLi\Connection->connect(false)
#1 C:\xampp\htdocs\fods\system\Database\BaseConnection.php(620): CodeIgniter\Database\BaseConnection->initialize()
#2 C:\xampp\htdocs\fods\app\Controllers\MyBudgetAllotment.php(25): CodeIgniter\Database\BaseConnection->query('\r\n             ...')
#3 C:\xampp\htdocs\fods\system\CodeIgniter.php(933): App\Controllers\MyBudgetAllotment->index()
#4 C:\xampp\htdocs\fods\system\CodeIgniter.php(507): CodeIgniter\CodeIgniter->runController(Object(App\Controllers\MyBudgetAllotment))
#5 C:\xampp\htdocs\fods\system\CodeIgniter.php(354): CodeIgniter\CodeIgniter->handleRequest(NULL, Object(Config\Cache), false)
#6 C:\xampp\htdocs\fods\system\Boot.php(334): CodeIgniter\CodeIgniter->run()
#7 C:\xampp\htdocs\fods\system\Boot.php(67): CodeIgniter\Boot::runCodeIgniter(Object(CodeIgniter\CodeIgniter))
#8 C:\xampp\htdocs\fods\public\index.php(56): CodeIgniter\Boot::bootWeb(Object(Config\Paths))
#9 {main}
CRITICAL - 2025-06-19 08:47:50 --> CodeIgniter\Database\Exceptions\DatabaseException: Unable to connect to the database.
Main connection [MySQLi]: No connection could be made because the target machine actively refused it
[Method: GET, Route: mybudgetallotment]
in SYSTEMPATH\Database\BaseConnection.php on line 467.
 1 SYSTEMPATH\Database\BaseConnection.php(620): CodeIgniter\Database\BaseConnection->initialize()
 2 APPPATH\Controllers\MyBudgetAllotment.php(25): CodeIgniter\Database\BaseConnection->query('
                    SELECT `recid`FROM tbl_user_access WHERE `username` = \'admin\' AND `access_code` = \'1001\' AND `is_active` = \'1\'
                ')
 3 SYSTEMPATH\CodeIgniter.php(933): App\Controllers\MyBudgetAllotment->index()
 4 SYSTEMPATH\CodeIgniter.php(507): CodeIgniter\CodeIgniter->runController(Object(App\Controllers\MyBudgetAllotment))
 5 SYSTEMPATH\CodeIgniter.php(354): CodeIgniter\CodeIgniter->handleRequest(null, Object(Config\Cache), false)
 6 SYSTEMPATH\Boot.php(334): CodeIgniter\CodeIgniter->run()
 7 SYSTEMPATH\Boot.php(67): CodeIgniter\Boot::runCodeIgniter(Object(CodeIgniter\CodeIgniter))
 8 FCPATH\index.php(56): CodeIgniter\Boot::bootWeb(Object(Config\Paths))
CRITICAL - 2025-06-19 09:40:28 --> ErrorException: Undefined array key "sub_object_code"
[Method: GET, Route: myors]
in APPPATH\Views\ors\ors-main.php on line 257.
 1 APPPATH\Views\ors\ors-main.php(257): CodeIgniter\Debug\Exceptions->errorHandler(2, 'Undefined array key "sub_object_code"', 'C:\\xampp\\htdocs\\fods\\app\\Views\\ors\\ors-main.php', 257)
 2 SYSTEMPATH\View\View.php(224): include('C:\\xampp\\htdocs\\fods\\app\\Views\\ors\\ors-main.php')
 3 SYSTEMPATH\View\View.php(227): CodeIgniter\View\View->CodeIgniter\View\{closure}()
 4 SYSTEMPATH\Common.php(1173): CodeIgniter\View\View->render('ors/ors-main', [], true)
 5 APPPATH\Controllers\MyOrs.php(127): view('ors/ors-main', [...])
 6 APPPATH\Controllers\MyOrs.php(28): App\Controllers\MyOrs->loadMainView()
 7 SYSTEMPATH\CodeIgniter.php(933): App\Controllers\MyOrs->index()
 8 SYSTEMPATH\CodeIgniter.php(507): CodeIgniter\CodeIgniter->runController(Object(App\Controllers\MyOrs))
 9 SYSTEMPATH\CodeIgniter.php(354): CodeIgniter\CodeIgniter->handleRequest(null, Object(Config\Cache), false)
10 SYSTEMPATH\Boot.php(334): CodeIgniter\CodeIgniter->run()
11 SYSTEMPATH\Boot.php(67): CodeIgniter\Boot::runCodeIgniter(Object(CodeIgniter\CodeIgniter))
12 FCPATH\index.php(56): CodeIgniter\Boot::bootWeb(Object(Config\Paths))
CRITICAL - 2025-06-19 09:40:35 --> ErrorException: Undefined array key "sub_object_code"
[Method: GET, Route: myors]
in APPPATH\Views\ors\ors-main.php on line 257.
 1 APPPATH\Views\ors\ors-main.php(257): CodeIgniter\Debug\Exceptions->errorHandler(2, 'Undefined array key "sub_object_code"', 'C:\\xampp\\htdocs\\fods\\app\\Views\\ors\\ors-main.php', 257)
 2 SYSTEMPATH\View\View.php(224): include('C:\\xampp\\htdocs\\fods\\app\\Views\\ors\\ors-main.php')
 3 SYSTEMPATH\View\View.php(227): CodeIgniter\View\View->CodeIgniter\View\{closure}()
 4 SYSTEMPATH\Common.php(1173): CodeIgniter\View\View->render('ors/ors-main', [], true)
 5 APPPATH\Controllers\MyOrs.php(127): view('ors/ors-main', [...])
 6 APPPATH\Controllers\MyOrs.php(28): App\Controllers\MyOrs->loadMainView()
 7 SYSTEMPATH\CodeIgniter.php(933): App\Controllers\MyOrs->index()
 8 SYSTEMPATH\CodeIgniter.php(507): CodeIgniter\CodeIgniter->runController(Object(App\Controllers\MyOrs))
 9 SYSTEMPATH\CodeIgniter.php(354): CodeIgniter\CodeIgniter->handleRequest(null, Object(Config\Cache), false)
10 SYSTEMPATH\Boot.php(334): CodeIgniter\CodeIgniter->run()
11 SYSTEMPATH\Boot.php(67): CodeIgniter\Boot::runCodeIgniter(Object(CodeIgniter\CodeIgniter))
12 FCPATH\index.php(56): CodeIgniter\Boot::bootWeb(Object(Config\Paths))
CRITICAL - 2025-06-19 09:40:40 --> ErrorException: Undefined array key "sub_object_code"
[Method: GET, Route: myors]
in APPPATH\Views\ors\ors-main.php on line 257.
 1 APPPATH\Views\ors\ors-main.php(257): CodeIgniter\Debug\Exceptions->errorHandler(2, 'Undefined array key "sub_object_code"', 'C:\\xampp\\htdocs\\fods\\app\\Views\\ors\\ors-main.php', 257)
 2 SYSTEMPATH\View\View.php(224): include('C:\\xampp\\htdocs\\fods\\app\\Views\\ors\\ors-main.php')
 3 SYSTEMPATH\View\View.php(227): CodeIgniter\View\View->CodeIgniter\View\{closure}()
 4 SYSTEMPATH\Common.php(1173): CodeIgniter\View\View->render('ors/ors-main', [], true)
 5 APPPATH\Controllers\MyOrs.php(127): view('ors/ors-main', [...])
 6 APPPATH\Controllers\MyOrs.php(28): App\Controllers\MyOrs->loadMainView()
 7 SYSTEMPATH\CodeIgniter.php(933): App\Controllers\MyOrs->index()
 8 SYSTEMPATH\CodeIgniter.php(507): CodeIgniter\CodeIgniter->runController(Object(App\Controllers\MyOrs))
 9 SYSTEMPATH\CodeIgniter.php(354): CodeIgniter\CodeIgniter->handleRequest(null, Object(Config\Cache), false)
10 SYSTEMPATH\Boot.php(334): CodeIgniter\CodeIgniter->run()
11 SYSTEMPATH\Boot.php(67): CodeIgniter\Boot::runCodeIgniter(Object(CodeIgniter\CodeIgniter))
12 FCPATH\index.php(56): CodeIgniter\Boot::bootWeb(Object(Config\Paths))
CRITICAL - 2025-06-19 09:41:38 --> ErrorException: Undefined array key "object_of_expenditures"
[Method: GET, Route: myors]
in APPPATH\Views\ors\ors-main.php on line 366.
 1 APPPATH\Views\ors\ors-main.php(366): CodeIgniter\Debug\Exceptions->errorHandler(2, 'Undefined array key "object_of_expenditures"', 'C:\\xampp\\htdocs\\fods\\app\\Views\\ors\\ors-main.php', 366)
 2 SYSTEMPATH\View\View.php(224): include('C:\\xampp\\htdocs\\fods\\app\\Views\\ors\\ors-main.php')
 3 SYSTEMPATH\View\View.php(227): CodeIgniter\View\View->CodeIgniter\View\{closure}()
 4 SYSTEMPATH\Common.php(1173): CodeIgniter\View\View->render('ors/ors-main', [], true)
 5 APPPATH\Controllers\MyOrs.php(151): view('ors/ors-main', [...])
 6 APPPATH\Controllers\MyOrs.php(28): App\Controllers\MyOrs->loadMainView()
 7 SYSTEMPATH\CodeIgniter.php(933): App\Controllers\MyOrs->index()
 8 SYSTEMPATH\CodeIgniter.php(507): CodeIgniter\CodeIgniter->runController(Object(App\Controllers\MyOrs))
 9 SYSTEMPATH\CodeIgniter.php(354): CodeIgniter\CodeIgniter->handleRequest(null, Object(Config\Cache), false)
10 SYSTEMPATH\Boot.php(334): CodeIgniter\CodeIgniter->run()
11 SYSTEMPATH\Boot.php(67): CodeIgniter\Boot::runCodeIgniter(Object(CodeIgniter\CodeIgniter))
12 FCPATH\index.php(56): CodeIgniter\Boot::bootWeb(Object(Config\Paths))
CRITICAL - 2025-06-19 11:14:58 --> ErrorException: Undefined array key "project_title"
[Method: GET, Route: myors]
in APPPATH\Views\ors\ors-main.php on line 248.
 1 APPPATH\Views\ors\ors-main.php(248): CodeIgniter\Debug\Exceptions->errorHandler(2, 'Undefined array key "project_title"', 'C:\\xampp\\htdocs\\fods\\app\\Views\\ors\\ors-main.php', 248)
 2 SYSTEMPATH\View\View.php(224): include('C:\\xampp\\htdocs\\fods\\app\\Views\\ors\\ors-main.php')
 3 SYSTEMPATH\View\View.php(227): CodeIgniter\View\View->CodeIgniter\View\{closure}()
 4 SYSTEMPATH\Common.php(1173): CodeIgniter\View\View->render('ors/ors-main', [], true)
 5 APPPATH\Controllers\MyOrs.php(116): view('ors/ors-main', [...])
 6 APPPATH\Controllers\MyOrs.php(28): App\Controllers\MyOrs->loadMainView()
 7 SYSTEMPATH\CodeIgniter.php(933): App\Controllers\MyOrs->index()
 8 SYSTEMPATH\CodeIgniter.php(507): CodeIgniter\CodeIgniter->runController(Object(App\Controllers\MyOrs))
 9 SYSTEMPATH\CodeIgniter.php(354): CodeIgniter\CodeIgniter->handleRequest(null, Object(Config\Cache), false)
10 SYSTEMPATH\Boot.php(334): CodeIgniter\CodeIgniter->run()
11 SYSTEMPATH\Boot.php(67): CodeIgniter\Boot::runCodeIgniter(Object(CodeIgniter\CodeIgniter))
12 FCPATH\index.php(56): CodeIgniter\Boot::bootWeb(Object(Config\Paths))
