CRITICAL - 2026-03-18 09:26:38 --> ErrorException: Undefined variable $signatoriesdata
[Method: GET, Route: myppmp]
in APPPATH\Views\procurement\ppmp\ppmp-main.php on line 666.
 1 APPPATH\Views\procurement\ppmp\ppmp-main.php(666): CodeIgniter\Debug\Exceptions->errorHandler(2, 'Undefined variable $signatoriesdata', 'C:\\xampp\\htdocs\\fods\\app\\Views\\procurement\\ppmp\\ppmp-main.php', 666)
 2 SYSTEMPATH\View\View.php(224): include('C:\\xampp\\htdocs\\fods\\app\\Views\\procurement\\ppmp\\ppmp-main.php')
 3 SYSTEMPATH\View\View.php(227): CodeIgniter\View\View->CodeIgniter\View\{closure}()
 4 SYSTEMPATH\Common.php(1173): CodeIgniter\View\View->render('procurement/ppmp/ppmp-main', [], true)
 5 APPPATH\Controllers\MyPPMP.php(137): view('procurement/ppmp/ppmp-main', [...])
 6 APPPATH\Controllers\MyPPMP.php(28): App\Controllers\MyPPMP->loadPPMPView()
 7 SYSTEMPATH\CodeIgniter.php(933): App\Controllers\MyPPMP->index()
 8 SYSTEMPATH\CodeIgniter.php(507): CodeIgniter\CodeIgniter->runController(Object(App\Controllers\MyPPMP))
 9 SYSTEMPATH\CodeIgniter.php(354): CodeIgniter\CodeIgniter->handleRequest(null, Object(Config\Cache), false)
10 SYSTEMPATH\Boot.php(334): CodeIgniter\CodeIgniter->run()
11 SYSTEMPATH\Boot.php(67): CodeIgniter\Boot::runCodeIgniter(Object(CodeIgniter\CodeIgniter))
12 FCPATH\index.php(56): CodeIgniter\Boot::bootWeb(Object(Config\Paths))
ERROR - 2026-03-18 09:27:30 --> mysqli_sql_exception: Table 'fods-03032026.myua_users' doesn't exist in C:\xampp\htdocs\fods\system\Database\MySQLi\Connection.php:327
Stack trace:
#0 C:\xampp\htdocs\fods\system\Database\MySQLi\Connection.php(327): mysqli->query('\r\n            S...', 0)
#1 C:\xampp\htdocs\fods\system\Database\BaseConnection.php(738): CodeIgniter\Database\MySQLi\Connection->execute('\r\n            S...')
#2 C:\xampp\htdocs\fods\system\Database\BaseConnection.php(652): CodeIgniter\Database\BaseConnection->simpleQuery('\r\n            S...')
#3 C:\xampp\htdocs\fods\app\Controllers\MyPPMP.php(132): CodeIgniter\Database\BaseConnection->query('\r\n            S...')
#4 C:\xampp\htdocs\fods\app\Controllers\MyPPMP.php(28): App\Controllers\MyPPMP->loadPPMPView()
#5 C:\xampp\htdocs\fods\system\CodeIgniter.php(933): App\Controllers\MyPPMP->index()
#6 C:\xampp\htdocs\fods\system\CodeIgniter.php(507): CodeIgniter\CodeIgniter->runController(Object(App\Controllers\MyPPMP))
#7 C:\xampp\htdocs\fods\system\CodeIgniter.php(354): CodeIgniter\CodeIgniter->handleRequest(NULL, Object(Config\Cache), false)
#8 C:\xampp\htdocs\fods\system\Boot.php(334): CodeIgniter\CodeIgniter->run()
#9 C:\xampp\htdocs\fods\system\Boot.php(67): CodeIgniter\Boot::runCodeIgniter(Object(CodeIgniter\CodeIgniter))
#10 C:\xampp\htdocs\fods\public\index.php(56): CodeIgniter\Boot::bootWeb(Object(Config\Paths))
#11 {main}
CRITICAL - 2026-03-18 09:27:30 --> CodeIgniter\Database\Exceptions\DatabaseException: Table 'fods-03032026.myua_users' doesn't exist
[Method: GET, Route: myppmp]
in SYSTEMPATH\Database\BaseConnection.php on line 692.
 1 APPPATH\Controllers\MyPPMP.php(132): CodeIgniter\Database\BaseConnection->query('
            SELECT
                `full_name`
            FROM
                `myua_users`
            WHERE
                `is_ppmp_signatory` = 1
            ORDER BY
                `recid` DESC
        ')
 2 APPPATH\Controllers\MyPPMP.php(28): App\Controllers\MyPPMP->loadPPMPView()
 3 SYSTEMPATH\CodeIgniter.php(933): App\Controllers\MyPPMP->index()
 4 SYSTEMPATH\CodeIgniter.php(507): CodeIgniter\CodeIgniter->runController(Object(App\Controllers\MyPPMP))
 5 SYSTEMPATH\CodeIgniter.php(354): CodeIgniter\CodeIgniter->handleRequest(null, Object(Config\Cache), false)
 6 SYSTEMPATH\Boot.php(334): CodeIgniter\CodeIgniter->run()
 7 SYSTEMPATH\Boot.php(67): CodeIgniter\Boot::runCodeIgniter(Object(CodeIgniter\CodeIgniter))
 8 FCPATH\index.php(56): CodeIgniter\Boot::bootWeb(Object(Config\Paths))
CRITICAL - 2026-03-18 09:27:30 --> [Caused by] CodeIgniter\Database\Exceptions\DatabaseException: Table 'fods-03032026.myua_users' doesn't exist
in SYSTEMPATH\Database\MySQLi\Connection.php on line 332.
 1 SYSTEMPATH\Database\BaseConnection.php(738): CodeIgniter\Database\MySQLi\Connection->execute('
            SELECT
                `full_name`
            FROM
                `myua_users`
            WHERE
                `is_ppmp_signatory` = 1
            ORDER BY
                `recid` DESC
        ')
 2 SYSTEMPATH\Database\BaseConnection.php(652): CodeIgniter\Database\BaseConnection->simpleQuery('
            SELECT
                `full_name`
            FROM
                `myua_users`
            WHERE
                `is_ppmp_signatory` = 1
            ORDER BY
                `recid` DESC
        ')
 3 APPPATH\Controllers\MyPPMP.php(132): CodeIgniter\Database\BaseConnection->query('
            SELECT
                `full_name`
            FROM
                `myua_users`
            WHERE
                `is_ppmp_signatory` = 1
            ORDER BY
                `recid` DESC
        ')
 4 APPPATH\Controllers\MyPPMP.php(28): App\Controllers\MyPPMP->loadPPMPView()
 5 SYSTEMPATH\CodeIgniter.php(933): App\Controllers\MyPPMP->index()
 6 SYSTEMPATH\CodeIgniter.php(507): CodeIgniter\CodeIgniter->runController(Object(App\Controllers\MyPPMP))
 7 SYSTEMPATH\CodeIgniter.php(354): CodeIgniter\CodeIgniter->handleRequest(null, Object(Config\Cache), false)
 8 SYSTEMPATH\Boot.php(334): CodeIgniter\CodeIgniter->run()
 9 SYSTEMPATH\Boot.php(67): CodeIgniter\Boot::runCodeIgniter(Object(CodeIgniter\CodeIgniter))
10 FCPATH\index.php(56): CodeIgniter\Boot::bootWeb(Object(Config\Paths))
CRITICAL - 2026-03-18 09:27:30 --> [Caused by] mysqli_sql_exception: Table 'fods-03032026.myua_users' doesn't exist
in SYSTEMPATH\Database\MySQLi\Connection.php on line 327.
 1 SYSTEMPATH\Database\MySQLi\Connection.php(327): mysqli->query('
            SELECT
                `full_name`
            FROM
                `myua_users`
            WHERE
                `is_ppmp_signatory` = 1
            ORDER BY
                `recid` DESC
        ', 0)
 2 SYSTEMPATH\Database\BaseConnection.php(738): CodeIgniter\Database\MySQLi\Connection->execute('
            SELECT
                `full_name`
            FROM
                `myua_users`
            WHERE
                `is_ppmp_signatory` = 1
            ORDER BY
                `recid` DESC
        ')
 3 SYSTEMPATH\Database\BaseConnection.php(652): CodeIgniter\Database\BaseConnection->simpleQuery('
            SELECT
                `full_name`
            FROM
                `myua_users`
            WHERE
                `is_ppmp_signatory` = 1
            ORDER BY
                `recid` DESC
        ')
 4 APPPATH\Controllers\MyPPMP.php(132): CodeIgniter\Database\BaseConnection->query('
            SELECT
                `full_name`
            FROM
                `myua_users`
            WHERE
                `is_ppmp_signatory` = 1
            ORDER BY
                `recid` DESC
        ')
 5 APPPATH\Controllers\MyPPMP.php(28): App\Controllers\MyPPMP->loadPPMPView()
 6 SYSTEMPATH\CodeIgniter.php(933): App\Controllers\MyPPMP->index()
 7 SYSTEMPATH\CodeIgniter.php(507): CodeIgniter\CodeIgniter->runController(Object(App\Controllers\MyPPMP))
 8 SYSTEMPATH\CodeIgniter.php(354): CodeIgniter\CodeIgniter->handleRequest(null, Object(Config\Cache), false)
 9 SYSTEMPATH\Boot.php(334): CodeIgniter\CodeIgniter->run()
10 SYSTEMPATH\Boot.php(67): CodeIgniter\Boot::runCodeIgniter(Object(CodeIgniter\CodeIgniter))
11 FCPATH\index.php(56): CodeIgniter\Boot::bootWeb(Object(Config\Paths))
ERROR - 2026-03-18 09:35:54 --> mysqli_sql_exception: You have an error in your SQL syntax; check the manual that corresponds to your MariaDB server version for the right syntax to use near '?, ?, ?, ?, ?, ?,?,?,?)' at line 13 in C:\xampp\htdocs\fods\system\Database\MySQLi\Connection.php:327
Stack trace:
#0 C:\xampp\htdocs\fods\system\Database\MySQLi\Connection.php(327): mysqli->query('\r\n\t\t\t\tINSERT IN...', 0)
#1 C:\xampp\htdocs\fods\system\Database\BaseConnection.php(738): CodeIgniter\Database\MySQLi\Connection->execute('\r\n\t\t\t\tINSERT IN...')
#2 C:\xampp\htdocs\fods\system\Database\BaseConnection.php(652): CodeIgniter\Database\BaseConnection->simpleQuery('\r\n\t\t\t\tINSERT IN...')
#3 C:\xampp\htdocs\fods\app\Models\MyPPMPModel.php(159): CodeIgniter\Database\BaseConnection->query('\r\n\t\t\t\tINSERT IN...', Array)
#4 C:\xampp\htdocs\fods\app\Controllers\MyPPMP.php(35): App\Models\MyPPMPModel->ppmp_save()
#5 C:\xampp\htdocs\fods\system\CodeIgniter.php(933): App\Controllers\MyPPMP->index()
#6 C:\xampp\htdocs\fods\system\CodeIgniter.php(507): CodeIgniter\CodeIgniter->runController(Object(App\Controllers\MyPPMP))
#7 C:\xampp\htdocs\fods\system\CodeIgniter.php(354): CodeIgniter\CodeIgniter->handleRequest(NULL, Object(Config\Cache), false)
#8 C:\xampp\htdocs\fods\system\Boot.php(334): CodeIgniter\CodeIgniter->run()
#9 C:\xampp\htdocs\fods\system\Boot.php(67): CodeIgniter\Boot::runCodeIgniter(Object(CodeIgniter\CodeIgniter))
#10 C:\xampp\htdocs\fods\public\index.php(56): CodeIgniter\Boot::bootWeb(Object(Config\Paths))
#11 {main}
CRITICAL - 2026-03-18 09:35:54 --> CodeIgniter\Database\Exceptions\DatabaseException: You have an error in your SQL syntax; check the manual that corresponds to your MariaDB server version for the right syntax to use near '?, ?, ?, ?, ?, ?,?,?,?)' at line 13
[Method: POST, Route: myppmp]
in SYSTEMPATH\Database\BaseConnection.php on line 692.
 1 APPPATH\Models\MyPPMPModel.php(159): CodeIgniter\Database\BaseConnection->query('
				INSERT INTO `tbl_ppmp_hd`(
					`ppmpno`,
					`end_user`,
					`fiscal_year`,
					`project_title`,
					`responsibility_code`,
					`is_indicative`,
					`is_final`,
					`prepared_by`,
					`submitted_by`,
					`added_by`
				)
				VALUES (?, ?, ?, ?, ?, ?,?,?,?)', [...])
 2 APPPATH\Controllers\MyPPMP.php(35): App\Models\MyPPMPModel->ppmp_save()
 3 SYSTEMPATH\CodeIgniter.php(933): App\Controllers\MyPPMP->index()
 4 SYSTEMPATH\CodeIgniter.php(507): CodeIgniter\CodeIgniter->runController(Object(App\Controllers\MyPPMP))
 5 SYSTEMPATH\CodeIgniter.php(354): CodeIgniter\CodeIgniter->handleRequest(null, Object(Config\Cache), false)
 6 SYSTEMPATH\Boot.php(334): CodeIgniter\CodeIgniter->run()
 7 SYSTEMPATH\Boot.php(67): CodeIgniter\Boot::runCodeIgniter(Object(CodeIgniter\CodeIgniter))
 8 FCPATH\index.php(56): CodeIgniter\Boot::bootWeb(Object(Config\Paths))
CRITICAL - 2026-03-18 09:35:54 --> [Caused by] CodeIgniter\Database\Exceptions\DatabaseException: You have an error in your SQL syntax; check the manual that corresponds to your MariaDB server version for the right syntax to use near '?, ?, ?, ?, ?, ?,?,?,?)' at line 13
in SYSTEMPATH\Database\MySQLi\Connection.php on line 332.
 1 SYSTEMPATH\Database\BaseConnection.php(738): CodeIgniter\Database\MySQLi\Connection->execute('
				INSERT INTO `tbl_ppmp_hd`(
					`ppmpno`,
					`end_user`,
					`fiscal_year`,
					`project_title`,
					`responsibility_code`,
					`is_indicative`,
					`is_final`,
					`prepared_by`,
					`submitted_by`,
					`added_by`
				)
				VALUES (?, ?, ?, ?, ?, ?,?,?,?)')
 2 SYSTEMPATH\Database\BaseConnection.php(652): CodeIgniter\Database\BaseConnection->simpleQuery('
				INSERT INTO `tbl_ppmp_hd`(
					`ppmpno`,
					`end_user`,
					`fiscal_year`,
					`project_title`,
					`responsibility_code`,
					`is_indicative`,
					`is_final`,
					`prepared_by`,
					`submitted_by`,
					`added_by`
				)
				VALUES (?, ?, ?, ?, ?, ?,?,?,?)')
 3 APPPATH\Models\MyPPMPModel.php(159): CodeIgniter\Database\BaseConnection->query('
				INSERT INTO `tbl_ppmp_hd`(
					`ppmpno`,
					`end_user`,
					`fiscal_year`,
					`project_title`,
					`responsibility_code`,
					`is_indicative`,
					`is_final`,
					`prepared_by`,
					`submitted_by`,
					`added_by`
				)
				VALUES (?, ?, ?, ?, ?, ?,?,?,?)', [...])
 4 APPPATH\Controllers\MyPPMP.php(35): App\Models\MyPPMPModel->ppmp_save()
 5 SYSTEMPATH\CodeIgniter.php(933): App\Controllers\MyPPMP->index()
 6 SYSTEMPATH\CodeIgniter.php(507): CodeIgniter\CodeIgniter->runController(Object(App\Controllers\MyPPMP))
 7 SYSTEMPATH\CodeIgniter.php(354): CodeIgniter\CodeIgniter->handleRequest(null, Object(Config\Cache), false)
 8 SYSTEMPATH\Boot.php(334): CodeIgniter\CodeIgniter->run()
 9 SYSTEMPATH\Boot.php(67): CodeIgniter\Boot::runCodeIgniter(Object(CodeIgniter\CodeIgniter))
10 FCPATH\index.php(56): CodeIgniter\Boot::bootWeb(Object(Config\Paths))
CRITICAL - 2026-03-18 09:35:54 --> [Caused by] mysqli_sql_exception: You have an error in your SQL syntax; check the manual that corresponds to your MariaDB server version for the right syntax to use near '?, ?, ?, ?, ?, ?,?,?,?)' at line 13
in SYSTEMPATH\Database\MySQLi\Connection.php on line 327.
 1 SYSTEMPATH\Database\MySQLi\Connection.php(327): mysqli->query('
				INSERT INTO `tbl_ppmp_hd`(
					`ppmpno`,
					`end_user`,
					`fiscal_year`,
					`project_title`,
					`responsibility_code`,
					`is_indicative`,
					`is_final`,
					`prepared_by`,
					`submitted_by`,
					`added_by`
				)
				VALUES (?, ?, ?, ?, ?, ?,?,?,?)', 0)
 2 SYSTEMPATH\Database\BaseConnection.php(738): CodeIgniter\Database\MySQLi\Connection->execute('
				INSERT INTO `tbl_ppmp_hd`(
					`ppmpno`,
					`end_user`,
					`fiscal_year`,
					`project_title`,
					`responsibility_code`,
					`is_indicative`,
					`is_final`,
					`prepared_by`,
					`submitted_by`,
					`added_by`
				)
				VALUES (?, ?, ?, ?, ?, ?,?,?,?)')
 3 SYSTEMPATH\Database\BaseConnection.php(652): CodeIgniter\Database\BaseConnection->simpleQuery('
				INSERT INTO `tbl_ppmp_hd`(
					`ppmpno`,
					`end_user`,
					`fiscal_year`,
					`project_title`,
					`responsibility_code`,
					`is_indicative`,
					`is_final`,
					`prepared_by`,
					`submitted_by`,
					`added_by`
				)
				VALUES (?, ?, ?, ?, ?, ?,?,?,?)')
 4 APPPATH\Models\MyPPMPModel.php(159): CodeIgniter\Database\BaseConnection->query('
				INSERT INTO `tbl_ppmp_hd`(
					`ppmpno`,
					`end_user`,
					`fiscal_year`,
					`project_title`,
					`responsibility_code`,
					`is_indicative`,
					`is_final`,
					`prepared_by`,
					`submitted_by`,
					`added_by`
				)
				VALUES (?, ?, ?, ?, ?, ?,?,?,?)', [...])
 5 APPPATH\Controllers\MyPPMP.php(35): App\Models\MyPPMPModel->ppmp_save()
 6 SYSTEMPATH\CodeIgniter.php(933): App\Controllers\MyPPMP->index()
 7 SYSTEMPATH\CodeIgniter.php(507): CodeIgniter\CodeIgniter->runController(Object(App\Controllers\MyPPMP))
 8 SYSTEMPATH\CodeIgniter.php(354): CodeIgniter\CodeIgniter->handleRequest(null, Object(Config\Cache), false)
 9 SYSTEMPATH\Boot.php(334): CodeIgniter\CodeIgniter->run()
10 SYSTEMPATH\Boot.php(67): CodeIgniter\Boot::runCodeIgniter(Object(CodeIgniter\CodeIgniter))
11 FCPATH\index.php(56): CodeIgniter\Boot::bootWeb(Object(Config\Paths))
ERROR - 2026-03-18 09:36:40 --> mysqli_sql_exception: You have an error in your SQL syntax; check the manual that corresponds to your MariaDB server version for the right syntax to use near '?, ?, ?, ?, ?, ?,?,?,?)' at line 13 in C:\xampp\htdocs\fods\system\Database\MySQLi\Connection.php:327
Stack trace:
#0 C:\xampp\htdocs\fods\system\Database\MySQLi\Connection.php(327): mysqli->query('\r\n\t\t\t\tINSERT IN...', 0)
#1 C:\xampp\htdocs\fods\system\Database\BaseConnection.php(738): CodeIgniter\Database\MySQLi\Connection->execute('\r\n\t\t\t\tINSERT IN...')
#2 C:\xampp\htdocs\fods\system\Database\BaseConnection.php(652): CodeIgniter\Database\BaseConnection->simpleQuery('\r\n\t\t\t\tINSERT IN...')
#3 C:\xampp\htdocs\fods\app\Models\MyPPMPModel.php(159): CodeIgniter\Database\BaseConnection->query('\r\n\t\t\t\tINSERT IN...', Array)
#4 C:\xampp\htdocs\fods\app\Controllers\MyPPMP.php(35): App\Models\MyPPMPModel->ppmp_save()
#5 C:\xampp\htdocs\fods\system\CodeIgniter.php(933): App\Controllers\MyPPMP->index()
#6 C:\xampp\htdocs\fods\system\CodeIgniter.php(507): CodeIgniter\CodeIgniter->runController(Object(App\Controllers\MyPPMP))
#7 C:\xampp\htdocs\fods\system\CodeIgniter.php(354): CodeIgniter\CodeIgniter->handleRequest(NULL, Object(Config\Cache), false)
#8 C:\xampp\htdocs\fods\system\Boot.php(334): CodeIgniter\CodeIgniter->run()
#9 C:\xampp\htdocs\fods\system\Boot.php(67): CodeIgniter\Boot::runCodeIgniter(Object(CodeIgniter\CodeIgniter))
#10 C:\xampp\htdocs\fods\public\index.php(56): CodeIgniter\Boot::bootWeb(Object(Config\Paths))
#11 {main}
CRITICAL - 2026-03-18 09:36:40 --> CodeIgniter\Database\Exceptions\DatabaseException: You have an error in your SQL syntax; check the manual that corresponds to your MariaDB server version for the right syntax to use near '?, ?, ?, ?, ?, ?,?,?,?)' at line 13
[Method: POST, Route: myppmp]
in SYSTEMPATH\Database\BaseConnection.php on line 692.
 1 APPPATH\Models\MyPPMPModel.php(159): CodeIgniter\Database\BaseConnection->query('
				INSERT INTO `tbl_ppmp_hd`(
					`ppmpno`,
					`end_user`,
					`fiscal_year`,
					`project_title`,
					`responsibility_code`,
					`is_indicative`,
					`is_final`,
					`prepared_by`,
					`submitted_by`,
					`added_by`
				)
				VALUES (?, ?, ?, ?, ?, ?,?,?,?)', [...])
 2 APPPATH\Controllers\MyPPMP.php(35): App\Models\MyPPMPModel->ppmp_save()
 3 SYSTEMPATH\CodeIgniter.php(933): App\Controllers\MyPPMP->index()
 4 SYSTEMPATH\CodeIgniter.php(507): CodeIgniter\CodeIgniter->runController(Object(App\Controllers\MyPPMP))
 5 SYSTEMPATH\CodeIgniter.php(354): CodeIgniter\CodeIgniter->handleRequest(null, Object(Config\Cache), false)
 6 SYSTEMPATH\Boot.php(334): CodeIgniter\CodeIgniter->run()
 7 SYSTEMPATH\Boot.php(67): CodeIgniter\Boot::runCodeIgniter(Object(CodeIgniter\CodeIgniter))
 8 FCPATH\index.php(56): CodeIgniter\Boot::bootWeb(Object(Config\Paths))
CRITICAL - 2026-03-18 09:36:40 --> [Caused by] CodeIgniter\Database\Exceptions\DatabaseException: You have an error in your SQL syntax; check the manual that corresponds to your MariaDB server version for the right syntax to use near '?, ?, ?, ?, ?, ?,?,?,?)' at line 13
in SYSTEMPATH\Database\MySQLi\Connection.php on line 332.
 1 SYSTEMPATH\Database\BaseConnection.php(738): CodeIgniter\Database\MySQLi\Connection->execute('
				INSERT INTO `tbl_ppmp_hd`(
					`ppmpno`,
					`end_user`,
					`fiscal_year`,
					`project_title`,
					`responsibility_code`,
					`is_indicative`,
					`is_final`,
					`prepared_by`,
					`submitted_by`,
					`added_by`
				)
				VALUES (?, ?, ?, ?, ?, ?,?,?,?)')
 2 SYSTEMPATH\Database\BaseConnection.php(652): CodeIgniter\Database\BaseConnection->simpleQuery('
				INSERT INTO `tbl_ppmp_hd`(
					`ppmpno`,
					`end_user`,
					`fiscal_year`,
					`project_title`,
					`responsibility_code`,
					`is_indicative`,
					`is_final`,
					`prepared_by`,
					`submitted_by`,
					`added_by`
				)
				VALUES (?, ?, ?, ?, ?, ?,?,?,?)')
 3 APPPATH\Models\MyPPMPModel.php(159): CodeIgniter\Database\BaseConnection->query('
				INSERT INTO `tbl_ppmp_hd`(
					`ppmpno`,
					`end_user`,
					`fiscal_year`,
					`project_title`,
					`responsibility_code`,
					`is_indicative`,
					`is_final`,
					`prepared_by`,
					`submitted_by`,
					`added_by`
				)
				VALUES (?, ?, ?, ?, ?, ?,?,?,?)', [...])
 4 APPPATH\Controllers\MyPPMP.php(35): App\Models\MyPPMPModel->ppmp_save()
 5 SYSTEMPATH\CodeIgniter.php(933): App\Controllers\MyPPMP->index()
 6 SYSTEMPATH\CodeIgniter.php(507): CodeIgniter\CodeIgniter->runController(Object(App\Controllers\MyPPMP))
 7 SYSTEMPATH\CodeIgniter.php(354): CodeIgniter\CodeIgniter->handleRequest(null, Object(Config\Cache), false)
 8 SYSTEMPATH\Boot.php(334): CodeIgniter\CodeIgniter->run()
 9 SYSTEMPATH\Boot.php(67): CodeIgniter\Boot::runCodeIgniter(Object(CodeIgniter\CodeIgniter))
10 FCPATH\index.php(56): CodeIgniter\Boot::bootWeb(Object(Config\Paths))
CRITICAL - 2026-03-18 09:36:40 --> [Caused by] mysqli_sql_exception: You have an error in your SQL syntax; check the manual that corresponds to your MariaDB server version for the right syntax to use near '?, ?, ?, ?, ?, ?,?,?,?)' at line 13
in SYSTEMPATH\Database\MySQLi\Connection.php on line 327.
 1 SYSTEMPATH\Database\MySQLi\Connection.php(327): mysqli->query('
				INSERT INTO `tbl_ppmp_hd`(
					`ppmpno`,
					`end_user`,
					`fiscal_year`,
					`project_title`,
					`responsibility_code`,
					`is_indicative`,
					`is_final`,
					`prepared_by`,
					`submitted_by`,
					`added_by`
				)
				VALUES (?, ?, ?, ?, ?, ?,?,?,?)', 0)
 2 SYSTEMPATH\Database\BaseConnection.php(738): CodeIgniter\Database\MySQLi\Connection->execute('
				INSERT INTO `tbl_ppmp_hd`(
					`ppmpno`,
					`end_user`,
					`fiscal_year`,
					`project_title`,
					`responsibility_code`,
					`is_indicative`,
					`is_final`,
					`prepared_by`,
					`submitted_by`,
					`added_by`
				)
				VALUES (?, ?, ?, ?, ?, ?,?,?,?)')
 3 SYSTEMPATH\Database\BaseConnection.php(652): CodeIgniter\Database\BaseConnection->simpleQuery('
				INSERT INTO `tbl_ppmp_hd`(
					`ppmpno`,
					`end_user`,
					`fiscal_year`,
					`project_title`,
					`responsibility_code`,
					`is_indicative`,
					`is_final`,
					`prepared_by`,
					`submitted_by`,
					`added_by`
				)
				VALUES (?, ?, ?, ?, ?, ?,?,?,?)')
 4 APPPATH\Models\MyPPMPModel.php(159): CodeIgniter\Database\BaseConnection->query('
				INSERT INTO `tbl_ppmp_hd`(
					`ppmpno`,
					`end_user`,
					`fiscal_year`,
					`project_title`,
					`responsibility_code`,
					`is_indicative`,
					`is_final`,
					`prepared_by`,
					`submitted_by`,
					`added_by`
				)
				VALUES (?, ?, ?, ?, ?, ?,?,?,?)', [...])
 5 APPPATH\Controllers\MyPPMP.php(35): App\Models\MyPPMPModel->ppmp_save()
 6 SYSTEMPATH\CodeIgniter.php(933): App\Controllers\MyPPMP->index()
 7 SYSTEMPATH\CodeIgniter.php(507): CodeIgniter\CodeIgniter->runController(Object(App\Controllers\MyPPMP))
 8 SYSTEMPATH\CodeIgniter.php(354): CodeIgniter\CodeIgniter->handleRequest(null, Object(Config\Cache), false)
 9 SYSTEMPATH\Boot.php(334): CodeIgniter\CodeIgniter->run()
10 SYSTEMPATH\Boot.php(67): CodeIgniter\Boot::runCodeIgniter(Object(CodeIgniter\CodeIgniter))
11 FCPATH\index.php(56): CodeIgniter\Boot::bootWeb(Object(Config\Paths))
