ERROR - 2025-10-17 08:30:09 --> mysqli_sql_exception: MySQL server has gone away in C:\xampp\htdocs\fods\system\Database\MySQLi\Connection.php:327
Stack trace:
#0 C:\xampp\htdocs\fods\system\Database\MySQLi\Connection.php(327): mysqli->query('select `usernam...', 0)
#1 C:\xampp\htdocs\fods\system\Database\BaseConnection.php(738): CodeIgniter\Database\MySQLi\Connection->execute('select `usernam...')
#2 C:\xampp\htdocs\fods\system\Database\BaseConnection.php(652): CodeIgniter\Database\BaseConnection->simpleQuery('select `usernam...')
#3 C:\xampp\htdocs\fods\app\Controllers\MyLogIn.php(56): CodeIgniter\Database\BaseConnection->query('select `usernam...')
#4 C:\xampp\htdocs\fods\app\Controllers\MyLogIn.php(24): App\Controllers\MyLogIn->Verify_User('ADMIN-KYLE')
#5 C:\xampp\htdocs\fods\system\CodeIgniter.php(933): App\Controllers\MyLogIn->auth()
#6 C:\xampp\htdocs\fods\system\CodeIgniter.php(507): CodeIgniter\CodeIgniter->runController(Object(App\Controllers\MyLogIn))
#7 C:\xampp\htdocs\fods\system\CodeIgniter.php(354): CodeIgniter\CodeIgniter->handleRequest(NULL, Object(Config\Cache), false)
#8 C:\xampp\htdocs\fods\system\Boot.php(334): CodeIgniter\CodeIgniter->run()
#9 C:\xampp\htdocs\fods\system\Boot.php(67): CodeIgniter\Boot::runCodeIgniter(Object(CodeIgniter\CodeIgniter))
#10 C:\xampp\htdocs\fods\public\index.php(56): CodeIgniter\Boot::bootWeb(Object(Config\Paths))
#11 {main}
CRITICAL - 2025-10-17 08:30:09 --> CodeIgniter\Database\Exceptions\DatabaseException: MySQL server has gone away
[Method: POST, Route: mylogin-auth]
in SYSTEMPATH\Database\BaseConnection.php on line 692.
 1 APPPATH\Controllers\MyLogIn.php(56): CodeIgniter\Database\BaseConnection->query('select `username`,`hash_password` FROM myua_user where username = \'ADMIN-KYLE\' limit 1 ')
 2 APPPATH\Controllers\MyLogIn.php(24): App\Controllers\MyLogIn->Verify_User('ADMIN-KYLE')
 3 SYSTEMPATH\CodeIgniter.php(933): App\Controllers\MyLogIn->auth()
 4 SYSTEMPATH\CodeIgniter.php(507): CodeIgniter\CodeIgniter->runController(Object(App\Controllers\MyLogIn))
 5 SYSTEMPATH\CodeIgniter.php(354): CodeIgniter\CodeIgniter->handleRequest(null, Object(Config\Cache), false)
 6 SYSTEMPATH\Boot.php(334): CodeIgniter\CodeIgniter->run()
 7 SYSTEMPATH\Boot.php(67): CodeIgniter\Boot::runCodeIgniter(Object(CodeIgniter\CodeIgniter))
 8 FCPATH\index.php(56): CodeIgniter\Boot::bootWeb(Object(Config\Paths))
CRITICAL - 2025-10-17 08:30:09 --> [Caused by] CodeIgniter\Database\Exceptions\DatabaseException: MySQL server has gone away
in SYSTEMPATH\Database\MySQLi\Connection.php on line 332.
 1 SYSTEMPATH\Database\BaseConnection.php(738): CodeIgniter\Database\MySQLi\Connection->execute('select `username`,`hash_password` FROM myua_user where username = \'ADMIN-KYLE\' limit 1 ')
 2 SYSTEMPATH\Database\BaseConnection.php(652): CodeIgniter\Database\BaseConnection->simpleQuery('select `username`,`hash_password` FROM myua_user where username = \'ADMIN-KYLE\' limit 1 ')
 3 APPPATH\Controllers\MyLogIn.php(56): CodeIgniter\Database\BaseConnection->query('select `username`,`hash_password` FROM myua_user where username = \'ADMIN-KYLE\' limit 1 ')
 4 APPPATH\Controllers\MyLogIn.php(24): App\Controllers\MyLogIn->Verify_User('ADMIN-KYLE')
 5 SYSTEMPATH\CodeIgniter.php(933): App\Controllers\MyLogIn->auth()
 6 SYSTEMPATH\CodeIgniter.php(507): CodeIgniter\CodeIgniter->runController(Object(App\Controllers\MyLogIn))
 7 SYSTEMPATH\CodeIgniter.php(354): CodeIgniter\CodeIgniter->handleRequest(null, Object(Config\Cache), false)
 8 SYSTEMPATH\Boot.php(334): CodeIgniter\CodeIgniter->run()
 9 SYSTEMPATH\Boot.php(67): CodeIgniter\Boot::runCodeIgniter(Object(CodeIgniter\CodeIgniter))
10 FCPATH\index.php(56): CodeIgniter\Boot::bootWeb(Object(Config\Paths))
CRITICAL - 2025-10-17 08:30:09 --> [Caused by] mysqli_sql_exception: MySQL server has gone away
in SYSTEMPATH\Database\MySQLi\Connection.php on line 327.
 1 SYSTEMPATH\Database\MySQLi\Connection.php(327): mysqli->query('select `username`,`hash_password` FROM myua_user where username = \'ADMIN-KYLE\' limit 1 ', 0)
 2 SYSTEMPATH\Database\BaseConnection.php(738): CodeIgniter\Database\MySQLi\Connection->execute('select `username`,`hash_password` FROM myua_user where username = \'ADMIN-KYLE\' limit 1 ')
 3 SYSTEMPATH\Database\BaseConnection.php(652): CodeIgniter\Database\BaseConnection->simpleQuery('select `username`,`hash_password` FROM myua_user where username = \'ADMIN-KYLE\' limit 1 ')
 4 APPPATH\Controllers\MyLogIn.php(56): CodeIgniter\Database\BaseConnection->query('select `username`,`hash_password` FROM myua_user where username = \'ADMIN-KYLE\' limit 1 ')
 5 APPPATH\Controllers\MyLogIn.php(24): App\Controllers\MyLogIn->Verify_User('ADMIN-KYLE')
 6 SYSTEMPATH\CodeIgniter.php(933): App\Controllers\MyLogIn->auth()
 7 SYSTEMPATH\CodeIgniter.php(507): CodeIgniter\CodeIgniter->runController(Object(App\Controllers\MyLogIn))
 8 SYSTEMPATH\CodeIgniter.php(354): CodeIgniter\CodeIgniter->handleRequest(null, Object(Config\Cache), false)
 9 SYSTEMPATH\Boot.php(334): CodeIgniter\CodeIgniter->run()
10 SYSTEMPATH\Boot.php(67): CodeIgniter\Boot::runCodeIgniter(Object(CodeIgniter\CodeIgniter))
11 FCPATH\index.php(56): CodeIgniter\Boot::bootWeb(Object(Config\Paths))
ERROR - 2025-10-17 08:31:45 --> Error connecting to the database: mysqli_sql_exception: No connection could be made because the target machine actively refused it in C:\xampp\htdocs\fods\system\Database\MySQLi\Connection.php:202
Stack trace:
#0 C:\xampp\htdocs\fods\system\Database\MySQLi\Connection.php(202): mysqli->real_connect('localhost', 'root', '', 'fods', 3306, '', 0)
#1 C:\xampp\htdocs\fods\system\Database\BaseConnection.php(421): CodeIgniter\Database\MySQLi\Connection->connect(false)
#2 C:\xampp\htdocs\fods\system\Database\BaseConnection.php(620): CodeIgniter\Database\BaseConnection->initialize()
#3 C:\xampp\htdocs\fods\app\Controllers\MyLogIn.php(56): CodeIgniter\Database\BaseConnection->query('select `usernam...')
#4 C:\xampp\htdocs\fods\app\Controllers\MyLogIn.php(24): App\Controllers\MyLogIn->Verify_User(NULL)
#5 C:\xampp\htdocs\fods\system\CodeIgniter.php(933): App\Controllers\MyLogIn->auth()
#6 C:\xampp\htdocs\fods\system\CodeIgniter.php(507): CodeIgniter\CodeIgniter->runController(Object(App\Controllers\MyLogIn))
#7 C:\xampp\htdocs\fods\system\CodeIgniter.php(354): CodeIgniter\CodeIgniter->handleRequest(NULL, Object(Config\Cache), false)
#8 C:\xampp\htdocs\fods\system\Boot.php(334): CodeIgniter\CodeIgniter->run()
#9 C:\xampp\htdocs\fods\system\Boot.php(67): CodeIgniter\Boot::runCodeIgniter(Object(CodeIgniter\CodeIgniter))
#10 C:\xampp\htdocs\fods\public\index.php(56): CodeIgniter\Boot::bootWeb(Object(Config\Paths))
#11 {main}

Next CodeIgniter\Database\Exceptions\DatabaseException: No connection could be made because the target machine actively refused it in C:\xampp\htdocs\fods\system\Database\MySQLi\Connection.php:246
Stack trace:
#0 C:\xampp\htdocs\fods\system\Database\BaseConnection.php(421): CodeIgniter\Database\MySQLi\Connection->connect(false)
#1 C:\xampp\htdocs\fods\system\Database\BaseConnection.php(620): CodeIgniter\Database\BaseConnection->initialize()
#2 C:\xampp\htdocs\fods\app\Controllers\MyLogIn.php(56): CodeIgniter\Database\BaseConnection->query('select `usernam...')
#3 C:\xampp\htdocs\fods\app\Controllers\MyLogIn.php(24): App\Controllers\MyLogIn->Verify_User(NULL)
#4 C:\xampp\htdocs\fods\system\CodeIgniter.php(933): App\Controllers\MyLogIn->auth()
#5 C:\xampp\htdocs\fods\system\CodeIgniter.php(507): CodeIgniter\CodeIgniter->runController(Object(App\Controllers\MyLogIn))
#6 C:\xampp\htdocs\fods\system\CodeIgniter.php(354): CodeIgniter\CodeIgniter->handleRequest(NULL, Object(Config\Cache), false)
#7 C:\xampp\htdocs\fods\system\Boot.php(334): CodeIgniter\CodeIgniter->run()
#8 C:\xampp\htdocs\fods\system\Boot.php(67): CodeIgniter\Boot::runCodeIgniter(Object(CodeIgniter\CodeIgniter))
#9 C:\xampp\htdocs\fods\public\index.php(56): CodeIgniter\Boot::bootWeb(Object(Config\Paths))
#10 {main}
CRITICAL - 2025-10-17 08:31:45 --> CodeIgniter\Database\Exceptions\DatabaseException: Unable to connect to the database.
Main connection [MySQLi]: No connection could be made because the target machine actively refused it
[Method: GET, Route: mylogin-auth]
in SYSTEMPATH\Database\BaseConnection.php on line 467.
 1 SYSTEMPATH\Database\BaseConnection.php(620): CodeIgniter\Database\BaseConnection->initialize()
 2 APPPATH\Controllers\MyLogIn.php(56): CodeIgniter\Database\BaseConnection->query('select `username`,`hash_password` FROM myua_user where username = \'\' limit 1 ')
 3 APPPATH\Controllers\MyLogIn.php(24): App\Controllers\MyLogIn->Verify_User(null)
 4 SYSTEMPATH\CodeIgniter.php(933): App\Controllers\MyLogIn->auth()
 5 SYSTEMPATH\CodeIgniter.php(507): CodeIgniter\CodeIgniter->runController(Object(App\Controllers\MyLogIn))
 6 SYSTEMPATH\CodeIgniter.php(354): CodeIgniter\CodeIgniter->handleRequest(null, Object(Config\Cache), false)
 7 SYSTEMPATH\Boot.php(334): CodeIgniter\CodeIgniter->run()
 8 SYSTEMPATH\Boot.php(67): CodeIgniter\Boot::runCodeIgniter(Object(CodeIgniter\CodeIgniter))
 9 FCPATH\index.php(56): CodeIgniter\Boot::bootWeb(Object(Config\Paths))
CRITICAL - 2025-10-17 09:28:33 --> ParseError: syntax error, unexpected token "endforeach", expecting end of file
[Method: GET, Route: myprocurement]
in APPPATH\Views\procurement\pr\pr-main.php on line 386.
 1 SYSTEMPATH\View\View.php(227): CodeIgniter\View\View->CodeIgniter\View\{closure}()
 2 SYSTEMPATH\Common.php(1173): CodeIgniter\View\View->render('procurement/pr/pr-main', [], true)
 3 APPPATH\Controllers\MyProcurement.php(169): view('procurement/pr/pr-main', [...])
 4 APPPATH\Controllers\MyProcurement.php(28): App\Controllers\MyProcurement->loadPRView()
 5 SYSTEMPATH\CodeIgniter.php(933): App\Controllers\MyProcurement->index()
 6 SYSTEMPATH\CodeIgniter.php(507): CodeIgniter\CodeIgniter->runController(Object(App\Controllers\MyProcurement))
 7 SYSTEMPATH\CodeIgniter.php(354): CodeIgniter\CodeIgniter->handleRequest(null, Object(Config\Cache), false)
 8 SYSTEMPATH\Boot.php(334): CodeIgniter\CodeIgniter->run()
 9 SYSTEMPATH\Boot.php(67): CodeIgniter\Boot::runCodeIgniter(Object(CodeIgniter\CodeIgniter))
10 FCPATH\index.php(56): CodeIgniter\Boot::bootWeb(Object(Config\Paths))
CRITICAL - 2025-10-17 11:22:32 --> ErrorException: Undefined variable $rw
[Method: GET, Route: myprocurement]
in APPPATH\Views\procurement\pr\pr-main.php on line 367.
 1 APPPATH\Views\procurement\pr\pr-main.php(367): CodeIgniter\Debug\Exceptions->errorHandler(2, 'Undefined variable $rw', 'C:\\xampp\\htdocs\\fods\\app\\Views\\procurement\\pr\\pr-main.php', 367)
 2 SYSTEMPATH\View\View.php(224): include('C:\\xampp\\htdocs\\fods\\app\\Views\\procurement\\pr\\pr-main.php')
 3 SYSTEMPATH\View\View.php(227): CodeIgniter\View\View->CodeIgniter\View\{closure}()
 4 SYSTEMPATH\Common.php(1173): CodeIgniter\View\View->render('procurement/pr/pr-main', [], true)
 5 APPPATH\Controllers\MyProcurement.php(165): view('procurement/pr/pr-main', [...])
 6 APPPATH\Controllers\MyProcurement.php(28): App\Controllers\MyProcurement->loadPRView()
 7 SYSTEMPATH\CodeIgniter.php(933): App\Controllers\MyProcurement->index()
 8 SYSTEMPATH\CodeIgniter.php(507): CodeIgniter\CodeIgniter->runController(Object(App\Controllers\MyProcurement))
 9 SYSTEMPATH\CodeIgniter.php(354): CodeIgniter\CodeIgniter->handleRequest(null, Object(Config\Cache), false)
10 SYSTEMPATH\Boot.php(334): CodeIgniter\CodeIgniter->run()
11 SYSTEMPATH\Boot.php(67): CodeIgniter\Boot::runCodeIgniter(Object(CodeIgniter\CodeIgniter))
12 FCPATH\index.php(56): CodeIgniter\Boot::bootWeb(Object(Config\Paths))
CRITICAL - 2025-10-17 11:23:42 --> TypeError: Cannot access offset of type string on string
[Method: GET, Route: myprocurement]
in APPPATH\Views\procurement\pr\pr-main.php on line 371.
 1 SYSTEMPATH\View\View.php(224): include()
 2 SYSTEMPATH\View\View.php(227): CodeIgniter\View\View->CodeIgniter\View\{closure}()
 3 SYSTEMPATH\Common.php(1173): CodeIgniter\View\View->render('procurement/pr/pr-main', [], true)
 4 APPPATH\Controllers\MyProcurement.php(165): view('procurement/pr/pr-main', [...])
 5 APPPATH\Controllers\MyProcurement.php(28): App\Controllers\MyProcurement->loadPRView()
 6 SYSTEMPATH\CodeIgniter.php(933): App\Controllers\MyProcurement->index()
 7 SYSTEMPATH\CodeIgniter.php(507): CodeIgniter\CodeIgniter->runController(Object(App\Controllers\MyProcurement))
 8 SYSTEMPATH\CodeIgniter.php(354): CodeIgniter\CodeIgniter->handleRequest(null, Object(Config\Cache), false)
 9 SYSTEMPATH\Boot.php(334): CodeIgniter\CodeIgniter->run()
10 SYSTEMPATH\Boot.php(67): CodeIgniter\Boot::runCodeIgniter(Object(CodeIgniter\CodeIgniter))
11 FCPATH\index.php(56): CodeIgniter\Boot::bootWeb(Object(Config\Paths))
CRITICAL - 2025-10-17 11:24:21 --> ErrorException: Undefined array key "recid"
[Method: GET, Route: myprocurement]
in APPPATH\Views\procurement\pr\pr-main.php on line 371.
 1 APPPATH\Views\procurement\pr\pr-main.php(371): CodeIgniter\Debug\Exceptions->errorHandler(2, 'Undefined array key "recid"', 'C:\\xampp\\htdocs\\fods\\app\\Views\\procurement\\pr\\pr-main.php', 371)
 2 SYSTEMPATH\View\View.php(224): include('C:\\xampp\\htdocs\\fods\\app\\Views\\procurement\\pr\\pr-main.php')
 3 SYSTEMPATH\View\View.php(227): CodeIgniter\View\View->CodeIgniter\View\{closure}()
 4 SYSTEMPATH\Common.php(1173): CodeIgniter\View\View->render('procurement/pr/pr-main', [], true)
 5 APPPATH\Controllers\MyProcurement.php(165): view('procurement/pr/pr-main', [...])
 6 APPPATH\Controllers\MyProcurement.php(28): App\Controllers\MyProcurement->loadPRView()
 7 SYSTEMPATH\CodeIgniter.php(933): App\Controllers\MyProcurement->index()
 8 SYSTEMPATH\CodeIgniter.php(507): CodeIgniter\CodeIgniter->runController(Object(App\Controllers\MyProcurement))
 9 SYSTEMPATH\CodeIgniter.php(354): CodeIgniter\CodeIgniter->handleRequest(null, Object(Config\Cache), false)
10 SYSTEMPATH\Boot.php(334): CodeIgniter\CodeIgniter->run()
11 SYSTEMPATH\Boot.php(67): CodeIgniter\Boot::runCodeIgniter(Object(CodeIgniter\CodeIgniter))
12 FCPATH\index.php(56): CodeIgniter\Boot::bootWeb(Object(Config\Paths))
CRITICAL - 2025-10-17 11:24:44 --> ErrorException: Undefined array key "quotation_no"
[Method: GET, Route: myprocurement]
in APPPATH\Views\procurement\pr\pr-main.php on line 370.
 1 APPPATH\Views\procurement\pr\pr-main.php(370): CodeIgniter\Debug\Exceptions->errorHandler(2, 'Undefined array key "quotation_no"', 'C:\\xampp\\htdocs\\fods\\app\\Views\\procurement\\pr\\pr-main.php', 370)
 2 SYSTEMPATH\View\View.php(224): include('C:\\xampp\\htdocs\\fods\\app\\Views\\procurement\\pr\\pr-main.php')
 3 SYSTEMPATH\View\View.php(227): CodeIgniter\View\View->CodeIgniter\View\{closure}()
 4 SYSTEMPATH\Common.php(1173): CodeIgniter\View\View->render('procurement/pr/pr-main', [], true)
 5 APPPATH\Controllers\MyProcurement.php(165): view('procurement/pr/pr-main', [...])
 6 APPPATH\Controllers\MyProcurement.php(28): App\Controllers\MyProcurement->loadPRView()
 7 SYSTEMPATH\CodeIgniter.php(933): App\Controllers\MyProcurement->index()
 8 SYSTEMPATH\CodeIgniter.php(507): CodeIgniter\CodeIgniter->runController(Object(App\Controllers\MyProcurement))
 9 SYSTEMPATH\CodeIgniter.php(354): CodeIgniter\CodeIgniter->handleRequest(null, Object(Config\Cache), false)
10 SYSTEMPATH\Boot.php(334): CodeIgniter\CodeIgniter->run()
11 SYSTEMPATH\Boot.php(67): CodeIgniter\Boot::runCodeIgniter(Object(CodeIgniter\CodeIgniter))
12 FCPATH\index.php(56): CodeIgniter\Boot::bootWeb(Object(Config\Paths))
CRITICAL - 2025-10-17 11:27:57 --> ErrorException: Undefined array key "quotation_no"
[Method: GET, Route: myprocurement]
in APPPATH\Views\procurement\pr\pr-main.php on line 370.
 1 APPPATH\Views\procurement\pr\pr-main.php(370): CodeIgniter\Debug\Exceptions->errorHandler(2, 'Undefined array key "quotation_no"', 'C:\\xampp\\htdocs\\fods\\app\\Views\\procurement\\pr\\pr-main.php', 370)
 2 SYSTEMPATH\View\View.php(224): include('C:\\xampp\\htdocs\\fods\\app\\Views\\procurement\\pr\\pr-main.php')
 3 SYSTEMPATH\View\View.php(227): CodeIgniter\View\View->CodeIgniter\View\{closure}()
 4 SYSTEMPATH\Common.php(1173): CodeIgniter\View\View->render('procurement/pr/pr-main', [], true)
 5 APPPATH\Controllers\MyProcurement.php(165): view('procurement/pr/pr-main', [...])
 6 APPPATH\Controllers\MyProcurement.php(28): App\Controllers\MyProcurement->loadPRView()
 7 SYSTEMPATH\CodeIgniter.php(933): App\Controllers\MyProcurement->index()
 8 SYSTEMPATH\CodeIgniter.php(507): CodeIgniter\CodeIgniter->runController(Object(App\Controllers\MyProcurement))
 9 SYSTEMPATH\CodeIgniter.php(354): CodeIgniter\CodeIgniter->handleRequest(null, Object(Config\Cache), false)
10 SYSTEMPATH\Boot.php(334): CodeIgniter\CodeIgniter->run()
11 SYSTEMPATH\Boot.php(67): CodeIgniter\Boot::runCodeIgniter(Object(CodeIgniter\CodeIgniter))
12 FCPATH\index.php(56): CodeIgniter\Boot::bootWeb(Object(Config\Paths))
CRITICAL - 2025-10-17 13:04:50 --> ErrorException: Trying to access array offset on value of type null
[Method: GET, Route: myprocurement]
in APPPATH\Views\procurement\pr\rfq-pdf.php on line 31.
 1 APPPATH\Views\procurement\pr\rfq-pdf.php(31): CodeIgniter\Debug\Exceptions->errorHandler(2, 'Trying to access array offset on value of type null', 'C:\\xampp\\htdocs\\fods\\app\\Views\\procurement\\pr\\rfq-pdf.php', 31)
 2 SYSTEMPATH\View\View.php(224): include('C:\\xampp\\htdocs\\fods\\app\\Views\\procurement\\pr\\rfq-pdf.php')
 3 SYSTEMPATH\View\View.php(227): CodeIgniter\View\View->CodeIgniter\View\{closure}()
 4 SYSTEMPATH\Common.php(1173): CodeIgniter\View\View->render('procurement/pr/rfq-pdf', [], true)
 5 APPPATH\Controllers\MyProcurement.php(39): view('procurement/pr/rfq-pdf')
 6 SYSTEMPATH\CodeIgniter.php(933): App\Controllers\MyProcurement->index()
 7 SYSTEMPATH\CodeIgniter.php(507): CodeIgniter\CodeIgniter->runController(Object(App\Controllers\MyProcurement))
 8 SYSTEMPATH\CodeIgniter.php(354): CodeIgniter\CodeIgniter->handleRequest(null, Object(Config\Cache), false)
 9 SYSTEMPATH\Boot.php(334): CodeIgniter\CodeIgniter->run()
10 SYSTEMPATH\Boot.php(67): CodeIgniter\Boot::runCodeIgniter(Object(CodeIgniter\CodeIgniter))
11 FCPATH\index.php(56): CodeIgniter\Boot::bootWeb(Object(Config\Paths))
CRITICAL - 2025-10-17 13:05:19 --> ErrorException: Trying to access array offset on value of type null
[Method: GET, Route: myprocurement]
in APPPATH\Views\procurement\pr\rfq-pdf.php on line 31.
 1 APPPATH\Views\procurement\pr\rfq-pdf.php(31): CodeIgniter\Debug\Exceptions->errorHandler(2, 'Trying to access array offset on value of type null', 'C:\\xampp\\htdocs\\fods\\app\\Views\\procurement\\pr\\rfq-pdf.php', 31)
 2 SYSTEMPATH\View\View.php(224): include('C:\\xampp\\htdocs\\fods\\app\\Views\\procurement\\pr\\rfq-pdf.php')
 3 SYSTEMPATH\View\View.php(227): CodeIgniter\View\View->CodeIgniter\View\{closure}()
 4 SYSTEMPATH\Common.php(1173): CodeIgniter\View\View->render('procurement/pr/rfq-pdf', [], true)
 5 APPPATH\Controllers\MyProcurement.php(39): view('procurement/pr/rfq-pdf')
 6 SYSTEMPATH\CodeIgniter.php(933): App\Controllers\MyProcurement->index()
 7 SYSTEMPATH\CodeIgniter.php(507): CodeIgniter\CodeIgniter->runController(Object(App\Controllers\MyProcurement))
 8 SYSTEMPATH\CodeIgniter.php(354): CodeIgniter\CodeIgniter->handleRequest(null, Object(Config\Cache), false)
 9 SYSTEMPATH\Boot.php(334): CodeIgniter\CodeIgniter->run()
10 SYSTEMPATH\Boot.php(67): CodeIgniter\Boot::runCodeIgniter(Object(CodeIgniter\CodeIgniter))
11 FCPATH\index.php(56): CodeIgniter\Boot::bootWeb(Object(Config\Paths))
CRITICAL - 2025-10-17 13:18:53 --> ErrorException: Undefined array key "rfq_recid"
[Method: GET, Route: myprocurement]
in APPPATH\Views\procurement\pr\pr-main.php on line 372.
 1 APPPATH\Views\procurement\pr\pr-main.php(372): CodeIgniter\Debug\Exceptions->errorHandler(2, 'Undefined array key "rfq_recid"', 'C:\\xampp\\htdocs\\fods\\app\\Views\\procurement\\pr\\pr-main.php', 372)
 2 SYSTEMPATH\View\View.php(224): include('C:\\xampp\\htdocs\\fods\\app\\Views\\procurement\\pr\\pr-main.php')
 3 SYSTEMPATH\View\View.php(227): CodeIgniter\View\View->CodeIgniter\View\{closure}()
 4 SYSTEMPATH\Common.php(1173): CodeIgniter\View\View->render('procurement/pr/pr-main', [], true)
 5 APPPATH\Controllers\MyProcurement.php(165): view('procurement/pr/pr-main', [...])
 6 APPPATH\Controllers\MyProcurement.php(28): App\Controllers\MyProcurement->loadPRView()
 7 SYSTEMPATH\CodeIgniter.php(933): App\Controllers\MyProcurement->index()
 8 SYSTEMPATH\CodeIgniter.php(507): CodeIgniter\CodeIgniter->runController(Object(App\Controllers\MyProcurement))
 9 SYSTEMPATH\CodeIgniter.php(354): CodeIgniter\CodeIgniter->handleRequest(null, Object(Config\Cache), false)
10 SYSTEMPATH\Boot.php(334): CodeIgniter\CodeIgniter->run()
11 SYSTEMPATH\Boot.php(67): CodeIgniter\Boot::runCodeIgniter(Object(CodeIgniter\CodeIgniter))
12 FCPATH\index.php(56): CodeIgniter\Boot::bootWeb(Object(Config\Paths))
CRITICAL - 2025-10-17 14:04:45 --> ErrorException: Undefined property: CodeIgniter\View\View::$session
[Method: GET, Route: myprocurement]
in APPPATH\Views\procurement\pr\pr-main.php on line 6.
 1 APPPATH\Views\procurement\pr\pr-main.php(6): CodeIgniter\Debug\Exceptions->errorHandler(2, 'Undefined property: CodeIgniter\\View\\View::$session', 'C:\\xampp\\htdocs\\fods\\app\\Views\\procurement\\pr\\pr-main.php', 6)
 2 SYSTEMPATH\View\View.php(224): include('C:\\xampp\\htdocs\\fods\\app\\Views\\procurement\\pr\\pr-main.php')
 3 SYSTEMPATH\View\View.php(227): CodeIgniter\View\View->CodeIgniter\View\{closure}()
 4 SYSTEMPATH\Common.php(1173): CodeIgniter\View\View->render('procurement/pr/pr-main', [], true)
 5 APPPATH\Controllers\MyProcurement.php(165): view('procurement/pr/pr-main', [...])
 6 APPPATH\Controllers\MyProcurement.php(28): App\Controllers\MyProcurement->loadPRView()
 7 SYSTEMPATH\CodeIgniter.php(933): App\Controllers\MyProcurement->index()
 8 SYSTEMPATH\CodeIgniter.php(507): CodeIgniter\CodeIgniter->runController(Object(App\Controllers\MyProcurement))
 9 SYSTEMPATH\CodeIgniter.php(354): CodeIgniter\CodeIgniter->handleRequest(null, Object(Config\Cache), false)
10 SYSTEMPATH\Boot.php(334): CodeIgniter\CodeIgniter->run()
11 SYSTEMPATH\Boot.php(67): CodeIgniter\Boot::runCodeIgniter(Object(CodeIgniter\CodeIgniter))
12 FCPATH\index.php(56): CodeIgniter\Boot::bootWeb(Object(Config\Paths))
CRITICAL - 2025-10-17 14:04:52 --> ErrorException: Undefined property: CodeIgniter\View\View::$session
[Method: GET, Route: myprocurement]
in APPPATH\Views\procurement\pr\pr-main.php on line 6.
 1 APPPATH\Views\procurement\pr\pr-main.php(6): CodeIgniter\Debug\Exceptions->errorHandler(2, 'Undefined property: CodeIgniter\\View\\View::$session', 'C:\\xampp\\htdocs\\fods\\app\\Views\\procurement\\pr\\pr-main.php', 6)
 2 SYSTEMPATH\View\View.php(224): include('C:\\xampp\\htdocs\\fods\\app\\Views\\procurement\\pr\\pr-main.php')
 3 SYSTEMPATH\View\View.php(227): CodeIgniter\View\View->CodeIgniter\View\{closure}()
 4 SYSTEMPATH\Common.php(1173): CodeIgniter\View\View->render('procurement/pr/pr-main', [], true)
 5 APPPATH\Controllers\MyProcurement.php(165): view('procurement/pr/pr-main', [...])
 6 APPPATH\Controllers\MyProcurement.php(28): App\Controllers\MyProcurement->loadPRView()
 7 SYSTEMPATH\CodeIgniter.php(933): App\Controllers\MyProcurement->index()
 8 SYSTEMPATH\CodeIgniter.php(507): CodeIgniter\CodeIgniter->runController(Object(App\Controllers\MyProcurement))
 9 SYSTEMPATH\CodeIgniter.php(354): CodeIgniter\CodeIgniter->handleRequest(null, Object(Config\Cache), false)
10 SYSTEMPATH\Boot.php(334): CodeIgniter\CodeIgniter->run()
11 SYSTEMPATH\Boot.php(67): CodeIgniter\Boot::runCodeIgniter(Object(CodeIgniter\CodeIgniter))
12 FCPATH\index.php(56): CodeIgniter\Boot::bootWeb(Object(Config\Paths))
