CRITICAL - 2025-10-07 09:50:34 --> ErrorException: Undefined array key "estimated_amount"
[Method: GET, Route: myprocurement]
in APPPATH\Views\procurement\pr\pr-main.php on line 367.
 1 APPPATH\Views\procurement\pr\pr-main.php(367): CodeIgniter\Debug\Exceptions->errorHandler(2, 'Undefined array key "estimated_amount"', 'C:\\xampp\\htdocs\\fods\\app\\Views\\procurement\\pr\\pr-main.php', 367)
 2 SYSTEMPATH\View\View.php(224): include('C:\\xampp\\htdocs\\fods\\app\\Views\\procurement\\pr\\pr-main.php')
 3 SYSTEMPATH\View\View.php(227): CodeIgniter\View\View->CodeIgniter\View\{closure}()
 4 SYSTEMPATH\Common.php(1173): CodeIgniter\View\View->render('procurement/pr/pr-main', [], true)
 5 APPPATH\Controllers\MyProcurement.php(140): view('procurement/pr/pr-main', [...])
 6 APPPATH\Controllers\MyProcurement.php(22): App\Controllers\MyProcurement->loadPRView()
 7 SYSTEMPATH\CodeIgniter.php(933): App\Controllers\MyProcurement->index()
 8 SYSTEMPATH\CodeIgniter.php(507): CodeIgniter\CodeIgniter->runController(Object(App\Controllers\MyProcurement))
 9 SYSTEMPATH\CodeIgniter.php(354): CodeIgniter\CodeIgniter->handleRequest(null, Object(Config\Cache), false)
10 SYSTEMPATH\Boot.php(334): CodeIgniter\CodeIgniter->run()
11 SYSTEMPATH\Boot.php(67): CodeIgniter\Boot::runCodeIgniter(Object(CodeIgniter\CodeIgniter))
12 FCPATH\index.php(56): CodeIgniter\Boot::bootWeb(Object(Config\Paths))
CRITICAL - 2025-10-07 15:57:45 --> ErrorException: Undefined array key "item_desc"
[Method: GET, Route: myprocurement]
in APPPATH\Views\procurement\pr\pr-main.php on line 432.
 1 APPPATH\Views\procurement\pr\pr-main.php(432): CodeIgniter\Debug\Exceptions->errorHandler(2, 'Undefined array key "item_desc"', 'C:\\xampp\\htdocs\\fods\\app\\Views\\procurement\\pr\\pr-main.php', 432)
 2 SYSTEMPATH\View\View.php(224): include('C:\\xampp\\htdocs\\fods\\app\\Views\\procurement\\pr\\pr-main.php')
 3 SYSTEMPATH\View\View.php(227): CodeIgniter\View\View->CodeIgniter\View\{closure}()
 4 SYSTEMPATH\Common.php(1173): CodeIgniter\View\View->render('procurement/pr/pr-main', [], true)
 5 APPPATH\Controllers\MyProcurement.php(140): view('procurement/pr/pr-main', [...])
 6 APPPATH\Controllers\MyProcurement.php(22): App\Controllers\MyProcurement->loadPRView()
 7 SYSTEMPATH\CodeIgniter.php(933): App\Controllers\MyProcurement->index()
 8 SYSTEMPATH\CodeIgniter.php(507): CodeIgniter\CodeIgniter->runController(Object(App\Controllers\MyProcurement))
 9 SYSTEMPATH\CodeIgniter.php(354): CodeIgniter\CodeIgniter->handleRequest(null, Object(Config\Cache), false)
10 SYSTEMPATH\Boot.php(334): CodeIgniter\CodeIgniter->run()
11 SYSTEMPATH\Boot.php(67): CodeIgniter\Boot::runCodeIgniter(Object(CodeIgniter\CodeIgniter))
12 FCPATH\index.php(56): CodeIgniter\Boot::bootWeb(Object(Config\Paths))
CRITICAL - 2025-10-07 16:04:46 --> ErrorException: Undefined array key "item_desc"
[Method: GET, Route: myprocurement]
in APPPATH\Views\procurement\pr\pr-main.php on line 432.
 1 APPPATH\Views\procurement\pr\pr-main.php(432): CodeIgniter\Debug\Exceptions->errorHandler(2, 'Undefined array key "item_desc"', 'C:\\xampp\\htdocs\\fods\\app\\Views\\procurement\\pr\\pr-main.php', 432)
 2 SYSTEMPATH\View\View.php(224): include('C:\\xampp\\htdocs\\fods\\app\\Views\\procurement\\pr\\pr-main.php')
 3 SYSTEMPATH\View\View.php(227): CodeIgniter\View\View->CodeIgniter\View\{closure}()
 4 SYSTEMPATH\Common.php(1173): CodeIgniter\View\View->render('procurement/pr/pr-main', [], true)
 5 APPPATH\Controllers\MyProcurement.php(140): view('procurement/pr/pr-main', [...])
 6 APPPATH\Controllers\MyProcurement.php(22): App\Controllers\MyProcurement->loadPRView()
 7 SYSTEMPATH\CodeIgniter.php(933): App\Controllers\MyProcurement->index()
 8 SYSTEMPATH\CodeIgniter.php(507): CodeIgniter\CodeIgniter->runController(Object(App\Controllers\MyProcurement))
 9 SYSTEMPATH\CodeIgniter.php(354): CodeIgniter\CodeIgniter->handleRequest(null, Object(Config\Cache), false)
10 SYSTEMPATH\Boot.php(334): CodeIgniter\CodeIgniter->run()
11 SYSTEMPATH\Boot.php(67): CodeIgniter\Boot::runCodeIgniter(Object(CodeIgniter\CodeIgniter))
12 FCPATH\index.php(56): CodeIgniter\Boot::bootWeb(Object(Config\Paths))
CRITICAL - 2025-10-07 16:07:47 --> ErrorException: Undefined variable $productsdata
[Method: GET, Route: myprocurement]
in APPPATH\Views\procurement\pr\pr-main.php on line 431.
 1 APPPATH\Views\procurement\pr\pr-main.php(431): CodeIgniter\Debug\Exceptions->errorHandler(2, 'Undefined variable $productsdata', 'C:\\xampp\\htdocs\\fods\\app\\Views\\procurement\\pr\\pr-main.php', 431)
 2 SYSTEMPATH\View\View.php(224): include('C:\\xampp\\htdocs\\fods\\app\\Views\\procurement\\pr\\pr-main.php')
 3 SYSTEMPATH\View\View.php(227): CodeIgniter\View\View->CodeIgniter\View\{closure}()
 4 SYSTEMPATH\Common.php(1173): CodeIgniter\View\View->render('procurement/pr/pr-main', [], true)
 5 APPPATH\Controllers\MyProcurement.php(155): view('procurement/pr/pr-main', [...])
 6 APPPATH\Controllers\MyProcurement.php(22): App\Controllers\MyProcurement->loadPRView()
 7 SYSTEMPATH\CodeIgniter.php(933): App\Controllers\MyProcurement->index()
 8 SYSTEMPATH\CodeIgniter.php(507): CodeIgniter\CodeIgniter->runController(Object(App\Controllers\MyProcurement))
 9 SYSTEMPATH\CodeIgniter.php(354): CodeIgniter\CodeIgniter->handleRequest(null, Object(Config\Cache), false)
10 SYSTEMPATH\Boot.php(334): CodeIgniter\CodeIgniter->run()
11 SYSTEMPATH\Boot.php(67): CodeIgniter\Boot::runCodeIgniter(Object(CodeIgniter\CodeIgniter))
12 FCPATH\index.php(56): CodeIgniter\Boot::bootWeb(Object(Config\Paths))
