ERROR - 2025-09-03 09:26:07 --> mysqli_sql_exception: You have an error in your SQL syntax; check the manual that corresponds to your MariaDB server version for the right syntax to use near '2025-01-01' AND hd.`ors_date` < '2025-02-01
            ), 0) AS total_sub_m...' at line 12 in C:\xampp\htdocs\fods\system\Database\MySQLi\Connection.php:327
Stack trace:
#0 C:\xampp\htdocs\fods\system\Database\MySQLi\Connection.php(327): mysqli->query('\r\n        SELEC...', 0)
#1 C:\xampp\htdocs\fods\system\Database\BaseConnection.php(738): CodeIgniter\Database\MySQLi\Connection->execute('\r\n        SELEC...')
#2 C:\xampp\htdocs\fods\system\Database\BaseConnection.php(652): CodeIgniter\Database\BaseConnection->simpleQuery('\r\n        SELEC...')
#3 C:\xampp\htdocs\fods\app\Views\report\saob-pdf.php(319): CodeIgniter\Database\BaseConnection->query('\r\n        SELEC...')
#4 C:\xampp\htdocs\fods\system\View\View.php(224): include('C:\\xampp\\htdocs...')
#5 C:\xampp\htdocs\fods\system\View\View.php(227): CodeIgniter\View\View->CodeIgniter\View\{closure}()
#6 C:\xampp\htdocs\fods\system\Common.php(1173): CodeIgniter\View\View->render('report/saob-pdf', Array, true)
#7 C:\xampp\htdocs\fods\app\Controllers\MySaobReport.php(26): view('report/saob-pdf')
#8 C:\xampp\htdocs\fods\system\CodeIgniter.php(933): App\Controllers\MySaobReport->index()
#9 C:\xampp\htdocs\fods\system\CodeIgniter.php(507): CodeIgniter\CodeIgniter->runController(Object(App\Controllers\MySaobReport))
#10 C:\xampp\htdocs\fods\system\CodeIgniter.php(354): CodeIgniter\CodeIgniter->handleRequest(NULL, Object(Config\Cache), false)
#11 C:\xampp\htdocs\fods\system\Boot.php(334): CodeIgniter\CodeIgniter->run()
#12 C:\xampp\htdocs\fods\system\Boot.php(67): CodeIgniter\Boot::runCodeIgniter(Object(CodeIgniter\CodeIgniter))
#13 C:\xampp\htdocs\fods\public\index.php(56): CodeIgniter\Boot::bootWeb(Object(Config\Paths))
#14 {main}
CRITICAL - 2025-09-03 09:26:07 --> CodeIgniter\Database\Exceptions\DatabaseException: You have an error in your SQL syntax; check the manual that corresponds to your MariaDB server version for the right syntax to use near '2025-01-01' AND hd.`ors_date` < '2025-02-01
            ), 0) AS total_sub_m...' at line 12
[Method: GET, Route: mysaobrpt]
in SYSTEMPATH\Database\BaseConnection.php on line 692.
 1 APPPATH\Views\report\saob-pdf.php(319): CodeIgniter\Database\BaseConnection->query('
        SELECT
            u.allotment_class,
            b.object_code,
            b.particulars AS sub_object_code,
            b.code AS uacs_code,
            b.approved_budget,
            COALESCE((
                SELECT SUM(amount) 
                FROM tbl_ors_direct_ps_dt d 
                JOIN
                tbl_ors_hd hd ON d.`project_id` = hd.`recid`
                WHERE d.sub_object_code = b.particulars AND hd.`ors_date` >= \'2025-01-01\' AND hd.`ors_date` < \'2025-02-01
            ), 0) + COALESCE((
                SELECT SUM(amount) 
                FROM tbl_ors_indirect_ps_dt i 
                JOIN
                tbl_ors_hd hd ON i.`project_id` = hd.`recid`
                WHERE i.sub_object_code = b.particulars AND hd.`ors_date` >= \'2025-01-01\' AND hd.`ors_date` < \'2025-02-01
            ), 0) AS total_sub_month
        FROM 
            tbl_saob_ps_dt AS b
        LEFT JOIN 
            mst_uacs AS u ON b.code = u.uacs_code
        WHERE 
            b.project_id = \'39\'
        ORDER BY 
            b.recid, b.particulars;

    ')
 2 SYSTEMPATH\View\View.php(224): include('C:\\xampp\\htdocs\\fods\\app\\Views\\report\\saob-pdf.php')
 3 SYSTEMPATH\View\View.php(227): CodeIgniter\View\View->CodeIgniter\View\{closure}()
 4 SYSTEMPATH\Common.php(1173): CodeIgniter\View\View->render('report/saob-pdf', [], true)
 5 APPPATH\Controllers\MySaobReport.php(26): view('report/saob-pdf')
 6 SYSTEMPATH\CodeIgniter.php(933): App\Controllers\MySaobReport->index()
 7 SYSTEMPATH\CodeIgniter.php(507): CodeIgniter\CodeIgniter->runController(Object(App\Controllers\MySaobReport))
 8 SYSTEMPATH\CodeIgniter.php(354): CodeIgniter\CodeIgniter->handleRequest(null, Object(Config\Cache), false)
 9 SYSTEMPATH\Boot.php(334): CodeIgniter\CodeIgniter->run()
10 SYSTEMPATH\Boot.php(67): CodeIgniter\Boot::runCodeIgniter(Object(CodeIgniter\CodeIgniter))
11 FCPATH\index.php(56): CodeIgniter\Boot::bootWeb(Object(Config\Paths))
CRITICAL - 2025-09-03 09:26:07 --> [Caused by] CodeIgniter\Database\Exceptions\DatabaseException: You have an error in your SQL syntax; check the manual that corresponds to your MariaDB server version for the right syntax to use near '2025-01-01' AND hd.`ors_date` < '2025-02-01
            ), 0) AS total_sub_m...' at line 12
in SYSTEMPATH\Database\MySQLi\Connection.php on line 332.
 1 SYSTEMPATH\Database\BaseConnection.php(738): CodeIgniter\Database\MySQLi\Connection->execute('
        SELECT
            u.allotment_class,
            b.object_code,
            b.particulars AS sub_object_code,
            b.code AS uacs_code,
            b.approved_budget,
            COALESCE((
                SELECT SUM(amount) 
                FROM tbl_ors_direct_ps_dt d 
                JOIN
                tbl_ors_hd hd ON d.`project_id` = hd.`recid`
                WHERE d.sub_object_code = b.particulars AND hd.`ors_date` >= \'2025-01-01\' AND hd.`ors_date` < \'2025-02-01
            ), 0) + COALESCE((
                SELECT SUM(amount) 
                FROM tbl_ors_indirect_ps_dt i 
                JOIN
                tbl_ors_hd hd ON i.`project_id` = hd.`recid`
                WHERE i.sub_object_code = b.particulars AND hd.`ors_date` >= \'2025-01-01\' AND hd.`ors_date` < \'2025-02-01
            ), 0) AS total_sub_month
        FROM 
            tbl_saob_ps_dt AS b
        LEFT JOIN 
            mst_uacs AS u ON b.code = u.uacs_code
        WHERE 
            b.project_id = \'39\'
        ORDER BY 
            b.recid, b.particulars;

    ')
 2 SYSTEMPATH\Database\BaseConnection.php(652): CodeIgniter\Database\BaseConnection->simpleQuery('
        SELECT
            u.allotment_class,
            b.object_code,
            b.particulars AS sub_object_code,
            b.code AS uacs_code,
            b.approved_budget,
            COALESCE((
                SELECT SUM(amount) 
                FROM tbl_ors_direct_ps_dt d 
                JOIN
                tbl_ors_hd hd ON d.`project_id` = hd.`recid`
                WHERE d.sub_object_code = b.particulars AND hd.`ors_date` >= \'2025-01-01\' AND hd.`ors_date` < \'2025-02-01
            ), 0) + COALESCE((
                SELECT SUM(amount) 
                FROM tbl_ors_indirect_ps_dt i 
                JOIN
                tbl_ors_hd hd ON i.`project_id` = hd.`recid`
                WHERE i.sub_object_code = b.particulars AND hd.`ors_date` >= \'2025-01-01\' AND hd.`ors_date` < \'2025-02-01
            ), 0) AS total_sub_month
        FROM 
            tbl_saob_ps_dt AS b
        LEFT JOIN 
            mst_uacs AS u ON b.code = u.uacs_code
        WHERE 
            b.project_id = \'39\'
        ORDER BY 
            b.recid, b.particulars;

    ')
 3 APPPATH\Views\report\saob-pdf.php(319): CodeIgniter\Database\BaseConnection->query('
        SELECT
            u.allotment_class,
            b.object_code,
            b.particulars AS sub_object_code,
            b.code AS uacs_code,
            b.approved_budget,
            COALESCE((
                SELECT SUM(amount) 
                FROM tbl_ors_direct_ps_dt d 
                JOIN
                tbl_ors_hd hd ON d.`project_id` = hd.`recid`
                WHERE d.sub_object_code = b.particulars AND hd.`ors_date` >= \'2025-01-01\' AND hd.`ors_date` < \'2025-02-01
            ), 0) + COALESCE((
                SELECT SUM(amount) 
                FROM tbl_ors_indirect_ps_dt i 
                JOIN
                tbl_ors_hd hd ON i.`project_id` = hd.`recid`
                WHERE i.sub_object_code = b.particulars AND hd.`ors_date` >= \'2025-01-01\' AND hd.`ors_date` < \'2025-02-01
            ), 0) AS total_sub_month
        FROM 
            tbl_saob_ps_dt AS b
        LEFT JOIN 
            mst_uacs AS u ON b.code = u.uacs_code
        WHERE 
            b.project_id = \'39\'
        ORDER BY 
            b.recid, b.particulars;

    ')
 4 SYSTEMPATH\View\View.php(224): include('C:\\xampp\\htdocs\\fods\\app\\Views\\report\\saob-pdf.php')
 5 SYSTEMPATH\View\View.php(227): CodeIgniter\View\View->CodeIgniter\View\{closure}()
 6 SYSTEMPATH\Common.php(1173): CodeIgniter\View\View->render('report/saob-pdf', [], true)
 7 APPPATH\Controllers\MySaobReport.php(26): view('report/saob-pdf')
 8 SYSTEMPATH\CodeIgniter.php(933): App\Controllers\MySaobReport->index()
 9 SYSTEMPATH\CodeIgniter.php(507): CodeIgniter\CodeIgniter->runController(Object(App\Controllers\MySaobReport))
10 SYSTEMPATH\CodeIgniter.php(354): CodeIgniter\CodeIgniter->handleRequest(null, Object(Config\Cache), false)
11 SYSTEMPATH\Boot.php(334): CodeIgniter\CodeIgniter->run()
12 SYSTEMPATH\Boot.php(67): CodeIgniter\Boot::runCodeIgniter(Object(CodeIgniter\CodeIgniter))
13 FCPATH\index.php(56): CodeIgniter\Boot::bootWeb(Object(Config\Paths))
CRITICAL - 2025-09-03 09:26:07 --> [Caused by] mysqli_sql_exception: You have an error in your SQL syntax; check the manual that corresponds to your MariaDB server version for the right syntax to use near '2025-01-01' AND hd.`ors_date` < '2025-02-01
            ), 0) AS total_sub_m...' at line 12
in SYSTEMPATH\Database\MySQLi\Connection.php on line 327.
 1 SYSTEMPATH\Database\MySQLi\Connection.php(327): mysqli->query('
        SELECT
            u.allotment_class,
            b.object_code,
            b.particulars AS sub_object_code,
            b.code AS uacs_code,
            b.approved_budget,
            COALESCE((
                SELECT SUM(amount) 
                FROM tbl_ors_direct_ps_dt d 
                JOIN
                tbl_ors_hd hd ON d.`project_id` = hd.`recid`
                WHERE d.sub_object_code = b.particulars AND hd.`ors_date` >= \'2025-01-01\' AND hd.`ors_date` < \'2025-02-01
            ), 0) + COALESCE((
                SELECT SUM(amount) 
                FROM tbl_ors_indirect_ps_dt i 
                JOIN
                tbl_ors_hd hd ON i.`project_id` = hd.`recid`
                WHERE i.sub_object_code = b.particulars AND hd.`ors_date` >= \'2025-01-01\' AND hd.`ors_date` < \'2025-02-01
            ), 0) AS total_sub_month
        FROM 
            tbl_saob_ps_dt AS b
        LEFT JOIN 
            mst_uacs AS u ON b.code = u.uacs_code
        WHERE 
            b.project_id = \'39\'
        ORDER BY 
            b.recid, b.particulars;

    ', 0)
 2 SYSTEMPATH\Database\BaseConnection.php(738): CodeIgniter\Database\MySQLi\Connection->execute('
        SELECT
            u.allotment_class,
            b.object_code,
            b.particulars AS sub_object_code,
            b.code AS uacs_code,
            b.approved_budget,
            COALESCE((
                SELECT SUM(amount) 
                FROM tbl_ors_direct_ps_dt d 
                JOIN
                tbl_ors_hd hd ON d.`project_id` = hd.`recid`
                WHERE d.sub_object_code = b.particulars AND hd.`ors_date` >= \'2025-01-01\' AND hd.`ors_date` < \'2025-02-01
            ), 0) + COALESCE((
                SELECT SUM(amount) 
                FROM tbl_ors_indirect_ps_dt i 
                JOIN
                tbl_ors_hd hd ON i.`project_id` = hd.`recid`
                WHERE i.sub_object_code = b.particulars AND hd.`ors_date` >= \'2025-01-01\' AND hd.`ors_date` < \'2025-02-01
            ), 0) AS total_sub_month
        FROM 
            tbl_saob_ps_dt AS b
        LEFT JOIN 
            mst_uacs AS u ON b.code = u.uacs_code
        WHERE 
            b.project_id = \'39\'
        ORDER BY 
            b.recid, b.particulars;

    ')
 3 SYSTEMPATH\Database\BaseConnection.php(652): CodeIgniter\Database\BaseConnection->simpleQuery('
        SELECT
            u.allotment_class,
            b.object_code,
            b.particulars AS sub_object_code,
            b.code AS uacs_code,
            b.approved_budget,
            COALESCE((
                SELECT SUM(amount) 
                FROM tbl_ors_direct_ps_dt d 
                JOIN
                tbl_ors_hd hd ON d.`project_id` = hd.`recid`
                WHERE d.sub_object_code = b.particulars AND hd.`ors_date` >= \'2025-01-01\' AND hd.`ors_date` < \'2025-02-01
            ), 0) + COALESCE((
                SELECT SUM(amount) 
                FROM tbl_ors_indirect_ps_dt i 
                JOIN
                tbl_ors_hd hd ON i.`project_id` = hd.`recid`
                WHERE i.sub_object_code = b.particulars AND hd.`ors_date` >= \'2025-01-01\' AND hd.`ors_date` < \'2025-02-01
            ), 0) AS total_sub_month
        FROM 
            tbl_saob_ps_dt AS b
        LEFT JOIN 
            mst_uacs AS u ON b.code = u.uacs_code
        WHERE 
            b.project_id = \'39\'
        ORDER BY 
            b.recid, b.particulars;

    ')
 4 APPPATH\Views\report\saob-pdf.php(319): CodeIgniter\Database\BaseConnection->query('
        SELECT
            u.allotment_class,
            b.object_code,
            b.particulars AS sub_object_code,
            b.code AS uacs_code,
            b.approved_budget,
            COALESCE((
                SELECT SUM(amount) 
                FROM tbl_ors_direct_ps_dt d 
                JOIN
                tbl_ors_hd hd ON d.`project_id` = hd.`recid`
                WHERE d.sub_object_code = b.particulars AND hd.`ors_date` >= \'2025-01-01\' AND hd.`ors_date` < \'2025-02-01
            ), 0) + COALESCE((
                SELECT SUM(amount) 
                FROM tbl_ors_indirect_ps_dt i 
                JOIN
                tbl_ors_hd hd ON i.`project_id` = hd.`recid`
                WHERE i.sub_object_code = b.particulars AND hd.`ors_date` >= \'2025-01-01\' AND hd.`ors_date` < \'2025-02-01
            ), 0) AS total_sub_month
        FROM 
            tbl_saob_ps_dt AS b
        LEFT JOIN 
            mst_uacs AS u ON b.code = u.uacs_code
        WHERE 
            b.project_id = \'39\'
        ORDER BY 
            b.recid, b.particulars;

    ')
 5 SYSTEMPATH\View\View.php(224): include('C:\\xampp\\htdocs\\fods\\app\\Views\\report\\saob-pdf.php')
 6 SYSTEMPATH\View\View.php(227): CodeIgniter\View\View->CodeIgniter\View\{closure}()
 7 SYSTEMPATH\Common.php(1173): CodeIgniter\View\View->render('report/saob-pdf', [], true)
 8 APPPATH\Controllers\MySaobReport.php(26): view('report/saob-pdf')
 9 SYSTEMPATH\CodeIgniter.php(933): App\Controllers\MySaobReport->index()
10 SYSTEMPATH\CodeIgniter.php(507): CodeIgniter\CodeIgniter->runController(Object(App\Controllers\MySaobReport))
11 SYSTEMPATH\CodeIgniter.php(354): CodeIgniter\CodeIgniter->handleRequest(null, Object(Config\Cache), false)
12 SYSTEMPATH\Boot.php(334): CodeIgniter\CodeIgniter->run()
13 SYSTEMPATH\Boot.php(67): CodeIgniter\Boot::runCodeIgniter(Object(CodeIgniter\CodeIgniter))
14 FCPATH\index.php(56): CodeIgniter\Boot::bootWeb(Object(Config\Paths))
ERROR - 2025-09-03 09:36:32 --> mysqli_sql_exception: Unknown column 'idps' in 'field list' in C:\xampp\htdocs\fods\system\Database\MySQLi\Connection.php:327
Stack trace:
#0 C:\xampp\htdocs\fods\system\Database\MySQLi\Connection.php(327): mysqli->query('\r\n            S...', 0)
#1 C:\xampp\htdocs\fods\system\Database\BaseConnection.php(738): CodeIgniter\Database\MySQLi\Connection->execute('\r\n            S...')
#2 C:\xampp\htdocs\fods\system\Database\BaseConnection.php(652): CodeIgniter\Database\BaseConnection->simpleQuery('\r\n            S...')
#3 C:\xampp\htdocs\fods\app\Views\report\saob-pdf.php(399): CodeIgniter\Database\BaseConnection->query('\r\n            S...')
#4 C:\xampp\htdocs\fods\system\View\View.php(224): include('C:\\xampp\\htdocs...')
#5 C:\xampp\htdocs\fods\system\View\View.php(227): CodeIgniter\View\View->CodeIgniter\View\{closure}()
#6 C:\xampp\htdocs\fods\system\Common.php(1173): CodeIgniter\View\View->render('report/saob-pdf', Array, true)
#7 C:\xampp\htdocs\fods\app\Controllers\MySaobReport.php(26): view('report/saob-pdf')
#8 C:\xampp\htdocs\fods\system\CodeIgniter.php(933): App\Controllers\MySaobReport->index()
#9 C:\xampp\htdocs\fods\system\CodeIgniter.php(507): CodeIgniter\CodeIgniter->runController(Object(App\Controllers\MySaobReport))
#10 C:\xampp\htdocs\fods\system\CodeIgniter.php(354): CodeIgniter\CodeIgniter->handleRequest(NULL, Object(Config\Cache), false)
#11 C:\xampp\htdocs\fods\system\Boot.php(334): CodeIgniter\CodeIgniter->run()
#12 C:\xampp\htdocs\fods\system\Boot.php(67): CodeIgniter\Boot::runCodeIgniter(Object(CodeIgniter\CodeIgniter))
#13 C:\xampp\htdocs\fods\public\index.php(56): CodeIgniter\Boot::bootWeb(Object(Config\Paths))
#14 {main}
CRITICAL - 2025-09-03 09:36:32 --> CodeIgniter\Database\Exceptions\DatabaseException: Unknown column 'idps' in 'field list'
[Method: GET, Route: mysaobrpt]
in SYSTEMPATH\Database\BaseConnection.php on line 692.
 1 APPPATH\Views\report\saob-pdf.php(399): CodeIgniter\Database\BaseConnection->query('
            SELECT COALESCE(SUM(amount),0) AS total_amount  
            FROM (
                SELECT dps.`amount` FROM tbl_ors_direct_ps_dt dps JOIN tbl_ors_hd hd on dps.`project_id` = hd.`recid` WHERE dps.`sub_object_code` = \'Basic Salary - Civilian\' AND hd.`ors_date` >= \'2025-01-01\' AND hd.`ors_date` < \'2025-02-01\'
                UNION ALL
                SELECT idps`amount` FROM tbl_ors_indirect_ps_dt idps JOIN tbl_ors_hd hd on dps.`project_id` = hd.`recid` WHERE idps.`sub_object_code` = \'Basic Salary - Civilian\' AND hd.`ors_date` >= \'2025-01-01\' AND hd.`ors_date` < \'2025-02-01\'
            ) AS combined
        ')
 2 SYSTEMPATH\View\View.php(224): include('C:\\xampp\\htdocs\\fods\\app\\Views\\report\\saob-pdf.php')
 3 SYSTEMPATH\View\View.php(227): CodeIgniter\View\View->CodeIgniter\View\{closure}()
 4 SYSTEMPATH\Common.php(1173): CodeIgniter\View\View->render('report/saob-pdf', [], true)
 5 APPPATH\Controllers\MySaobReport.php(26): view('report/saob-pdf')
 6 SYSTEMPATH\CodeIgniter.php(933): App\Controllers\MySaobReport->index()
 7 SYSTEMPATH\CodeIgniter.php(507): CodeIgniter\CodeIgniter->runController(Object(App\Controllers\MySaobReport))
 8 SYSTEMPATH\CodeIgniter.php(354): CodeIgniter\CodeIgniter->handleRequest(null, Object(Config\Cache), false)
 9 SYSTEMPATH\Boot.php(334): CodeIgniter\CodeIgniter->run()
10 SYSTEMPATH\Boot.php(67): CodeIgniter\Boot::runCodeIgniter(Object(CodeIgniter\CodeIgniter))
11 FCPATH\index.php(56): CodeIgniter\Boot::bootWeb(Object(Config\Paths))
CRITICAL - 2025-09-03 09:36:32 --> [Caused by] CodeIgniter\Database\Exceptions\DatabaseException: Unknown column 'idps' in 'field list'
in SYSTEMPATH\Database\MySQLi\Connection.php on line 332.
 1 SYSTEMPATH\Database\BaseConnection.php(738): CodeIgniter\Database\MySQLi\Connection->execute('
            SELECT COALESCE(SUM(amount),0) AS total_amount  
            FROM (
                SELECT dps.`amount` FROM tbl_ors_direct_ps_dt dps JOIN tbl_ors_hd hd on dps.`project_id` = hd.`recid` WHERE dps.`sub_object_code` = \'Basic Salary - Civilian\' AND hd.`ors_date` >= \'2025-01-01\' AND hd.`ors_date` < \'2025-02-01\'
                UNION ALL
                SELECT idps`amount` FROM tbl_ors_indirect_ps_dt idps JOIN tbl_ors_hd hd on dps.`project_id` = hd.`recid` WHERE idps.`sub_object_code` = \'Basic Salary - Civilian\' AND hd.`ors_date` >= \'2025-01-01\' AND hd.`ors_date` < \'2025-02-01\'
            ) AS combined
        ')
 2 SYSTEMPATH\Database\BaseConnection.php(652): CodeIgniter\Database\BaseConnection->simpleQuery('
            SELECT COALESCE(SUM(amount),0) AS total_amount  
            FROM (
                SELECT dps.`amount` FROM tbl_ors_direct_ps_dt dps JOIN tbl_ors_hd hd on dps.`project_id` = hd.`recid` WHERE dps.`sub_object_code` = \'Basic Salary - Civilian\' AND hd.`ors_date` >= \'2025-01-01\' AND hd.`ors_date` < \'2025-02-01\'
                UNION ALL
                SELECT idps`amount` FROM tbl_ors_indirect_ps_dt idps JOIN tbl_ors_hd hd on dps.`project_id` = hd.`recid` WHERE idps.`sub_object_code` = \'Basic Salary - Civilian\' AND hd.`ors_date` >= \'2025-01-01\' AND hd.`ors_date` < \'2025-02-01\'
            ) AS combined
        ')
 3 APPPATH\Views\report\saob-pdf.php(399): CodeIgniter\Database\BaseConnection->query('
            SELECT COALESCE(SUM(amount),0) AS total_amount  
            FROM (
                SELECT dps.`amount` FROM tbl_ors_direct_ps_dt dps JOIN tbl_ors_hd hd on dps.`project_id` = hd.`recid` WHERE dps.`sub_object_code` = \'Basic Salary - Civilian\' AND hd.`ors_date` >= \'2025-01-01\' AND hd.`ors_date` < \'2025-02-01\'
                UNION ALL
                SELECT idps`amount` FROM tbl_ors_indirect_ps_dt idps JOIN tbl_ors_hd hd on dps.`project_id` = hd.`recid` WHERE idps.`sub_object_code` = \'Basic Salary - Civilian\' AND hd.`ors_date` >= \'2025-01-01\' AND hd.`ors_date` < \'2025-02-01\'
            ) AS combined
        ')
 4 SYSTEMPATH\View\View.php(224): include('C:\\xampp\\htdocs\\fods\\app\\Views\\report\\saob-pdf.php')
 5 SYSTEMPATH\View\View.php(227): CodeIgniter\View\View->CodeIgniter\View\{closure}()
 6 SYSTEMPATH\Common.php(1173): CodeIgniter\View\View->render('report/saob-pdf', [], true)
 7 APPPATH\Controllers\MySaobReport.php(26): view('report/saob-pdf')
 8 SYSTEMPATH\CodeIgniter.php(933): App\Controllers\MySaobReport->index()
 9 SYSTEMPATH\CodeIgniter.php(507): CodeIgniter\CodeIgniter->runController(Object(App\Controllers\MySaobReport))
10 SYSTEMPATH\CodeIgniter.php(354): CodeIgniter\CodeIgniter->handleRequest(null, Object(Config\Cache), false)
11 SYSTEMPATH\Boot.php(334): CodeIgniter\CodeIgniter->run()
12 SYSTEMPATH\Boot.php(67): CodeIgniter\Boot::runCodeIgniter(Object(CodeIgniter\CodeIgniter))
13 FCPATH\index.php(56): CodeIgniter\Boot::bootWeb(Object(Config\Paths))
CRITICAL - 2025-09-03 09:36:32 --> [Caused by] mysqli_sql_exception: Unknown column 'idps' in 'field list'
in SYSTEMPATH\Database\MySQLi\Connection.php on line 327.
 1 SYSTEMPATH\Database\MySQLi\Connection.php(327): mysqli->query('
            SELECT COALESCE(SUM(amount),0) AS total_amount  
            FROM (
                SELECT dps.`amount` FROM tbl_ors_direct_ps_dt dps JOIN tbl_ors_hd hd on dps.`project_id` = hd.`recid` WHERE dps.`sub_object_code` = \'Basic Salary - Civilian\' AND hd.`ors_date` >= \'2025-01-01\' AND hd.`ors_date` < \'2025-02-01\'
                UNION ALL
                SELECT idps`amount` FROM tbl_ors_indirect_ps_dt idps JOIN tbl_ors_hd hd on dps.`project_id` = hd.`recid` WHERE idps.`sub_object_code` = \'Basic Salary - Civilian\' AND hd.`ors_date` >= \'2025-01-01\' AND hd.`ors_date` < \'2025-02-01\'
            ) AS combined
        ', 0)
 2 SYSTEMPATH\Database\BaseConnection.php(738): CodeIgniter\Database\MySQLi\Connection->execute('
            SELECT COALESCE(SUM(amount),0) AS total_amount  
            FROM (
                SELECT dps.`amount` FROM tbl_ors_direct_ps_dt dps JOIN tbl_ors_hd hd on dps.`project_id` = hd.`recid` WHERE dps.`sub_object_code` = \'Basic Salary - Civilian\' AND hd.`ors_date` >= \'2025-01-01\' AND hd.`ors_date` < \'2025-02-01\'
                UNION ALL
                SELECT idps`amount` FROM tbl_ors_indirect_ps_dt idps JOIN tbl_ors_hd hd on dps.`project_id` = hd.`recid` WHERE idps.`sub_object_code` = \'Basic Salary - Civilian\' AND hd.`ors_date` >= \'2025-01-01\' AND hd.`ors_date` < \'2025-02-01\'
            ) AS combined
        ')
 3 SYSTEMPATH\Database\BaseConnection.php(652): CodeIgniter\Database\BaseConnection->simpleQuery('
            SELECT COALESCE(SUM(amount),0) AS total_amount  
            FROM (
                SELECT dps.`amount` FROM tbl_ors_direct_ps_dt dps JOIN tbl_ors_hd hd on dps.`project_id` = hd.`recid` WHERE dps.`sub_object_code` = \'Basic Salary - Civilian\' AND hd.`ors_date` >= \'2025-01-01\' AND hd.`ors_date` < \'2025-02-01\'
                UNION ALL
                SELECT idps`amount` FROM tbl_ors_indirect_ps_dt idps JOIN tbl_ors_hd hd on dps.`project_id` = hd.`recid` WHERE idps.`sub_object_code` = \'Basic Salary - Civilian\' AND hd.`ors_date` >= \'2025-01-01\' AND hd.`ors_date` < \'2025-02-01\'
            ) AS combined
        ')
 4 APPPATH\Views\report\saob-pdf.php(399): CodeIgniter\Database\BaseConnection->query('
            SELECT COALESCE(SUM(amount),0) AS total_amount  
            FROM (
                SELECT dps.`amount` FROM tbl_ors_direct_ps_dt dps JOIN tbl_ors_hd hd on dps.`project_id` = hd.`recid` WHERE dps.`sub_object_code` = \'Basic Salary - Civilian\' AND hd.`ors_date` >= \'2025-01-01\' AND hd.`ors_date` < \'2025-02-01\'
                UNION ALL
                SELECT idps`amount` FROM tbl_ors_indirect_ps_dt idps JOIN tbl_ors_hd hd on dps.`project_id` = hd.`recid` WHERE idps.`sub_object_code` = \'Basic Salary - Civilian\' AND hd.`ors_date` >= \'2025-01-01\' AND hd.`ors_date` < \'2025-02-01\'
            ) AS combined
        ')
 5 SYSTEMPATH\View\View.php(224): include('C:\\xampp\\htdocs\\fods\\app\\Views\\report\\saob-pdf.php')
 6 SYSTEMPATH\View\View.php(227): CodeIgniter\View\View->CodeIgniter\View\{closure}()
 7 SYSTEMPATH\Common.php(1173): CodeIgniter\View\View->render('report/saob-pdf', [], true)
 8 APPPATH\Controllers\MySaobReport.php(26): view('report/saob-pdf')
 9 SYSTEMPATH\CodeIgniter.php(933): App\Controllers\MySaobReport->index()
10 SYSTEMPATH\CodeIgniter.php(507): CodeIgniter\CodeIgniter->runController(Object(App\Controllers\MySaobReport))
11 SYSTEMPATH\CodeIgniter.php(354): CodeIgniter\CodeIgniter->handleRequest(null, Object(Config\Cache), false)
12 SYSTEMPATH\Boot.php(334): CodeIgniter\CodeIgniter->run()
13 SYSTEMPATH\Boot.php(67): CodeIgniter\Boot::runCodeIgniter(Object(CodeIgniter\CodeIgniter))
14 FCPATH\index.php(56): CodeIgniter\Boot::bootWeb(Object(Config\Paths))
ERROR - 2025-09-03 09:37:24 --> mysqli_sql_exception: Unknown column 'dps.project_id' in 'on clause' in C:\xampp\htdocs\fods\system\Database\MySQLi\Connection.php:327
Stack trace:
#0 C:\xampp\htdocs\fods\system\Database\MySQLi\Connection.php(327): mysqli->query('\r\n            S...', 0)
#1 C:\xampp\htdocs\fods\system\Database\BaseConnection.php(738): CodeIgniter\Database\MySQLi\Connection->execute('\r\n            S...')
#2 C:\xampp\htdocs\fods\system\Database\BaseConnection.php(652): CodeIgniter\Database\BaseConnection->simpleQuery('\r\n            S...')
#3 C:\xampp\htdocs\fods\app\Views\report\saob-pdf.php(399): CodeIgniter\Database\BaseConnection->query('\r\n            S...')
#4 C:\xampp\htdocs\fods\system\View\View.php(224): include('C:\\xampp\\htdocs...')
#5 C:\xampp\htdocs\fods\system\View\View.php(227): CodeIgniter\View\View->CodeIgniter\View\{closure}()
#6 C:\xampp\htdocs\fods\system\Common.php(1173): CodeIgniter\View\View->render('report/saob-pdf', Array, true)
#7 C:\xampp\htdocs\fods\app\Controllers\MySaobReport.php(26): view('report/saob-pdf')
#8 C:\xampp\htdocs\fods\system\CodeIgniter.php(933): App\Controllers\MySaobReport->index()
#9 C:\xampp\htdocs\fods\system\CodeIgniter.php(507): CodeIgniter\CodeIgniter->runController(Object(App\Controllers\MySaobReport))
#10 C:\xampp\htdocs\fods\system\CodeIgniter.php(354): CodeIgniter\CodeIgniter->handleRequest(NULL, Object(Config\Cache), false)
#11 C:\xampp\htdocs\fods\system\Boot.php(334): CodeIgniter\CodeIgniter->run()
#12 C:\xampp\htdocs\fods\system\Boot.php(67): CodeIgniter\Boot::runCodeIgniter(Object(CodeIgniter\CodeIgniter))
#13 C:\xampp\htdocs\fods\public\index.php(56): CodeIgniter\Boot::bootWeb(Object(Config\Paths))
#14 {main}
CRITICAL - 2025-09-03 09:37:24 --> CodeIgniter\Database\Exceptions\DatabaseException: Unknown column 'dps.project_id' in 'on clause'
[Method: GET, Route: mysaobrpt]
in SYSTEMPATH\Database\BaseConnection.php on line 692.
 1 APPPATH\Views\report\saob-pdf.php(399): CodeIgniter\Database\BaseConnection->query('
            SELECT COALESCE(SUM(amount),0) AS total_amount  
            FROM (
                SELECT dps.`amount` FROM tbl_ors_direct_ps_dt dps JOIN tbl_ors_hd hd on dps.`project_id` = hd.`recid` WHERE dps.`sub_object_code` = \'Basic Salary - Civilian\' AND hd.`ors_date` >= \'2025-01-01\' AND hd.`ors_date` < \'2025-02-01\'
                UNION ALL
                SELECT idps.`amount` FROM tbl_ors_indirect_ps_dt idps JOIN tbl_ors_hd hd on dps.`project_id` = hd.`recid` WHERE idps.`sub_object_code` = \'Basic Salary - Civilian\' AND hd.`ors_date` >= \'2025-01-01\' AND hd.`ors_date` < \'2025-02-01\'
            ) AS combined
        ')
 2 SYSTEMPATH\View\View.php(224): include('C:\\xampp\\htdocs\\fods\\app\\Views\\report\\saob-pdf.php')
 3 SYSTEMPATH\View\View.php(227): CodeIgniter\View\View->CodeIgniter\View\{closure}()
 4 SYSTEMPATH\Common.php(1173): CodeIgniter\View\View->render('report/saob-pdf', [], true)
 5 APPPATH\Controllers\MySaobReport.php(26): view('report/saob-pdf')
 6 SYSTEMPATH\CodeIgniter.php(933): App\Controllers\MySaobReport->index()
 7 SYSTEMPATH\CodeIgniter.php(507): CodeIgniter\CodeIgniter->runController(Object(App\Controllers\MySaobReport))
 8 SYSTEMPATH\CodeIgniter.php(354): CodeIgniter\CodeIgniter->handleRequest(null, Object(Config\Cache), false)
 9 SYSTEMPATH\Boot.php(334): CodeIgniter\CodeIgniter->run()
10 SYSTEMPATH\Boot.php(67): CodeIgniter\Boot::runCodeIgniter(Object(CodeIgniter\CodeIgniter))
11 FCPATH\index.php(56): CodeIgniter\Boot::bootWeb(Object(Config\Paths))
CRITICAL - 2025-09-03 09:37:24 --> [Caused by] CodeIgniter\Database\Exceptions\DatabaseException: Unknown column 'dps.project_id' in 'on clause'
in SYSTEMPATH\Database\MySQLi\Connection.php on line 332.
 1 SYSTEMPATH\Database\BaseConnection.php(738): CodeIgniter\Database\MySQLi\Connection->execute('
            SELECT COALESCE(SUM(amount),0) AS total_amount  
            FROM (
                SELECT dps.`amount` FROM tbl_ors_direct_ps_dt dps JOIN tbl_ors_hd hd on dps.`project_id` = hd.`recid` WHERE dps.`sub_object_code` = \'Basic Salary - Civilian\' AND hd.`ors_date` >= \'2025-01-01\' AND hd.`ors_date` < \'2025-02-01\'
                UNION ALL
                SELECT idps.`amount` FROM tbl_ors_indirect_ps_dt idps JOIN tbl_ors_hd hd on dps.`project_id` = hd.`recid` WHERE idps.`sub_object_code` = \'Basic Salary - Civilian\' AND hd.`ors_date` >= \'2025-01-01\' AND hd.`ors_date` < \'2025-02-01\'
            ) AS combined
        ')
 2 SYSTEMPATH\Database\BaseConnection.php(652): CodeIgniter\Database\BaseConnection->simpleQuery('
            SELECT COALESCE(SUM(amount),0) AS total_amount  
            FROM (
                SELECT dps.`amount` FROM tbl_ors_direct_ps_dt dps JOIN tbl_ors_hd hd on dps.`project_id` = hd.`recid` WHERE dps.`sub_object_code` = \'Basic Salary - Civilian\' AND hd.`ors_date` >= \'2025-01-01\' AND hd.`ors_date` < \'2025-02-01\'
                UNION ALL
                SELECT idps.`amount` FROM tbl_ors_indirect_ps_dt idps JOIN tbl_ors_hd hd on dps.`project_id` = hd.`recid` WHERE idps.`sub_object_code` = \'Basic Salary - Civilian\' AND hd.`ors_date` >= \'2025-01-01\' AND hd.`ors_date` < \'2025-02-01\'
            ) AS combined
        ')
 3 APPPATH\Views\report\saob-pdf.php(399): CodeIgniter\Database\BaseConnection->query('
            SELECT COALESCE(SUM(amount),0) AS total_amount  
            FROM (
                SELECT dps.`amount` FROM tbl_ors_direct_ps_dt dps JOIN tbl_ors_hd hd on dps.`project_id` = hd.`recid` WHERE dps.`sub_object_code` = \'Basic Salary - Civilian\' AND hd.`ors_date` >= \'2025-01-01\' AND hd.`ors_date` < \'2025-02-01\'
                UNION ALL
                SELECT idps.`amount` FROM tbl_ors_indirect_ps_dt idps JOIN tbl_ors_hd hd on dps.`project_id` = hd.`recid` WHERE idps.`sub_object_code` = \'Basic Salary - Civilian\' AND hd.`ors_date` >= \'2025-01-01\' AND hd.`ors_date` < \'2025-02-01\'
            ) AS combined
        ')
 4 SYSTEMPATH\View\View.php(224): include('C:\\xampp\\htdocs\\fods\\app\\Views\\report\\saob-pdf.php')
 5 SYSTEMPATH\View\View.php(227): CodeIgniter\View\View->CodeIgniter\View\{closure}()
 6 SYSTEMPATH\Common.php(1173): CodeIgniter\View\View->render('report/saob-pdf', [], true)
 7 APPPATH\Controllers\MySaobReport.php(26): view('report/saob-pdf')
 8 SYSTEMPATH\CodeIgniter.php(933): App\Controllers\MySaobReport->index()
 9 SYSTEMPATH\CodeIgniter.php(507): CodeIgniter\CodeIgniter->runController(Object(App\Controllers\MySaobReport))
10 SYSTEMPATH\CodeIgniter.php(354): CodeIgniter\CodeIgniter->handleRequest(null, Object(Config\Cache), false)
11 SYSTEMPATH\Boot.php(334): CodeIgniter\CodeIgniter->run()
12 SYSTEMPATH\Boot.php(67): CodeIgniter\Boot::runCodeIgniter(Object(CodeIgniter\CodeIgniter))
13 FCPATH\index.php(56): CodeIgniter\Boot::bootWeb(Object(Config\Paths))
CRITICAL - 2025-09-03 09:37:24 --> [Caused by] mysqli_sql_exception: Unknown column 'dps.project_id' in 'on clause'
in SYSTEMPATH\Database\MySQLi\Connection.php on line 327.
 1 SYSTEMPATH\Database\MySQLi\Connection.php(327): mysqli->query('
            SELECT COALESCE(SUM(amount),0) AS total_amount  
            FROM (
                SELECT dps.`amount` FROM tbl_ors_direct_ps_dt dps JOIN tbl_ors_hd hd on dps.`project_id` = hd.`recid` WHERE dps.`sub_object_code` = \'Basic Salary - Civilian\' AND hd.`ors_date` >= \'2025-01-01\' AND hd.`ors_date` < \'2025-02-01\'
                UNION ALL
                SELECT idps.`amount` FROM tbl_ors_indirect_ps_dt idps JOIN tbl_ors_hd hd on dps.`project_id` = hd.`recid` WHERE idps.`sub_object_code` = \'Basic Salary - Civilian\' AND hd.`ors_date` >= \'2025-01-01\' AND hd.`ors_date` < \'2025-02-01\'
            ) AS combined
        ', 0)
 2 SYSTEMPATH\Database\BaseConnection.php(738): CodeIgniter\Database\MySQLi\Connection->execute('
            SELECT COALESCE(SUM(amount),0) AS total_amount  
            FROM (
                SELECT dps.`amount` FROM tbl_ors_direct_ps_dt dps JOIN tbl_ors_hd hd on dps.`project_id` = hd.`recid` WHERE dps.`sub_object_code` = \'Basic Salary - Civilian\' AND hd.`ors_date` >= \'2025-01-01\' AND hd.`ors_date` < \'2025-02-01\'
                UNION ALL
                SELECT idps.`amount` FROM tbl_ors_indirect_ps_dt idps JOIN tbl_ors_hd hd on dps.`project_id` = hd.`recid` WHERE idps.`sub_object_code` = \'Basic Salary - Civilian\' AND hd.`ors_date` >= \'2025-01-01\' AND hd.`ors_date` < \'2025-02-01\'
            ) AS combined
        ')
 3 SYSTEMPATH\Database\BaseConnection.php(652): CodeIgniter\Database\BaseConnection->simpleQuery('
            SELECT COALESCE(SUM(amount),0) AS total_amount  
            FROM (
                SELECT dps.`amount` FROM tbl_ors_direct_ps_dt dps JOIN tbl_ors_hd hd on dps.`project_id` = hd.`recid` WHERE dps.`sub_object_code` = \'Basic Salary - Civilian\' AND hd.`ors_date` >= \'2025-01-01\' AND hd.`ors_date` < \'2025-02-01\'
                UNION ALL
                SELECT idps.`amount` FROM tbl_ors_indirect_ps_dt idps JOIN tbl_ors_hd hd on dps.`project_id` = hd.`recid` WHERE idps.`sub_object_code` = \'Basic Salary - Civilian\' AND hd.`ors_date` >= \'2025-01-01\' AND hd.`ors_date` < \'2025-02-01\'
            ) AS combined
        ')
 4 APPPATH\Views\report\saob-pdf.php(399): CodeIgniter\Database\BaseConnection->query('
            SELECT COALESCE(SUM(amount),0) AS total_amount  
            FROM (
                SELECT dps.`amount` FROM tbl_ors_direct_ps_dt dps JOIN tbl_ors_hd hd on dps.`project_id` = hd.`recid` WHERE dps.`sub_object_code` = \'Basic Salary - Civilian\' AND hd.`ors_date` >= \'2025-01-01\' AND hd.`ors_date` < \'2025-02-01\'
                UNION ALL
                SELECT idps.`amount` FROM tbl_ors_indirect_ps_dt idps JOIN tbl_ors_hd hd on dps.`project_id` = hd.`recid` WHERE idps.`sub_object_code` = \'Basic Salary - Civilian\' AND hd.`ors_date` >= \'2025-01-01\' AND hd.`ors_date` < \'2025-02-01\'
            ) AS combined
        ')
 5 SYSTEMPATH\View\View.php(224): include('C:\\xampp\\htdocs\\fods\\app\\Views\\report\\saob-pdf.php')
 6 SYSTEMPATH\View\View.php(227): CodeIgniter\View\View->CodeIgniter\View\{closure}()
 7 SYSTEMPATH\Common.php(1173): CodeIgniter\View\View->render('report/saob-pdf', [], true)
 8 APPPATH\Controllers\MySaobReport.php(26): view('report/saob-pdf')
 9 SYSTEMPATH\CodeIgniter.php(933): App\Controllers\MySaobReport->index()
10 SYSTEMPATH\CodeIgniter.php(507): CodeIgniter\CodeIgniter->runController(Object(App\Controllers\MySaobReport))
11 SYSTEMPATH\CodeIgniter.php(354): CodeIgniter\CodeIgniter->handleRequest(null, Object(Config\Cache), false)
12 SYSTEMPATH\Boot.php(334): CodeIgniter\CodeIgniter->run()
13 SYSTEMPATH\Boot.php(67): CodeIgniter\Boot::runCodeIgniter(Object(CodeIgniter\CodeIgniter))
14 FCPATH\index.php(56): CodeIgniter\Boot::bootWeb(Object(Config\Paths))
ERROR - 2025-09-03 09:37:25 --> mysqli_sql_exception: Unknown column 'dps.project_id' in 'on clause' in C:\xampp\htdocs\fods\system\Database\MySQLi\Connection.php:327
Stack trace:
#0 C:\xampp\htdocs\fods\system\Database\MySQLi\Connection.php(327): mysqli->query('\r\n            S...', 0)
#1 C:\xampp\htdocs\fods\system\Database\BaseConnection.php(738): CodeIgniter\Database\MySQLi\Connection->execute('\r\n            S...')
#2 C:\xampp\htdocs\fods\system\Database\BaseConnection.php(652): CodeIgniter\Database\BaseConnection->simpleQuery('\r\n            S...')
#3 C:\xampp\htdocs\fods\app\Views\report\saob-pdf.php(399): CodeIgniter\Database\BaseConnection->query('\r\n            S...')
#4 C:\xampp\htdocs\fods\system\View\View.php(224): include('C:\\xampp\\htdocs...')
#5 C:\xampp\htdocs\fods\system\View\View.php(227): CodeIgniter\View\View->CodeIgniter\View\{closure}()
#6 C:\xampp\htdocs\fods\system\Common.php(1173): CodeIgniter\View\View->render('report/saob-pdf', Array, true)
#7 C:\xampp\htdocs\fods\app\Controllers\MySaobReport.php(26): view('report/saob-pdf')
#8 C:\xampp\htdocs\fods\system\CodeIgniter.php(933): App\Controllers\MySaobReport->index()
#9 C:\xampp\htdocs\fods\system\CodeIgniter.php(507): CodeIgniter\CodeIgniter->runController(Object(App\Controllers\MySaobReport))
#10 C:\xampp\htdocs\fods\system\CodeIgniter.php(354): CodeIgniter\CodeIgniter->handleRequest(NULL, Object(Config\Cache), false)
#11 C:\xampp\htdocs\fods\system\Boot.php(334): CodeIgniter\CodeIgniter->run()
#12 C:\xampp\htdocs\fods\system\Boot.php(67): CodeIgniter\Boot::runCodeIgniter(Object(CodeIgniter\CodeIgniter))
#13 C:\xampp\htdocs\fods\public\index.php(56): CodeIgniter\Boot::bootWeb(Object(Config\Paths))
#14 {main}
CRITICAL - 2025-09-03 09:37:25 --> CodeIgniter\Database\Exceptions\DatabaseException: Unknown column 'dps.project_id' in 'on clause'
[Method: GET, Route: mysaobrpt]
in SYSTEMPATH\Database\BaseConnection.php on line 692.
 1 APPPATH\Views\report\saob-pdf.php(399): CodeIgniter\Database\BaseConnection->query('
            SELECT COALESCE(SUM(amount),0) AS total_amount  
            FROM (
                SELECT dps.`amount` FROM tbl_ors_direct_ps_dt dps JOIN tbl_ors_hd hd on dps.`project_id` = hd.`recid` WHERE dps.`sub_object_code` = \'Basic Salary - Civilian\' AND hd.`ors_date` >= \'2025-01-01\' AND hd.`ors_date` < \'2025-02-01\'
                UNION ALL
                SELECT idps.`amount` FROM tbl_ors_indirect_ps_dt idps JOIN tbl_ors_hd hd on dps.`project_id` = hd.`recid` WHERE idps.`sub_object_code` = \'Basic Salary - Civilian\' AND hd.`ors_date` >= \'2025-01-01\' AND hd.`ors_date` < \'2025-02-01\'
            ) AS combined
        ')
 2 SYSTEMPATH\View\View.php(224): include('C:\\xampp\\htdocs\\fods\\app\\Views\\report\\saob-pdf.php')
 3 SYSTEMPATH\View\View.php(227): CodeIgniter\View\View->CodeIgniter\View\{closure}()
 4 SYSTEMPATH\Common.php(1173): CodeIgniter\View\View->render('report/saob-pdf', [], true)
 5 APPPATH\Controllers\MySaobReport.php(26): view('report/saob-pdf')
 6 SYSTEMPATH\CodeIgniter.php(933): App\Controllers\MySaobReport->index()
 7 SYSTEMPATH\CodeIgniter.php(507): CodeIgniter\CodeIgniter->runController(Object(App\Controllers\MySaobReport))
 8 SYSTEMPATH\CodeIgniter.php(354): CodeIgniter\CodeIgniter->handleRequest(null, Object(Config\Cache), false)
 9 SYSTEMPATH\Boot.php(334): CodeIgniter\CodeIgniter->run()
10 SYSTEMPATH\Boot.php(67): CodeIgniter\Boot::runCodeIgniter(Object(CodeIgniter\CodeIgniter))
11 FCPATH\index.php(56): CodeIgniter\Boot::bootWeb(Object(Config\Paths))
CRITICAL - 2025-09-03 09:37:25 --> [Caused by] CodeIgniter\Database\Exceptions\DatabaseException: Unknown column 'dps.project_id' in 'on clause'
in SYSTEMPATH\Database\MySQLi\Connection.php on line 332.
 1 SYSTEMPATH\Database\BaseConnection.php(738): CodeIgniter\Database\MySQLi\Connection->execute('
            SELECT COALESCE(SUM(amount),0) AS total_amount  
            FROM (
                SELECT dps.`amount` FROM tbl_ors_direct_ps_dt dps JOIN tbl_ors_hd hd on dps.`project_id` = hd.`recid` WHERE dps.`sub_object_code` = \'Basic Salary - Civilian\' AND hd.`ors_date` >= \'2025-01-01\' AND hd.`ors_date` < \'2025-02-01\'
                UNION ALL
                SELECT idps.`amount` FROM tbl_ors_indirect_ps_dt idps JOIN tbl_ors_hd hd on dps.`project_id` = hd.`recid` WHERE idps.`sub_object_code` = \'Basic Salary - Civilian\' AND hd.`ors_date` >= \'2025-01-01\' AND hd.`ors_date` < \'2025-02-01\'
            ) AS combined
        ')
 2 SYSTEMPATH\Database\BaseConnection.php(652): CodeIgniter\Database\BaseConnection->simpleQuery('
            SELECT COALESCE(SUM(amount),0) AS total_amount  
            FROM (
                SELECT dps.`amount` FROM tbl_ors_direct_ps_dt dps JOIN tbl_ors_hd hd on dps.`project_id` = hd.`recid` WHERE dps.`sub_object_code` = \'Basic Salary - Civilian\' AND hd.`ors_date` >= \'2025-01-01\' AND hd.`ors_date` < \'2025-02-01\'
                UNION ALL
                SELECT idps.`amount` FROM tbl_ors_indirect_ps_dt idps JOIN tbl_ors_hd hd on dps.`project_id` = hd.`recid` WHERE idps.`sub_object_code` = \'Basic Salary - Civilian\' AND hd.`ors_date` >= \'2025-01-01\' AND hd.`ors_date` < \'2025-02-01\'
            ) AS combined
        ')
 3 APPPATH\Views\report\saob-pdf.php(399): CodeIgniter\Database\BaseConnection->query('
            SELECT COALESCE(SUM(amount),0) AS total_amount  
            FROM (
                SELECT dps.`amount` FROM tbl_ors_direct_ps_dt dps JOIN tbl_ors_hd hd on dps.`project_id` = hd.`recid` WHERE dps.`sub_object_code` = \'Basic Salary - Civilian\' AND hd.`ors_date` >= \'2025-01-01\' AND hd.`ors_date` < \'2025-02-01\'
                UNION ALL
                SELECT idps.`amount` FROM tbl_ors_indirect_ps_dt idps JOIN tbl_ors_hd hd on dps.`project_id` = hd.`recid` WHERE idps.`sub_object_code` = \'Basic Salary - Civilian\' AND hd.`ors_date` >= \'2025-01-01\' AND hd.`ors_date` < \'2025-02-01\'
            ) AS combined
        ')
 4 SYSTEMPATH\View\View.php(224): include('C:\\xampp\\htdocs\\fods\\app\\Views\\report\\saob-pdf.php')
 5 SYSTEMPATH\View\View.php(227): CodeIgniter\View\View->CodeIgniter\View\{closure}()
 6 SYSTEMPATH\Common.php(1173): CodeIgniter\View\View->render('report/saob-pdf', [], true)
 7 APPPATH\Controllers\MySaobReport.php(26): view('report/saob-pdf')
 8 SYSTEMPATH\CodeIgniter.php(933): App\Controllers\MySaobReport->index()
 9 SYSTEMPATH\CodeIgniter.php(507): CodeIgniter\CodeIgniter->runController(Object(App\Controllers\MySaobReport))
10 SYSTEMPATH\CodeIgniter.php(354): CodeIgniter\CodeIgniter->handleRequest(null, Object(Config\Cache), false)
11 SYSTEMPATH\Boot.php(334): CodeIgniter\CodeIgniter->run()
12 SYSTEMPATH\Boot.php(67): CodeIgniter\Boot::runCodeIgniter(Object(CodeIgniter\CodeIgniter))
13 FCPATH\index.php(56): CodeIgniter\Boot::bootWeb(Object(Config\Paths))
CRITICAL - 2025-09-03 09:37:25 --> [Caused by] mysqli_sql_exception: Unknown column 'dps.project_id' in 'on clause'
in SYSTEMPATH\Database\MySQLi\Connection.php on line 327.
 1 SYSTEMPATH\Database\MySQLi\Connection.php(327): mysqli->query('
            SELECT COALESCE(SUM(amount),0) AS total_amount  
            FROM (
                SELECT dps.`amount` FROM tbl_ors_direct_ps_dt dps JOIN tbl_ors_hd hd on dps.`project_id` = hd.`recid` WHERE dps.`sub_object_code` = \'Basic Salary - Civilian\' AND hd.`ors_date` >= \'2025-01-01\' AND hd.`ors_date` < \'2025-02-01\'
                UNION ALL
                SELECT idps.`amount` FROM tbl_ors_indirect_ps_dt idps JOIN tbl_ors_hd hd on dps.`project_id` = hd.`recid` WHERE idps.`sub_object_code` = \'Basic Salary - Civilian\' AND hd.`ors_date` >= \'2025-01-01\' AND hd.`ors_date` < \'2025-02-01\'
            ) AS combined
        ', 0)
 2 SYSTEMPATH\Database\BaseConnection.php(738): CodeIgniter\Database\MySQLi\Connection->execute('
            SELECT COALESCE(SUM(amount),0) AS total_amount  
            FROM (
                SELECT dps.`amount` FROM tbl_ors_direct_ps_dt dps JOIN tbl_ors_hd hd on dps.`project_id` = hd.`recid` WHERE dps.`sub_object_code` = \'Basic Salary - Civilian\' AND hd.`ors_date` >= \'2025-01-01\' AND hd.`ors_date` < \'2025-02-01\'
                UNION ALL
                SELECT idps.`amount` FROM tbl_ors_indirect_ps_dt idps JOIN tbl_ors_hd hd on dps.`project_id` = hd.`recid` WHERE idps.`sub_object_code` = \'Basic Salary - Civilian\' AND hd.`ors_date` >= \'2025-01-01\' AND hd.`ors_date` < \'2025-02-01\'
            ) AS combined
        ')
 3 SYSTEMPATH\Database\BaseConnection.php(652): CodeIgniter\Database\BaseConnection->simpleQuery('
            SELECT COALESCE(SUM(amount),0) AS total_amount  
            FROM (
                SELECT dps.`amount` FROM tbl_ors_direct_ps_dt dps JOIN tbl_ors_hd hd on dps.`project_id` = hd.`recid` WHERE dps.`sub_object_code` = \'Basic Salary - Civilian\' AND hd.`ors_date` >= \'2025-01-01\' AND hd.`ors_date` < \'2025-02-01\'
                UNION ALL
                SELECT idps.`amount` FROM tbl_ors_indirect_ps_dt idps JOIN tbl_ors_hd hd on dps.`project_id` = hd.`recid` WHERE idps.`sub_object_code` = \'Basic Salary - Civilian\' AND hd.`ors_date` >= \'2025-01-01\' AND hd.`ors_date` < \'2025-02-01\'
            ) AS combined
        ')
 4 APPPATH\Views\report\saob-pdf.php(399): CodeIgniter\Database\BaseConnection->query('
            SELECT COALESCE(SUM(amount),0) AS total_amount  
            FROM (
                SELECT dps.`amount` FROM tbl_ors_direct_ps_dt dps JOIN tbl_ors_hd hd on dps.`project_id` = hd.`recid` WHERE dps.`sub_object_code` = \'Basic Salary - Civilian\' AND hd.`ors_date` >= \'2025-01-01\' AND hd.`ors_date` < \'2025-02-01\'
                UNION ALL
                SELECT idps.`amount` FROM tbl_ors_indirect_ps_dt idps JOIN tbl_ors_hd hd on dps.`project_id` = hd.`recid` WHERE idps.`sub_object_code` = \'Basic Salary - Civilian\' AND hd.`ors_date` >= \'2025-01-01\' AND hd.`ors_date` < \'2025-02-01\'
            ) AS combined
        ')
 5 SYSTEMPATH\View\View.php(224): include('C:\\xampp\\htdocs\\fods\\app\\Views\\report\\saob-pdf.php')
 6 SYSTEMPATH\View\View.php(227): CodeIgniter\View\View->CodeIgniter\View\{closure}()
 7 SYSTEMPATH\Common.php(1173): CodeIgniter\View\View->render('report/saob-pdf', [], true)
 8 APPPATH\Controllers\MySaobReport.php(26): view('report/saob-pdf')
 9 SYSTEMPATH\CodeIgniter.php(933): App\Controllers\MySaobReport->index()
10 SYSTEMPATH\CodeIgniter.php(507): CodeIgniter\CodeIgniter->runController(Object(App\Controllers\MySaobReport))
11 SYSTEMPATH\CodeIgniter.php(354): CodeIgniter\CodeIgniter->handleRequest(null, Object(Config\Cache), false)
12 SYSTEMPATH\Boot.php(334): CodeIgniter\CodeIgniter->run()
13 SYSTEMPATH\Boot.php(67): CodeIgniter\Boot::runCodeIgniter(Object(CodeIgniter\CodeIgniter))
14 FCPATH\index.php(56): CodeIgniter\Boot::bootWeb(Object(Config\Paths))
CRITICAL - 2025-09-03 10:25:00 --> TypeError: Unsupported operand types: int + array
[Method: GET, Route: mysaobrpt]
in APPPATH\Views\report\saob-pdf.php on line 352.
 1 SYSTEMPATH\View\View.php(224): include()
 2 SYSTEMPATH\View\View.php(227): CodeIgniter\View\View->CodeIgniter\View\{closure}()
 3 SYSTEMPATH\Common.php(1173): CodeIgniter\View\View->render('report/saob-pdf', [], true)
 4 APPPATH\Controllers\MySaobReport.php(26): view('report/saob-pdf')
 5 SYSTEMPATH\CodeIgniter.php(933): App\Controllers\MySaobReport->index()
 6 SYSTEMPATH\CodeIgniter.php(507): CodeIgniter\CodeIgniter->runController(Object(App\Controllers\MySaobReport))
 7 SYSTEMPATH\CodeIgniter.php(354): CodeIgniter\CodeIgniter->handleRequest(null, Object(Config\Cache), false)
 8 SYSTEMPATH\Boot.php(334): CodeIgniter\CodeIgniter->run()
 9 SYSTEMPATH\Boot.php(67): CodeIgniter\Boot::runCodeIgniter(Object(CodeIgniter\CodeIgniter))
10 FCPATH\index.php(56): CodeIgniter\Boot::bootWeb(Object(Config\Paths))
CRITICAL - 2025-09-03 10:27:23 --> ErrorException: Undefined variable $total_month
[Method: GET, Route: mysaobrpt]
in APPPATH\Views\report\saob-pdf.php on line 353.
 1 APPPATH\Views\report\saob-pdf.php(353): CodeIgniter\Debug\Exceptions->errorHandler(2, 'Undefined variable $total_month', 'C:\\xampp\\htdocs\\fods\\app\\Views\\report\\saob-pdf.php', 353)
 2 SYSTEMPATH\View\View.php(224): include('C:\\xampp\\htdocs\\fods\\app\\Views\\report\\saob-pdf.php')
 3 SYSTEMPATH\View\View.php(227): CodeIgniter\View\View->CodeIgniter\View\{closure}()
 4 SYSTEMPATH\Common.php(1173): CodeIgniter\View\View->render('report/saob-pdf', [], true)
 5 APPPATH\Controllers\MySaobReport.php(26): view('report/saob-pdf')
 6 SYSTEMPATH\CodeIgniter.php(933): App\Controllers\MySaobReport->index()
 7 SYSTEMPATH\CodeIgniter.php(507): CodeIgniter\CodeIgniter->runController(Object(App\Controllers\MySaobReport))
 8 SYSTEMPATH\CodeIgniter.php(354): CodeIgniter\CodeIgniter->handleRequest(null, Object(Config\Cache), false)
 9 SYSTEMPATH\Boot.php(334): CodeIgniter\CodeIgniter->run()
10 SYSTEMPATH\Boot.php(67): CodeIgniter\Boot::runCodeIgniter(Object(CodeIgniter\CodeIgniter))
11 FCPATH\index.php(56): CodeIgniter\Boot::bootWeb(Object(Config\Paths))
