CRITICAL - 2025-09-19 11:37:41 --> Error: Call to undefined method PDF::NbLines()
[Method: GET, Route: mysaobrpt]
in APPPATH\Views\report\saob-pdf.php on line 6384.
 1 SYSTEMPATH\View\View.php(224): include()
 2 SYSTEMPATH\View\View.php(227): CodeIgniter\View\View->CodeIgniter\View\{closure}()
 3 SYSTEMPATH\Common.php(1173): CodeIgniter\View\View->render('report/saob-pdf', [], true)
 4 APPPATH\Controllers\MySaobReport.php(26): view('report/saob-pdf')
 5 SYSTEMPATH\CodeIgniter.php(933): App\Controllers\MySaobReport->index()
 6 SYSTEMPATH\CodeIgniter.php(507): CodeIgniter\CodeIgniter->runController(Object(App\Controllers\MySaobReport))
 7 SYSTEMPATH\CodeIgniter.php(354): CodeIgniter\CodeIgniter->handleRequest(null, Object(Config\Cache), false)
 8 SYSTEMPATH\Boot.php(334): CodeIgniter\CodeIgniter->run()
 9 SYSTEMPATH\Boot.php(67): CodeIgniter\Boot::runCodeIgniter(Object(CodeIgniter\CodeIgniter))
10 FCPATH\index.php(56): CodeIgniter\Boot::bootWeb(Object(Config\Paths))
CRITICAL - 2025-09-19 13:16:04 --> ErrorException: Undefined variable $programHeight
[Method: GET, Route: mysaobrpt]
in APPPATH\Views\report\saob-pdf.php on line 6386.
 1 APPPATH\Views\report\saob-pdf.php(6386): CodeIgniter\Debug\Exceptions->errorHandler(2, 'Undefined variable $programHeight', 'C:\\xampp\\htdocs\\fods\\app\\Views\\report\\saob-pdf.php', 6386)
 2 SYSTEMPATH\View\View.php(224): include('C:\\xampp\\htdocs\\fods\\app\\Views\\report\\saob-pdf.php')
 3 SYSTEMPATH\View\View.php(227): CodeIgniter\View\View->CodeIgniter\View\{closure}()
 4 SYSTEMPATH\Common.php(1173): CodeIgniter\View\View->render('report/saob-pdf', [], true)
 5 APPPATH\Controllers\MySaobReport.php(26): view('report/saob-pdf')
 6 SYSTEMPATH\CodeIgniter.php(933): App\Controllers\MySaobReport->index()
 7 SYSTEMPATH\CodeIgniter.php(507): CodeIgniter\CodeIgniter->runController(Object(App\Controllers\MySaobReport))
 8 SYSTEMPATH\CodeIgniter.php(354): CodeIgniter\CodeIgniter->handleRequest(null, Object(Config\Cache), false)
 9 SYSTEMPATH\Boot.php(334): CodeIgniter\CodeIgniter->run()
10 SYSTEMPATH\Boot.php(67): CodeIgniter\Boot::runCodeIgniter(Object(CodeIgniter\CodeIgniter))
11 FCPATH\index.php(56): CodeIgniter\Boot::bootWeb(Object(Config\Paths))
CRITICAL - 2025-09-19 16:18:17 --> ErrorException: Undefined variable $project_like
[Method: GET, Route: mysaobrpt]
in APPPATH\Views\report\saob-pdf.php on line 991.
 1 APPPATH\Views\report\saob-pdf.php(991): CodeIgniter\Debug\Exceptions->errorHandler(2, 'Undefined variable $project_like', 'C:\\xampp\\htdocs\\fods\\app\\Views\\report\\saob-pdf.php', 991)
 2 SYSTEMPATH\View\View.php(224): include('C:\\xampp\\htdocs\\fods\\app\\Views\\report\\saob-pdf.php')
 3 SYSTEMPATH\View\View.php(227): CodeIgniter\View\View->CodeIgniter\View\{closure}()
 4 SYSTEMPATH\Common.php(1173): CodeIgniter\View\View->render('report/saob-pdf', [], true)
 5 APPPATH\Controllers\MySaobReport.php(26): view('report/saob-pdf')
 6 SYSTEMPATH\CodeIgniter.php(933): App\Controllers\MySaobReport->index()
 7 SYSTEMPATH\CodeIgniter.php(507): CodeIgniter\CodeIgniter->runController(Object(App\Controllers\MySaobReport))
 8 SYSTEMPATH\CodeIgniter.php(354): CodeIgniter\CodeIgniter->handleRequest(null, Object(Config\Cache), false)
 9 SYSTEMPATH\Boot.php(334): CodeIgniter\CodeIgniter->run()
10 SYSTEMPATH\Boot.php(67): CodeIgniter\Boot::runCodeIgniter(Object(CodeIgniter\CodeIgniter))
11 FCPATH\index.php(56): CodeIgniter\Boot::bootWeb(Object(Config\Paths))
CRITICAL - 2025-09-19 16:32:49 --> ErrorException: Undefined variable $last_allotment_class
[Method: GET, Route: mysaobrpt]
in APPPATH\Views\report\saob-pdf.php on line 1060.
 1 APPPATH\Views\report\saob-pdf.php(1060): CodeIgniter\Debug\Exceptions->errorHandler(2, 'Undefined variable $last_allotment_class', 'C:\\xampp\\htdocs\\fods\\app\\Views\\report\\saob-pdf.php', 1060)
 2 SYSTEMPATH\View\View.php(224): include('C:\\xampp\\htdocs\\fods\\app\\Views\\report\\saob-pdf.php')
 3 SYSTEMPATH\View\View.php(227): CodeIgniter\View\View->CodeIgniter\View\{closure}()
 4 SYSTEMPATH\Common.php(1173): CodeIgniter\View\View->render('report/saob-pdf', [], true)
 5 APPPATH\Controllers\MySaobReport.php(26): view('report/saob-pdf')
 6 SYSTEMPATH\CodeIgniter.php(933): App\Controllers\MySaobReport->index()
 7 SYSTEMPATH\CodeIgniter.php(507): CodeIgniter\CodeIgniter->runController(Object(App\Controllers\MySaobReport))
 8 SYSTEMPATH\CodeIgniter.php(354): CodeIgniter\CodeIgniter->handleRequest(null, Object(Config\Cache), false)
 9 SYSTEMPATH\Boot.php(334): CodeIgniter\CodeIgniter->run()
10 SYSTEMPATH\Boot.php(67): CodeIgniter\Boot::runCodeIgniter(Object(CodeIgniter\CodeIgniter))
11 FCPATH\index.php(56): CodeIgniter\Boot::bootWeb(Object(Config\Paths))
