CRITICAL - 2025-10-14 13:39:01 --> Error: Cannot access protected property PDF::$AutoPageBreak
[Method: GET, Route: myprocurement]
in APPPATH\Views\procurement\pr\rfq-pdf.php on line 165.
 1 SYSTEMPATH\View\View.php(224): include()
 2 SYSTEMPATH\View\View.php(227): CodeIgniter\View\View->CodeIgniter\View\{closure}()
 3 SYSTEMPATH\Common.php(1173): CodeIgniter\View\View->render('procurement/pr/rfq-pdf', [], true)
 4 APPPATH\Controllers\MyProcurement.php(39): view('procurement/pr/rfq-pdf')
 5 SYSTEMPATH\CodeIgniter.php(933): App\Controllers\MyProcurement->index()
 6 SYSTEMPATH\CodeIgniter.php(507): CodeIgniter\CodeIgniter->runController(Object(App\Controllers\MyProcurement))
 7 SYSTEMPATH\CodeIgniter.php(354): CodeIgniter\CodeIgniter->handleRequest(null, Object(Config\Cache), false)
 8 SYSTEMPATH\Boot.php(334): CodeIgniter\CodeIgniter->run()
 9 SYSTEMPATH\Boot.php(67): CodeIgniter\Boot::runCodeIgniter(Object(CodeIgniter\CodeIgniter))
10 FCPATH\index.php(56): CodeIgniter\Boot::bootWeb(Object(Config\Paths))
CRITICAL - 2025-10-14 13:44:22 --> ParseError: syntax error, unexpected variable "$pdf"
[Method: GET, Route: myprocurement]
in APPPATH\Views\procurement\pr\rfq-pdf.php on line 160.
 1 SYSTEMPATH\View\View.php(227): CodeIgniter\View\View->CodeIgniter\View\{closure}()
 2 SYSTEMPATH\Common.php(1173): CodeIgniter\View\View->render('procurement/pr/rfq-pdf', [], true)
 3 APPPATH\Controllers\MyProcurement.php(39): view('procurement/pr/rfq-pdf')
 4 SYSTEMPATH\CodeIgniter.php(933): App\Controllers\MyProcurement->index()
 5 SYSTEMPATH\CodeIgniter.php(507): CodeIgniter\CodeIgniter->runController(Object(App\Controllers\MyProcurement))
 6 SYSTEMPATH\CodeIgniter.php(354): CodeIgniter\CodeIgniter->handleRequest(null, Object(Config\Cache), false)
 7 SYSTEMPATH\Boot.php(334): CodeIgniter\CodeIgniter->run()
 8 SYSTEMPATH\Boot.php(67): CodeIgniter\Boot::runCodeIgniter(Object(CodeIgniter\CodeIgniter))
 9 FCPATH\index.php(56): CodeIgniter\Boot::bootWeb(Object(Config\Paths))
CRITICAL - 2025-10-14 13:45:53 --> Error: Call to undefined method PDF::getAutoPageBreak()
[Method: GET, Route: myprocurement]
in APPPATH\Views\procurement\pr\rfq-pdf.php on line 149.
 1 SYSTEMPATH\View\View.php(224): include()
 2 SYSTEMPATH\View\View.php(227): CodeIgniter\View\View->CodeIgniter\View\{closure}()
 3 SYSTEMPATH\Common.php(1173): CodeIgniter\View\View->render('procurement/pr/rfq-pdf', [], true)
 4 APPPATH\Controllers\MyProcurement.php(39): view('procurement/pr/rfq-pdf')
 5 SYSTEMPATH\CodeIgniter.php(933): App\Controllers\MyProcurement->index()
 6 SYSTEMPATH\CodeIgniter.php(507): CodeIgniter\CodeIgniter->runController(Object(App\Controllers\MyProcurement))
 7 SYSTEMPATH\CodeIgniter.php(354): CodeIgniter\CodeIgniter->handleRequest(null, Object(Config\Cache), false)
 8 SYSTEMPATH\Boot.php(334): CodeIgniter\CodeIgniter->run()
 9 SYSTEMPATH\Boot.php(67): CodeIgniter\Boot::runCodeIgniter(Object(CodeIgniter\CodeIgniter))
10 FCPATH\index.php(56): CodeIgniter\Boot::bootWeb(Object(Config\Paths))
CRITICAL - 2025-10-14 13:46:38 --> Error: Cannot access protected property PDF::$AutoPageBreak
[Method: GET, Route: myprocurement]
in APPPATH\Views\procurement\pr\rfq-pdf.php on line 149.
 1 SYSTEMPATH\View\View.php(224): include()
 2 SYSTEMPATH\View\View.php(227): CodeIgniter\View\View->CodeIgniter\View\{closure}()
 3 SYSTEMPATH\Common.php(1173): CodeIgniter\View\View->render('procurement/pr/rfq-pdf', [], true)
 4 APPPATH\Controllers\MyProcurement.php(39): view('procurement/pr/rfq-pdf')
 5 SYSTEMPATH\CodeIgniter.php(933): App\Controllers\MyProcurement->index()
 6 SYSTEMPATH\CodeIgniter.php(507): CodeIgniter\CodeIgniter->runController(Object(App\Controllers\MyProcurement))
 7 SYSTEMPATH\CodeIgniter.php(354): CodeIgniter\CodeIgniter->handleRequest(null, Object(Config\Cache), false)
 8 SYSTEMPATH\Boot.php(334): CodeIgniter\CodeIgniter->run()
 9 SYSTEMPATH\Boot.php(67): CodeIgniter\Boot::runCodeIgniter(Object(CodeIgniter\CodeIgniter))
10 FCPATH\index.php(56): CodeIgniter\Boot::bootWeb(Object(Config\Paths))
CRITICAL - 2025-10-14 14:02:41 --> Error: Call to undefined method PDF::writeHTML()
[Method: GET, Route: myprocurement]
in APPPATH\Views\procurement\pr\rfq-pdf.php on line 152.
 1 SYSTEMPATH\View\View.php(224): include()
 2 SYSTEMPATH\View\View.php(227): CodeIgniter\View\View->CodeIgniter\View\{closure}()
 3 SYSTEMPATH\Common.php(1173): CodeIgniter\View\View->render('procurement/pr/rfq-pdf', [], true)
 4 APPPATH\Controllers\MyProcurement.php(39): view('procurement/pr/rfq-pdf')
 5 SYSTEMPATH\CodeIgniter.php(933): App\Controllers\MyProcurement->index()
 6 SYSTEMPATH\CodeIgniter.php(507): CodeIgniter\CodeIgniter->runController(Object(App\Controllers\MyProcurement))
 7 SYSTEMPATH\CodeIgniter.php(354): CodeIgniter\CodeIgniter->handleRequest(null, Object(Config\Cache), false)
 8 SYSTEMPATH\Boot.php(334): CodeIgniter\CodeIgniter->run()
 9 SYSTEMPATH\Boot.php(67): CodeIgniter\Boot::runCodeIgniter(Object(CodeIgniter\CodeIgniter))
10 FCPATH\index.php(56): CodeIgniter\Boot::bootWeb(Object(Config\Paths))
CRITICAL - 2025-10-14 16:20:11 --> ErrorException: Undefined variable $rows
[Method: GET, Route: myprocurement]
in APPPATH\Views\procurement\pr\rfq-pdf.php on line 277.
 1 APPPATH\Views\procurement\pr\rfq-pdf.php(277): CodeIgniter\Debug\Exceptions->errorHandler(2, 'Undefined variable $rows', 'C:\\xampp\\htdocs\\fods\\app\\Views\\procurement\\pr\\rfq-pdf.php', 277)
 2 SYSTEMPATH\View\View.php(224): include('C:\\xampp\\htdocs\\fods\\app\\Views\\procurement\\pr\\rfq-pdf.php')
 3 SYSTEMPATH\View\View.php(227): CodeIgniter\View\View->CodeIgniter\View\{closure}()
 4 SYSTEMPATH\Common.php(1173): CodeIgniter\View\View->render('procurement/pr/rfq-pdf', [], true)
 5 APPPATH\Controllers\MyProcurement.php(39): view('procurement/pr/rfq-pdf')
 6 SYSTEMPATH\CodeIgniter.php(933): App\Controllers\MyProcurement->index()
 7 SYSTEMPATH\CodeIgniter.php(507): CodeIgniter\CodeIgniter->runController(Object(App\Controllers\MyProcurement))
 8 SYSTEMPATH\CodeIgniter.php(354): CodeIgniter\CodeIgniter->handleRequest(null, Object(Config\Cache), false)
 9 SYSTEMPATH\Boot.php(334): CodeIgniter\CodeIgniter->run()
10 SYSTEMPATH\Boot.php(67): CodeIgniter\Boot::runCodeIgniter(Object(CodeIgniter\CodeIgniter))
11 FCPATH\index.php(56): CodeIgniter\Boot::bootWeb(Object(Config\Paths))
CRITICAL - 2025-10-14 16:21:17 --> ErrorException: Undefined variable $rows
[Method: GET, Route: myprocurement]
in APPPATH\Views\procurement\pr\rfq-pdf.php on line 277.
 1 APPPATH\Views\procurement\pr\rfq-pdf.php(277): CodeIgniter\Debug\Exceptions->errorHandler(2, 'Undefined variable $rows', 'C:\\xampp\\htdocs\\fods\\app\\Views\\procurement\\pr\\rfq-pdf.php', 277)
 2 SYSTEMPATH\View\View.php(224): include('C:\\xampp\\htdocs\\fods\\app\\Views\\procurement\\pr\\rfq-pdf.php')
 3 SYSTEMPATH\View\View.php(227): CodeIgniter\View\View->CodeIgniter\View\{closure}()
 4 SYSTEMPATH\Common.php(1173): CodeIgniter\View\View->render('procurement/pr/rfq-pdf', [], true)
 5 APPPATH\Controllers\MyProcurement.php(39): view('procurement/pr/rfq-pdf')
 6 SYSTEMPATH\CodeIgniter.php(933): App\Controllers\MyProcurement->index()
 7 SYSTEMPATH\CodeIgniter.php(507): CodeIgniter\CodeIgniter->runController(Object(App\Controllers\MyProcurement))
 8 SYSTEMPATH\CodeIgniter.php(354): CodeIgniter\CodeIgniter->handleRequest(null, Object(Config\Cache), false)
 9 SYSTEMPATH\Boot.php(334): CodeIgniter\CodeIgniter->run()
10 SYSTEMPATH\Boot.php(67): CodeIgniter\Boot::runCodeIgniter(Object(CodeIgniter\CodeIgniter))
11 FCPATH\index.php(56): CodeIgniter\Boot::bootWeb(Object(Config\Paths))
CRITICAL - 2025-10-14 16:21:40 --> ErrorException: Undefined variable $itemDesc
[Method: GET, Route: myprocurement]
in APPPATH\Views\procurement\pr\rfq-pdf.php on line 288.
 1 APPPATH\Views\procurement\pr\rfq-pdf.php(288): CodeIgniter\Debug\Exceptions->errorHandler(2, 'Undefined variable $itemDesc', 'C:\\xampp\\htdocs\\fods\\app\\Views\\procurement\\pr\\rfq-pdf.php', 288)
 2 SYSTEMPATH\View\View.php(224): include('C:\\xampp\\htdocs\\fods\\app\\Views\\procurement\\pr\\rfq-pdf.php')
 3 SYSTEMPATH\View\View.php(227): CodeIgniter\View\View->CodeIgniter\View\{closure}()
 4 SYSTEMPATH\Common.php(1173): CodeIgniter\View\View->render('procurement/pr/rfq-pdf', [], true)
 5 APPPATH\Controllers\MyProcurement.php(39): view('procurement/pr/rfq-pdf')
 6 SYSTEMPATH\CodeIgniter.php(933): App\Controllers\MyProcurement->index()
 7 SYSTEMPATH\CodeIgniter.php(507): CodeIgniter\CodeIgniter->runController(Object(App\Controllers\MyProcurement))
 8 SYSTEMPATH\CodeIgniter.php(354): CodeIgniter\CodeIgniter->handleRequest(null, Object(Config\Cache), false)
 9 SYSTEMPATH\Boot.php(334): CodeIgniter\CodeIgniter->run()
10 SYSTEMPATH\Boot.php(67): CodeIgniter\Boot::runCodeIgniter(Object(CodeIgniter\CodeIgniter))
11 FCPATH\index.php(56): CodeIgniter\Boot::bootWeb(Object(Config\Paths))
CRITICAL - 2025-10-14 16:46:11 --> ParseError: syntax error, unexpected single-quoted string ";  // Total amount"
[Method: GET, Route: myprocurement]
in APPPATH\Views\procurement\pr\rfq-pdf.php on line 382.
 1 SYSTEMPATH\View\View.php(227): CodeIgniter\View\View->CodeIgniter\View\{closure}()
 2 SYSTEMPATH\Common.php(1173): CodeIgniter\View\View->render('procurement/pr/rfq-pdf', [], true)
 3 APPPATH\Controllers\MyProcurement.php(39): view('procurement/pr/rfq-pdf')
 4 SYSTEMPATH\CodeIgniter.php(933): App\Controllers\MyProcurement->index()
 5 SYSTEMPATH\CodeIgniter.php(507): CodeIgniter\CodeIgniter->runController(Object(App\Controllers\MyProcurement))
 6 SYSTEMPATH\CodeIgniter.php(354): CodeIgniter\CodeIgniter->handleRequest(null, Object(Config\Cache), false)
 7 SYSTEMPATH\Boot.php(334): CodeIgniter\CodeIgniter->run()
 8 SYSTEMPATH\Boot.php(67): CodeIgniter\Boot::runCodeIgniter(Object(CodeIgniter\CodeIgniter))
 9 FCPATH\index.php(56): CodeIgniter\Boot::bootWeb(Object(Config\Paths))
