CRITICAL - 2025-04-25 02:44:45 --> ErrorException: Undefined variable $projectdata
[Method: GET, Route: mybudgetallotment]
in APPPATH\Views\budget\budget-allotment-main.php on line 85.
 1 APPPATH\Views\budget\budget-allotment-main.php(85): CodeIgniter\Debug\Exceptions->errorHandler(2, 'Undefined variable $projectdata', 'C:\\xampp\\htdocs\\ci4-flexy\\app\\Views\\budget\\budget-allotment-main.php', 85)
 2 SYSTEMPATH\View\View.php(224): include('C:\\xampp\\htdocs\\ci4-flexy\\app\\Views\\budget\\budget-allotment-main.php')
 3 SYSTEMPATH\View\View.php(227): CodeIgniter\View\View->CodeIgniter\View\{closure}()
 4 SYSTEMPATH\Common.php(1173): CodeIgniter\View\View->render('budget/budget-allotment-main', [], true)
 5 APPPATH\Controllers\MyBudgetAllotment.php(91): view('budget/budget-allotment-main', [...])
 6 APPPATH\Controllers\MyBudgetAllotment.php(22): App\Controllers\MyBudgetAllotment->loadMainView()
 7 SYSTEMPATH\CodeIgniter.php(933): App\Controllers\MyBudgetAllotment->index()
 8 SYSTEMPATH\CodeIgniter.php(507): CodeIgniter\CodeIgniter->runController(Object(App\Controllers\MyBudgetAllotment))
 9 SYSTEMPATH\CodeIgniter.php(354): CodeIgniter\CodeIgniter->handleRequest(null, Object(Config\Cache), false)
10 SYSTEMPATH\Boot.php(334): CodeIgniter\CodeIgniter->run()
11 SYSTEMPATH\Boot.php(67): CodeIgniter\Boot::runCodeIgniter(Object(CodeIgniter\CodeIgniter))
12 FCPATH\index.php(56): CodeIgniter\Boot::bootWeb(Object(Config\Paths))
CRITICAL - 2025-04-25 02:48:47 --> ErrorException: Undefined array key "id"
[Method: GET, Route: mybudgetallotment]
in APPPATH\Views\budget\budget-allotment-main.php on line 88.
 1 APPPATH\Views\budget\budget-allotment-main.php(88): CodeIgniter\Debug\Exceptions->errorHandler(2, 'Undefined array key "id"', 'C:\\xampp\\htdocs\\ci4-flexy\\app\\Views\\budget\\budget-allotment-main.php', 88)
 2 SYSTEMPATH\View\View.php(224): include('C:\\xampp\\htdocs\\ci4-flexy\\app\\Views\\budget\\budget-allotment-main.php')
 3 SYSTEMPATH\View\View.php(227): CodeIgniter\View\View->CodeIgniter\View\{closure}()
 4 SYSTEMPATH\Common.php(1173): CodeIgniter\View\View->render('budget/budget-allotment-main', [], true)
 5 APPPATH\Controllers\MyBudgetAllotment.php(91): view('budget/budget-allotment-main', [...])
 6 APPPATH\Controllers\MyBudgetAllotment.php(22): App\Controllers\MyBudgetAllotment->loadMainView()
 7 SYSTEMPATH\CodeIgniter.php(933): App\Controllers\MyBudgetAllotment->index()
 8 SYSTEMPATH\CodeIgniter.php(507): CodeIgniter\CodeIgniter->runController(Object(App\Controllers\MyBudgetAllotment))
 9 SYSTEMPATH\CodeIgniter.php(354): CodeIgniter\CodeIgniter->handleRequest(null, Object(Config\Cache), false)
10 SYSTEMPATH\Boot.php(334): CodeIgniter\CodeIgniter->run()
11 SYSTEMPATH\Boot.php(67): CodeIgniter\Boot::runCodeIgniter(Object(CodeIgniter\CodeIgniter))
12 FCPATH\index.php(56): CodeIgniter\Boot::bootWeb(Object(Config\Paths))
ERROR - 2025-04-25 06:38:17 --> mysqli_sql_exception: Unknown column 'is_total' in 'where clause' in C:\xampp\htdocs\ci4-flexy\system\Database\MySQLi\Connection.php:327
Stack trace:
#0 C:\xampp\htdocs\ci4-flexy\system\Database\MySQLi\Connection.php(327): mysqli->query('\nSELECT\n    COA...', 0)
#1 C:\xampp\htdocs\ci4-flexy\system\Database\BaseConnection.php(738): CodeIgniter\Database\MySQLi\Connection->execute('\nSELECT\n    COA...')
#2 C:\xampp\htdocs\ci4-flexy\system\Database\BaseConnection.php(652): CodeIgniter\Database\BaseConnection->simpleQuery('\nSELECT\n    COA...')
#3 C:\xampp\htdocs\ci4-flexy\app\Views\projects\projects-main.php(8): CodeIgniter\Database\BaseConnection->query('\nSELECT\n    COA...')
#4 C:\xampp\htdocs\ci4-flexy\system\View\View.php(224): include('C:\\xampp\\htdocs...')
#5 C:\xampp\htdocs\ci4-flexy\system\View\View.php(227): CodeIgniter\View\View->CodeIgniter\View\{closure}()
#6 C:\xampp\htdocs\ci4-flexy\system\Common.php(1173): CodeIgniter\View\View->render('projects/projec...', Array, true)
#7 C:\xampp\htdocs\ci4-flexy\app\Controllers\MyProjectsDashboard.php(8): view('projects/projec...')
#8 C:\xampp\htdocs\ci4-flexy\system\CodeIgniter.php(933): App\Controllers\MyProjectsDashboard->index()
#9 C:\xampp\htdocs\ci4-flexy\system\CodeIgniter.php(507): CodeIgniter\CodeIgniter->runController(Object(App\Controllers\MyProjectsDashboard))
#10 C:\xampp\htdocs\ci4-flexy\system\CodeIgniter.php(354): CodeIgniter\CodeIgniter->handleRequest(NULL, Object(Config\Cache), false)
#11 C:\xampp\htdocs\ci4-flexy\system\Boot.php(334): CodeIgniter\CodeIgniter->run()
#12 C:\xampp\htdocs\ci4-flexy\system\Boot.php(67): CodeIgniter\Boot::runCodeIgniter(Object(CodeIgniter\CodeIgniter))
#13 C:\xampp\htdocs\ci4-flexy\public\index.php(56): CodeIgniter\Boot::bootWeb(Object(Config\Paths))
#14 {main}
CRITICAL - 2025-04-25 06:38:17 --> CodeIgniter\Database\Exceptions\DatabaseException: Unknown column 'is_total' in 'where clause'
[Method: GET, Route: myprojdashboard]
in SYSTEMPATH\Database\BaseConnection.php on line 692.
 1 APPPATH\Views\projects\projects-main.php(8): CodeIgniter\Database\BaseConnection->query('
SELECT
    COALESCE(COUNT(recid), 0) AS total_transactions
FROM
    `tbl_budget_allotment_hd`
WHERE 
    `is_total` = \'1\'
')
 2 SYSTEMPATH\View\View.php(224): include('C:\\xampp\\htdocs\\ci4-flexy\\app\\Views\\projects\\projects-main.php')
 3 SYSTEMPATH\View\View.php(227): CodeIgniter\View\View->CodeIgniter\View\{closure}()
 4 SYSTEMPATH\Common.php(1173): CodeIgniter\View\View->render('projects/projects-main', [], true)
 5 APPPATH\Controllers\MyProjectsDashboard.php(8): view('projects/projects-main')
 6 SYSTEMPATH\CodeIgniter.php(933): App\Controllers\MyProjectsDashboard->index()
 7 SYSTEMPATH\CodeIgniter.php(507): CodeIgniter\CodeIgniter->runController(Object(App\Controllers\MyProjectsDashboard))
 8 SYSTEMPATH\CodeIgniter.php(354): CodeIgniter\CodeIgniter->handleRequest(null, Object(Config\Cache), false)
 9 SYSTEMPATH\Boot.php(334): CodeIgniter\CodeIgniter->run()
10 SYSTEMPATH\Boot.php(67): CodeIgniter\Boot::runCodeIgniter(Object(CodeIgniter\CodeIgniter))
11 FCPATH\index.php(56): CodeIgniter\Boot::bootWeb(Object(Config\Paths))
CRITICAL - 2025-04-25 06:38:17 --> [Caused by] CodeIgniter\Database\Exceptions\DatabaseException: Unknown column 'is_total' in 'where clause'
in SYSTEMPATH\Database\MySQLi\Connection.php on line 332.
 1 SYSTEMPATH\Database\BaseConnection.php(738): CodeIgniter\Database\MySQLi\Connection->execute('
SELECT
    COALESCE(COUNT(recid), 0) AS total_transactions
FROM
    `tbl_budget_allotment_hd`
WHERE 
    `is_total` = \'1\'
')
 2 SYSTEMPATH\Database\BaseConnection.php(652): CodeIgniter\Database\BaseConnection->simpleQuery('
SELECT
    COALESCE(COUNT(recid), 0) AS total_transactions
FROM
    `tbl_budget_allotment_hd`
WHERE 
    `is_total` = \'1\'
')
 3 APPPATH\Views\projects\projects-main.php(8): CodeIgniter\Database\BaseConnection->query('
SELECT
    COALESCE(COUNT(recid), 0) AS total_transactions
FROM
    `tbl_budget_allotment_hd`
WHERE 
    `is_total` = \'1\'
')
 4 SYSTEMPATH\View\View.php(224): include('C:\\xampp\\htdocs\\ci4-flexy\\app\\Views\\projects\\projects-main.php')
 5 SYSTEMPATH\View\View.php(227): CodeIgniter\View\View->CodeIgniter\View\{closure}()
 6 SYSTEMPATH\Common.php(1173): CodeIgniter\View\View->render('projects/projects-main', [], true)
 7 APPPATH\Controllers\MyProjectsDashboard.php(8): view('projects/projects-main')
 8 SYSTEMPATH\CodeIgniter.php(933): App\Controllers\MyProjectsDashboard->index()
 9 SYSTEMPATH\CodeIgniter.php(507): CodeIgniter\CodeIgniter->runController(Object(App\Controllers\MyProjectsDashboard))
10 SYSTEMPATH\CodeIgniter.php(354): CodeIgniter\CodeIgniter->handleRequest(null, Object(Config\Cache), false)
11 SYSTEMPATH\Boot.php(334): CodeIgniter\CodeIgniter->run()
12 SYSTEMPATH\Boot.php(67): CodeIgniter\Boot::runCodeIgniter(Object(CodeIgniter\CodeIgniter))
13 FCPATH\index.php(56): CodeIgniter\Boot::bootWeb(Object(Config\Paths))
CRITICAL - 2025-04-25 06:38:17 --> [Caused by] mysqli_sql_exception: Unknown column 'is_total' in 'where clause'
in SYSTEMPATH\Database\MySQLi\Connection.php on line 327.
 1 SYSTEMPATH\Database\MySQLi\Connection.php(327): mysqli->query('
SELECT
    COALESCE(COUNT(recid), 0) AS total_transactions
FROM
    `tbl_budget_allotment_hd`
WHERE 
    `is_total` = \'1\'
', 0)
 2 SYSTEMPATH\Database\BaseConnection.php(738): CodeIgniter\Database\MySQLi\Connection->execute('
SELECT
    COALESCE(COUNT(recid), 0) AS total_transactions
FROM
    `tbl_budget_allotment_hd`
WHERE 
    `is_total` = \'1\'
')
 3 SYSTEMPATH\Database\BaseConnection.php(652): CodeIgniter\Database\BaseConnection->simpleQuery('
SELECT
    COALESCE(COUNT(recid), 0) AS total_transactions
FROM
    `tbl_budget_allotment_hd`
WHERE 
    `is_total` = \'1\'
')
 4 APPPATH\Views\projects\projects-main.php(8): CodeIgniter\Database\BaseConnection->query('
SELECT
    COALESCE(COUNT(recid), 0) AS total_transactions
FROM
    `tbl_budget_allotment_hd`
WHERE 
    `is_total` = \'1\'
')
 5 SYSTEMPATH\View\View.php(224): include('C:\\xampp\\htdocs\\ci4-flexy\\app\\Views\\projects\\projects-main.php')
 6 SYSTEMPATH\View\View.php(227): CodeIgniter\View\View->CodeIgniter\View\{closure}()
 7 SYSTEMPATH\Common.php(1173): CodeIgniter\View\View->render('projects/projects-main', [], true)
 8 APPPATH\Controllers\MyProjectsDashboard.php(8): view('projects/projects-main')
 9 SYSTEMPATH\CodeIgniter.php(933): App\Controllers\MyProjectsDashboard->index()
10 SYSTEMPATH\CodeIgniter.php(507): CodeIgniter\CodeIgniter->runController(Object(App\Controllers\MyProjectsDashboard))
11 SYSTEMPATH\CodeIgniter.php(354): CodeIgniter\CodeIgniter->handleRequest(null, Object(Config\Cache), false)
12 SYSTEMPATH\Boot.php(334): CodeIgniter\CodeIgniter->run()
13 SYSTEMPATH\Boot.php(67): CodeIgniter\Boot::runCodeIgniter(Object(CodeIgniter\CodeIgniter))
14 FCPATH\index.php(56): CodeIgniter\Boot::bootWeb(Object(Config\Paths))
ERROR - 2025-04-25 06:39:31 --> mysqli_sql_exception: Unknown column 'is_total' in 'where clause' in C:\xampp\htdocs\ci4-flexy\system\Database\MySQLi\Connection.php:327
Stack trace:
#0 C:\xampp\htdocs\ci4-flexy\system\Database\MySQLi\Connection.php(327): mysqli->query('\nSELECT\n    COA...', 0)
#1 C:\xampp\htdocs\ci4-flexy\system\Database\BaseConnection.php(738): CodeIgniter\Database\MySQLi\Connection->execute('\nSELECT\n    COA...')
#2 C:\xampp\htdocs\ci4-flexy\system\Database\BaseConnection.php(652): CodeIgniter\Database\BaseConnection->simpleQuery('\nSELECT\n    COA...')
#3 C:\xampp\htdocs\ci4-flexy\app\Views\projects\projects-main.php(8): CodeIgniter\Database\BaseConnection->query('\nSELECT\n    COA...')
#4 C:\xampp\htdocs\ci4-flexy\system\View\View.php(224): include('C:\\xampp\\htdocs...')
#5 C:\xampp\htdocs\ci4-flexy\system\View\View.php(227): CodeIgniter\View\View->CodeIgniter\View\{closure}()
#6 C:\xampp\htdocs\ci4-flexy\system\Common.php(1173): CodeIgniter\View\View->render('projects/projec...', Array, true)
#7 C:\xampp\htdocs\ci4-flexy\app\Controllers\MyProjectsDashboard.php(8): view('projects/projec...')
#8 C:\xampp\htdocs\ci4-flexy\system\CodeIgniter.php(933): App\Controllers\MyProjectsDashboard->index()
#9 C:\xampp\htdocs\ci4-flexy\system\CodeIgniter.php(507): CodeIgniter\CodeIgniter->runController(Object(App\Controllers\MyProjectsDashboard))
#10 C:\xampp\htdocs\ci4-flexy\system\CodeIgniter.php(354): CodeIgniter\CodeIgniter->handleRequest(NULL, Object(Config\Cache), false)
#11 C:\xampp\htdocs\ci4-flexy\system\Boot.php(334): CodeIgniter\CodeIgniter->run()
#12 C:\xampp\htdocs\ci4-flexy\system\Boot.php(67): CodeIgniter\Boot::runCodeIgniter(Object(CodeIgniter\CodeIgniter))
#13 C:\xampp\htdocs\ci4-flexy\public\index.php(56): CodeIgniter\Boot::bootWeb(Object(Config\Paths))
#14 {main}
CRITICAL - 2025-04-25 06:39:31 --> CodeIgniter\Database\Exceptions\DatabaseException: Unknown column 'is_total' in 'where clause'
[Method: GET, Route: myprojdashboard]
in SYSTEMPATH\Database\BaseConnection.php on line 692.
 1 APPPATH\Views\projects\projects-main.php(8): CodeIgniter\Database\BaseConnection->query('
SELECT
    COALESCE(COUNT(recid), 0) AS total_transactions
FROM
    `tbl_budget_allotment_hd`
WHERE 
    `is_total` = \'1\'
')
 2 SYSTEMPATH\View\View.php(224): include('C:\\xampp\\htdocs\\ci4-flexy\\app\\Views\\projects\\projects-main.php')
 3 SYSTEMPATH\View\View.php(227): CodeIgniter\View\View->CodeIgniter\View\{closure}()
 4 SYSTEMPATH\Common.php(1173): CodeIgniter\View\View->render('projects/projects-main', [], true)
 5 APPPATH\Controllers\MyProjectsDashboard.php(8): view('projects/projects-main')
 6 SYSTEMPATH\CodeIgniter.php(933): App\Controllers\MyProjectsDashboard->index()
 7 SYSTEMPATH\CodeIgniter.php(507): CodeIgniter\CodeIgniter->runController(Object(App\Controllers\MyProjectsDashboard))
 8 SYSTEMPATH\CodeIgniter.php(354): CodeIgniter\CodeIgniter->handleRequest(null, Object(Config\Cache), false)
 9 SYSTEMPATH\Boot.php(334): CodeIgniter\CodeIgniter->run()
10 SYSTEMPATH\Boot.php(67): CodeIgniter\Boot::runCodeIgniter(Object(CodeIgniter\CodeIgniter))
11 FCPATH\index.php(56): CodeIgniter\Boot::bootWeb(Object(Config\Paths))
CRITICAL - 2025-04-25 06:39:31 --> [Caused by] CodeIgniter\Database\Exceptions\DatabaseException: Unknown column 'is_total' in 'where clause'
in SYSTEMPATH\Database\MySQLi\Connection.php on line 332.
 1 SYSTEMPATH\Database\BaseConnection.php(738): CodeIgniter\Database\MySQLi\Connection->execute('
SELECT
    COALESCE(COUNT(recid), 0) AS total_transactions
FROM
    `tbl_budget_allotment_hd`
WHERE 
    `is_total` = \'1\'
')
 2 SYSTEMPATH\Database\BaseConnection.php(652): CodeIgniter\Database\BaseConnection->simpleQuery('
SELECT
    COALESCE(COUNT(recid), 0) AS total_transactions
FROM
    `tbl_budget_allotment_hd`
WHERE 
    `is_total` = \'1\'
')
 3 APPPATH\Views\projects\projects-main.php(8): CodeIgniter\Database\BaseConnection->query('
SELECT
    COALESCE(COUNT(recid), 0) AS total_transactions
FROM
    `tbl_budget_allotment_hd`
WHERE 
    `is_total` = \'1\'
')
 4 SYSTEMPATH\View\View.php(224): include('C:\\xampp\\htdocs\\ci4-flexy\\app\\Views\\projects\\projects-main.php')
 5 SYSTEMPATH\View\View.php(227): CodeIgniter\View\View->CodeIgniter\View\{closure}()
 6 SYSTEMPATH\Common.php(1173): CodeIgniter\View\View->render('projects/projects-main', [], true)
 7 APPPATH\Controllers\MyProjectsDashboard.php(8): view('projects/projects-main')
 8 SYSTEMPATH\CodeIgniter.php(933): App\Controllers\MyProjectsDashboard->index()
 9 SYSTEMPATH\CodeIgniter.php(507): CodeIgniter\CodeIgniter->runController(Object(App\Controllers\MyProjectsDashboard))
10 SYSTEMPATH\CodeIgniter.php(354): CodeIgniter\CodeIgniter->handleRequest(null, Object(Config\Cache), false)
11 SYSTEMPATH\Boot.php(334): CodeIgniter\CodeIgniter->run()
12 SYSTEMPATH\Boot.php(67): CodeIgniter\Boot::runCodeIgniter(Object(CodeIgniter\CodeIgniter))
13 FCPATH\index.php(56): CodeIgniter\Boot::bootWeb(Object(Config\Paths))
CRITICAL - 2025-04-25 06:39:31 --> [Caused by] mysqli_sql_exception: Unknown column 'is_total' in 'where clause'
in SYSTEMPATH\Database\MySQLi\Connection.php on line 327.
 1 SYSTEMPATH\Database\MySQLi\Connection.php(327): mysqli->query('
SELECT
    COALESCE(COUNT(recid), 0) AS total_transactions
FROM
    `tbl_budget_allotment_hd`
WHERE 
    `is_total` = \'1\'
', 0)
 2 SYSTEMPATH\Database\BaseConnection.php(738): CodeIgniter\Database\MySQLi\Connection->execute('
SELECT
    COALESCE(COUNT(recid), 0) AS total_transactions
FROM
    `tbl_budget_allotment_hd`
WHERE 
    `is_total` = \'1\'
')
 3 SYSTEMPATH\Database\BaseConnection.php(652): CodeIgniter\Database\BaseConnection->simpleQuery('
SELECT
    COALESCE(COUNT(recid), 0) AS total_transactions
FROM
    `tbl_budget_allotment_hd`
WHERE 
    `is_total` = \'1\'
')
 4 APPPATH\Views\projects\projects-main.php(8): CodeIgniter\Database\BaseConnection->query('
SELECT
    COALESCE(COUNT(recid), 0) AS total_transactions
FROM
    `tbl_budget_allotment_hd`
WHERE 
    `is_total` = \'1\'
')
 5 SYSTEMPATH\View\View.php(224): include('C:\\xampp\\htdocs\\ci4-flexy\\app\\Views\\projects\\projects-main.php')
 6 SYSTEMPATH\View\View.php(227): CodeIgniter\View\View->CodeIgniter\View\{closure}()
 7 SYSTEMPATH\Common.php(1173): CodeIgniter\View\View->render('projects/projects-main', [], true)
 8 APPPATH\Controllers\MyProjectsDashboard.php(8): view('projects/projects-main')
 9 SYSTEMPATH\CodeIgniter.php(933): App\Controllers\MyProjectsDashboard->index()
10 SYSTEMPATH\CodeIgniter.php(507): CodeIgniter\CodeIgniter->runController(Object(App\Controllers\MyProjectsDashboard))
11 SYSTEMPATH\CodeIgniter.php(354): CodeIgniter\CodeIgniter->handleRequest(null, Object(Config\Cache), false)
12 SYSTEMPATH\Boot.php(334): CodeIgniter\CodeIgniter->run()
13 SYSTEMPATH\Boot.php(67): CodeIgniter\Boot::runCodeIgniter(Object(CodeIgniter\CodeIgniter))
14 FCPATH\index.php(56): CodeIgniter\Boot::bootWeb(Object(Config\Paths))
CRITICAL - 2025-04-25 07:26:39 --> ErrorException: Undefined property: App\Controllers\MyBudgetApproval::$db
[Method: GET, Route: mybudgetapproval]
in APPPATH\Controllers\MyBudgetApproval.php on line 14.
 1 APPPATH\Controllers\MyBudgetApproval.php(14): CodeIgniter\Debug\Exceptions->errorHandler(2, 'Undefined property: App\\Controllers\\MyBudgetApproval::$db', 'C:\\xampp\\htdocs\\ci4-flexy\\app\\Controllers\\MyBudgetApproval.php', 14)
 2 APPPATH\Controllers\MyBudgetApproval.php(8): App\Controllers\MyBudgetApproval->loadMainView()
 3 SYSTEMPATH\CodeIgniter.php(933): App\Controllers\MyBudgetApproval->index()
 4 SYSTEMPATH\CodeIgniter.php(507): CodeIgniter\CodeIgniter->runController(Object(App\Controllers\MyBudgetApproval))
 5 SYSTEMPATH\CodeIgniter.php(354): CodeIgniter\CodeIgniter->handleRequest(null, Object(Config\Cache), false)
 6 SYSTEMPATH\Boot.php(334): CodeIgniter\CodeIgniter->run()
 7 SYSTEMPATH\Boot.php(67): CodeIgniter\Boot::runCodeIgniter(Object(CodeIgniter\CodeIgniter))
 8 FCPATH\index.php(56): CodeIgniter\Boot::bootWeb(Object(Config\Paths))
ERROR - 2025-04-25 08:23:17 --> mysqli_sql_exception: Unknown column 'is_pending' in 'field list' in C:\xampp\htdocs\ci4-flexy\system\Database\MySQLi\Connection.php:327
Stack trace:
#0 C:\xampp\htdocs\ci4-flexy\system\Database\MySQLi\Connection.php(327): mysqli->query('\n\t\t\tUPDATE tbl_...', 0)
#1 C:\xampp\htdocs\ci4-flexy\system\Database\BaseConnection.php(738): CodeIgniter\Database\MySQLi\Connection->execute('\n\t\t\tUPDATE tbl_...')
#2 C:\xampp\htdocs\ci4-flexy\system\Database\BaseConnection.php(652): CodeIgniter\Database\BaseConnection->simpleQuery('\n\t\t\tUPDATE tbl_...')
#3 C:\xampp\htdocs\ci4-flexy\app\Models\MyBudgetAllotmentModel.php(225): CodeIgniter\Database\BaseConnection->query('\n\t\t\tUPDATE tbl_...')
#4 C:\xampp\htdocs\ci4-flexy\app\Controllers\MyBudgetAllotment.php(31): App\Models\MyBudgetAllotmentModel->budget_approve()
#5 C:\xampp\htdocs\ci4-flexy\system\CodeIgniter.php(933): App\Controllers\MyBudgetAllotment->index()
#6 C:\xampp\htdocs\ci4-flexy\system\CodeIgniter.php(507): CodeIgniter\CodeIgniter->runController(Object(App\Controllers\MyBudgetAllotment))
#7 C:\xampp\htdocs\ci4-flexy\system\CodeIgniter.php(354): CodeIgniter\CodeIgniter->handleRequest(NULL, Object(Config\Cache), false)
#8 C:\xampp\htdocs\ci4-flexy\system\Boot.php(334): CodeIgniter\CodeIgniter->run()
#9 C:\xampp\htdocs\ci4-flexy\system\Boot.php(67): CodeIgniter\Boot::runCodeIgniter(Object(CodeIgniter\CodeIgniter))
#10 C:\xampp\htdocs\ci4-flexy\public\index.php(56): CodeIgniter\Boot::bootWeb(Object(Config\Paths))
#11 {main}
CRITICAL - 2025-04-25 08:23:17 --> CodeIgniter\Database\Exceptions\DatabaseException: Unknown column 'is_pending' in 'field list'
[Method: POST, Route: mybudgetallotment]
in SYSTEMPATH\Database\BaseConnection.php on line 692.
 1 APPPATH\Models\MyBudgetAllotmentModel.php(225): CodeIgniter\Database\BaseConnection->query('
			UPDATE tbl_reference_project SET `is_pending` = \'0\', `is_approved` = \'1\' WHERE `recid` = \'2\'
		')
 2 APPPATH\Controllers\MyBudgetAllotment.php(31): App\Models\MyBudgetAllotmentModel->budget_approve()
 3 SYSTEMPATH\CodeIgniter.php(933): App\Controllers\MyBudgetAllotment->index()
 4 SYSTEMPATH\CodeIgniter.php(507): CodeIgniter\CodeIgniter->runController(Object(App\Controllers\MyBudgetAllotment))
 5 SYSTEMPATH\CodeIgniter.php(354): CodeIgniter\CodeIgniter->handleRequest(null, Object(Config\Cache), false)
 6 SYSTEMPATH\Boot.php(334): CodeIgniter\CodeIgniter->run()
 7 SYSTEMPATH\Boot.php(67): CodeIgniter\Boot::runCodeIgniter(Object(CodeIgniter\CodeIgniter))
 8 FCPATH\index.php(56): CodeIgniter\Boot::bootWeb(Object(Config\Paths))
CRITICAL - 2025-04-25 08:23:17 --> [Caused by] CodeIgniter\Database\Exceptions\DatabaseException: Unknown column 'is_pending' in 'field list'
in SYSTEMPATH\Database\MySQLi\Connection.php on line 332.
 1 SYSTEMPATH\Database\BaseConnection.php(738): CodeIgniter\Database\MySQLi\Connection->execute('
			UPDATE tbl_reference_project SET `is_pending` = \'0\', `is_approved` = \'1\' WHERE `recid` = \'2\'
		')
 2 SYSTEMPATH\Database\BaseConnection.php(652): CodeIgniter\Database\BaseConnection->simpleQuery('
			UPDATE tbl_reference_project SET `is_pending` = \'0\', `is_approved` = \'1\' WHERE `recid` = \'2\'
		')
 3 APPPATH\Models\MyBudgetAllotmentModel.php(225): CodeIgniter\Database\BaseConnection->query('
			UPDATE tbl_reference_project SET `is_pending` = \'0\', `is_approved` = \'1\' WHERE `recid` = \'2\'
		')
 4 APPPATH\Controllers\MyBudgetAllotment.php(31): App\Models\MyBudgetAllotmentModel->budget_approve()
 5 SYSTEMPATH\CodeIgniter.php(933): App\Controllers\MyBudgetAllotment->index()
 6 SYSTEMPATH\CodeIgniter.php(507): CodeIgniter\CodeIgniter->runController(Object(App\Controllers\MyBudgetAllotment))
 7 SYSTEMPATH\CodeIgniter.php(354): CodeIgniter\CodeIgniter->handleRequest(null, Object(Config\Cache), false)
 8 SYSTEMPATH\Boot.php(334): CodeIgniter\CodeIgniter->run()
 9 SYSTEMPATH\Boot.php(67): CodeIgniter\Boot::runCodeIgniter(Object(CodeIgniter\CodeIgniter))
10 FCPATH\index.php(56): CodeIgniter\Boot::bootWeb(Object(Config\Paths))
CRITICAL - 2025-04-25 08:23:17 --> [Caused by] mysqli_sql_exception: Unknown column 'is_pending' in 'field list'
in SYSTEMPATH\Database\MySQLi\Connection.php on line 327.
 1 SYSTEMPATH\Database\MySQLi\Connection.php(327): mysqli->query('
			UPDATE tbl_reference_project SET `is_pending` = \'0\', `is_approved` = \'1\' WHERE `recid` = \'2\'
		', 0)
 2 SYSTEMPATH\Database\BaseConnection.php(738): CodeIgniter\Database\MySQLi\Connection->execute('
			UPDATE tbl_reference_project SET `is_pending` = \'0\', `is_approved` = \'1\' WHERE `recid` = \'2\'
		')
 3 SYSTEMPATH\Database\BaseConnection.php(652): CodeIgniter\Database\BaseConnection->simpleQuery('
			UPDATE tbl_reference_project SET `is_pending` = \'0\', `is_approved` = \'1\' WHERE `recid` = \'2\'
		')
 4 APPPATH\Models\MyBudgetAllotmentModel.php(225): CodeIgniter\Database\BaseConnection->query('
			UPDATE tbl_reference_project SET `is_pending` = \'0\', `is_approved` = \'1\' WHERE `recid` = \'2\'
		')
 5 APPPATH\Controllers\MyBudgetAllotment.php(31): App\Models\MyBudgetAllotmentModel->budget_approve()
 6 SYSTEMPATH\CodeIgniter.php(933): App\Controllers\MyBudgetAllotment->index()
 7 SYSTEMPATH\CodeIgniter.php(507): CodeIgniter\CodeIgniter->runController(Object(App\Controllers\MyBudgetAllotment))
 8 SYSTEMPATH\CodeIgniter.php(354): CodeIgniter\CodeIgniter->handleRequest(null, Object(Config\Cache), false)
 9 SYSTEMPATH\Boot.php(334): CodeIgniter\CodeIgniter->run()
10 SYSTEMPATH\Boot.php(67): CodeIgniter\Boot::runCodeIgniter(Object(CodeIgniter\CodeIgniter))
11 FCPATH\index.php(56): CodeIgniter\Boot::bootWeb(Object(Config\Paths))
