ERROR - 2025-07-10 10:33:11 --> mysqli_sql_exception: Unknown column 'serialno' in 'field list' in C:\xampp\htdocs\fods\system\Database\MySQLi\Connection.php:327
Stack trace:
#0 C:\xampp\htdocs\fods\system\Database\MySQLi\Connection.php(327): mysqli->query('\r\n    SELECT\r\n ...', 0)
#1 C:\xampp\htdocs\fods\system\Database\BaseConnection.php(738): CodeIgniter\Database\MySQLi\Connection->execute('\r\n    SELECT\r\n ...')
#2 C:\xampp\htdocs\fods\system\Database\BaseConnection.php(652): CodeIgniter\Database\BaseConnection->simpleQuery('\r\n    SELECT\r\n ...')
#3 C:\xampp\htdocs\fods\app\Views\ors\ors-main.php(36): CodeIgniter\Database\BaseConnection->query('\r\n    SELECT\r\n ...')
#4 C:\xampp\htdocs\fods\system\View\View.php(224): include('C:\\xampp\\htdocs...')
#5 C:\xampp\htdocs\fods\system\View\View.php(227): CodeIgniter\View\View->CodeIgniter\View\{closure}()
#6 C:\xampp\htdocs\fods\system\Common.php(1173): CodeIgniter\View\View->render('ors/ors-main', Array, true)
#7 C:\xampp\htdocs\fods\app\Controllers\MyOrs.php(140): view('ors/ors-main', Array)
#8 C:\xampp\htdocs\fods\app\Controllers\MyOrs.php(24): App\Controllers\MyOrs->loadMainView()
#9 C:\xampp\htdocs\fods\system\CodeIgniter.php(933): App\Controllers\MyOrs->index()
#10 C:\xampp\htdocs\fods\system\CodeIgniter.php(507): CodeIgniter\CodeIgniter->runController(Object(App\Controllers\MyOrs))
#11 C:\xampp\htdocs\fods\system\CodeIgniter.php(354): CodeIgniter\CodeIgniter->handleRequest(NULL, Object(Config\Cache), false)
#12 C:\xampp\htdocs\fods\system\Boot.php(334): CodeIgniter\CodeIgniter->run()
#13 C:\xampp\htdocs\fods\system\Boot.php(67): CodeIgniter\Boot::runCodeIgniter(Object(CodeIgniter\CodeIgniter))
#14 C:\xampp\htdocs\fods\public\index.php(56): CodeIgniter\Boot::bootWeb(Object(Config\Paths))
#15 {main}
CRITICAL - 2025-07-10 10:33:11 --> CodeIgniter\Database\Exceptions\DatabaseException: Unknown column 'serialno' in 'field list'
[Method: GET, Route: myors]
in SYSTEMPATH\Database\BaseConnection.php on line 692.
 1 APPPATH\Views\ors\ors-main.php(36): CodeIgniter\Database\BaseConnection->query('
    SELECT
        `program_title`,
        `particulars`,
        `funding_source`,
        `payee_name`,
        `payee_office`,
        `payee_address`,
        `certified_a`,
        `certified_b`,
        `position_a`,
        `position_b`,
        `serialno`
    FROM
        `tbl_ors_hd`
    WHERE 
        `recid` = \'1\'')
 2 SYSTEMPATH\View\View.php(224): include('C:\\xampp\\htdocs\\fods\\app\\Views\\ors\\ors-main.php')
 3 SYSTEMPATH\View\View.php(227): CodeIgniter\View\View->CodeIgniter\View\{closure}()
 4 SYSTEMPATH\Common.php(1173): CodeIgniter\View\View->render('ors/ors-main', [], true)
 5 APPPATH\Controllers\MyOrs.php(140): view('ors/ors-main', [...])
 6 APPPATH\Controllers\MyOrs.php(24): App\Controllers\MyOrs->loadMainView()
 7 SYSTEMPATH\CodeIgniter.php(933): App\Controllers\MyOrs->index()
 8 SYSTEMPATH\CodeIgniter.php(507): CodeIgniter\CodeIgniter->runController(Object(App\Controllers\MyOrs))
 9 SYSTEMPATH\CodeIgniter.php(354): CodeIgniter\CodeIgniter->handleRequest(null, Object(Config\Cache), false)
10 SYSTEMPATH\Boot.php(334): CodeIgniter\CodeIgniter->run()
11 SYSTEMPATH\Boot.php(67): CodeIgniter\Boot::runCodeIgniter(Object(CodeIgniter\CodeIgniter))
12 FCPATH\index.php(56): CodeIgniter\Boot::bootWeb(Object(Config\Paths))
CRITICAL - 2025-07-10 10:33:11 --> [Caused by] CodeIgniter\Database\Exceptions\DatabaseException: Unknown column 'serialno' in 'field list'
in SYSTEMPATH\Database\MySQLi\Connection.php on line 332.
 1 SYSTEMPATH\Database\BaseConnection.php(738): CodeIgniter\Database\MySQLi\Connection->execute('
    SELECT
        `program_title`,
        `particulars`,
        `funding_source`,
        `payee_name`,
        `payee_office`,
        `payee_address`,
        `certified_a`,
        `certified_b`,
        `position_a`,
        `position_b`,
        `serialno`
    FROM
        `tbl_ors_hd`
    WHERE 
        `recid` = \'1\'')
 2 SYSTEMPATH\Database\BaseConnection.php(652): CodeIgniter\Database\BaseConnection->simpleQuery('
    SELECT
        `program_title`,
        `particulars`,
        `funding_source`,
        `payee_name`,
        `payee_office`,
        `payee_address`,
        `certified_a`,
        `certified_b`,
        `position_a`,
        `position_b`,
        `serialno`
    FROM
        `tbl_ors_hd`
    WHERE 
        `recid` = \'1\'')
 3 APPPATH\Views\ors\ors-main.php(36): CodeIgniter\Database\BaseConnection->query('
    SELECT
        `program_title`,
        `particulars`,
        `funding_source`,
        `payee_name`,
        `payee_office`,
        `payee_address`,
        `certified_a`,
        `certified_b`,
        `position_a`,
        `position_b`,
        `serialno`
    FROM
        `tbl_ors_hd`
    WHERE 
        `recid` = \'1\'')
 4 SYSTEMPATH\View\View.php(224): include('C:\\xampp\\htdocs\\fods\\app\\Views\\ors\\ors-main.php')
 5 SYSTEMPATH\View\View.php(227): CodeIgniter\View\View->CodeIgniter\View\{closure}()
 6 SYSTEMPATH\Common.php(1173): CodeIgniter\View\View->render('ors/ors-main', [], true)
 7 APPPATH\Controllers\MyOrs.php(140): view('ors/ors-main', [...])
 8 APPPATH\Controllers\MyOrs.php(24): App\Controllers\MyOrs->loadMainView()
 9 SYSTEMPATH\CodeIgniter.php(933): App\Controllers\MyOrs->index()
10 SYSTEMPATH\CodeIgniter.php(507): CodeIgniter\CodeIgniter->runController(Object(App\Controllers\MyOrs))
11 SYSTEMPATH\CodeIgniter.php(354): CodeIgniter\CodeIgniter->handleRequest(null, Object(Config\Cache), false)
12 SYSTEMPATH\Boot.php(334): CodeIgniter\CodeIgniter->run()
13 SYSTEMPATH\Boot.php(67): CodeIgniter\Boot::runCodeIgniter(Object(CodeIgniter\CodeIgniter))
14 FCPATH\index.php(56): CodeIgniter\Boot::bootWeb(Object(Config\Paths))
CRITICAL - 2025-07-10 10:33:11 --> [Caused by] mysqli_sql_exception: Unknown column 'serialno' in 'field list'
in SYSTEMPATH\Database\MySQLi\Connection.php on line 327.
 1 SYSTEMPATH\Database\MySQLi\Connection.php(327): mysqli->query('
    SELECT
        `program_title`,
        `particulars`,
        `funding_source`,
        `payee_name`,
        `payee_office`,
        `payee_address`,
        `certified_a`,
        `certified_b`,
        `position_a`,
        `position_b`,
        `serialno`
    FROM
        `tbl_ors_hd`
    WHERE 
        `recid` = \'1\'', 0)
 2 SYSTEMPATH\Database\BaseConnection.php(738): CodeIgniter\Database\MySQLi\Connection->execute('
    SELECT
        `program_title`,
        `particulars`,
        `funding_source`,
        `payee_name`,
        `payee_office`,
        `payee_address`,
        `certified_a`,
        `certified_b`,
        `position_a`,
        `position_b`,
        `serialno`
    FROM
        `tbl_ors_hd`
    WHERE 
        `recid` = \'1\'')
 3 SYSTEMPATH\Database\BaseConnection.php(652): CodeIgniter\Database\BaseConnection->simpleQuery('
    SELECT
        `program_title`,
        `particulars`,
        `funding_source`,
        `payee_name`,
        `payee_office`,
        `payee_address`,
        `certified_a`,
        `certified_b`,
        `position_a`,
        `position_b`,
        `serialno`
    FROM
        `tbl_ors_hd`
    WHERE 
        `recid` = \'1\'')
 4 APPPATH\Views\ors\ors-main.php(36): CodeIgniter\Database\BaseConnection->query('
    SELECT
        `program_title`,
        `particulars`,
        `funding_source`,
        `payee_name`,
        `payee_office`,
        `payee_address`,
        `certified_a`,
        `certified_b`,
        `position_a`,
        `position_b`,
        `serialno`
    FROM
        `tbl_ors_hd`
    WHERE 
        `recid` = \'1\'')
 5 SYSTEMPATH\View\View.php(224): include('C:\\xampp\\htdocs\\fods\\app\\Views\\ors\\ors-main.php')
 6 SYSTEMPATH\View\View.php(227): CodeIgniter\View\View->CodeIgniter\View\{closure}()
 7 SYSTEMPATH\Common.php(1173): CodeIgniter\View\View->render('ors/ors-main', [], true)
 8 APPPATH\Controllers\MyOrs.php(140): view('ors/ors-main', [...])
 9 APPPATH\Controllers\MyOrs.php(24): App\Controllers\MyOrs->loadMainView()
10 SYSTEMPATH\CodeIgniter.php(933): App\Controllers\MyOrs->index()
11 SYSTEMPATH\CodeIgniter.php(507): CodeIgniter\CodeIgniter->runController(Object(App\Controllers\MyOrs))
12 SYSTEMPATH\CodeIgniter.php(354): CodeIgniter\CodeIgniter->handleRequest(null, Object(Config\Cache), false)
13 SYSTEMPATH\Boot.php(334): CodeIgniter\CodeIgniter->run()
14 SYSTEMPATH\Boot.php(67): CodeIgniter\Boot::runCodeIgniter(Object(CodeIgniter\CodeIgniter))
15 FCPATH\index.php(56): CodeIgniter\Boot::bootWeb(Object(Config\Paths))
ERROR - 2025-07-10 10:33:18 --> mysqli_sql_exception: Unknown column 'serialno' in 'field list' in C:\xampp\htdocs\fods\system\Database\MySQLi\Connection.php:327
Stack trace:
#0 C:\xampp\htdocs\fods\system\Database\MySQLi\Connection.php(327): mysqli->query('\r\n    SELECT\r\n ...', 0)
#1 C:\xampp\htdocs\fods\system\Database\BaseConnection.php(738): CodeIgniter\Database\MySQLi\Connection->execute('\r\n    SELECT\r\n ...')
#2 C:\xampp\htdocs\fods\system\Database\BaseConnection.php(652): CodeIgniter\Database\BaseConnection->simpleQuery('\r\n    SELECT\r\n ...')
#3 C:\xampp\htdocs\fods\app\Views\ors\ors-main.php(36): CodeIgniter\Database\BaseConnection->query('\r\n    SELECT\r\n ...')
#4 C:\xampp\htdocs\fods\system\View\View.php(224): include('C:\\xampp\\htdocs...')
#5 C:\xampp\htdocs\fods\system\View\View.php(227): CodeIgniter\View\View->CodeIgniter\View\{closure}()
#6 C:\xampp\htdocs\fods\system\Common.php(1173): CodeIgniter\View\View->render('ors/ors-main', Array, true)
#7 C:\xampp\htdocs\fods\app\Controllers\MyOrs.php(140): view('ors/ors-main', Array)
#8 C:\xampp\htdocs\fods\app\Controllers\MyOrs.php(24): App\Controllers\MyOrs->loadMainView()
#9 C:\xampp\htdocs\fods\system\CodeIgniter.php(933): App\Controllers\MyOrs->index()
#10 C:\xampp\htdocs\fods\system\CodeIgniter.php(507): CodeIgniter\CodeIgniter->runController(Object(App\Controllers\MyOrs))
#11 C:\xampp\htdocs\fods\system\CodeIgniter.php(354): CodeIgniter\CodeIgniter->handleRequest(NULL, Object(Config\Cache), false)
#12 C:\xampp\htdocs\fods\system\Boot.php(334): CodeIgniter\CodeIgniter->run()
#13 C:\xampp\htdocs\fods\system\Boot.php(67): CodeIgniter\Boot::runCodeIgniter(Object(CodeIgniter\CodeIgniter))
#14 C:\xampp\htdocs\fods\public\index.php(56): CodeIgniter\Boot::bootWeb(Object(Config\Paths))
#15 {main}
CRITICAL - 2025-07-10 10:33:18 --> CodeIgniter\Database\Exceptions\DatabaseException: Unknown column 'serialno' in 'field list'
[Method: GET, Route: myors]
in SYSTEMPATH\Database\BaseConnection.php on line 692.
 1 APPPATH\Views\ors\ors-main.php(36): CodeIgniter\Database\BaseConnection->query('
    SELECT
        `program_title`,
        `particulars`,
        `funding_source`,
        `payee_name`,
        `payee_office`,
        `payee_address`,
        `certified_a`,
        `certified_b`,
        `position_a`,
        `position_b`,
        `serialno`
    FROM
        `tbl_ors_hd`
    WHERE 
        `recid` = \'1\'')
 2 SYSTEMPATH\View\View.php(224): include('C:\\xampp\\htdocs\\fods\\app\\Views\\ors\\ors-main.php')
 3 SYSTEMPATH\View\View.php(227): CodeIgniter\View\View->CodeIgniter\View\{closure}()
 4 SYSTEMPATH\Common.php(1173): CodeIgniter\View\View->render('ors/ors-main', [], true)
 5 APPPATH\Controllers\MyOrs.php(140): view('ors/ors-main', [...])
 6 APPPATH\Controllers\MyOrs.php(24): App\Controllers\MyOrs->loadMainView()
 7 SYSTEMPATH\CodeIgniter.php(933): App\Controllers\MyOrs->index()
 8 SYSTEMPATH\CodeIgniter.php(507): CodeIgniter\CodeIgniter->runController(Object(App\Controllers\MyOrs))
 9 SYSTEMPATH\CodeIgniter.php(354): CodeIgniter\CodeIgniter->handleRequest(null, Object(Config\Cache), false)
10 SYSTEMPATH\Boot.php(334): CodeIgniter\CodeIgniter->run()
11 SYSTEMPATH\Boot.php(67): CodeIgniter\Boot::runCodeIgniter(Object(CodeIgniter\CodeIgniter))
12 FCPATH\index.php(56): CodeIgniter\Boot::bootWeb(Object(Config\Paths))
CRITICAL - 2025-07-10 10:33:18 --> [Caused by] CodeIgniter\Database\Exceptions\DatabaseException: Unknown column 'serialno' in 'field list'
in SYSTEMPATH\Database\MySQLi\Connection.php on line 332.
 1 SYSTEMPATH\Database\BaseConnection.php(738): CodeIgniter\Database\MySQLi\Connection->execute('
    SELECT
        `program_title`,
        `particulars`,
        `funding_source`,
        `payee_name`,
        `payee_office`,
        `payee_address`,
        `certified_a`,
        `certified_b`,
        `position_a`,
        `position_b`,
        `serialno`
    FROM
        `tbl_ors_hd`
    WHERE 
        `recid` = \'1\'')
 2 SYSTEMPATH\Database\BaseConnection.php(652): CodeIgniter\Database\BaseConnection->simpleQuery('
    SELECT
        `program_title`,
        `particulars`,
        `funding_source`,
        `payee_name`,
        `payee_office`,
        `payee_address`,
        `certified_a`,
        `certified_b`,
        `position_a`,
        `position_b`,
        `serialno`
    FROM
        `tbl_ors_hd`
    WHERE 
        `recid` = \'1\'')
 3 APPPATH\Views\ors\ors-main.php(36): CodeIgniter\Database\BaseConnection->query('
    SELECT
        `program_title`,
        `particulars`,
        `funding_source`,
        `payee_name`,
        `payee_office`,
        `payee_address`,
        `certified_a`,
        `certified_b`,
        `position_a`,
        `position_b`,
        `serialno`
    FROM
        `tbl_ors_hd`
    WHERE 
        `recid` = \'1\'')
 4 SYSTEMPATH\View\View.php(224): include('C:\\xampp\\htdocs\\fods\\app\\Views\\ors\\ors-main.php')
 5 SYSTEMPATH\View\View.php(227): CodeIgniter\View\View->CodeIgniter\View\{closure}()
 6 SYSTEMPATH\Common.php(1173): CodeIgniter\View\View->render('ors/ors-main', [], true)
 7 APPPATH\Controllers\MyOrs.php(140): view('ors/ors-main', [...])
 8 APPPATH\Controllers\MyOrs.php(24): App\Controllers\MyOrs->loadMainView()
 9 SYSTEMPATH\CodeIgniter.php(933): App\Controllers\MyOrs->index()
10 SYSTEMPATH\CodeIgniter.php(507): CodeIgniter\CodeIgniter->runController(Object(App\Controllers\MyOrs))
11 SYSTEMPATH\CodeIgniter.php(354): CodeIgniter\CodeIgniter->handleRequest(null, Object(Config\Cache), false)
12 SYSTEMPATH\Boot.php(334): CodeIgniter\CodeIgniter->run()
13 SYSTEMPATH\Boot.php(67): CodeIgniter\Boot::runCodeIgniter(Object(CodeIgniter\CodeIgniter))
14 FCPATH\index.php(56): CodeIgniter\Boot::bootWeb(Object(Config\Paths))
CRITICAL - 2025-07-10 10:33:18 --> [Caused by] mysqli_sql_exception: Unknown column 'serialno' in 'field list'
in SYSTEMPATH\Database\MySQLi\Connection.php on line 327.
 1 SYSTEMPATH\Database\MySQLi\Connection.php(327): mysqli->query('
    SELECT
        `program_title`,
        `particulars`,
        `funding_source`,
        `payee_name`,
        `payee_office`,
        `payee_address`,
        `certified_a`,
        `certified_b`,
        `position_a`,
        `position_b`,
        `serialno`
    FROM
        `tbl_ors_hd`
    WHERE 
        `recid` = \'1\'', 0)
 2 SYSTEMPATH\Database\BaseConnection.php(738): CodeIgniter\Database\MySQLi\Connection->execute('
    SELECT
        `program_title`,
        `particulars`,
        `funding_source`,
        `payee_name`,
        `payee_office`,
        `payee_address`,
        `certified_a`,
        `certified_b`,
        `position_a`,
        `position_b`,
        `serialno`
    FROM
        `tbl_ors_hd`
    WHERE 
        `recid` = \'1\'')
 3 SYSTEMPATH\Database\BaseConnection.php(652): CodeIgniter\Database\BaseConnection->simpleQuery('
    SELECT
        `program_title`,
        `particulars`,
        `funding_source`,
        `payee_name`,
        `payee_office`,
        `payee_address`,
        `certified_a`,
        `certified_b`,
        `position_a`,
        `position_b`,
        `serialno`
    FROM
        `tbl_ors_hd`
    WHERE 
        `recid` = \'1\'')
 4 APPPATH\Views\ors\ors-main.php(36): CodeIgniter\Database\BaseConnection->query('
    SELECT
        `program_title`,
        `particulars`,
        `funding_source`,
        `payee_name`,
        `payee_office`,
        `payee_address`,
        `certified_a`,
        `certified_b`,
        `position_a`,
        `position_b`,
        `serialno`
    FROM
        `tbl_ors_hd`
    WHERE 
        `recid` = \'1\'')
 5 SYSTEMPATH\View\View.php(224): include('C:\\xampp\\htdocs\\fods\\app\\Views\\ors\\ors-main.php')
 6 SYSTEMPATH\View\View.php(227): CodeIgniter\View\View->CodeIgniter\View\{closure}()
 7 SYSTEMPATH\Common.php(1173): CodeIgniter\View\View->render('ors/ors-main', [], true)
 8 APPPATH\Controllers\MyOrs.php(140): view('ors/ors-main', [...])
 9 APPPATH\Controllers\MyOrs.php(24): App\Controllers\MyOrs->loadMainView()
10 SYSTEMPATH\CodeIgniter.php(933): App\Controllers\MyOrs->index()
11 SYSTEMPATH\CodeIgniter.php(507): CodeIgniter\CodeIgniter->runController(Object(App\Controllers\MyOrs))
12 SYSTEMPATH\CodeIgniter.php(354): CodeIgniter\CodeIgniter->handleRequest(null, Object(Config\Cache), false)
13 SYSTEMPATH\Boot.php(334): CodeIgniter\CodeIgniter->run()
14 SYSTEMPATH\Boot.php(67): CodeIgniter\Boot::runCodeIgniter(Object(CodeIgniter\CodeIgniter))
15 FCPATH\index.php(56): CodeIgniter\Boot::bootWeb(Object(Config\Paths))
ERROR - 2025-07-10 13:19:54 --> mysqli_sql_exception: You have an error in your SQL syntax; check the manual that corresponds to your MariaDB server version for the right syntax to use near 'CTR_YEAR` varchar(4) DEFAULT '0000',
		  `CTR_MONTH` varchar(2) DEFAULT '00'...' at line 1 in C:\xampp\htdocs\fods\system\Database\MySQLi\Connection.php:327
Stack trace:
#0 C:\xampp\htdocs\fods\system\Database\MySQLi\Connection.php(327): mysqli->query('\r\n\t\tCREATE TABL...', 0)
#1 C:\xampp\htdocs\fods\system\Database\BaseConnection.php(738): CodeIgniter\Database\MySQLi\Connection->execute('\r\n\t\tCREATE TABL...')
#2 C:\xampp\htdocs\fods\system\Database\BaseConnection.php(652): CodeIgniter\Database\BaseConnection->simpleQuery('\r\n\t\tCREATE TABL...')
#3 C:\xampp\htdocs\fods\app\Models\MyOrsModel.php(853): CodeIgniter\Database\BaseConnection->query('\r\n\t\tCREATE TABL...')
#4 C:\xampp\htdocs\fods\app\Models\MyOrsModel.php(40): App\Models\MyOrsModel->get_ctr_ors('01', '', 'CTRL_NO01')
#5 C:\xampp\htdocs\fods\app\Controllers\MyOrs.php(28): App\Models\MyOrsModel->ors_save()
#6 C:\xampp\htdocs\fods\system\CodeIgniter.php(933): App\Controllers\MyOrs->index()
#7 C:\xampp\htdocs\fods\system\CodeIgniter.php(507): CodeIgniter\CodeIgniter->runController(Object(App\Controllers\MyOrs))
#8 C:\xampp\htdocs\fods\system\CodeIgniter.php(354): CodeIgniter\CodeIgniter->handleRequest(NULL, Object(Config\Cache), false)
#9 C:\xampp\htdocs\fods\system\Boot.php(334): CodeIgniter\CodeIgniter->run()
#10 C:\xampp\htdocs\fods\system\Boot.php(67): CodeIgniter\Boot::runCodeIgniter(Object(CodeIgniter\CodeIgniter))
#11 C:\xampp\htdocs\fods\public\index.php(56): CodeIgniter\Boot::bootWeb(Object(Config\Paths))
#12 {main}
CRITICAL - 2025-07-10 13:19:54 --> CodeIgniter\Database\Exceptions\DatabaseException: You have an error in your SQL syntax; check the manual that corresponds to your MariaDB server version for the right syntax to use near 'CTR_YEAR` varchar(4) DEFAULT '0000',
		  `CTR_MONTH` varchar(2) DEFAULT '00'...' at line 1
[Method: POST, Route: myors]
in SYSTEMPATH\Database\BaseConnection.php on line 692.
 1 APPPATH\Models\MyOrsModel.php(853): CodeIgniter\Database\BaseConnection->query('
		CREATE TABLE if not exists  myctr_ors` (
		  `CTR_YEAR` varchar(4) DEFAULT \'0000\',
		  `CTR_MONTH` varchar(2) DEFAULT \'00\',
		  `CTR_DAY` varchar(2) DEFAULT \'00\',
		  `CTRL_NO01` varchar(15) DEFAULT \'000\',
		  `CTRL_NO02` varchar(15) DEFAULT \'000\',
		  `CTRL_NO03` varchar(15) DEFAULT \'000\',
		  `CTRL_NO04` varchar(15) DEFAULT \'000\',
		  `CTRL_NO05` varchar(15) DEFAULT \'000\',
		  `CTRL_NO06` varchar(15) DEFAULT \'000\',
		  `CTRL_NO07` varchar(15) DEFAULT \'000\',
		  `CTRL_NO08` varchar(15) DEFAULT \'000\',
		  `CTRL_NO09` varchar(15) DEFAULT \'000\',
		  `CTRL_NO10` varchar(15) DEFAULT \'000\',
		  `CTRL_NO11` varchar(15) DEFAULT \'000\',
		  `SS_CTR` varchar(15) DEFAULT \'000\',
		  UNIQUE KEY `ctr01` (`CTR_YEAR`,`CTR_MONTH`,`CTR_DAY`)
		) ENGINE=InnoDB DEFAULT CHARSET=utf8;
		')
 2 APPPATH\Models\MyOrsModel.php(40): App\Models\MyOrsModel->get_ctr_ors('01', '', 'CTRL_NO01')
 3 APPPATH\Controllers\MyOrs.php(28): App\Models\MyOrsModel->ors_save()
 4 SYSTEMPATH\CodeIgniter.php(933): App\Controllers\MyOrs->index()
 5 SYSTEMPATH\CodeIgniter.php(507): CodeIgniter\CodeIgniter->runController(Object(App\Controllers\MyOrs))
 6 SYSTEMPATH\CodeIgniter.php(354): CodeIgniter\CodeIgniter->handleRequest(null, Object(Config\Cache), false)
 7 SYSTEMPATH\Boot.php(334): CodeIgniter\CodeIgniter->run()
 8 SYSTEMPATH\Boot.php(67): CodeIgniter\Boot::runCodeIgniter(Object(CodeIgniter\CodeIgniter))
 9 FCPATH\index.php(56): CodeIgniter\Boot::bootWeb(Object(Config\Paths))
CRITICAL - 2025-07-10 13:19:54 --> [Caused by] CodeIgniter\Database\Exceptions\DatabaseException: You have an error in your SQL syntax; check the manual that corresponds to your MariaDB server version for the right syntax to use near 'CTR_YEAR` varchar(4) DEFAULT '0000',
		  `CTR_MONTH` varchar(2) DEFAULT '00'...' at line 1
in SYSTEMPATH\Database\MySQLi\Connection.php on line 332.
 1 SYSTEMPATH\Database\BaseConnection.php(738): CodeIgniter\Database\MySQLi\Connection->execute('
		CREATE TABLE if not exists  myctr_ors` (
		  `CTR_YEAR` varchar(4) DEFAULT \'0000\',
		  `CTR_MONTH` varchar(2) DEFAULT \'00\',
		  `CTR_DAY` varchar(2) DEFAULT \'00\',
		  `CTRL_NO01` varchar(15) DEFAULT \'000\',
		  `CTRL_NO02` varchar(15) DEFAULT \'000\',
		  `CTRL_NO03` varchar(15) DEFAULT \'000\',
		  `CTRL_NO04` varchar(15) DEFAULT \'000\',
		  `CTRL_NO05` varchar(15) DEFAULT \'000\',
		  `CTRL_NO06` varchar(15) DEFAULT \'000\',
		  `CTRL_NO07` varchar(15) DEFAULT \'000\',
		  `CTRL_NO08` varchar(15) DEFAULT \'000\',
		  `CTRL_NO09` varchar(15) DEFAULT \'000\',
		  `CTRL_NO10` varchar(15) DEFAULT \'000\',
		  `CTRL_NO11` varchar(15) DEFAULT \'000\',
		  `SS_CTR` varchar(15) DEFAULT \'000\',
		  UNIQUE KEY `ctr01` (`CTR_YEAR`,`CTR_MONTH`,`CTR_DAY`)
		) ENGINE=InnoDB DEFAULT CHARSET=utf8;
		')
 2 SYSTEMPATH\Database\BaseConnection.php(652): CodeIgniter\Database\BaseConnection->simpleQuery('
		CREATE TABLE if not exists  myctr_ors` (
		  `CTR_YEAR` varchar(4) DEFAULT \'0000\',
		  `CTR_MONTH` varchar(2) DEFAULT \'00\',
		  `CTR_DAY` varchar(2) DEFAULT \'00\',
		  `CTRL_NO01` varchar(15) DEFAULT \'000\',
		  `CTRL_NO02` varchar(15) DEFAULT \'000\',
		  `CTRL_NO03` varchar(15) DEFAULT \'000\',
		  `CTRL_NO04` varchar(15) DEFAULT \'000\',
		  `CTRL_NO05` varchar(15) DEFAULT \'000\',
		  `CTRL_NO06` varchar(15) DEFAULT \'000\',
		  `CTRL_NO07` varchar(15) DEFAULT \'000\',
		  `CTRL_NO08` varchar(15) DEFAULT \'000\',
		  `CTRL_NO09` varchar(15) DEFAULT \'000\',
		  `CTRL_NO10` varchar(15) DEFAULT \'000\',
		  `CTRL_NO11` varchar(15) DEFAULT \'000\',
		  `SS_CTR` varchar(15) DEFAULT \'000\',
		  UNIQUE KEY `ctr01` (`CTR_YEAR`,`CTR_MONTH`,`CTR_DAY`)
		) ENGINE=InnoDB DEFAULT CHARSET=utf8;
		')
 3 APPPATH\Models\MyOrsModel.php(853): CodeIgniter\Database\BaseConnection->query('
		CREATE TABLE if not exists  myctr_ors` (
		  `CTR_YEAR` varchar(4) DEFAULT \'0000\',
		  `CTR_MONTH` varchar(2) DEFAULT \'00\',
		  `CTR_DAY` varchar(2) DEFAULT \'00\',
		  `CTRL_NO01` varchar(15) DEFAULT \'000\',
		  `CTRL_NO02` varchar(15) DEFAULT \'000\',
		  `CTRL_NO03` varchar(15) DEFAULT \'000\',
		  `CTRL_NO04` varchar(15) DEFAULT \'000\',
		  `CTRL_NO05` varchar(15) DEFAULT \'000\',
		  `CTRL_NO06` varchar(15) DEFAULT \'000\',
		  `CTRL_NO07` varchar(15) DEFAULT \'000\',
		  `CTRL_NO08` varchar(15) DEFAULT \'000\',
		  `CTRL_NO09` varchar(15) DEFAULT \'000\',
		  `CTRL_NO10` varchar(15) DEFAULT \'000\',
		  `CTRL_NO11` varchar(15) DEFAULT \'000\',
		  `SS_CTR` varchar(15) DEFAULT \'000\',
		  UNIQUE KEY `ctr01` (`CTR_YEAR`,`CTR_MONTH`,`CTR_DAY`)
		) ENGINE=InnoDB DEFAULT CHARSET=utf8;
		')
 4 APPPATH\Models\MyOrsModel.php(40): App\Models\MyOrsModel->get_ctr_ors('01', '', 'CTRL_NO01')
 5 APPPATH\Controllers\MyOrs.php(28): App\Models\MyOrsModel->ors_save()
 6 SYSTEMPATH\CodeIgniter.php(933): App\Controllers\MyOrs->index()
 7 SYSTEMPATH\CodeIgniter.php(507): CodeIgniter\CodeIgniter->runController(Object(App\Controllers\MyOrs))
 8 SYSTEMPATH\CodeIgniter.php(354): CodeIgniter\CodeIgniter->handleRequest(null, Object(Config\Cache), false)
 9 SYSTEMPATH\Boot.php(334): CodeIgniter\CodeIgniter->run()
10 SYSTEMPATH\Boot.php(67): CodeIgniter\Boot::runCodeIgniter(Object(CodeIgniter\CodeIgniter))
11 FCPATH\index.php(56): CodeIgniter\Boot::bootWeb(Object(Config\Paths))
CRITICAL - 2025-07-10 13:19:54 --> [Caused by] mysqli_sql_exception: You have an error in your SQL syntax; check the manual that corresponds to your MariaDB server version for the right syntax to use near 'CTR_YEAR` varchar(4) DEFAULT '0000',
		  `CTR_MONTH` varchar(2) DEFAULT '00'...' at line 1
in SYSTEMPATH\Database\MySQLi\Connection.php on line 327.
 1 SYSTEMPATH\Database\MySQLi\Connection.php(327): mysqli->query('
		CREATE TABLE if not exists  myctr_ors` (
		  `CTR_YEAR` varchar(4) DEFAULT \'0000\',
		  `CTR_MONTH` varchar(2) DEFAULT \'00\',
		  `CTR_DAY` varchar(2) DEFAULT \'00\',
		  `CTRL_NO01` varchar(15) DEFAULT \'000\',
		  `CTRL_NO02` varchar(15) DEFAULT \'000\',
		  `CTRL_NO03` varchar(15) DEFAULT \'000\',
		  `CTRL_NO04` varchar(15) DEFAULT \'000\',
		  `CTRL_NO05` varchar(15) DEFAULT \'000\',
		  `CTRL_NO06` varchar(15) DEFAULT \'000\',
		  `CTRL_NO07` varchar(15) DEFAULT \'000\',
		  `CTRL_NO08` varchar(15) DEFAULT \'000\',
		  `CTRL_NO09` varchar(15) DEFAULT \'000\',
		  `CTRL_NO10` varchar(15) DEFAULT \'000\',
		  `CTRL_NO11` varchar(15) DEFAULT \'000\',
		  `SS_CTR` varchar(15) DEFAULT \'000\',
		  UNIQUE KEY `ctr01` (`CTR_YEAR`,`CTR_MONTH`,`CTR_DAY`)
		) ENGINE=InnoDB DEFAULT CHARSET=utf8;
		', 0)
 2 SYSTEMPATH\Database\BaseConnection.php(738): CodeIgniter\Database\MySQLi\Connection->execute('
		CREATE TABLE if not exists  myctr_ors` (
		  `CTR_YEAR` varchar(4) DEFAULT \'0000\',
		  `CTR_MONTH` varchar(2) DEFAULT \'00\',
		  `CTR_DAY` varchar(2) DEFAULT \'00\',
		  `CTRL_NO01` varchar(15) DEFAULT \'000\',
		  `CTRL_NO02` varchar(15) DEFAULT \'000\',
		  `CTRL_NO03` varchar(15) DEFAULT \'000\',
		  `CTRL_NO04` varchar(15) DEFAULT \'000\',
		  `CTRL_NO05` varchar(15) DEFAULT \'000\',
		  `CTRL_NO06` varchar(15) DEFAULT \'000\',
		  `CTRL_NO07` varchar(15) DEFAULT \'000\',
		  `CTRL_NO08` varchar(15) DEFAULT \'000\',
		  `CTRL_NO09` varchar(15) DEFAULT \'000\',
		  `CTRL_NO10` varchar(15) DEFAULT \'000\',
		  `CTRL_NO11` varchar(15) DEFAULT \'000\',
		  `SS_CTR` varchar(15) DEFAULT \'000\',
		  UNIQUE KEY `ctr01` (`CTR_YEAR`,`CTR_MONTH`,`CTR_DAY`)
		) ENGINE=InnoDB DEFAULT CHARSET=utf8;
		')
 3 SYSTEMPATH\Database\BaseConnection.php(652): CodeIgniter\Database\BaseConnection->simpleQuery('
		CREATE TABLE if not exists  myctr_ors` (
		  `CTR_YEAR` varchar(4) DEFAULT \'0000\',
		  `CTR_MONTH` varchar(2) DEFAULT \'00\',
		  `CTR_DAY` varchar(2) DEFAULT \'00\',
		  `CTRL_NO01` varchar(15) DEFAULT \'000\',
		  `CTRL_NO02` varchar(15) DEFAULT \'000\',
		  `CTRL_NO03` varchar(15) DEFAULT \'000\',
		  `CTRL_NO04` varchar(15) DEFAULT \'000\',
		  `CTRL_NO05` varchar(15) DEFAULT \'000\',
		  `CTRL_NO06` varchar(15) DEFAULT \'000\',
		  `CTRL_NO07` varchar(15) DEFAULT \'000\',
		  `CTRL_NO08` varchar(15) DEFAULT \'000\',
		  `CTRL_NO09` varchar(15) DEFAULT \'000\',
		  `CTRL_NO10` varchar(15) DEFAULT \'000\',
		  `CTRL_NO11` varchar(15) DEFAULT \'000\',
		  `SS_CTR` varchar(15) DEFAULT \'000\',
		  UNIQUE KEY `ctr01` (`CTR_YEAR`,`CTR_MONTH`,`CTR_DAY`)
		) ENGINE=InnoDB DEFAULT CHARSET=utf8;
		')
 4 APPPATH\Models\MyOrsModel.php(853): CodeIgniter\Database\BaseConnection->query('
		CREATE TABLE if not exists  myctr_ors` (
		  `CTR_YEAR` varchar(4) DEFAULT \'0000\',
		  `CTR_MONTH` varchar(2) DEFAULT \'00\',
		  `CTR_DAY` varchar(2) DEFAULT \'00\',
		  `CTRL_NO01` varchar(15) DEFAULT \'000\',
		  `CTRL_NO02` varchar(15) DEFAULT \'000\',
		  `CTRL_NO03` varchar(15) DEFAULT \'000\',
		  `CTRL_NO04` varchar(15) DEFAULT \'000\',
		  `CTRL_NO05` varchar(15) DEFAULT \'000\',
		  `CTRL_NO06` varchar(15) DEFAULT \'000\',
		  `CTRL_NO07` varchar(15) DEFAULT \'000\',
		  `CTRL_NO08` varchar(15) DEFAULT \'000\',
		  `CTRL_NO09` varchar(15) DEFAULT \'000\',
		  `CTRL_NO10` varchar(15) DEFAULT \'000\',
		  `CTRL_NO11` varchar(15) DEFAULT \'000\',
		  `SS_CTR` varchar(15) DEFAULT \'000\',
		  UNIQUE KEY `ctr01` (`CTR_YEAR`,`CTR_MONTH`,`CTR_DAY`)
		) ENGINE=InnoDB DEFAULT CHARSET=utf8;
		')
 5 APPPATH\Models\MyOrsModel.php(40): App\Models\MyOrsModel->get_ctr_ors('01', '', 'CTRL_NO01')
 6 APPPATH\Controllers\MyOrs.php(28): App\Models\MyOrsModel->ors_save()
 7 SYSTEMPATH\CodeIgniter.php(933): App\Controllers\MyOrs->index()
 8 SYSTEMPATH\CodeIgniter.php(507): CodeIgniter\CodeIgniter->runController(Object(App\Controllers\MyOrs))
 9 SYSTEMPATH\CodeIgniter.php(354): CodeIgniter\CodeIgniter->handleRequest(null, Object(Config\Cache), false)
10 SYSTEMPATH\Boot.php(334): CodeIgniter\CodeIgniter->run()
11 SYSTEMPATH\Boot.php(67): CodeIgniter\Boot::runCodeIgniter(Object(CodeIgniter\CodeIgniter))
12 FCPATH\index.php(56): CodeIgniter\Boot::bootWeb(Object(Config\Paths))
ERROR - 2025-07-10 14:09:51 --> Error connecting to the database: mysqli_sql_exception: No connection could be made because the target machine actively refused it in C:\xampp\htdocs\fods\system\Database\MySQLi\Connection.php:202
Stack trace:
#0 C:\xampp\htdocs\fods\system\Database\MySQLi\Connection.php(202): mysqli->real_connect('localhost', 'root', '', 'fods', 3306, '', 0)
#1 C:\xampp\htdocs\fods\system\Database\BaseConnection.php(421): CodeIgniter\Database\MySQLi\Connection->connect(false)
#2 C:\xampp\htdocs\fods\system\Database\BaseConnection.php(620): CodeIgniter\Database\BaseConnection->initialize()
#3 C:\xampp\htdocs\fods\app\Controllers\MyUserManagement.php(51): CodeIgniter\Database\BaseConnection->query('SELECT * FROM m...')
#4 C:\xampp\htdocs\fods\app\Controllers\MyUserManagement.php(22): App\Controllers\MyUserManagement->loadMainView()
#5 C:\xampp\htdocs\fods\system\CodeIgniter.php(933): App\Controllers\MyUserManagement->index()
#6 C:\xampp\htdocs\fods\system\CodeIgniter.php(507): CodeIgniter\CodeIgniter->runController(Object(App\Controllers\MyUserManagement))
#7 C:\xampp\htdocs\fods\system\CodeIgniter.php(354): CodeIgniter\CodeIgniter->handleRequest(NULL, Object(Config\Cache), false)
#8 C:\xampp\htdocs\fods\system\Boot.php(334): CodeIgniter\CodeIgniter->run()
#9 C:\xampp\htdocs\fods\system\Boot.php(67): CodeIgniter\Boot::runCodeIgniter(Object(CodeIgniter\CodeIgniter))
#10 C:\xampp\htdocs\fods\public\index.php(56): CodeIgniter\Boot::bootWeb(Object(Config\Paths))
#11 {main}

Next CodeIgniter\Database\Exceptions\DatabaseException: No connection could be made because the target machine actively refused it in C:\xampp\htdocs\fods\system\Database\MySQLi\Connection.php:246
Stack trace:
#0 C:\xampp\htdocs\fods\system\Database\BaseConnection.php(421): CodeIgniter\Database\MySQLi\Connection->connect(false)
#1 C:\xampp\htdocs\fods\system\Database\BaseConnection.php(620): CodeIgniter\Database\BaseConnection->initialize()
#2 C:\xampp\htdocs\fods\app\Controllers\MyUserManagement.php(51): CodeIgniter\Database\BaseConnection->query('SELECT * FROM m...')
#3 C:\xampp\htdocs\fods\app\Controllers\MyUserManagement.php(22): App\Controllers\MyUserManagement->loadMainView()
#4 C:\xampp\htdocs\fods\system\CodeIgniter.php(933): App\Controllers\MyUserManagement->index()
#5 C:\xampp\htdocs\fods\system\CodeIgniter.php(507): CodeIgniter\CodeIgniter->runController(Object(App\Controllers\MyUserManagement))
#6 C:\xampp\htdocs\fods\system\CodeIgniter.php(354): CodeIgniter\CodeIgniter->handleRequest(NULL, Object(Config\Cache), false)
#7 C:\xampp\htdocs\fods\system\Boot.php(334): CodeIgniter\CodeIgniter->run()
#8 C:\xampp\htdocs\fods\system\Boot.php(67): CodeIgniter\Boot::runCodeIgniter(Object(CodeIgniter\CodeIgniter))
#9 C:\xampp\htdocs\fods\public\index.php(56): CodeIgniter\Boot::bootWeb(Object(Config\Paths))
#10 {main}
CRITICAL - 2025-07-10 14:09:51 --> CodeIgniter\Database\Exceptions\DatabaseException: Unable to connect to the database.
Main connection [MySQLi]: No connection could be made because the target machine actively refused it
[Method: GET, Route: myua]
in SYSTEMPATH\Database\BaseConnection.php on line 467.
 1 SYSTEMPATH\Database\BaseConnection.php(620): CodeIgniter\Database\BaseConnection->initialize()
 2 APPPATH\Controllers\MyUserManagement.php(51): CodeIgniter\Database\BaseConnection->query('SELECT * FROM myua_user')
 3 APPPATH\Controllers\MyUserManagement.php(22): App\Controllers\MyUserManagement->loadMainView()
 4 SYSTEMPATH\CodeIgniter.php(933): App\Controllers\MyUserManagement->index()
 5 SYSTEMPATH\CodeIgniter.php(507): CodeIgniter\CodeIgniter->runController(Object(App\Controllers\MyUserManagement))
 6 SYSTEMPATH\CodeIgniter.php(354): CodeIgniter\CodeIgniter->handleRequest(null, Object(Config\Cache), false)
 7 SYSTEMPATH\Boot.php(334): CodeIgniter\CodeIgniter->run()
 8 SYSTEMPATH\Boot.php(67): CodeIgniter\Boot::runCodeIgniter(Object(CodeIgniter\CodeIgniter))
 9 FCPATH\index.php(56): CodeIgniter\Boot::bootWeb(Object(Config\Paths))
