CRITICAL - 2026-01-07 09:55:58 --> ErrorException: Undefined variable $productsdata
[Method: GET, Route: myors]
in APPPATH\Views\ors\ors-main.php on line 1765.
 1 APPPATH\Views\ors\ors-main.php(1765): CodeIgniter\Debug\Exceptions->errorHandler(2, 'Undefined variable $productsdata', 'C:\\xampp\\htdocs\\fods\\app\\Views\\ors\\ors-main.php', 1765)
 2 SYSTEMPATH\View\View.php(224): include('C:\\xampp\\htdocs\\fods\\app\\Views\\ors\\ors-main.php')
 3 SYSTEMPATH\View\View.php(227): CodeIgniter\View\View->CodeIgniter\View\{closure}()
 4 SYSTEMPATH\Common.php(1173): CodeIgniter\View\View->render('ors/ors-main', [], true)
 5 APPPATH\Controllers\MyOrs.php(155): view('ors/ors-main', [...])
 6 APPPATH\Controllers\MyOrs.php(28): App\Controllers\MyOrs->loadMainView()
 7 SYSTEMPATH\CodeIgniter.php(933): App\Controllers\MyOrs->index()
 8 SYSTEMPATH\CodeIgniter.php(507): CodeIgniter\CodeIgniter->runController(Object(App\Controllers\MyOrs))
 9 SYSTEMPATH\CodeIgniter.php(354): CodeIgniter\CodeIgniter->handleRequest(null, Object(Config\Cache), false)
10 SYSTEMPATH\Boot.php(334): CodeIgniter\CodeIgniter->run()
11 SYSTEMPATH\Boot.php(67): CodeIgniter\Boot::runCodeIgniter(Object(CodeIgniter\CodeIgniter))
12 FCPATH\index.php(56): CodeIgniter\Boot::bootWeb(Object(Config\Paths))
CRITICAL - 2026-01-07 12:59:10 --> Error: Call to undefined function App\Models\NOW()
[Method: POST, Route: mysaobrpt]
in APPPATH\Models\MySaobReportModel.php on line 269.
 1 APPPATH\Controllers\MySaobReport.php(39): App\Models\MySaobReportModel->saob_save()
 2 SYSTEMPATH\CodeIgniter.php(933): App\Controllers\MySaobReport->index()
 3 SYSTEMPATH\CodeIgniter.php(507): CodeIgniter\CodeIgniter->runController(Object(App\Controllers\MySaobReport))
 4 SYSTEMPATH\CodeIgniter.php(354): CodeIgniter\CodeIgniter->handleRequest(null, Object(Config\Cache), false)
 5 SYSTEMPATH\Boot.php(334): CodeIgniter\CodeIgniter->run()
 6 SYSTEMPATH\Boot.php(67): CodeIgniter\Boot::runCodeIgniter(Object(CodeIgniter\CodeIgniter))
 7 FCPATH\index.php(56): CodeIgniter\Boot::bootWeb(Object(Config\Paths))
CRITICAL - 2026-01-07 12:59:43 --> Error: Call to undefined function App\Models\now()
[Method: POST, Route: mysaobrpt]
in APPPATH\Models\MySaobReportModel.php on line 269.
 1 APPPATH\Controllers\MySaobReport.php(39): App\Models\MySaobReportModel->saob_save()
 2 SYSTEMPATH\CodeIgniter.php(933): App\Controllers\MySaobReport->index()
 3 SYSTEMPATH\CodeIgniter.php(507): CodeIgniter\CodeIgniter->runController(Object(App\Controllers\MySaobReport))
 4 SYSTEMPATH\CodeIgniter.php(354): CodeIgniter\CodeIgniter->handleRequest(null, Object(Config\Cache), false)
 5 SYSTEMPATH\Boot.php(334): CodeIgniter\CodeIgniter->run()
 6 SYSTEMPATH\Boot.php(67): CodeIgniter\Boot::runCodeIgniter(Object(CodeIgniter\CodeIgniter))
 7 FCPATH\index.php(56): CodeIgniter\Boot::bootWeb(Object(Config\Paths))
ERROR - 2026-01-07 14:30:33 --> mysqli_sql_exception: Unknown column 'availability_date' in 'field list' in C:\xampp\htdocs\fods\system\Database\MySQLi\Connection.php:327
Stack trace:
#0 C:\xampp\htdocs\fods\system\Database\MySQLi\Connection.php(327): mysqli->query('\r\n    SELECT\r\n ...', 0)
#1 C:\xampp\htdocs\fods\system\Database\BaseConnection.php(738): CodeIgniter\Database\MySQLi\Connection->execute('\r\n    SELECT\r\n ...')
#2 C:\xampp\htdocs\fods\system\Database\BaseConnection.php(652): CodeIgniter\Database\BaseConnection->simpleQuery('\r\n    SELECT\r\n ...')
#3 C:\xampp\htdocs\fods\app\Views\procurement\abstract\abstract-main.php(36): CodeIgniter\Database\BaseConnection->query('\r\n    SELECT\r\n ...')
#4 C:\xampp\htdocs\fods\system\View\View.php(224): include('C:\\xampp\\htdocs...')
#5 C:\xampp\htdocs\fods\system\View\View.php(227): CodeIgniter\View\View->CodeIgniter\View\{closure}()
#6 C:\xampp\htdocs\fods\system\Common.php(1173): CodeIgniter\View\View->render('procurement/abs...', Array, true)
#7 C:\xampp\htdocs\fods\app\Controllers\MyAbstract.php(169): view('procurement/abs...', Array)
#8 C:\xampp\htdocs\fods\app\Controllers\MyAbstract.php(24): App\Controllers\MyAbstract->loadProductsView()
#9 C:\xampp\htdocs\fods\system\CodeIgniter.php(933): App\Controllers\MyAbstract->index()
#10 C:\xampp\htdocs\fods\system\CodeIgniter.php(507): CodeIgniter\CodeIgniter->runController(Object(App\Controllers\MyAbstract))
#11 C:\xampp\htdocs\fods\system\CodeIgniter.php(354): CodeIgniter\CodeIgniter->handleRequest(NULL, Object(Config\Cache), false)
#12 C:\xampp\htdocs\fods\system\Boot.php(334): CodeIgniter\CodeIgniter->run()
#13 C:\xampp\htdocs\fods\system\Boot.php(67): CodeIgniter\Boot::runCodeIgniter(Object(CodeIgniter\CodeIgniter))
#14 C:\xampp\htdocs\fods\public\index.php(56): CodeIgniter\Boot::bootWeb(Object(Config\Paths))
#15 {main}
CRITICAL - 2026-01-07 14:30:33 --> CodeIgniter\Database\Exceptions\DatabaseException: Unknown column 'availability_date' in 'field list'
[Method: GET, Route: myabstract]
in SYSTEMPATH\Database\BaseConnection.php on line 692.
 1 APPPATH\Views\procurement\abstract\abstract-main.php(36): CodeIgniter\Database\BaseConnection->query('
    SELECT
        `recid`,
        `prno`,
        `transaction_no`,
        `abstract_date`,
        `availability_date`,
        `bidder_1`,
        `bidder_2`,
        `bidder_3`,
        `bidder_4`,
        `bidder_5`
    FROM
        `tbl_abstract_hd`
    WHERE 
        `recid` = \'1\'')
 2 SYSTEMPATH\View\View.php(224): include('C:\\xampp\\htdocs\\fods\\app\\Views\\procurement\\abstract\\abstract-main.php')
 3 SYSTEMPATH\View\View.php(227): CodeIgniter\View\View->CodeIgniter\View\{closure}()
 4 SYSTEMPATH\Common.php(1173): CodeIgniter\View\View->render('procurement/abstract/abstract-main', [], true)
 5 APPPATH\Controllers\MyAbstract.php(169): view('procurement/abstract/abstract-main', [...])
 6 APPPATH\Controllers\MyAbstract.php(24): App\Controllers\MyAbstract->loadProductsView()
 7 SYSTEMPATH\CodeIgniter.php(933): App\Controllers\MyAbstract->index()
 8 SYSTEMPATH\CodeIgniter.php(507): CodeIgniter\CodeIgniter->runController(Object(App\Controllers\MyAbstract))
 9 SYSTEMPATH\CodeIgniter.php(354): CodeIgniter\CodeIgniter->handleRequest(null, Object(Config\Cache), false)
10 SYSTEMPATH\Boot.php(334): CodeIgniter\CodeIgniter->run()
11 SYSTEMPATH\Boot.php(67): CodeIgniter\Boot::runCodeIgniter(Object(CodeIgniter\CodeIgniter))
12 FCPATH\index.php(56): CodeIgniter\Boot::bootWeb(Object(Config\Paths))
CRITICAL - 2026-01-07 14:30:33 --> [Caused by] CodeIgniter\Database\Exceptions\DatabaseException: Unknown column 'availability_date' in 'field list'
in SYSTEMPATH\Database\MySQLi\Connection.php on line 332.
 1 SYSTEMPATH\Database\BaseConnection.php(738): CodeIgniter\Database\MySQLi\Connection->execute('
    SELECT
        `recid`,
        `prno`,
        `transaction_no`,
        `abstract_date`,
        `availability_date`,
        `bidder_1`,
        `bidder_2`,
        `bidder_3`,
        `bidder_4`,
        `bidder_5`
    FROM
        `tbl_abstract_hd`
    WHERE 
        `recid` = \'1\'')
 2 SYSTEMPATH\Database\BaseConnection.php(652): CodeIgniter\Database\BaseConnection->simpleQuery('
    SELECT
        `recid`,
        `prno`,
        `transaction_no`,
        `abstract_date`,
        `availability_date`,
        `bidder_1`,
        `bidder_2`,
        `bidder_3`,
        `bidder_4`,
        `bidder_5`
    FROM
        `tbl_abstract_hd`
    WHERE 
        `recid` = \'1\'')
 3 APPPATH\Views\procurement\abstract\abstract-main.php(36): CodeIgniter\Database\BaseConnection->query('
    SELECT
        `recid`,
        `prno`,
        `transaction_no`,
        `abstract_date`,
        `availability_date`,
        `bidder_1`,
        `bidder_2`,
        `bidder_3`,
        `bidder_4`,
        `bidder_5`
    FROM
        `tbl_abstract_hd`
    WHERE 
        `recid` = \'1\'')
 4 SYSTEMPATH\View\View.php(224): include('C:\\xampp\\htdocs\\fods\\app\\Views\\procurement\\abstract\\abstract-main.php')
 5 SYSTEMPATH\View\View.php(227): CodeIgniter\View\View->CodeIgniter\View\{closure}()
 6 SYSTEMPATH\Common.php(1173): CodeIgniter\View\View->render('procurement/abstract/abstract-main', [], true)
 7 APPPATH\Controllers\MyAbstract.php(169): view('procurement/abstract/abstract-main', [...])
 8 APPPATH\Controllers\MyAbstract.php(24): App\Controllers\MyAbstract->loadProductsView()
 9 SYSTEMPATH\CodeIgniter.php(933): App\Controllers\MyAbstract->index()
10 SYSTEMPATH\CodeIgniter.php(507): CodeIgniter\CodeIgniter->runController(Object(App\Controllers\MyAbstract))
11 SYSTEMPATH\CodeIgniter.php(354): CodeIgniter\CodeIgniter->handleRequest(null, Object(Config\Cache), false)
12 SYSTEMPATH\Boot.php(334): CodeIgniter\CodeIgniter->run()
13 SYSTEMPATH\Boot.php(67): CodeIgniter\Boot::runCodeIgniter(Object(CodeIgniter\CodeIgniter))
14 FCPATH\index.php(56): CodeIgniter\Boot::bootWeb(Object(Config\Paths))
CRITICAL - 2026-01-07 14:30:33 --> [Caused by] mysqli_sql_exception: Unknown column 'availability_date' in 'field list'
in SYSTEMPATH\Database\MySQLi\Connection.php on line 327.
 1 SYSTEMPATH\Database\MySQLi\Connection.php(327): mysqli->query('
    SELECT
        `recid`,
        `prno`,
        `transaction_no`,
        `abstract_date`,
        `availability_date`,
        `bidder_1`,
        `bidder_2`,
        `bidder_3`,
        `bidder_4`,
        `bidder_5`
    FROM
        `tbl_abstract_hd`
    WHERE 
        `recid` = \'1\'', 0)
 2 SYSTEMPATH\Database\BaseConnection.php(738): CodeIgniter\Database\MySQLi\Connection->execute('
    SELECT
        `recid`,
        `prno`,
        `transaction_no`,
        `abstract_date`,
        `availability_date`,
        `bidder_1`,
        `bidder_2`,
        `bidder_3`,
        `bidder_4`,
        `bidder_5`
    FROM
        `tbl_abstract_hd`
    WHERE 
        `recid` = \'1\'')
 3 SYSTEMPATH\Database\BaseConnection.php(652): CodeIgniter\Database\BaseConnection->simpleQuery('
    SELECT
        `recid`,
        `prno`,
        `transaction_no`,
        `abstract_date`,
        `availability_date`,
        `bidder_1`,
        `bidder_2`,
        `bidder_3`,
        `bidder_4`,
        `bidder_5`
    FROM
        `tbl_abstract_hd`
    WHERE 
        `recid` = \'1\'')
 4 APPPATH\Views\procurement\abstract\abstract-main.php(36): CodeIgniter\Database\BaseConnection->query('
    SELECT
        `recid`,
        `prno`,
        `transaction_no`,
        `abstract_date`,
        `availability_date`,
        `bidder_1`,
        `bidder_2`,
        `bidder_3`,
        `bidder_4`,
        `bidder_5`
    FROM
        `tbl_abstract_hd`
    WHERE 
        `recid` = \'1\'')
 5 SYSTEMPATH\View\View.php(224): include('C:\\xampp\\htdocs\\fods\\app\\Views\\procurement\\abstract\\abstract-main.php')
 6 SYSTEMPATH\View\View.php(227): CodeIgniter\View\View->CodeIgniter\View\{closure}()
 7 SYSTEMPATH\Common.php(1173): CodeIgniter\View\View->render('procurement/abstract/abstract-main', [], true)
 8 APPPATH\Controllers\MyAbstract.php(169): view('procurement/abstract/abstract-main', [...])
 9 APPPATH\Controllers\MyAbstract.php(24): App\Controllers\MyAbstract->loadProductsView()
10 SYSTEMPATH\CodeIgniter.php(933): App\Controllers\MyAbstract->index()
11 SYSTEMPATH\CodeIgniter.php(507): CodeIgniter\CodeIgniter->runController(Object(App\Controllers\MyAbstract))
12 SYSTEMPATH\CodeIgniter.php(354): CodeIgniter\CodeIgniter->handleRequest(null, Object(Config\Cache), false)
13 SYSTEMPATH\Boot.php(334): CodeIgniter\CodeIgniter->run()
14 SYSTEMPATH\Boot.php(67): CodeIgniter\Boot::runCodeIgniter(Object(CodeIgniter\CodeIgniter))
15 FCPATH\index.php(56): CodeIgniter\Boot::bootWeb(Object(Config\Paths))
CRITICAL - 2026-01-07 14:32:32 --> ErrorException: Undefined variable $availibity_date
[Method: POST, Route: myabstract]
in APPPATH\Models\MyAbstractModel.php on line 182.
 1 APPPATH\Models\MyAbstractModel.php(182): CodeIgniter\Debug\Exceptions->errorHandler(2, 'Undefined variable $availibity_date', 'C:\\xampp\\htdocs\\fods\\app\\Models\\MyAbstractModel.php', 182)
 2 APPPATH\Controllers\MyAbstract.php(28): App\Models\MyAbstractModel->abstract_save()
 3 SYSTEMPATH\CodeIgniter.php(933): App\Controllers\MyAbstract->index()
 4 SYSTEMPATH\CodeIgniter.php(507): CodeIgniter\CodeIgniter->runController(Object(App\Controllers\MyAbstract))
 5 SYSTEMPATH\CodeIgniter.php(354): CodeIgniter\CodeIgniter->handleRequest(null, Object(Config\Cache), false)
 6 SYSTEMPATH\Boot.php(334): CodeIgniter\CodeIgniter->run()
 7 SYSTEMPATH\Boot.php(67): CodeIgniter\Boot::runCodeIgniter(Object(CodeIgniter\CodeIgniter))
 8 FCPATH\index.php(56): CodeIgniter\Boot::bootWeb(Object(Config\Paths))
CRITICAL - 2026-01-07 14:39:46 --> ErrorException: Undefined variable $canPrint
[Method: GET, Route: myabstract]
in APPPATH\Views\procurement\abstract\abstract-main.php on line 598.
 1 APPPATH\Views\procurement\abstract\abstract-main.php(598): CodeIgniter\Debug\Exceptions->errorHandler(2, 'Undefined variable $canPrint', 'C:\\xampp\\htdocs\\fods\\app\\Views\\procurement\\abstract\\abstract-main.php', 598)
 2 SYSTEMPATH\View\View.php(224): include('C:\\xampp\\htdocs\\fods\\app\\Views\\procurement\\abstract\\abstract-main.php')
 3 SYSTEMPATH\View\View.php(227): CodeIgniter\View\View->CodeIgniter\View\{closure}()
 4 SYSTEMPATH\Common.php(1173): CodeIgniter\View\View->render('procurement/abstract/abstract-main', [], true)
 5 APPPATH\Controllers\MyAbstract.php(169): view('procurement/abstract/abstract-main', [...])
 6 APPPATH\Controllers\MyAbstract.php(24): App\Controllers\MyAbstract->loadProductsView()
 7 SYSTEMPATH\CodeIgniter.php(933): App\Controllers\MyAbstract->index()
 8 SYSTEMPATH\CodeIgniter.php(507): CodeIgniter\CodeIgniter->runController(Object(App\Controllers\MyAbstract))
 9 SYSTEMPATH\CodeIgniter.php(354): CodeIgniter\CodeIgniter->handleRequest(null, Object(Config\Cache), false)
10 SYSTEMPATH\Boot.php(334): CodeIgniter\CodeIgniter->run()
11 SYSTEMPATH\Boot.php(67): CodeIgniter\Boot::runCodeIgniter(Object(CodeIgniter\CodeIgniter))
12 FCPATH\index.php(56): CodeIgniter\Boot::bootWeb(Object(Config\Paths))
CRITICAL - 2026-01-07 14:55:36 --> ErrorException: Undefined variable $canPrint
[Method: GET, Route: myabstract]
in APPPATH\Views\procurement\abstract\abstract-main.php on line 598.
 1 APPPATH\Views\procurement\abstract\abstract-main.php(598): CodeIgniter\Debug\Exceptions->errorHandler(2, 'Undefined variable $canPrint', 'C:\\xampp\\htdocs\\fods\\app\\Views\\procurement\\abstract\\abstract-main.php', 598)
 2 SYSTEMPATH\View\View.php(224): include('C:\\xampp\\htdocs\\fods\\app\\Views\\procurement\\abstract\\abstract-main.php')
 3 SYSTEMPATH\View\View.php(227): CodeIgniter\View\View->CodeIgniter\View\{closure}()
 4 SYSTEMPATH\Common.php(1173): CodeIgniter\View\View->render('procurement/abstract/abstract-main', [], true)
 5 APPPATH\Controllers\MyAbstract.php(169): view('procurement/abstract/abstract-main', [...])
 6 APPPATH\Controllers\MyAbstract.php(24): App\Controllers\MyAbstract->loadProductsView()
 7 SYSTEMPATH\CodeIgniter.php(933): App\Controllers\MyAbstract->index()
 8 SYSTEMPATH\CodeIgniter.php(507): CodeIgniter\CodeIgniter->runController(Object(App\Controllers\MyAbstract))
 9 SYSTEMPATH\CodeIgniter.php(354): CodeIgniter\CodeIgniter->handleRequest(null, Object(Config\Cache), false)
10 SYSTEMPATH\Boot.php(334): CodeIgniter\CodeIgniter->run()
11 SYSTEMPATH\Boot.php(67): CodeIgniter\Boot::runCodeIgniter(Object(CodeIgniter\CodeIgniter))
12 FCPATH\index.php(56): CodeIgniter\Boot::bootWeb(Object(Config\Paths))
CRITICAL - 2026-01-07 14:56:19 --> Error: Object of class DateTime could not be converted to string
[Method: GET, Route: myabstract]
in APPPATH\Views\procurement\abstract\abstract-main.php on line 79.
 1 SYSTEMPATH\View\View.php(224): include()
 2 SYSTEMPATH\View\View.php(227): CodeIgniter\View\View->CodeIgniter\View\{closure}()
 3 SYSTEMPATH\Common.php(1173): CodeIgniter\View\View->render('procurement/abstract/abstract-main', [], true)
 4 APPPATH\Controllers\MyAbstract.php(169): view('procurement/abstract/abstract-main', [...])
 5 APPPATH\Controllers\MyAbstract.php(24): App\Controllers\MyAbstract->loadProductsView()
 6 SYSTEMPATH\CodeIgniter.php(933): App\Controllers\MyAbstract->index()
 7 SYSTEMPATH\CodeIgniter.php(507): CodeIgniter\CodeIgniter->runController(Object(App\Controllers\MyAbstract))
 8 SYSTEMPATH\CodeIgniter.php(354): CodeIgniter\CodeIgniter->handleRequest(null, Object(Config\Cache), false)
 9 SYSTEMPATH\Boot.php(334): CodeIgniter\CodeIgniter->run()
10 SYSTEMPATH\Boot.php(67): CodeIgniter\Boot::runCodeIgniter(Object(CodeIgniter\CodeIgniter))
11 FCPATH\index.php(56): CodeIgniter\Boot::bootWeb(Object(Config\Paths))
CRITICAL - 2026-01-07 14:58:03 --> Error: Object of class DateTime could not be converted to string
[Method: GET, Route: myabstract]
in APPPATH\Views\procurement\abstract\abstract-main.php on line 83.
 1 SYSTEMPATH\View\View.php(224): include()
 2 SYSTEMPATH\View\View.php(227): CodeIgniter\View\View->CodeIgniter\View\{closure}()
 3 SYSTEMPATH\Common.php(1173): CodeIgniter\View\View->render('procurement/abstract/abstract-main', [], true)
 4 APPPATH\Controllers\MyAbstract.php(169): view('procurement/abstract/abstract-main', [...])
 5 APPPATH\Controllers\MyAbstract.php(24): App\Controllers\MyAbstract->loadProductsView()
 6 SYSTEMPATH\CodeIgniter.php(933): App\Controllers\MyAbstract->index()
 7 SYSTEMPATH\CodeIgniter.php(507): CodeIgniter\CodeIgniter->runController(Object(App\Controllers\MyAbstract))
 8 SYSTEMPATH\CodeIgniter.php(354): CodeIgniter\CodeIgniter->handleRequest(null, Object(Config\Cache), false)
 9 SYSTEMPATH\Boot.php(334): CodeIgniter\CodeIgniter->run()
10 SYSTEMPATH\Boot.php(67): CodeIgniter\Boot::runCodeIgniter(Object(CodeIgniter\CodeIgniter))
11 FCPATH\index.php(56): CodeIgniter\Boot::bootWeb(Object(Config\Paths))
ERROR - 2026-01-07 15:02:23 --> mysqli_sql_exception: Unknown column 'project_id' in 'where clause' in C:\xampp\htdocs\fods\system\Database\MySQLi\Connection.php:327
Stack trace:
#0 C:\xampp\htdocs\fods\system\Database\MySQLi\Connection.php(327): mysqli->query('DELETE FROM tbl...', 0)
#1 C:\xampp\htdocs\fods\system\Database\BaseConnection.php(738): CodeIgniter\Database\MySQLi\Connection->execute('DELETE FROM tbl...')
#2 C:\xampp\htdocs\fods\system\Database\BaseConnection.php(652): CodeIgniter\Database\BaseConnection->simpleQuery('DELETE FROM tbl...')
#3 C:\xampp\htdocs\fods\app\Models\MyAbstractModel.php(236): CodeIgniter\Database\BaseConnection->query('DELETE FROM tbl...')
#4 C:\xampp\htdocs\fods\app\Controllers\MyAbstract.php(28): App\Models\MyAbstractModel->abstract_save()
#5 C:\xampp\htdocs\fods\system\CodeIgniter.php(933): App\Controllers\MyAbstract->index()
#6 C:\xampp\htdocs\fods\system\CodeIgniter.php(507): CodeIgniter\CodeIgniter->runController(Object(App\Controllers\MyAbstract))
#7 C:\xampp\htdocs\fods\system\CodeIgniter.php(354): CodeIgniter\CodeIgniter->handleRequest(NULL, Object(Config\Cache), false)
#8 C:\xampp\htdocs\fods\system\Boot.php(334): CodeIgniter\CodeIgniter->run()
#9 C:\xampp\htdocs\fods\system\Boot.php(67): CodeIgniter\Boot::runCodeIgniter(Object(CodeIgniter\CodeIgniter))
#10 C:\xampp\htdocs\fods\public\index.php(56): CodeIgniter\Boot::bootWeb(Object(Config\Paths))
#11 {main}
CRITICAL - 2026-01-07 15:02:23 --> CodeIgniter\Database\Exceptions\DatabaseException: Unknown column 'project_id' in 'where clause'
[Method: POST, Route: myabstract]
in SYSTEMPATH\Database\BaseConnection.php on line 692.
 1 APPPATH\Models\MyAbstractModel.php(236): CodeIgniter\Database\BaseConnection->query('DELETE FROM tbl_abstract_dt WHERE `project_id` = \'1\'')
 2 APPPATH\Controllers\MyAbstract.php(28): App\Models\MyAbstractModel->abstract_save()
 3 SYSTEMPATH\CodeIgniter.php(933): App\Controllers\MyAbstract->index()
 4 SYSTEMPATH\CodeIgniter.php(507): CodeIgniter\CodeIgniter->runController(Object(App\Controllers\MyAbstract))
 5 SYSTEMPATH\CodeIgniter.php(354): CodeIgniter\CodeIgniter->handleRequest(null, Object(Config\Cache), false)
 6 SYSTEMPATH\Boot.php(334): CodeIgniter\CodeIgniter->run()
 7 SYSTEMPATH\Boot.php(67): CodeIgniter\Boot::runCodeIgniter(Object(CodeIgniter\CodeIgniter))
 8 FCPATH\index.php(56): CodeIgniter\Boot::bootWeb(Object(Config\Paths))
CRITICAL - 2026-01-07 15:02:23 --> [Caused by] CodeIgniter\Database\Exceptions\DatabaseException: Unknown column 'project_id' in 'where clause'
in SYSTEMPATH\Database\MySQLi\Connection.php on line 332.
 1 SYSTEMPATH\Database\BaseConnection.php(738): CodeIgniter\Database\MySQLi\Connection->execute('DELETE FROM tbl_abstract_dt WHERE `project_id` = \'1\'')
 2 SYSTEMPATH\Database\BaseConnection.php(652): CodeIgniter\Database\BaseConnection->simpleQuery('DELETE FROM tbl_abstract_dt WHERE `project_id` = \'1\'')
 3 APPPATH\Models\MyAbstractModel.php(236): CodeIgniter\Database\BaseConnection->query('DELETE FROM tbl_abstract_dt WHERE `project_id` = \'1\'')
 4 APPPATH\Controllers\MyAbstract.php(28): App\Models\MyAbstractModel->abstract_save()
 5 SYSTEMPATH\CodeIgniter.php(933): App\Controllers\MyAbstract->index()
 6 SYSTEMPATH\CodeIgniter.php(507): CodeIgniter\CodeIgniter->runController(Object(App\Controllers\MyAbstract))
 7 SYSTEMPATH\CodeIgniter.php(354): CodeIgniter\CodeIgniter->handleRequest(null, Object(Config\Cache), false)
 8 SYSTEMPATH\Boot.php(334): CodeIgniter\CodeIgniter->run()
 9 SYSTEMPATH\Boot.php(67): CodeIgniter\Boot::runCodeIgniter(Object(CodeIgniter\CodeIgniter))
10 FCPATH\index.php(56): CodeIgniter\Boot::bootWeb(Object(Config\Paths))
CRITICAL - 2026-01-07 15:02:23 --> [Caused by] mysqli_sql_exception: Unknown column 'project_id' in 'where clause'
in SYSTEMPATH\Database\MySQLi\Connection.php on line 327.
 1 SYSTEMPATH\Database\MySQLi\Connection.php(327): mysqli->query('DELETE FROM tbl_abstract_dt WHERE `project_id` = \'1\'', 0)
 2 SYSTEMPATH\Database\BaseConnection.php(738): CodeIgniter\Database\MySQLi\Connection->execute('DELETE FROM tbl_abstract_dt WHERE `project_id` = \'1\'')
 3 SYSTEMPATH\Database\BaseConnection.php(652): CodeIgniter\Database\BaseConnection->simpleQuery('DELETE FROM tbl_abstract_dt WHERE `project_id` = \'1\'')
 4 APPPATH\Models\MyAbstractModel.php(236): CodeIgniter\Database\BaseConnection->query('DELETE FROM tbl_abstract_dt WHERE `project_id` = \'1\'')
 5 APPPATH\Controllers\MyAbstract.php(28): App\Models\MyAbstractModel->abstract_save()
 6 SYSTEMPATH\CodeIgniter.php(933): App\Controllers\MyAbstract->index()
 7 SYSTEMPATH\CodeIgniter.php(507): CodeIgniter\CodeIgniter->runController(Object(App\Controllers\MyAbstract))
 8 SYSTEMPATH\CodeIgniter.php(354): CodeIgniter\CodeIgniter->handleRequest(null, Object(Config\Cache), false)
 9 SYSTEMPATH\Boot.php(334): CodeIgniter\CodeIgniter->run()
10 SYSTEMPATH\Boot.php(67): CodeIgniter\Boot::runCodeIgniter(Object(CodeIgniter\CodeIgniter))
11 FCPATH\index.php(56): CodeIgniter\Boot::bootWeb(Object(Config\Paths))
ERROR - 2026-01-07 15:02:36 --> mysqli_sql_exception: Unknown column 'project_id' in 'where clause' in C:\xampp\htdocs\fods\system\Database\MySQLi\Connection.php:327
Stack trace:
#0 C:\xampp\htdocs\fods\system\Database\MySQLi\Connection.php(327): mysqli->query('DELETE FROM tbl...', 0)
#1 C:\xampp\htdocs\fods\system\Database\BaseConnection.php(738): CodeIgniter\Database\MySQLi\Connection->execute('DELETE FROM tbl...')
#2 C:\xampp\htdocs\fods\system\Database\BaseConnection.php(652): CodeIgniter\Database\BaseConnection->simpleQuery('DELETE FROM tbl...')
#3 C:\xampp\htdocs\fods\app\Models\MyAbstractModel.php(236): CodeIgniter\Database\BaseConnection->query('DELETE FROM tbl...')
#4 C:\xampp\htdocs\fods\app\Controllers\MyAbstract.php(28): App\Models\MyAbstractModel->abstract_save()
#5 C:\xampp\htdocs\fods\system\CodeIgniter.php(933): App\Controllers\MyAbstract->index()
#6 C:\xampp\htdocs\fods\system\CodeIgniter.php(507): CodeIgniter\CodeIgniter->runController(Object(App\Controllers\MyAbstract))
#7 C:\xampp\htdocs\fods\system\CodeIgniter.php(354): CodeIgniter\CodeIgniter->handleRequest(NULL, Object(Config\Cache), false)
#8 C:\xampp\htdocs\fods\system\Boot.php(334): CodeIgniter\CodeIgniter->run()
#9 C:\xampp\htdocs\fods\system\Boot.php(67): CodeIgniter\Boot::runCodeIgniter(Object(CodeIgniter\CodeIgniter))
#10 C:\xampp\htdocs\fods\public\index.php(56): CodeIgniter\Boot::bootWeb(Object(Config\Paths))
#11 {main}
CRITICAL - 2026-01-07 15:02:36 --> CodeIgniter\Database\Exceptions\DatabaseException: Unknown column 'project_id' in 'where clause'
[Method: POST, Route: myabstract]
in SYSTEMPATH\Database\BaseConnection.php on line 692.
 1 APPPATH\Models\MyAbstractModel.php(236): CodeIgniter\Database\BaseConnection->query('DELETE FROM tbl_abstract_dt WHERE `project_id` = \'1\'')
 2 APPPATH\Controllers\MyAbstract.php(28): App\Models\MyAbstractModel->abstract_save()
 3 SYSTEMPATH\CodeIgniter.php(933): App\Controllers\MyAbstract->index()
 4 SYSTEMPATH\CodeIgniter.php(507): CodeIgniter\CodeIgniter->runController(Object(App\Controllers\MyAbstract))
 5 SYSTEMPATH\CodeIgniter.php(354): CodeIgniter\CodeIgniter->handleRequest(null, Object(Config\Cache), false)
 6 SYSTEMPATH\Boot.php(334): CodeIgniter\CodeIgniter->run()
 7 SYSTEMPATH\Boot.php(67): CodeIgniter\Boot::runCodeIgniter(Object(CodeIgniter\CodeIgniter))
 8 FCPATH\index.php(56): CodeIgniter\Boot::bootWeb(Object(Config\Paths))
CRITICAL - 2026-01-07 15:02:36 --> [Caused by] CodeIgniter\Database\Exceptions\DatabaseException: Unknown column 'project_id' in 'where clause'
in SYSTEMPATH\Database\MySQLi\Connection.php on line 332.
 1 SYSTEMPATH\Database\BaseConnection.php(738): CodeIgniter\Database\MySQLi\Connection->execute('DELETE FROM tbl_abstract_dt WHERE `project_id` = \'1\'')
 2 SYSTEMPATH\Database\BaseConnection.php(652): CodeIgniter\Database\BaseConnection->simpleQuery('DELETE FROM tbl_abstract_dt WHERE `project_id` = \'1\'')
 3 APPPATH\Models\MyAbstractModel.php(236): CodeIgniter\Database\BaseConnection->query('DELETE FROM tbl_abstract_dt WHERE `project_id` = \'1\'')
 4 APPPATH\Controllers\MyAbstract.php(28): App\Models\MyAbstractModel->abstract_save()
 5 SYSTEMPATH\CodeIgniter.php(933): App\Controllers\MyAbstract->index()
 6 SYSTEMPATH\CodeIgniter.php(507): CodeIgniter\CodeIgniter->runController(Object(App\Controllers\MyAbstract))
 7 SYSTEMPATH\CodeIgniter.php(354): CodeIgniter\CodeIgniter->handleRequest(null, Object(Config\Cache), false)
 8 SYSTEMPATH\Boot.php(334): CodeIgniter\CodeIgniter->run()
 9 SYSTEMPATH\Boot.php(67): CodeIgniter\Boot::runCodeIgniter(Object(CodeIgniter\CodeIgniter))
10 FCPATH\index.php(56): CodeIgniter\Boot::bootWeb(Object(Config\Paths))
CRITICAL - 2026-01-07 15:02:37 --> [Caused by] mysqli_sql_exception: Unknown column 'project_id' in 'where clause'
in SYSTEMPATH\Database\MySQLi\Connection.php on line 327.
 1 SYSTEMPATH\Database\MySQLi\Connection.php(327): mysqli->query('DELETE FROM tbl_abstract_dt WHERE `project_id` = \'1\'', 0)
 2 SYSTEMPATH\Database\BaseConnection.php(738): CodeIgniter\Database\MySQLi\Connection->execute('DELETE FROM tbl_abstract_dt WHERE `project_id` = \'1\'')
 3 SYSTEMPATH\Database\BaseConnection.php(652): CodeIgniter\Database\BaseConnection->simpleQuery('DELETE FROM tbl_abstract_dt WHERE `project_id` = \'1\'')
 4 APPPATH\Models\MyAbstractModel.php(236): CodeIgniter\Database\BaseConnection->query('DELETE FROM tbl_abstract_dt WHERE `project_id` = \'1\'')
 5 APPPATH\Controllers\MyAbstract.php(28): App\Models\MyAbstractModel->abstract_save()
 6 SYSTEMPATH\CodeIgniter.php(933): App\Controllers\MyAbstract->index()
 7 SYSTEMPATH\CodeIgniter.php(507): CodeIgniter\CodeIgniter->runController(Object(App\Controllers\MyAbstract))
 8 SYSTEMPATH\CodeIgniter.php(354): CodeIgniter\CodeIgniter->handleRequest(null, Object(Config\Cache), false)
 9 SYSTEMPATH\Boot.php(334): CodeIgniter\CodeIgniter->run()
10 SYSTEMPATH\Boot.php(67): CodeIgniter\Boot::runCodeIgniter(Object(CodeIgniter\CodeIgniter))
11 FCPATH\index.php(56): CodeIgniter\Boot::bootWeb(Object(Config\Paths))
