CRITICAL - 2025-11-21 08:57:09 --> ErrorException: Undefined variable $transaction_no
[Method: GET, Route: myabstract]
in APPPATH\Views\procurement\abstract\abstract-main.php on line 121.
 1 APPPATH\Views\procurement\abstract\abstract-main.php(121): CodeIgniter\Debug\Exceptions->errorHandler(2, 'Undefined variable $transaction_no', 'C:\\xampp\\htdocs\\fods\\app\\Views\\procurement\\abstract\\abstract-main.php', 121)
 2 SYSTEMPATH\View\View.php(224): include('C:\\xampp\\htdocs\\fods\\app\\Views\\procurement\\abstract\\abstract-main.php')
 3 SYSTEMPATH\View\View.php(227): CodeIgniter\View\View->CodeIgniter\View\{closure}()
 4 SYSTEMPATH\Common.php(1173): CodeIgniter\View\View->render('procurement/abstract/abstract-main', [], true)
 5 APPPATH\Controllers\MyAbstract.php(161): view('procurement/abstract/abstract-main', [...])
 6 APPPATH\Controllers\MyAbstract.php(24): App\Controllers\MyAbstract->loadProductsView()
 7 SYSTEMPATH\CodeIgniter.php(933): App\Controllers\MyAbstract->index()
 8 SYSTEMPATH\CodeIgniter.php(507): CodeIgniter\CodeIgniter->runController(Object(App\Controllers\MyAbstract))
 9 SYSTEMPATH\CodeIgniter.php(354): CodeIgniter\CodeIgniter->handleRequest(null, Object(Config\Cache), false)
10 SYSTEMPATH\Boot.php(334): CodeIgniter\CodeIgniter->run()
11 SYSTEMPATH\Boot.php(67): CodeIgniter\Boot::runCodeIgniter(Object(CodeIgniter\CodeIgniter))
12 FCPATH\index.php(56): CodeIgniter\Boot::bootWeb(Object(Config\Paths))
ERROR - 2025-11-21 09:01:28 --> mysqli_sql_exception: You have an error in your SQL syntax; check the manual that corresponds to your MariaDB server version for the right syntax to use near 'FROM
        `tbl_abstract_hd`
    WHERE 
        `recid` = '1'' at line 12 in C:\xampp\htdocs\fods\system\Database\MySQLi\Connection.php:327
Stack trace:
#0 C:\xampp\htdocs\fods\system\Database\MySQLi\Connection.php(327): mysqli->query('\r\n    SELECT\r\n ...', 0)
#1 C:\xampp\htdocs\fods\system\Database\BaseConnection.php(738): CodeIgniter\Database\MySQLi\Connection->execute('\r\n    SELECT\r\n ...')
#2 C:\xampp\htdocs\fods\system\Database\BaseConnection.php(652): CodeIgniter\Database\BaseConnection->simpleQuery('\r\n    SELECT\r\n ...')
#3 C:\xampp\htdocs\fods\app\Views\procurement\abstract\abstract-main.php(34): CodeIgniter\Database\BaseConnection->query('\r\n    SELECT\r\n ...')
#4 C:\xampp\htdocs\fods\system\View\View.php(224): include('C:\\xampp\\htdocs...')
#5 C:\xampp\htdocs\fods\system\View\View.php(227): CodeIgniter\View\View->CodeIgniter\View\{closure}()
#6 C:\xampp\htdocs\fods\system\Common.php(1173): CodeIgniter\View\View->render('procurement/abs...', Array, true)
#7 C:\xampp\htdocs\fods\app\Controllers\MyAbstract.php(161): view('procurement/abs...', Array)
#8 C:\xampp\htdocs\fods\app\Controllers\MyAbstract.php(24): App\Controllers\MyAbstract->loadProductsView()
#9 C:\xampp\htdocs\fods\system\CodeIgniter.php(933): App\Controllers\MyAbstract->index()
#10 C:\xampp\htdocs\fods\system\CodeIgniter.php(507): CodeIgniter\CodeIgniter->runController(Object(App\Controllers\MyAbstract))
#11 C:\xampp\htdocs\fods\system\CodeIgniter.php(354): CodeIgniter\CodeIgniter->handleRequest(NULL, Object(Config\Cache), false)
#12 C:\xampp\htdocs\fods\system\Boot.php(334): CodeIgniter\CodeIgniter->run()
#13 C:\xampp\htdocs\fods\system\Boot.php(67): CodeIgniter\Boot::runCodeIgniter(Object(CodeIgniter\CodeIgniter))
#14 C:\xampp\htdocs\fods\public\index.php(56): CodeIgniter\Boot::bootWeb(Object(Config\Paths))
#15 {main}
CRITICAL - 2025-11-21 09:01:28 --> CodeIgniter\Database\Exceptions\DatabaseException: You have an error in your SQL syntax; check the manual that corresponds to your MariaDB server version for the right syntax to use near 'FROM
        `tbl_abstract_hd`
    WHERE 
        `recid` = '1'' at line 12
[Method: GET, Route: myabstract]
in SYSTEMPATH\Database\BaseConnection.php on line 692.
 1 APPPATH\Views\procurement\abstract\abstract-main.php(34): CodeIgniter\Database\BaseConnection->query('
    SELECT
        `recid`,
        `prno`,
        `transaction_no`,
        `abstract_date`,
        `bidder_1`,
        `bidder_2`,
        `bidder_3`,
        `bidder_4`,
        `bidder_5`,
        
    FROM
        `tbl_abstract_hd`
    WHERE 
        `recid` = \'1\'')
 2 SYSTEMPATH\View\View.php(224): include('C:\\xampp\\htdocs\\fods\\app\\Views\\procurement\\abstract\\abstract-main.php')
 3 SYSTEMPATH\View\View.php(227): CodeIgniter\View\View->CodeIgniter\View\{closure}()
 4 SYSTEMPATH\Common.php(1173): CodeIgniter\View\View->render('procurement/abstract/abstract-main', [], true)
 5 APPPATH\Controllers\MyAbstract.php(161): view('procurement/abstract/abstract-main', [...])
 6 APPPATH\Controllers\MyAbstract.php(24): App\Controllers\MyAbstract->loadProductsView()
 7 SYSTEMPATH\CodeIgniter.php(933): App\Controllers\MyAbstract->index()
 8 SYSTEMPATH\CodeIgniter.php(507): CodeIgniter\CodeIgniter->runController(Object(App\Controllers\MyAbstract))
 9 SYSTEMPATH\CodeIgniter.php(354): CodeIgniter\CodeIgniter->handleRequest(null, Object(Config\Cache), false)
10 SYSTEMPATH\Boot.php(334): CodeIgniter\CodeIgniter->run()
11 SYSTEMPATH\Boot.php(67): CodeIgniter\Boot::runCodeIgniter(Object(CodeIgniter\CodeIgniter))
12 FCPATH\index.php(56): CodeIgniter\Boot::bootWeb(Object(Config\Paths))
CRITICAL - 2025-11-21 09:01:28 --> [Caused by] CodeIgniter\Database\Exceptions\DatabaseException: You have an error in your SQL syntax; check the manual that corresponds to your MariaDB server version for the right syntax to use near 'FROM
        `tbl_abstract_hd`
    WHERE 
        `recid` = '1'' at line 12
in SYSTEMPATH\Database\MySQLi\Connection.php on line 332.
 1 SYSTEMPATH\Database\BaseConnection.php(738): CodeIgniter\Database\MySQLi\Connection->execute('
    SELECT
        `recid`,
        `prno`,
        `transaction_no`,
        `abstract_date`,
        `bidder_1`,
        `bidder_2`,
        `bidder_3`,
        `bidder_4`,
        `bidder_5`,
        
    FROM
        `tbl_abstract_hd`
    WHERE 
        `recid` = \'1\'')
 2 SYSTEMPATH\Database\BaseConnection.php(652): CodeIgniter\Database\BaseConnection->simpleQuery('
    SELECT
        `recid`,
        `prno`,
        `transaction_no`,
        `abstract_date`,
        `bidder_1`,
        `bidder_2`,
        `bidder_3`,
        `bidder_4`,
        `bidder_5`,
        
    FROM
        `tbl_abstract_hd`
    WHERE 
        `recid` = \'1\'')
 3 APPPATH\Views\procurement\abstract\abstract-main.php(34): CodeIgniter\Database\BaseConnection->query('
    SELECT
        `recid`,
        `prno`,
        `transaction_no`,
        `abstract_date`,
        `bidder_1`,
        `bidder_2`,
        `bidder_3`,
        `bidder_4`,
        `bidder_5`,
        
    FROM
        `tbl_abstract_hd`
    WHERE 
        `recid` = \'1\'')
 4 SYSTEMPATH\View\View.php(224): include('C:\\xampp\\htdocs\\fods\\app\\Views\\procurement\\abstract\\abstract-main.php')
 5 SYSTEMPATH\View\View.php(227): CodeIgniter\View\View->CodeIgniter\View\{closure}()
 6 SYSTEMPATH\Common.php(1173): CodeIgniter\View\View->render('procurement/abstract/abstract-main', [], true)
 7 APPPATH\Controllers\MyAbstract.php(161): view('procurement/abstract/abstract-main', [...])
 8 APPPATH\Controllers\MyAbstract.php(24): App\Controllers\MyAbstract->loadProductsView()
 9 SYSTEMPATH\CodeIgniter.php(933): App\Controllers\MyAbstract->index()
10 SYSTEMPATH\CodeIgniter.php(507): CodeIgniter\CodeIgniter->runController(Object(App\Controllers\MyAbstract))
11 SYSTEMPATH\CodeIgniter.php(354): CodeIgniter\CodeIgniter->handleRequest(null, Object(Config\Cache), false)
12 SYSTEMPATH\Boot.php(334): CodeIgniter\CodeIgniter->run()
13 SYSTEMPATH\Boot.php(67): CodeIgniter\Boot::runCodeIgniter(Object(CodeIgniter\CodeIgniter))
14 FCPATH\index.php(56): CodeIgniter\Boot::bootWeb(Object(Config\Paths))
CRITICAL - 2025-11-21 09:01:28 --> [Caused by] mysqli_sql_exception: You have an error in your SQL syntax; check the manual that corresponds to your MariaDB server version for the right syntax to use near 'FROM
        `tbl_abstract_hd`
    WHERE 
        `recid` = '1'' at line 12
in SYSTEMPATH\Database\MySQLi\Connection.php on line 327.
 1 SYSTEMPATH\Database\MySQLi\Connection.php(327): mysqli->query('
    SELECT
        `recid`,
        `prno`,
        `transaction_no`,
        `abstract_date`,
        `bidder_1`,
        `bidder_2`,
        `bidder_3`,
        `bidder_4`,
        `bidder_5`,
        
    FROM
        `tbl_abstract_hd`
    WHERE 
        `recid` = \'1\'', 0)
 2 SYSTEMPATH\Database\BaseConnection.php(738): CodeIgniter\Database\MySQLi\Connection->execute('
    SELECT
        `recid`,
        `prno`,
        `transaction_no`,
        `abstract_date`,
        `bidder_1`,
        `bidder_2`,
        `bidder_3`,
        `bidder_4`,
        `bidder_5`,
        
    FROM
        `tbl_abstract_hd`
    WHERE 
        `recid` = \'1\'')
 3 SYSTEMPATH\Database\BaseConnection.php(652): CodeIgniter\Database\BaseConnection->simpleQuery('
    SELECT
        `recid`,
        `prno`,
        `transaction_no`,
        `abstract_date`,
        `bidder_1`,
        `bidder_2`,
        `bidder_3`,
        `bidder_4`,
        `bidder_5`,
        
    FROM
        `tbl_abstract_hd`
    WHERE 
        `recid` = \'1\'')
 4 APPPATH\Views\procurement\abstract\abstract-main.php(34): CodeIgniter\Database\BaseConnection->query('
    SELECT
        `recid`,
        `prno`,
        `transaction_no`,
        `abstract_date`,
        `bidder_1`,
        `bidder_2`,
        `bidder_3`,
        `bidder_4`,
        `bidder_5`,
        
    FROM
        `tbl_abstract_hd`
    WHERE 
        `recid` = \'1\'')
 5 SYSTEMPATH\View\View.php(224): include('C:\\xampp\\htdocs\\fods\\app\\Views\\procurement\\abstract\\abstract-main.php')
 6 SYSTEMPATH\View\View.php(227): CodeIgniter\View\View->CodeIgniter\View\{closure}()
 7 SYSTEMPATH\Common.php(1173): CodeIgniter\View\View->render('procurement/abstract/abstract-main', [], true)
 8 APPPATH\Controllers\MyAbstract.php(161): view('procurement/abstract/abstract-main', [...])
 9 APPPATH\Controllers\MyAbstract.php(24): App\Controllers\MyAbstract->loadProductsView()
10 SYSTEMPATH\CodeIgniter.php(933): App\Controllers\MyAbstract->index()
11 SYSTEMPATH\CodeIgniter.php(507): CodeIgniter\CodeIgniter->runController(Object(App\Controllers\MyAbstract))
12 SYSTEMPATH\CodeIgniter.php(354): CodeIgniter\CodeIgniter->handleRequest(null, Object(Config\Cache), false)
13 SYSTEMPATH\Boot.php(334): CodeIgniter\CodeIgniter->run()
14 SYSTEMPATH\Boot.php(67): CodeIgniter\Boot::runCodeIgniter(Object(CodeIgniter\CodeIgniter))
15 FCPATH\index.php(56): CodeIgniter\Boot::bootWeb(Object(Config\Paths))
CRITICAL - 2025-11-21 09:40:55 --> ErrorException: Undefined variable $prno
[Method: GET, Route: myabstract]
in APPPATH\Views\procurement\abstract\abstract-main.php on line 107.
 1 APPPATH\Views\procurement\abstract\abstract-main.php(107): CodeIgniter\Debug\Exceptions->errorHandler(2, 'Undefined variable $prno', 'C:\\xampp\\htdocs\\fods\\app\\Views\\procurement\\abstract\\abstract-main.php', 107)
 2 SYSTEMPATH\View\View.php(224): include('C:\\xampp\\htdocs\\fods\\app\\Views\\procurement\\abstract\\abstract-main.php')
 3 SYSTEMPATH\View\View.php(227): CodeIgniter\View\View->CodeIgniter\View\{closure}()
 4 SYSTEMPATH\Common.php(1173): CodeIgniter\View\View->render('procurement/abstract/abstract-main', [], true)
 5 APPPATH\Controllers\MyAbstract.php(161): view('procurement/abstract/abstract-main', [...])
 6 APPPATH\Controllers\MyAbstract.php(24): App\Controllers\MyAbstract->loadProductsView()
 7 SYSTEMPATH\CodeIgniter.php(933): App\Controllers\MyAbstract->index()
 8 SYSTEMPATH\CodeIgniter.php(507): CodeIgniter\CodeIgniter->runController(Object(App\Controllers\MyAbstract))
 9 SYSTEMPATH\CodeIgniter.php(354): CodeIgniter\CodeIgniter->handleRequest(null, Object(Config\Cache), false)
10 SYSTEMPATH\Boot.php(334): CodeIgniter\CodeIgniter->run()
11 SYSTEMPATH\Boot.php(67): CodeIgniter\Boot::runCodeIgniter(Object(CodeIgniter\CodeIgniter))
12 FCPATH\index.php(56): CodeIgniter\Boot::bootWeb(Object(Config\Paths))
