ERROR - 2026-02-18 09:42:33 --> mysqli_sql_exception: MySQL server has gone away in C:\xampp\htdocs\fods\system\Database\MySQLi\Connection.php:327
Stack trace:
#0 C:\xampp\htdocs\fods\system\Database\MySQLi\Connection.php(327): mysqli->query('\r\n             ...', 0)
#1 C:\xampp\htdocs\fods\system\Database\BaseConnection.php(738): CodeIgniter\Database\MySQLi\Connection->execute('\r\n             ...')
#2 C:\xampp\htdocs\fods\system\Database\BaseConnection.php(652): CodeIgniter\Database\BaseConnection->simpleQuery('\r\n             ...')
#3 C:\xampp\htdocs\fods\app\Controllers\MySaobReport.php(28): CodeIgniter\Database\BaseConnection->query('\r\n             ...')
#4 C:\xampp\htdocs\fods\system\CodeIgniter.php(933): App\Controllers\MySaobReport->index()
#5 C:\xampp\htdocs\fods\system\CodeIgniter.php(507): CodeIgniter\CodeIgniter->runController(Object(App\Controllers\MySaobReport))
#6 C:\xampp\htdocs\fods\system\CodeIgniter.php(354): CodeIgniter\CodeIgniter->handleRequest(NULL, Object(Config\Cache), false)
#7 C:\xampp\htdocs\fods\system\Boot.php(334): CodeIgniter\CodeIgniter->run()
#8 C:\xampp\htdocs\fods\system\Boot.php(67): CodeIgniter\Boot::runCodeIgniter(Object(CodeIgniter\CodeIgniter))
#9 C:\xampp\htdocs\fods\public\index.php(56): CodeIgniter\Boot::bootWeb(Object(Config\Paths))
#10 {main}
CRITICAL - 2026-02-18 09:42:33 --> CodeIgniter\Database\Exceptions\DatabaseException: MySQL server has gone away
[Method: GET, Route: mysaobrpt]
in SYSTEMPATH\Database\BaseConnection.php on line 692.
 1 APPPATH\Controllers\MySaobReport.php(28): CodeIgniter\Database\BaseConnection->query('
                    SELECT `recid`FROM tbl_user_access WHERE `username` = \'ADMIN-KYLE\' AND `access_code` = \'3001\' AND `is_active` = \'1\'
                ')
 2 SYSTEMPATH\CodeIgniter.php(933): App\Controllers\MySaobReport->index()
 3 SYSTEMPATH\CodeIgniter.php(507): CodeIgniter\CodeIgniter->runController(Object(App\Controllers\MySaobReport))
 4 SYSTEMPATH\CodeIgniter.php(354): CodeIgniter\CodeIgniter->handleRequest(null, Object(Config\Cache), false)
 5 SYSTEMPATH\Boot.php(334): CodeIgniter\CodeIgniter->run()
 6 SYSTEMPATH\Boot.php(67): CodeIgniter\Boot::runCodeIgniter(Object(CodeIgniter\CodeIgniter))
 7 FCPATH\index.php(56): CodeIgniter\Boot::bootWeb(Object(Config\Paths))
CRITICAL - 2026-02-18 09:42:33 --> [Caused by] CodeIgniter\Database\Exceptions\DatabaseException: MySQL server has gone away
in SYSTEMPATH\Database\MySQLi\Connection.php on line 332.
 1 SYSTEMPATH\Database\BaseConnection.php(738): CodeIgniter\Database\MySQLi\Connection->execute('
                    SELECT `recid`FROM tbl_user_access WHERE `username` = \'ADMIN-KYLE\' AND `access_code` = \'3001\' AND `is_active` = \'1\'
                ')
 2 SYSTEMPATH\Database\BaseConnection.php(652): CodeIgniter\Database\BaseConnection->simpleQuery('
                    SELECT `recid`FROM tbl_user_access WHERE `username` = \'ADMIN-KYLE\' AND `access_code` = \'3001\' AND `is_active` = \'1\'
                ')
 3 APPPATH\Controllers\MySaobReport.php(28): CodeIgniter\Database\BaseConnection->query('
                    SELECT `recid`FROM tbl_user_access WHERE `username` = \'ADMIN-KYLE\' AND `access_code` = \'3001\' AND `is_active` = \'1\'
                ')
 4 SYSTEMPATH\CodeIgniter.php(933): App\Controllers\MySaobReport->index()
 5 SYSTEMPATH\CodeIgniter.php(507): CodeIgniter\CodeIgniter->runController(Object(App\Controllers\MySaobReport))
 6 SYSTEMPATH\CodeIgniter.php(354): CodeIgniter\CodeIgniter->handleRequest(null, Object(Config\Cache), false)
 7 SYSTEMPATH\Boot.php(334): CodeIgniter\CodeIgniter->run()
 8 SYSTEMPATH\Boot.php(67): CodeIgniter\Boot::runCodeIgniter(Object(CodeIgniter\CodeIgniter))
 9 FCPATH\index.php(56): CodeIgniter\Boot::bootWeb(Object(Config\Paths))
CRITICAL - 2026-02-18 09:42:33 --> [Caused by] mysqli_sql_exception: MySQL server has gone away
in SYSTEMPATH\Database\MySQLi\Connection.php on line 327.
 1 SYSTEMPATH\Database\MySQLi\Connection.php(327): mysqli->query('
                    SELECT `recid`FROM tbl_user_access WHERE `username` = \'ADMIN-KYLE\' AND `access_code` = \'3001\' AND `is_active` = \'1\'
                ', 0)
 2 SYSTEMPATH\Database\BaseConnection.php(738): CodeIgniter\Database\MySQLi\Connection->execute('
                    SELECT `recid`FROM tbl_user_access WHERE `username` = \'ADMIN-KYLE\' AND `access_code` = \'3001\' AND `is_active` = \'1\'
                ')
 3 SYSTEMPATH\Database\BaseConnection.php(652): CodeIgniter\Database\BaseConnection->simpleQuery('
                    SELECT `recid`FROM tbl_user_access WHERE `username` = \'ADMIN-KYLE\' AND `access_code` = \'3001\' AND `is_active` = \'1\'
                ')
 4 APPPATH\Controllers\MySaobReport.php(28): CodeIgniter\Database\BaseConnection->query('
                    SELECT `recid`FROM tbl_user_access WHERE `username` = \'ADMIN-KYLE\' AND `access_code` = \'3001\' AND `is_active` = \'1\'
                ')
 5 SYSTEMPATH\CodeIgniter.php(933): App\Controllers\MySaobReport->index()
 6 SYSTEMPATH\CodeIgniter.php(507): CodeIgniter\CodeIgniter->runController(Object(App\Controllers\MySaobReport))
 7 SYSTEMPATH\CodeIgniter.php(354): CodeIgniter\CodeIgniter->handleRequest(null, Object(Config\Cache), false)
 8 SYSTEMPATH\Boot.php(334): CodeIgniter\CodeIgniter->run()
 9 SYSTEMPATH\Boot.php(67): CodeIgniter\Boot::runCodeIgniter(Object(CodeIgniter\CodeIgniter))
10 FCPATH\index.php(56): CodeIgniter\Boot::bootWeb(Object(Config\Paths))
ERROR - 2026-02-18 09:42:37 --> Error connecting to the database: mysqli_sql_exception: No connection could be made because the target machine actively refused it in C:\xampp\htdocs\fods\system\Database\MySQLi\Connection.php:202
Stack trace:
#0 C:\xampp\htdocs\fods\system\Database\MySQLi\Connection.php(202): mysqli->real_connect('localhost', 'root', '', 'fods-02132026', 3306, '', 0)
#1 C:\xampp\htdocs\fods\system\Database\BaseConnection.php(421): CodeIgniter\Database\MySQLi\Connection->connect(false)
#2 C:\xampp\htdocs\fods\system\Database\BaseConnection.php(620): CodeIgniter\Database\BaseConnection->initialize()
#3 C:\xampp\htdocs\fods\app\Controllers\MySaobReport.php(28): CodeIgniter\Database\BaseConnection->query('\r\n             ...')
#4 C:\xampp\htdocs\fods\system\CodeIgniter.php(933): App\Controllers\MySaobReport->index()
#5 C:\xampp\htdocs\fods\system\CodeIgniter.php(507): CodeIgniter\CodeIgniter->runController(Object(App\Controllers\MySaobReport))
#6 C:\xampp\htdocs\fods\system\CodeIgniter.php(354): CodeIgniter\CodeIgniter->handleRequest(NULL, Object(Config\Cache), false)
#7 C:\xampp\htdocs\fods\system\Boot.php(334): CodeIgniter\CodeIgniter->run()
#8 C:\xampp\htdocs\fods\system\Boot.php(67): CodeIgniter\Boot::runCodeIgniter(Object(CodeIgniter\CodeIgniter))
#9 C:\xampp\htdocs\fods\public\index.php(56): CodeIgniter\Boot::bootWeb(Object(Config\Paths))
#10 {main}

Next CodeIgniter\Database\Exceptions\DatabaseException: No connection could be made because the target machine actively refused it in C:\xampp\htdocs\fods\system\Database\MySQLi\Connection.php:246
Stack trace:
#0 C:\xampp\htdocs\fods\system\Database\BaseConnection.php(421): CodeIgniter\Database\MySQLi\Connection->connect(false)
#1 C:\xampp\htdocs\fods\system\Database\BaseConnection.php(620): CodeIgniter\Database\BaseConnection->initialize()
#2 C:\xampp\htdocs\fods\app\Controllers\MySaobReport.php(28): CodeIgniter\Database\BaseConnection->query('\r\n             ...')
#3 C:\xampp\htdocs\fods\system\CodeIgniter.php(933): App\Controllers\MySaobReport->index()
#4 C:\xampp\htdocs\fods\system\CodeIgniter.php(507): CodeIgniter\CodeIgniter->runController(Object(App\Controllers\MySaobReport))
#5 C:\xampp\htdocs\fods\system\CodeIgniter.php(354): CodeIgniter\CodeIgniter->handleRequest(NULL, Object(Config\Cache), false)
#6 C:\xampp\htdocs\fods\system\Boot.php(334): CodeIgniter\CodeIgniter->run()
#7 C:\xampp\htdocs\fods\system\Boot.php(67): CodeIgniter\Boot::runCodeIgniter(Object(CodeIgniter\CodeIgniter))
#8 C:\xampp\htdocs\fods\public\index.php(56): CodeIgniter\Boot::bootWeb(Object(Config\Paths))
#9 {main}
CRITICAL - 2026-02-18 09:42:37 --> CodeIgniter\Database\Exceptions\DatabaseException: Unable to connect to the database.
Main connection [MySQLi]: No connection could be made because the target machine actively refused it
[Method: GET, Route: mysaobrpt]
in SYSTEMPATH\Database\BaseConnection.php on line 467.
 1 SYSTEMPATH\Database\BaseConnection.php(620): CodeIgniter\Database\BaseConnection->initialize()
 2 APPPATH\Controllers\MySaobReport.php(28): CodeIgniter\Database\BaseConnection->query('
                    SELECT `recid`FROM tbl_user_access WHERE `username` = \'ADMIN-KYLE\' AND `access_code` = \'3001\' AND `is_active` = \'1\'
                ')
 3 SYSTEMPATH\CodeIgniter.php(933): App\Controllers\MySaobReport->index()
 4 SYSTEMPATH\CodeIgniter.php(507): CodeIgniter\CodeIgniter->runController(Object(App\Controllers\MySaobReport))
 5 SYSTEMPATH\CodeIgniter.php(354): CodeIgniter\CodeIgniter->handleRequest(null, Object(Config\Cache), false)
 6 SYSTEMPATH\Boot.php(334): CodeIgniter\CodeIgniter->run()
 7 SYSTEMPATH\Boot.php(67): CodeIgniter\Boot::runCodeIgniter(Object(CodeIgniter\CodeIgniter))
 8 FCPATH\index.php(56): CodeIgniter\Boot::bootWeb(Object(Config\Paths))
ERROR - 2026-02-18 13:37:34 --> mysqli_sql_exception: Unknown column 'budget.responsiblity_code' in 'order clause' in C:\xampp\htdocs\fods\system\Database\MySQLi\Connection.php:327
Stack trace:
#0 C:\xampp\htdocs\fods\system\Database\MySQLi\Connection.php(327): mysqli->query('\r\nSELECT\r\n    b...', 0)
#1 C:\xampp\htdocs\fods\system\Database\BaseConnection.php(738): CodeIgniter\Database\MySQLi\Connection->execute('\r\nSELECT\r\n    b...')
#2 C:\xampp\htdocs\fods\system\Database\BaseConnection.php(652): CodeIgniter\Database\BaseConnection->simpleQuery('\r\nSELECT\r\n    b...')
#3 C:\xampp\htdocs\fods\app\Views\report\saob-savings-pdf.php(540): CodeIgniter\Database\BaseConnection->query('\r\nSELECT\r\n    b...')
#4 C:\xampp\htdocs\fods\system\View\View.php(224): include('C:\\xampp\\htdocs...')
#5 C:\xampp\htdocs\fods\system\View\View.php(227): CodeIgniter\View\View->CodeIgniter\View\{closure}()
#6 C:\xampp\htdocs\fods\system\Common.php(1173): CodeIgniter\View\View->render('report/saob-sav...', Array, true)
#7 C:\xampp\htdocs\fods\app\Controllers\MySaobReport.php(52): view('report/saob-sav...')
#8 C:\xampp\htdocs\fods\system\CodeIgniter.php(933): App\Controllers\MySaobReport->index()
#9 C:\xampp\htdocs\fods\system\CodeIgniter.php(507): CodeIgniter\CodeIgniter->runController(Object(App\Controllers\MySaobReport))
#10 C:\xampp\htdocs\fods\system\CodeIgniter.php(354): CodeIgniter\CodeIgniter->handleRequest(NULL, Object(Config\Cache), false)
#11 C:\xampp\htdocs\fods\system\Boot.php(334): CodeIgniter\CodeIgniter->run()
#12 C:\xampp\htdocs\fods\system\Boot.php(67): CodeIgniter\Boot::runCodeIgniter(Object(CodeIgniter\CodeIgniter))
#13 C:\xampp\htdocs\fods\public\index.php(56): CodeIgniter\Boot::bootWeb(Object(Config\Paths))
#14 {main}
CRITICAL - 2026-02-18 13:37:34 --> CodeIgniter\Database\Exceptions\DatabaseException: Unknown column 'budget.responsiblity_code' in 'order clause'
[Method: GET, Route: mysaobrpt]
in SYSTEMPATH\Database\BaseConnection.php on line 692.
 1 APPPATH\Views\report\saob-savings-pdf.php(540): CodeIgniter\Database\BaseConnection->query('
SELECT
    budget.`recid`,
    \'\' `project_id`,
    budget.`program_title`,
    budget.`project_title`,
    budget.`responsibility_code`,
    budget.`project_leader`,
    \'\'  `declared_savings`,
    \'\'  `other_expenses`,
    \'\'  `cna`,
    \'\'  `total_obligations`,
    \'\'  `balance_savings`,
    \'\'  `savings_date`,
    budget.`added_by`,
    budget.`added_at`,
    (
        COALESCE((
            SELECT SUM(dps.approved_budget)
            FROM tbl_budget_direct_ps_dt dps
            JOIN tbl_budget_hd hd
            ON dps.project_id = hd.recid
            WHERE hd.project_title = budget.project_title
        ),0)

        + COALESCE((
            SELECT SUM(idps.approved_budget)
            FROM tbl_budget_indirect_ps_dt idps
            JOIN tbl_budget_hd hd
            ON idps.project_id = hd.recid
            WHERE hd.project_title = budget.project_title
        ),0)

        + COALESCE((
            SELECT SUM(dmooe.approved_budget)
            FROM tbl_budget_direct_mooe_dt dmooe
            JOIN tbl_budget_hd hd
            ON dmooe.project_id = hd.recid
            WHERE hd.project_title = budget.project_title
        ),0)

        + COALESCE((
            SELECT SUM(idmooe.approved_budget)
            FROM tbl_budget_indirect_mooe_dt idmooe
            JOIN tbl_budget_hd hd
            ON idmooe.project_id = hd.recid
            WHERE hd.project_title = budget.project_title
        ),0)

        + COALESCE((
            SELECT SUM(dco.approved_budget)
            FROM tbl_budget_direct_co_dt dco
            JOIN tbl_budget_hd hd
            ON dco.project_id = hd.recid
            WHERE hd.project_title = budget.project_title
        ),0)

        + COALESCE((
            SELECT SUM(idco.approved_budget)
            FROM tbl_budget_indirect_co_dt idco
            JOIN tbl_budget_hd hd
            ON idco.project_id = hd.recid
            WHERE hd.project_title = budget.project_title
        ),0)

    ) AS allotment,
    (
        COALESCE((
            SELECT SUM(dps.amount)
            FROM tbl_ors_direct_ps_dt dps
            JOIN tbl_ors_hd hd
            ON dps.project_id = hd.recid
            WHERE dps.project_title = budget.project_title AND hd.ors_date >= \'2026-12-01\' AND hd.ors_date < \'2027-01-01\'
        ),0)

        + COALESCE((
            SELECT SUM(idps.amount)
            FROM tbl_ors_indirect_ps_dt idps
            JOIN tbl_ors_hd hd
            ON idps.project_id = hd.recid
            WHERE idps.project_title = budget.project_title AND hd.ors_date >= \'2026-12-01\' AND hd.ors_date < \'2027-01-01\'
        ),0)

        + COALESCE((
            SELECT SUM(dmooe.amount)
            FROM tbl_ors_direct_mooe_dt dmooe
            JOIN tbl_ors_hd hd
            ON dmooe.project_id = hd.recid
            WHERE dmooe.project_title = budget.project_title AND hd.ors_date >= \'2026-12-01\' AND hd.ors_date < \'2027-01-01\'
        ),0)

        + COALESCE((
            SELECT SUM(idmooe.amount)
            FROM tbl_ors_indirect_mooe_dt idmooe
            JOIN tbl_ors_hd hd
            ON idmooe.project_id = hd.recid
            WHERE idmooe.project_title = budget.project_title AND hd.ors_date >= \'2026-12-01\' AND hd.ors_date < \'2027-01-01\'
        ),0)

        + COALESCE((
            SELECT SUM(dco.amount)
            FROM tbl_ors_direct_co_dt dco
            JOIN tbl_ors_hd hd
            ON dco.project_id = hd.recid
            WHERE dco.project_title = budget.project_title AND hd.ors_date >= \'2026-12-01\' AND hd.ors_date < \'2027-01-01\'
        ),0)

        + COALESCE((
            SELECT SUM(idco.amount)
            FROM tbl_ors_indirect_co_dt idco
            JOIN tbl_ors_hd hd
            ON idco.project_id = hd.recid
            WHERE idco.project_title = budget.project_title AND hd.ors_date >= \'2026-12-01\' AND hd.ors_date < \'2027-01-01\'
        ),0)
    ) AS thismonth,
    (
        COALESCE((
            SELECT SUM(dps.amount)
            FROM tbl_ors_direct_ps_dt dps
            JOIN tbl_ors_hd hd
            ON dps.project_id = hd.recid
            WHERE dps.project_title = budget.project_title AND hd.ors_date >= \'2026-01-01\' AND hd.ors_date <= \'2026-12-31\'
        ),0)

        + COALESCE((
            SELECT SUM(idps.amount)
            FROM tbl_ors_indirect_ps_dt idps
            JOIN tbl_ors_hd hd
            ON idps.project_id = hd.recid
            WHERE idps.project_title = budget.project_title AND hd.ors_date >= \'2026-01-01\' AND hd.ors_date <= \'2026-12-31\'
        ),0)

        + COALESCE((
            SELECT SUM(dmooe.amount)
            FROM tbl_ors_direct_mooe_dt dmooe
            JOIN tbl_ors_hd hd
            ON dmooe.project_id = hd.recid
            WHERE dmooe.project_title = budget.project_title AND hd.ors_date >= \'2026-01-01\' AND hd.ors_date <= \'2026-12-31\'
        ),0)

        + COALESCE((
            SELECT SUM(idmooe.amount)
            FROM tbl_ors_indirect_mooe_dt idmooe
            JOIN tbl_ors_hd hd
            ON idmooe.project_id = hd.recid
            WHERE idmooe.project_title = budget.project_title AND hd.ors_date >= \'2026-01-01\' AND hd.ors_date <= \'2026-12-31\'
        ),0)

        + COALESCE((
            SELECT SUM(dco.amount)
            FROM tbl_ors_direct_co_dt dco
            JOIN tbl_ors_hd hd
            ON dco.project_id = hd.recid
            WHERE dco.project_title = budget.project_title AND hd.ors_date >= \'2026-01-01\' AND hd.ors_date <= \'2026-12-31\'
        ),0)

        + COALESCE((
            SELECT SUM(idco.amount)
            FROM tbl_ors_indirect_co_dt idco
            JOIN tbl_ors_hd hd
            ON idco.project_id = hd.recid
            WHERE idco.project_title = budget.project_title AND hd.ors_date >= \'2026-01-01\' AND hd.ors_date <= \'2026-12-31\'
        ),0)
    ) AS todate

FROM tbl_budget_hd budget

WHERE budget.program_title = \'Scientific Research and Development Services on Basic and Applied Researches on Food and Nutrition\' AND budget.duration_from >= \'2026-01-01\' AND budget.duration_to <= \'2026-12-31\'
ORDER BY budget.`responsiblity_code`

')
 2 SYSTEMPATH\View\View.php(224): include('C:\\xampp\\htdocs\\fods\\app\\Views\\report\\saob-savings-pdf.php')
 3 SYSTEMPATH\View\View.php(227): CodeIgniter\View\View->CodeIgniter\View\{closure}()
 4 SYSTEMPATH\Common.php(1173): CodeIgniter\View\View->render('report/saob-savings-pdf', [], true)
 5 APPPATH\Controllers\MySaobReport.php(52): view('report/saob-savings-pdf')
 6 SYSTEMPATH\CodeIgniter.php(933): App\Controllers\MySaobReport->index()
 7 SYSTEMPATH\CodeIgniter.php(507): CodeIgniter\CodeIgniter->runController(Object(App\Controllers\MySaobReport))
 8 SYSTEMPATH\CodeIgniter.php(354): CodeIgniter\CodeIgniter->handleRequest(null, Object(Config\Cache), false)
 9 SYSTEMPATH\Boot.php(334): CodeIgniter\CodeIgniter->run()
10 SYSTEMPATH\Boot.php(67): CodeIgniter\Boot::runCodeIgniter(Object(CodeIgniter\CodeIgniter))
11 FCPATH\index.php(56): CodeIgniter\Boot::bootWeb(Object(Config\Paths))
CRITICAL - 2026-02-18 13:37:34 --> [Caused by] CodeIgniter\Database\Exceptions\DatabaseException: Unknown column 'budget.responsiblity_code' in 'order clause'
in SYSTEMPATH\Database\MySQLi\Connection.php on line 332.
 1 SYSTEMPATH\Database\BaseConnection.php(738): CodeIgniter\Database\MySQLi\Connection->execute('
SELECT
    budget.`recid`,
    \'\' `project_id`,
    budget.`program_title`,
    budget.`project_title`,
    budget.`responsibility_code`,
    budget.`project_leader`,
    \'\'  `declared_savings`,
    \'\'  `other_expenses`,
    \'\'  `cna`,
    \'\'  `total_obligations`,
    \'\'  `balance_savings`,
    \'\'  `savings_date`,
    budget.`added_by`,
    budget.`added_at`,
    (
        COALESCE((
            SELECT SUM(dps.approved_budget)
            FROM tbl_budget_direct_ps_dt dps
            JOIN tbl_budget_hd hd
            ON dps.project_id = hd.recid
            WHERE hd.project_title = budget.project_title
        ),0)

        + COALESCE((
            SELECT SUM(idps.approved_budget)
            FROM tbl_budget_indirect_ps_dt idps
            JOIN tbl_budget_hd hd
            ON idps.project_id = hd.recid
            WHERE hd.project_title = budget.project_title
        ),0)

        + COALESCE((
            SELECT SUM(dmooe.approved_budget)
            FROM tbl_budget_direct_mooe_dt dmooe
            JOIN tbl_budget_hd hd
            ON dmooe.project_id = hd.recid
            WHERE hd.project_title = budget.project_title
        ),0)

        + COALESCE((
            SELECT SUM(idmooe.approved_budget)
            FROM tbl_budget_indirect_mooe_dt idmooe
            JOIN tbl_budget_hd hd
            ON idmooe.project_id = hd.recid
            WHERE hd.project_title = budget.project_title
        ),0)

        + COALESCE((
            SELECT SUM(dco.approved_budget)
            FROM tbl_budget_direct_co_dt dco
            JOIN tbl_budget_hd hd
            ON dco.project_id = hd.recid
            WHERE hd.project_title = budget.project_title
        ),0)

        + COALESCE((
            SELECT SUM(idco.approved_budget)
            FROM tbl_budget_indirect_co_dt idco
            JOIN tbl_budget_hd hd
            ON idco.project_id = hd.recid
            WHERE hd.project_title = budget.project_title
        ),0)

    ) AS allotment,
    (
        COALESCE((
            SELECT SUM(dps.amount)
            FROM tbl_ors_direct_ps_dt dps
            JOIN tbl_ors_hd hd
            ON dps.project_id = hd.recid
            WHERE dps.project_title = budget.project_title AND hd.ors_date >= \'2026-12-01\' AND hd.ors_date < \'2027-01-01\'
        ),0)

        + COALESCE((
            SELECT SUM(idps.amount)
            FROM tbl_ors_indirect_ps_dt idps
            JOIN tbl_ors_hd hd
            ON idps.project_id = hd.recid
            WHERE idps.project_title = budget.project_title AND hd.ors_date >= \'2026-12-01\' AND hd.ors_date < \'2027-01-01\'
        ),0)

        + COALESCE((
            SELECT SUM(dmooe.amount)
            FROM tbl_ors_direct_mooe_dt dmooe
            JOIN tbl_ors_hd hd
            ON dmooe.project_id = hd.recid
            WHERE dmooe.project_title = budget.project_title AND hd.ors_date >= \'2026-12-01\' AND hd.ors_date < \'2027-01-01\'
        ),0)

        + COALESCE((
            SELECT SUM(idmooe.amount)
            FROM tbl_ors_indirect_mooe_dt idmooe
            JOIN tbl_ors_hd hd
            ON idmooe.project_id = hd.recid
            WHERE idmooe.project_title = budget.project_title AND hd.ors_date >= \'2026-12-01\' AND hd.ors_date < \'2027-01-01\'
        ),0)

        + COALESCE((
            SELECT SUM(dco.amount)
            FROM tbl_ors_direct_co_dt dco
            JOIN tbl_ors_hd hd
            ON dco.project_id = hd.recid
            WHERE dco.project_title = budget.project_title AND hd.ors_date >= \'2026-12-01\' AND hd.ors_date < \'2027-01-01\'
        ),0)

        + COALESCE((
            SELECT SUM(idco.amount)
            FROM tbl_ors_indirect_co_dt idco
            JOIN tbl_ors_hd hd
            ON idco.project_id = hd.recid
            WHERE idco.project_title = budget.project_title AND hd.ors_date >= \'2026-12-01\' AND hd.ors_date < \'2027-01-01\'
        ),0)
    ) AS thismonth,
    (
        COALESCE((
            SELECT SUM(dps.amount)
            FROM tbl_ors_direct_ps_dt dps
            JOIN tbl_ors_hd hd
            ON dps.project_id = hd.recid
            WHERE dps.project_title = budget.project_title AND hd.ors_date >= \'2026-01-01\' AND hd.ors_date <= \'2026-12-31\'
        ),0)

        + COALESCE((
            SELECT SUM(idps.amount)
            FROM tbl_ors_indirect_ps_dt idps
            JOIN tbl_ors_hd hd
            ON idps.project_id = hd.recid
            WHERE idps.project_title = budget.project_title AND hd.ors_date >= \'2026-01-01\' AND hd.ors_date <= \'2026-12-31\'
        ),0)

        + COALESCE((
            SELECT SUM(dmooe.amount)
            FROM tbl_ors_direct_mooe_dt dmooe
            JOIN tbl_ors_hd hd
            ON dmooe.project_id = hd.recid
            WHERE dmooe.project_title = budget.project_title AND hd.ors_date >= \'2026-01-01\' AND hd.ors_date <= \'2026-12-31\'
        ),0)

        + COALESCE((
            SELECT SUM(idmooe.amount)
            FROM tbl_ors_indirect_mooe_dt idmooe
            JOIN tbl_ors_hd hd
            ON idmooe.project_id = hd.recid
            WHERE idmooe.project_title = budget.project_title AND hd.ors_date >= \'2026-01-01\' AND hd.ors_date <= \'2026-12-31\'
        ),0)

        + COALESCE((
            SELECT SUM(dco.amount)
            FROM tbl_ors_direct_co_dt dco
            JOIN tbl_ors_hd hd
            ON dco.project_id = hd.recid
            WHERE dco.project_title = budget.project_title AND hd.ors_date >= \'2026-01-01\' AND hd.ors_date <= \'2026-12-31\'
        ),0)

        + COALESCE((
            SELECT SUM(idco.amount)
            FROM tbl_ors_indirect_co_dt idco
            JOIN tbl_ors_hd hd
            ON idco.project_id = hd.recid
            WHERE idco.project_title = budget.project_title AND hd.ors_date >= \'2026-01-01\' AND hd.ors_date <= \'2026-12-31\'
        ),0)
    ) AS todate

FROM tbl_budget_hd budget

WHERE budget.program_title = \'Scientific Research and Development Services on Basic and Applied Researches on Food and Nutrition\' AND budget.duration_from >= \'2026-01-01\' AND budget.duration_to <= \'2026-12-31\'
ORDER BY budget.`responsiblity_code`

')
 2 SYSTEMPATH\Database\BaseConnection.php(652): CodeIgniter\Database\BaseConnection->simpleQuery('
SELECT
    budget.`recid`,
    \'\' `project_id`,
    budget.`program_title`,
    budget.`project_title`,
    budget.`responsibility_code`,
    budget.`project_leader`,
    \'\'  `declared_savings`,
    \'\'  `other_expenses`,
    \'\'  `cna`,
    \'\'  `total_obligations`,
    \'\'  `balance_savings`,
    \'\'  `savings_date`,
    budget.`added_by`,
    budget.`added_at`,
    (
        COALESCE((
            SELECT SUM(dps.approved_budget)
            FROM tbl_budget_direct_ps_dt dps
            JOIN tbl_budget_hd hd
            ON dps.project_id = hd.recid
            WHERE hd.project_title = budget.project_title
        ),0)

        + COALESCE((
            SELECT SUM(idps.approved_budget)
            FROM tbl_budget_indirect_ps_dt idps
            JOIN tbl_budget_hd hd
            ON idps.project_id = hd.recid
            WHERE hd.project_title = budget.project_title
        ),0)

        + COALESCE((
            SELECT SUM(dmooe.approved_budget)
            FROM tbl_budget_direct_mooe_dt dmooe
            JOIN tbl_budget_hd hd
            ON dmooe.project_id = hd.recid
            WHERE hd.project_title = budget.project_title
        ),0)

        + COALESCE((
            SELECT SUM(idmooe.approved_budget)
            FROM tbl_budget_indirect_mooe_dt idmooe
            JOIN tbl_budget_hd hd
            ON idmooe.project_id = hd.recid
            WHERE hd.project_title = budget.project_title
        ),0)

        + COALESCE((
            SELECT SUM(dco.approved_budget)
            FROM tbl_budget_direct_co_dt dco
            JOIN tbl_budget_hd hd
            ON dco.project_id = hd.recid
            WHERE hd.project_title = budget.project_title
        ),0)

        + COALESCE((
            SELECT SUM(idco.approved_budget)
            FROM tbl_budget_indirect_co_dt idco
            JOIN tbl_budget_hd hd
            ON idco.project_id = hd.recid
            WHERE hd.project_title = budget.project_title
        ),0)

    ) AS allotment,
    (
        COALESCE((
            SELECT SUM(dps.amount)
            FROM tbl_ors_direct_ps_dt dps
            JOIN tbl_ors_hd hd
            ON dps.project_id = hd.recid
            WHERE dps.project_title = budget.project_title AND hd.ors_date >= \'2026-12-01\' AND hd.ors_date < \'2027-01-01\'
        ),0)

        + COALESCE((
            SELECT SUM(idps.amount)
            FROM tbl_ors_indirect_ps_dt idps
            JOIN tbl_ors_hd hd
            ON idps.project_id = hd.recid
            WHERE idps.project_title = budget.project_title AND hd.ors_date >= \'2026-12-01\' AND hd.ors_date < \'2027-01-01\'
        ),0)

        + COALESCE((
            SELECT SUM(dmooe.amount)
            FROM tbl_ors_direct_mooe_dt dmooe
            JOIN tbl_ors_hd hd
            ON dmooe.project_id = hd.recid
            WHERE dmooe.project_title = budget.project_title AND hd.ors_date >= \'2026-12-01\' AND hd.ors_date < \'2027-01-01\'
        ),0)

        + COALESCE((
            SELECT SUM(idmooe.amount)
            FROM tbl_ors_indirect_mooe_dt idmooe
            JOIN tbl_ors_hd hd
            ON idmooe.project_id = hd.recid
            WHERE idmooe.project_title = budget.project_title AND hd.ors_date >= \'2026-12-01\' AND hd.ors_date < \'2027-01-01\'
        ),0)

        + COALESCE((
            SELECT SUM(dco.amount)
            FROM tbl_ors_direct_co_dt dco
            JOIN tbl_ors_hd hd
            ON dco.project_id = hd.recid
            WHERE dco.project_title = budget.project_title AND hd.ors_date >= \'2026-12-01\' AND hd.ors_date < \'2027-01-01\'
        ),0)

        + COALESCE((
            SELECT SUM(idco.amount)
            FROM tbl_ors_indirect_co_dt idco
            JOIN tbl_ors_hd hd
            ON idco.project_id = hd.recid
            WHERE idco.project_title = budget.project_title AND hd.ors_date >= \'2026-12-01\' AND hd.ors_date < \'2027-01-01\'
        ),0)
    ) AS thismonth,
    (
        COALESCE((
            SELECT SUM(dps.amount)
            FROM tbl_ors_direct_ps_dt dps
            JOIN tbl_ors_hd hd
            ON dps.project_id = hd.recid
            WHERE dps.project_title = budget.project_title AND hd.ors_date >= \'2026-01-01\' AND hd.ors_date <= \'2026-12-31\'
        ),0)

        + COALESCE((
            SELECT SUM(idps.amount)
            FROM tbl_ors_indirect_ps_dt idps
            JOIN tbl_ors_hd hd
            ON idps.project_id = hd.recid
            WHERE idps.project_title = budget.project_title AND hd.ors_date >= \'2026-01-01\' AND hd.ors_date <= \'2026-12-31\'
        ),0)

        + COALESCE((
            SELECT SUM(dmooe.amount)
            FROM tbl_ors_direct_mooe_dt dmooe
            JOIN tbl_ors_hd hd
            ON dmooe.project_id = hd.recid
            WHERE dmooe.project_title = budget.project_title AND hd.ors_date >= \'2026-01-01\' AND hd.ors_date <= \'2026-12-31\'
        ),0)

        + COALESCE((
            SELECT SUM(idmooe.amount)
            FROM tbl_ors_indirect_mooe_dt idmooe
            JOIN tbl_ors_hd hd
            ON idmooe.project_id = hd.recid
            WHERE idmooe.project_title = budget.project_title AND hd.ors_date >= \'2026-01-01\' AND hd.ors_date <= \'2026-12-31\'
        ),0)

        + COALESCE((
            SELECT SUM(dco.amount)
            FROM tbl_ors_direct_co_dt dco
            JOIN tbl_ors_hd hd
            ON dco.project_id = hd.recid
            WHERE dco.project_title = budget.project_title AND hd.ors_date >= \'2026-01-01\' AND hd.ors_date <= \'2026-12-31\'
        ),0)

        + COALESCE((
            SELECT SUM(idco.amount)
            FROM tbl_ors_indirect_co_dt idco
            JOIN tbl_ors_hd hd
            ON idco.project_id = hd.recid
            WHERE idco.project_title = budget.project_title AND hd.ors_date >= \'2026-01-01\' AND hd.ors_date <= \'2026-12-31\'
        ),0)
    ) AS todate

FROM tbl_budget_hd budget

WHERE budget.program_title = \'Scientific Research and Development Services on Basic and Applied Researches on Food and Nutrition\' AND budget.duration_from >= \'2026-01-01\' AND budget.duration_to <= \'2026-12-31\'
ORDER BY budget.`responsiblity_code`

')
 3 APPPATH\Views\report\saob-savings-pdf.php(540): CodeIgniter\Database\BaseConnection->query('
SELECT
    budget.`recid`,
    \'\' `project_id`,
    budget.`program_title`,
    budget.`project_title`,
    budget.`responsibility_code`,
    budget.`project_leader`,
    \'\'  `declared_savings`,
    \'\'  `other_expenses`,
    \'\'  `cna`,
    \'\'  `total_obligations`,
    \'\'  `balance_savings`,
    \'\'  `savings_date`,
    budget.`added_by`,
    budget.`added_at`,
    (
        COALESCE((
            SELECT SUM(dps.approved_budget)
            FROM tbl_budget_direct_ps_dt dps
            JOIN tbl_budget_hd hd
            ON dps.project_id = hd.recid
            WHERE hd.project_title = budget.project_title
        ),0)

        + COALESCE((
            SELECT SUM(idps.approved_budget)
            FROM tbl_budget_indirect_ps_dt idps
            JOIN tbl_budget_hd hd
            ON idps.project_id = hd.recid
            WHERE hd.project_title = budget.project_title
        ),0)

        + COALESCE((
            SELECT SUM(dmooe.approved_budget)
            FROM tbl_budget_direct_mooe_dt dmooe
            JOIN tbl_budget_hd hd
            ON dmooe.project_id = hd.recid
            WHERE hd.project_title = budget.project_title
        ),0)

        + COALESCE((
            SELECT SUM(idmooe.approved_budget)
            FROM tbl_budget_indirect_mooe_dt idmooe
            JOIN tbl_budget_hd hd
            ON idmooe.project_id = hd.recid
            WHERE hd.project_title = budget.project_title
        ),0)

        + COALESCE((
            SELECT SUM(dco.approved_budget)
            FROM tbl_budget_direct_co_dt dco
            JOIN tbl_budget_hd hd
            ON dco.project_id = hd.recid
            WHERE hd.project_title = budget.project_title
        ),0)

        + COALESCE((
            SELECT SUM(idco.approved_budget)
            FROM tbl_budget_indirect_co_dt idco
            JOIN tbl_budget_hd hd
            ON idco.project_id = hd.recid
            WHERE hd.project_title = budget.project_title
        ),0)

    ) AS allotment,
    (
        COALESCE((
            SELECT SUM(dps.amount)
            FROM tbl_ors_direct_ps_dt dps
            JOIN tbl_ors_hd hd
            ON dps.project_id = hd.recid
            WHERE dps.project_title = budget.project_title AND hd.ors_date >= \'2026-12-01\' AND hd.ors_date < \'2027-01-01\'
        ),0)

        + COALESCE((
            SELECT SUM(idps.amount)
            FROM tbl_ors_indirect_ps_dt idps
            JOIN tbl_ors_hd hd
            ON idps.project_id = hd.recid
            WHERE idps.project_title = budget.project_title AND hd.ors_date >= \'2026-12-01\' AND hd.ors_date < \'2027-01-01\'
        ),0)

        + COALESCE((
            SELECT SUM(dmooe.amount)
            FROM tbl_ors_direct_mooe_dt dmooe
            JOIN tbl_ors_hd hd
            ON dmooe.project_id = hd.recid
            WHERE dmooe.project_title = budget.project_title AND hd.ors_date >= \'2026-12-01\' AND hd.ors_date < \'2027-01-01\'
        ),0)

        + COALESCE((
            SELECT SUM(idmooe.amount)
            FROM tbl_ors_indirect_mooe_dt idmooe
            JOIN tbl_ors_hd hd
            ON idmooe.project_id = hd.recid
            WHERE idmooe.project_title = budget.project_title AND hd.ors_date >= \'2026-12-01\' AND hd.ors_date < \'2027-01-01\'
        ),0)

        + COALESCE((
            SELECT SUM(dco.amount)
            FROM tbl_ors_direct_co_dt dco
            JOIN tbl_ors_hd hd
            ON dco.project_id = hd.recid
            WHERE dco.project_title = budget.project_title AND hd.ors_date >= \'2026-12-01\' AND hd.ors_date < \'2027-01-01\'
        ),0)

        + COALESCE((
            SELECT SUM(idco.amount)
            FROM tbl_ors_indirect_co_dt idco
            JOIN tbl_ors_hd hd
            ON idco.project_id = hd.recid
            WHERE idco.project_title = budget.project_title AND hd.ors_date >= \'2026-12-01\' AND hd.ors_date < \'2027-01-01\'
        ),0)
    ) AS thismonth,
    (
        COALESCE((
            SELECT SUM(dps.amount)
            FROM tbl_ors_direct_ps_dt dps
            JOIN tbl_ors_hd hd
            ON dps.project_id = hd.recid
            WHERE dps.project_title = budget.project_title AND hd.ors_date >= \'2026-01-01\' AND hd.ors_date <= \'2026-12-31\'
        ),0)

        + COALESCE((
            SELECT SUM(idps.amount)
            FROM tbl_ors_indirect_ps_dt idps
            JOIN tbl_ors_hd hd
            ON idps.project_id = hd.recid
            WHERE idps.project_title = budget.project_title AND hd.ors_date >= \'2026-01-01\' AND hd.ors_date <= \'2026-12-31\'
        ),0)

        + COALESCE((
            SELECT SUM(dmooe.amount)
            FROM tbl_ors_direct_mooe_dt dmooe
            JOIN tbl_ors_hd hd
            ON dmooe.project_id = hd.recid
            WHERE dmooe.project_title = budget.project_title AND hd.ors_date >= \'2026-01-01\' AND hd.ors_date <= \'2026-12-31\'
        ),0)

        + COALESCE((
            SELECT SUM(idmooe.amount)
            FROM tbl_ors_indirect_mooe_dt idmooe
            JOIN tbl_ors_hd hd
            ON idmooe.project_id = hd.recid
            WHERE idmooe.project_title = budget.project_title AND hd.ors_date >= \'2026-01-01\' AND hd.ors_date <= \'2026-12-31\'
        ),0)

        + COALESCE((
            SELECT SUM(dco.amount)
            FROM tbl_ors_direct_co_dt dco
            JOIN tbl_ors_hd hd
            ON dco.project_id = hd.recid
            WHERE dco.project_title = budget.project_title AND hd.ors_date >= \'2026-01-01\' AND hd.ors_date <= \'2026-12-31\'
        ),0)

        + COALESCE((
            SELECT SUM(idco.amount)
            FROM tbl_ors_indirect_co_dt idco
            JOIN tbl_ors_hd hd
            ON idco.project_id = hd.recid
            WHERE idco.project_title = budget.project_title AND hd.ors_date >= \'2026-01-01\' AND hd.ors_date <= \'2026-12-31\'
        ),0)
    ) AS todate

FROM tbl_budget_hd budget

WHERE budget.program_title = \'Scientific Research and Development Services on Basic and Applied Researches on Food and Nutrition\' AND budget.duration_from >= \'2026-01-01\' AND budget.duration_to <= \'2026-12-31\'
ORDER BY budget.`responsiblity_code`

')
 4 SYSTEMPATH\View\View.php(224): include('C:\\xampp\\htdocs\\fods\\app\\Views\\report\\saob-savings-pdf.php')
 5 SYSTEMPATH\View\View.php(227): CodeIgniter\View\View->CodeIgniter\View\{closure}()
 6 SYSTEMPATH\Common.php(1173): CodeIgniter\View\View->render('report/saob-savings-pdf', [], true)
 7 APPPATH\Controllers\MySaobReport.php(52): view('report/saob-savings-pdf')
 8 SYSTEMPATH\CodeIgniter.php(933): App\Controllers\MySaobReport->index()
 9 SYSTEMPATH\CodeIgniter.php(507): CodeIgniter\CodeIgniter->runController(Object(App\Controllers\MySaobReport))
10 SYSTEMPATH\CodeIgniter.php(354): CodeIgniter\CodeIgniter->handleRequest(null, Object(Config\Cache), false)
11 SYSTEMPATH\Boot.php(334): CodeIgniter\CodeIgniter->run()
12 SYSTEMPATH\Boot.php(67): CodeIgniter\Boot::runCodeIgniter(Object(CodeIgniter\CodeIgniter))
13 FCPATH\index.php(56): CodeIgniter\Boot::bootWeb(Object(Config\Paths))
CRITICAL - 2026-02-18 13:37:34 --> [Caused by] mysqli_sql_exception: Unknown column 'budget.responsiblity_code' in 'order clause'
in SYSTEMPATH\Database\MySQLi\Connection.php on line 327.
 1 SYSTEMPATH\Database\MySQLi\Connection.php(327): mysqli->query('
SELECT
    budget.`recid`,
    \'\' `project_id`,
    budget.`program_title`,
    budget.`project_title`,
    budget.`responsibility_code`,
    budget.`project_leader`,
    \'\'  `declared_savings`,
    \'\'  `other_expenses`,
    \'\'  `cna`,
    \'\'  `total_obligations`,
    \'\'  `balance_savings`,
    \'\'  `savings_date`,
    budget.`added_by`,
    budget.`added_at`,
    (
        COALESCE((
            SELECT SUM(dps.approved_budget)
            FROM tbl_budget_direct_ps_dt dps
            JOIN tbl_budget_hd hd
            ON dps.project_id = hd.recid
            WHERE hd.project_title = budget.project_title
        ),0)

        + COALESCE((
            SELECT SUM(idps.approved_budget)
            FROM tbl_budget_indirect_ps_dt idps
            JOIN tbl_budget_hd hd
            ON idps.project_id = hd.recid
            WHERE hd.project_title = budget.project_title
        ),0)

        + COALESCE((
            SELECT SUM(dmooe.approved_budget)
            FROM tbl_budget_direct_mooe_dt dmooe
            JOIN tbl_budget_hd hd
            ON dmooe.project_id = hd.recid
            WHERE hd.project_title = budget.project_title
        ),0)

        + COALESCE((
            SELECT SUM(idmooe.approved_budget)
            FROM tbl_budget_indirect_mooe_dt idmooe
            JOIN tbl_budget_hd hd
            ON idmooe.project_id = hd.recid
            WHERE hd.project_title = budget.project_title
        ),0)

        + COALESCE((
            SELECT SUM(dco.approved_budget)
            FROM tbl_budget_direct_co_dt dco
            JOIN tbl_budget_hd hd
            ON dco.project_id = hd.recid
            WHERE hd.project_title = budget.project_title
        ),0)

        + COALESCE((
            SELECT SUM(idco.approved_budget)
            FROM tbl_budget_indirect_co_dt idco
            JOIN tbl_budget_hd hd
            ON idco.project_id = hd.recid
            WHERE hd.project_title = budget.project_title
        ),0)

    ) AS allotment,
    (
        COALESCE((
            SELECT SUM(dps.amount)
            FROM tbl_ors_direct_ps_dt dps
            JOIN tbl_ors_hd hd
            ON dps.project_id = hd.recid
            WHERE dps.project_title = budget.project_title AND hd.ors_date >= \'2026-12-01\' AND hd.ors_date < \'2027-01-01\'
        ),0)

        + COALESCE((
            SELECT SUM(idps.amount)
            FROM tbl_ors_indirect_ps_dt idps
            JOIN tbl_ors_hd hd
            ON idps.project_id = hd.recid
            WHERE idps.project_title = budget.project_title AND hd.ors_date >= \'2026-12-01\' AND hd.ors_date < \'2027-01-01\'
        ),0)

        + COALESCE((
            SELECT SUM(dmooe.amount)
            FROM tbl_ors_direct_mooe_dt dmooe
            JOIN tbl_ors_hd hd
            ON dmooe.project_id = hd.recid
            WHERE dmooe.project_title = budget.project_title AND hd.ors_date >= \'2026-12-01\' AND hd.ors_date < \'2027-01-01\'
        ),0)

        + COALESCE((
            SELECT SUM(idmooe.amount)
            FROM tbl_ors_indirect_mooe_dt idmooe
            JOIN tbl_ors_hd hd
            ON idmooe.project_id = hd.recid
            WHERE idmooe.project_title = budget.project_title AND hd.ors_date >= \'2026-12-01\' AND hd.ors_date < \'2027-01-01\'
        ),0)

        + COALESCE((
            SELECT SUM(dco.amount)
            FROM tbl_ors_direct_co_dt dco
            JOIN tbl_ors_hd hd
            ON dco.project_id = hd.recid
            WHERE dco.project_title = budget.project_title AND hd.ors_date >= \'2026-12-01\' AND hd.ors_date < \'2027-01-01\'
        ),0)

        + COALESCE((
            SELECT SUM(idco.amount)
            FROM tbl_ors_indirect_co_dt idco
            JOIN tbl_ors_hd hd
            ON idco.project_id = hd.recid
            WHERE idco.project_title = budget.project_title AND hd.ors_date >= \'2026-12-01\' AND hd.ors_date < \'2027-01-01\'
        ),0)
    ) AS thismonth,
    (
        COALESCE((
            SELECT SUM(dps.amount)
            FROM tbl_ors_direct_ps_dt dps
            JOIN tbl_ors_hd hd
            ON dps.project_id = hd.recid
            WHERE dps.project_title = budget.project_title AND hd.ors_date >= \'2026-01-01\' AND hd.ors_date <= \'2026-12-31\'
        ),0)

        + COALESCE((
            SELECT SUM(idps.amount)
            FROM tbl_ors_indirect_ps_dt idps
            JOIN tbl_ors_hd hd
            ON idps.project_id = hd.recid
            WHERE idps.project_title = budget.project_title AND hd.ors_date >= \'2026-01-01\' AND hd.ors_date <= \'2026-12-31\'
        ),0)

        + COALESCE((
            SELECT SUM(dmooe.amount)
            FROM tbl_ors_direct_mooe_dt dmooe
            JOIN tbl_ors_hd hd
            ON dmooe.project_id = hd.recid
            WHERE dmooe.project_title = budget.project_title AND hd.ors_date >= \'2026-01-01\' AND hd.ors_date <= \'2026-12-31\'
        ),0)

        + COALESCE((
            SELECT SUM(idmooe.amount)
            FROM tbl_ors_indirect_mooe_dt idmooe
            JOIN tbl_ors_hd hd
            ON idmooe.project_id = hd.recid
            WHERE idmooe.project_title = budget.project_title AND hd.ors_date >= \'2026-01-01\' AND hd.ors_date <= \'2026-12-31\'
        ),0)

        + COALESCE((
            SELECT SUM(dco.amount)
            FROM tbl_ors_direct_co_dt dco
            JOIN tbl_ors_hd hd
            ON dco.project_id = hd.recid
            WHERE dco.project_title = budget.project_title AND hd.ors_date >= \'2026-01-01\' AND hd.ors_date <= \'2026-12-31\'
        ),0)

        + COALESCE((
            SELECT SUM(idco.amount)
            FROM tbl_ors_indirect_co_dt idco
            JOIN tbl_ors_hd hd
            ON idco.project_id = hd.recid
            WHERE idco.project_title = budget.project_title AND hd.ors_date >= \'2026-01-01\' AND hd.ors_date <= \'2026-12-31\'
        ),0)
    ) AS todate

FROM tbl_budget_hd budget

WHERE budget.program_title = \'Scientific Research and Development Services on Basic and Applied Researches on Food and Nutrition\' AND budget.duration_from >= \'2026-01-01\' AND budget.duration_to <= \'2026-12-31\'
ORDER BY budget.`responsiblity_code`

', 0)
 2 SYSTEMPATH\Database\BaseConnection.php(738): CodeIgniter\Database\MySQLi\Connection->execute('
SELECT
    budget.`recid`,
    \'\' `project_id`,
    budget.`program_title`,
    budget.`project_title`,
    budget.`responsibility_code`,
    budget.`project_leader`,
    \'\'  `declared_savings`,
    \'\'  `other_expenses`,
    \'\'  `cna`,
    \'\'  `total_obligations`,
    \'\'  `balance_savings`,
    \'\'  `savings_date`,
    budget.`added_by`,
    budget.`added_at`,
    (
        COALESCE((
            SELECT SUM(dps.approved_budget)
            FROM tbl_budget_direct_ps_dt dps
            JOIN tbl_budget_hd hd
            ON dps.project_id = hd.recid
            WHERE hd.project_title = budget.project_title
        ),0)

        + COALESCE((
            SELECT SUM(idps.approved_budget)
            FROM tbl_budget_indirect_ps_dt idps
            JOIN tbl_budget_hd hd
            ON idps.project_id = hd.recid
            WHERE hd.project_title = budget.project_title
        ),0)

        + COALESCE((
            SELECT SUM(dmooe.approved_budget)
            FROM tbl_budget_direct_mooe_dt dmooe
            JOIN tbl_budget_hd hd
            ON dmooe.project_id = hd.recid
            WHERE hd.project_title = budget.project_title
        ),0)

        + COALESCE((
            SELECT SUM(idmooe.approved_budget)
            FROM tbl_budget_indirect_mooe_dt idmooe
            JOIN tbl_budget_hd hd
            ON idmooe.project_id = hd.recid
            WHERE hd.project_title = budget.project_title
        ),0)

        + COALESCE((
            SELECT SUM(dco.approved_budget)
            FROM tbl_budget_direct_co_dt dco
            JOIN tbl_budget_hd hd
            ON dco.project_id = hd.recid
            WHERE hd.project_title = budget.project_title
        ),0)

        + COALESCE((
            SELECT SUM(idco.approved_budget)
            FROM tbl_budget_indirect_co_dt idco
            JOIN tbl_budget_hd hd
            ON idco.project_id = hd.recid
            WHERE hd.project_title = budget.project_title
        ),0)

    ) AS allotment,
    (
        COALESCE((
            SELECT SUM(dps.amount)
            FROM tbl_ors_direct_ps_dt dps
            JOIN tbl_ors_hd hd
            ON dps.project_id = hd.recid
            WHERE dps.project_title = budget.project_title AND hd.ors_date >= \'2026-12-01\' AND hd.ors_date < \'2027-01-01\'
        ),0)

        + COALESCE((
            SELECT SUM(idps.amount)
            FROM tbl_ors_indirect_ps_dt idps
            JOIN tbl_ors_hd hd
            ON idps.project_id = hd.recid
            WHERE idps.project_title = budget.project_title AND hd.ors_date >= \'2026-12-01\' AND hd.ors_date < \'2027-01-01\'
        ),0)

        + COALESCE((
            SELECT SUM(dmooe.amount)
            FROM tbl_ors_direct_mooe_dt dmooe
            JOIN tbl_ors_hd hd
            ON dmooe.project_id = hd.recid
            WHERE dmooe.project_title = budget.project_title AND hd.ors_date >= \'2026-12-01\' AND hd.ors_date < \'2027-01-01\'
        ),0)

        + COALESCE((
            SELECT SUM(idmooe.amount)
            FROM tbl_ors_indirect_mooe_dt idmooe
            JOIN tbl_ors_hd hd
            ON idmooe.project_id = hd.recid
            WHERE idmooe.project_title = budget.project_title AND hd.ors_date >= \'2026-12-01\' AND hd.ors_date < \'2027-01-01\'
        ),0)

        + COALESCE((
            SELECT SUM(dco.amount)
            FROM tbl_ors_direct_co_dt dco
            JOIN tbl_ors_hd hd
            ON dco.project_id = hd.recid
            WHERE dco.project_title = budget.project_title AND hd.ors_date >= \'2026-12-01\' AND hd.ors_date < \'2027-01-01\'
        ),0)

        + COALESCE((
            SELECT SUM(idco.amount)
            FROM tbl_ors_indirect_co_dt idco
            JOIN tbl_ors_hd hd
            ON idco.project_id = hd.recid
            WHERE idco.project_title = budget.project_title AND hd.ors_date >= \'2026-12-01\' AND hd.ors_date < \'2027-01-01\'
        ),0)
    ) AS thismonth,
    (
        COALESCE((
            SELECT SUM(dps.amount)
            FROM tbl_ors_direct_ps_dt dps
            JOIN tbl_ors_hd hd
            ON dps.project_id = hd.recid
            WHERE dps.project_title = budget.project_title AND hd.ors_date >= \'2026-01-01\' AND hd.ors_date <= \'2026-12-31\'
        ),0)

        + COALESCE((
            SELECT SUM(idps.amount)
            FROM tbl_ors_indirect_ps_dt idps
            JOIN tbl_ors_hd hd
            ON idps.project_id = hd.recid
            WHERE idps.project_title = budget.project_title AND hd.ors_date >= \'2026-01-01\' AND hd.ors_date <= \'2026-12-31\'
        ),0)

        + COALESCE((
            SELECT SUM(dmooe.amount)
            FROM tbl_ors_direct_mooe_dt dmooe
            JOIN tbl_ors_hd hd
            ON dmooe.project_id = hd.recid
            WHERE dmooe.project_title = budget.project_title AND hd.ors_date >= \'2026-01-01\' AND hd.ors_date <= \'2026-12-31\'
        ),0)

        + COALESCE((
            SELECT SUM(idmooe.amount)
            FROM tbl_ors_indirect_mooe_dt idmooe
            JOIN tbl_ors_hd hd
            ON idmooe.project_id = hd.recid
            WHERE idmooe.project_title = budget.project_title AND hd.ors_date >= \'2026-01-01\' AND hd.ors_date <= \'2026-12-31\'
        ),0)

        + COALESCE((
            SELECT SUM(dco.amount)
            FROM tbl_ors_direct_co_dt dco
            JOIN tbl_ors_hd hd
            ON dco.project_id = hd.recid
            WHERE dco.project_title = budget.project_title AND hd.ors_date >= \'2026-01-01\' AND hd.ors_date <= \'2026-12-31\'
        ),0)

        + COALESCE((
            SELECT SUM(idco.amount)
            FROM tbl_ors_indirect_co_dt idco
            JOIN tbl_ors_hd hd
            ON idco.project_id = hd.recid
            WHERE idco.project_title = budget.project_title AND hd.ors_date >= \'2026-01-01\' AND hd.ors_date <= \'2026-12-31\'
        ),0)
    ) AS todate

FROM tbl_budget_hd budget

WHERE budget.program_title = \'Scientific Research and Development Services on Basic and Applied Researches on Food and Nutrition\' AND budget.duration_from >= \'2026-01-01\' AND budget.duration_to <= \'2026-12-31\'
ORDER BY budget.`responsiblity_code`

')
 3 SYSTEMPATH\Database\BaseConnection.php(652): CodeIgniter\Database\BaseConnection->simpleQuery('
SELECT
    budget.`recid`,
    \'\' `project_id`,
    budget.`program_title`,
    budget.`project_title`,
    budget.`responsibility_code`,
    budget.`project_leader`,
    \'\'  `declared_savings`,
    \'\'  `other_expenses`,
    \'\'  `cna`,
    \'\'  `total_obligations`,
    \'\'  `balance_savings`,
    \'\'  `savings_date`,
    budget.`added_by`,
    budget.`added_at`,
    (
        COALESCE((
            SELECT SUM(dps.approved_budget)
            FROM tbl_budget_direct_ps_dt dps
            JOIN tbl_budget_hd hd
            ON dps.project_id = hd.recid
            WHERE hd.project_title = budget.project_title
        ),0)

        + COALESCE((
            SELECT SUM(idps.approved_budget)
            FROM tbl_budget_indirect_ps_dt idps
            JOIN tbl_budget_hd hd
            ON idps.project_id = hd.recid
            WHERE hd.project_title = budget.project_title
        ),0)

        + COALESCE((
            SELECT SUM(dmooe.approved_budget)
            FROM tbl_budget_direct_mooe_dt dmooe
            JOIN tbl_budget_hd hd
            ON dmooe.project_id = hd.recid
            WHERE hd.project_title = budget.project_title
        ),0)

        + COALESCE((
            SELECT SUM(idmooe.approved_budget)
            FROM tbl_budget_indirect_mooe_dt idmooe
            JOIN tbl_budget_hd hd
            ON idmooe.project_id = hd.recid
            WHERE hd.project_title = budget.project_title
        ),0)

        + COALESCE((
            SELECT SUM(dco.approved_budget)
            FROM tbl_budget_direct_co_dt dco
            JOIN tbl_budget_hd hd
            ON dco.project_id = hd.recid
            WHERE hd.project_title = budget.project_title
        ),0)

        + COALESCE((
            SELECT SUM(idco.approved_budget)
            FROM tbl_budget_indirect_co_dt idco
            JOIN tbl_budget_hd hd
            ON idco.project_id = hd.recid
            WHERE hd.project_title = budget.project_title
        ),0)

    ) AS allotment,
    (
        COALESCE((
            SELECT SUM(dps.amount)
            FROM tbl_ors_direct_ps_dt dps
            JOIN tbl_ors_hd hd
            ON dps.project_id = hd.recid
            WHERE dps.project_title = budget.project_title AND hd.ors_date >= \'2026-12-01\' AND hd.ors_date < \'2027-01-01\'
        ),0)

        + COALESCE((
            SELECT SUM(idps.amount)
            FROM tbl_ors_indirect_ps_dt idps
            JOIN tbl_ors_hd hd
            ON idps.project_id = hd.recid
            WHERE idps.project_title = budget.project_title AND hd.ors_date >= \'2026-12-01\' AND hd.ors_date < \'2027-01-01\'
        ),0)

        + COALESCE((
            SELECT SUM(dmooe.amount)
            FROM tbl_ors_direct_mooe_dt dmooe
            JOIN tbl_ors_hd hd
            ON dmooe.project_id = hd.recid
            WHERE dmooe.project_title = budget.project_title AND hd.ors_date >= \'2026-12-01\' AND hd.ors_date < \'2027-01-01\'
        ),0)

        + COALESCE((
            SELECT SUM(idmooe.amount)
            FROM tbl_ors_indirect_mooe_dt idmooe
            JOIN tbl_ors_hd hd
            ON idmooe.project_id = hd.recid
            WHERE idmooe.project_title = budget.project_title AND hd.ors_date >= \'2026-12-01\' AND hd.ors_date < \'2027-01-01\'
        ),0)

        + COALESCE((
            SELECT SUM(dco.amount)
            FROM tbl_ors_direct_co_dt dco
            JOIN tbl_ors_hd hd
            ON dco.project_id = hd.recid
            WHERE dco.project_title = budget.project_title AND hd.ors_date >= \'2026-12-01\' AND hd.ors_date < \'2027-01-01\'
        ),0)

        + COALESCE((
            SELECT SUM(idco.amount)
            FROM tbl_ors_indirect_co_dt idco
            JOIN tbl_ors_hd hd
            ON idco.project_id = hd.recid
            WHERE idco.project_title = budget.project_title AND hd.ors_date >= \'2026-12-01\' AND hd.ors_date < \'2027-01-01\'
        ),0)
    ) AS thismonth,
    (
        COALESCE((
            SELECT SUM(dps.amount)
            FROM tbl_ors_direct_ps_dt dps
            JOIN tbl_ors_hd hd
            ON dps.project_id = hd.recid
            WHERE dps.project_title = budget.project_title AND hd.ors_date >= \'2026-01-01\' AND hd.ors_date <= \'2026-12-31\'
        ),0)

        + COALESCE((
            SELECT SUM(idps.amount)
            FROM tbl_ors_indirect_ps_dt idps
            JOIN tbl_ors_hd hd
            ON idps.project_id = hd.recid
            WHERE idps.project_title = budget.project_title AND hd.ors_date >= \'2026-01-01\' AND hd.ors_date <= \'2026-12-31\'
        ),0)

        + COALESCE((
            SELECT SUM(dmooe.amount)
            FROM tbl_ors_direct_mooe_dt dmooe
            JOIN tbl_ors_hd hd
            ON dmooe.project_id = hd.recid
            WHERE dmooe.project_title = budget.project_title AND hd.ors_date >= \'2026-01-01\' AND hd.ors_date <= \'2026-12-31\'
        ),0)

        + COALESCE((
            SELECT SUM(idmooe.amount)
            FROM tbl_ors_indirect_mooe_dt idmooe
            JOIN tbl_ors_hd hd
            ON idmooe.project_id = hd.recid
            WHERE idmooe.project_title = budget.project_title AND hd.ors_date >= \'2026-01-01\' AND hd.ors_date <= \'2026-12-31\'
        ),0)

        + COALESCE((
            SELECT SUM(dco.amount)
            FROM tbl_ors_direct_co_dt dco
            JOIN tbl_ors_hd hd
            ON dco.project_id = hd.recid
            WHERE dco.project_title = budget.project_title AND hd.ors_date >= \'2026-01-01\' AND hd.ors_date <= \'2026-12-31\'
        ),0)

        + COALESCE((
            SELECT SUM(idco.amount)
            FROM tbl_ors_indirect_co_dt idco
            JOIN tbl_ors_hd hd
            ON idco.project_id = hd.recid
            WHERE idco.project_title = budget.project_title AND hd.ors_date >= \'2026-01-01\' AND hd.ors_date <= \'2026-12-31\'
        ),0)
    ) AS todate

FROM tbl_budget_hd budget

WHERE budget.program_title = \'Scientific Research and Development Services on Basic and Applied Researches on Food and Nutrition\' AND budget.duration_from >= \'2026-01-01\' AND budget.duration_to <= \'2026-12-31\'
ORDER BY budget.`responsiblity_code`

')
 4 APPPATH\Views\report\saob-savings-pdf.php(540): CodeIgniter\Database\BaseConnection->query('
SELECT
    budget.`recid`,
    \'\' `project_id`,
    budget.`program_title`,
    budget.`project_title`,
    budget.`responsibility_code`,
    budget.`project_leader`,
    \'\'  `declared_savings`,
    \'\'  `other_expenses`,
    \'\'  `cna`,
    \'\'  `total_obligations`,
    \'\'  `balance_savings`,
    \'\'  `savings_date`,
    budget.`added_by`,
    budget.`added_at`,
    (
        COALESCE((
            SELECT SUM(dps.approved_budget)
            FROM tbl_budget_direct_ps_dt dps
            JOIN tbl_budget_hd hd
            ON dps.project_id = hd.recid
            WHERE hd.project_title = budget.project_title
        ),0)

        + COALESCE((
            SELECT SUM(idps.approved_budget)
            FROM tbl_budget_indirect_ps_dt idps
            JOIN tbl_budget_hd hd
            ON idps.project_id = hd.recid
            WHERE hd.project_title = budget.project_title
        ),0)

        + COALESCE((
            SELECT SUM(dmooe.approved_budget)
            FROM tbl_budget_direct_mooe_dt dmooe
            JOIN tbl_budget_hd hd
            ON dmooe.project_id = hd.recid
            WHERE hd.project_title = budget.project_title
        ),0)

        + COALESCE((
            SELECT SUM(idmooe.approved_budget)
            FROM tbl_budget_indirect_mooe_dt idmooe
            JOIN tbl_budget_hd hd
            ON idmooe.project_id = hd.recid
            WHERE hd.project_title = budget.project_title
        ),0)

        + COALESCE((
            SELECT SUM(dco.approved_budget)
            FROM tbl_budget_direct_co_dt dco
            JOIN tbl_budget_hd hd
            ON dco.project_id = hd.recid
            WHERE hd.project_title = budget.project_title
        ),0)

        + COALESCE((
            SELECT SUM(idco.approved_budget)
            FROM tbl_budget_indirect_co_dt idco
            JOIN tbl_budget_hd hd
            ON idco.project_id = hd.recid
            WHERE hd.project_title = budget.project_title
        ),0)

    ) AS allotment,
    (
        COALESCE((
            SELECT SUM(dps.amount)
            FROM tbl_ors_direct_ps_dt dps
            JOIN tbl_ors_hd hd
            ON dps.project_id = hd.recid
            WHERE dps.project_title = budget.project_title AND hd.ors_date >= \'2026-12-01\' AND hd.ors_date < \'2027-01-01\'
        ),0)

        + COALESCE((
            SELECT SUM(idps.amount)
            FROM tbl_ors_indirect_ps_dt idps
            JOIN tbl_ors_hd hd
            ON idps.project_id = hd.recid
            WHERE idps.project_title = budget.project_title AND hd.ors_date >= \'2026-12-01\' AND hd.ors_date < \'2027-01-01\'
        ),0)

        + COALESCE((
            SELECT SUM(dmooe.amount)
            FROM tbl_ors_direct_mooe_dt dmooe
            JOIN tbl_ors_hd hd
            ON dmooe.project_id = hd.recid
            WHERE dmooe.project_title = budget.project_title AND hd.ors_date >= \'2026-12-01\' AND hd.ors_date < \'2027-01-01\'
        ),0)

        + COALESCE((
            SELECT SUM(idmooe.amount)
            FROM tbl_ors_indirect_mooe_dt idmooe
            JOIN tbl_ors_hd hd
            ON idmooe.project_id = hd.recid
            WHERE idmooe.project_title = budget.project_title AND hd.ors_date >= \'2026-12-01\' AND hd.ors_date < \'2027-01-01\'
        ),0)

        + COALESCE((
            SELECT SUM(dco.amount)
            FROM tbl_ors_direct_co_dt dco
            JOIN tbl_ors_hd hd
            ON dco.project_id = hd.recid
            WHERE dco.project_title = budget.project_title AND hd.ors_date >= \'2026-12-01\' AND hd.ors_date < \'2027-01-01\'
        ),0)

        + COALESCE((
            SELECT SUM(idco.amount)
            FROM tbl_ors_indirect_co_dt idco
            JOIN tbl_ors_hd hd
            ON idco.project_id = hd.recid
            WHERE idco.project_title = budget.project_title AND hd.ors_date >= \'2026-12-01\' AND hd.ors_date < \'2027-01-01\'
        ),0)
    ) AS thismonth,
    (
        COALESCE((
            SELECT SUM(dps.amount)
            FROM tbl_ors_direct_ps_dt dps
            JOIN tbl_ors_hd hd
            ON dps.project_id = hd.recid
            WHERE dps.project_title = budget.project_title AND hd.ors_date >= \'2026-01-01\' AND hd.ors_date <= \'2026-12-31\'
        ),0)

        + COALESCE((
            SELECT SUM(idps.amount)
            FROM tbl_ors_indirect_ps_dt idps
            JOIN tbl_ors_hd hd
            ON idps.project_id = hd.recid
            WHERE idps.project_title = budget.project_title AND hd.ors_date >= \'2026-01-01\' AND hd.ors_date <= \'2026-12-31\'
        ),0)

        + COALESCE((
            SELECT SUM(dmooe.amount)
            FROM tbl_ors_direct_mooe_dt dmooe
            JOIN tbl_ors_hd hd
            ON dmooe.project_id = hd.recid
            WHERE dmooe.project_title = budget.project_title AND hd.ors_date >= \'2026-01-01\' AND hd.ors_date <= \'2026-12-31\'
        ),0)

        + COALESCE((
            SELECT SUM(idmooe.amount)
            FROM tbl_ors_indirect_mooe_dt idmooe
            JOIN tbl_ors_hd hd
            ON idmooe.project_id = hd.recid
            WHERE idmooe.project_title = budget.project_title AND hd.ors_date >= \'2026-01-01\' AND hd.ors_date <= \'2026-12-31\'
        ),0)

        + COALESCE((
            SELECT SUM(dco.amount)
            FROM tbl_ors_direct_co_dt dco
            JOIN tbl_ors_hd hd
            ON dco.project_id = hd.recid
            WHERE dco.project_title = budget.project_title AND hd.ors_date >= \'2026-01-01\' AND hd.ors_date <= \'2026-12-31\'
        ),0)

        + COALESCE((
            SELECT SUM(idco.amount)
            FROM tbl_ors_indirect_co_dt idco
            JOIN tbl_ors_hd hd
            ON idco.project_id = hd.recid
            WHERE idco.project_title = budget.project_title AND hd.ors_date >= \'2026-01-01\' AND hd.ors_date <= \'2026-12-31\'
        ),0)
    ) AS todate

FROM tbl_budget_hd budget

WHERE budget.program_title = \'Scientific Research and Development Services on Basic and Applied Researches on Food and Nutrition\' AND budget.duration_from >= \'2026-01-01\' AND budget.duration_to <= \'2026-12-31\'
ORDER BY budget.`responsiblity_code`

')
 5 SYSTEMPATH\View\View.php(224): include('C:\\xampp\\htdocs\\fods\\app\\Views\\report\\saob-savings-pdf.php')
 6 SYSTEMPATH\View\View.php(227): CodeIgniter\View\View->CodeIgniter\View\{closure}()
 7 SYSTEMPATH\Common.php(1173): CodeIgniter\View\View->render('report/saob-savings-pdf', [], true)
 8 APPPATH\Controllers\MySaobReport.php(52): view('report/saob-savings-pdf')
 9 SYSTEMPATH\CodeIgniter.php(933): App\Controllers\MySaobReport->index()
10 SYSTEMPATH\CodeIgniter.php(507): CodeIgniter\CodeIgniter->runController(Object(App\Controllers\MySaobReport))
11 SYSTEMPATH\CodeIgniter.php(354): CodeIgniter\CodeIgniter->handleRequest(null, Object(Config\Cache), false)
12 SYSTEMPATH\Boot.php(334): CodeIgniter\CodeIgniter->run()
13 SYSTEMPATH\Boot.php(67): CodeIgniter\Boot::runCodeIgniter(Object(CodeIgniter\CodeIgniter))
14 FCPATH\index.php(56): CodeIgniter\Boot::bootWeb(Object(Config\Paths))
ERROR - 2026-02-18 14:38:38 --> mysqli_sql_exception: Table 'fods-02132026.tbl_budget_savings_dt' doesn't exist in C:\xampp\htdocs\fods\system\Database\MySQLi\Connection.php:327
Stack trace:
#0 C:\xampp\htdocs\fods\system\Database\MySQLi\Connection.php(327): mysqli->query('DELETE FROM tbl...', 0)
#1 C:\xampp\htdocs\fods\system\Database\BaseConnection.php(738): CodeIgniter\Database\MySQLi\Connection->execute('DELETE FROM tbl...')
#2 C:\xampp\htdocs\fods\system\Database\BaseConnection.php(652): CodeIgniter\Database\BaseConnection->simpleQuery('DELETE FROM tbl...')
#3 C:\xampp\htdocs\fods\app\Models\MyBudgetAllotmentModel.php(991): CodeIgniter\Database\BaseConnection->query('DELETE FROM tbl...')
#4 C:\xampp\htdocs\fods\app\Controllers\MyBudgetAllotment.php(36): App\Models\MyBudgetAllotmentModel->budget_save()
#5 C:\xampp\htdocs\fods\system\CodeIgniter.php(933): App\Controllers\MyBudgetAllotment->index()
#6 C:\xampp\htdocs\fods\system\CodeIgniter.php(507): CodeIgniter\CodeIgniter->runController(Object(App\Controllers\MyBudgetAllotment))
#7 C:\xampp\htdocs\fods\system\CodeIgniter.php(354): CodeIgniter\CodeIgniter->handleRequest(NULL, Object(Config\Cache), false)
#8 C:\xampp\htdocs\fods\system\Boot.php(334): CodeIgniter\CodeIgniter->run()
#9 C:\xampp\htdocs\fods\system\Boot.php(67): CodeIgniter\Boot::runCodeIgniter(Object(CodeIgniter\CodeIgniter))
#10 C:\xampp\htdocs\fods\public\index.php(56): CodeIgniter\Boot::bootWeb(Object(Config\Paths))
#11 {main}
CRITICAL - 2026-02-18 14:38:38 --> CodeIgniter\Database\Exceptions\DatabaseException: Table 'fods-02132026.tbl_budget_savings_dt' doesn't exist
[Method: POST, Route: mybudgetallotment]
in SYSTEMPATH\Database\BaseConnection.php on line 692.
 1 APPPATH\Models\MyBudgetAllotmentModel.php(991): CodeIgniter\Database\BaseConnection->query('DELETE FROM tbl_budget_savings_dt WHERE `project_id` = \'316\'')
 2 APPPATH\Controllers\MyBudgetAllotment.php(36): App\Models\MyBudgetAllotmentModel->budget_save()
 3 SYSTEMPATH\CodeIgniter.php(933): App\Controllers\MyBudgetAllotment->index()
 4 SYSTEMPATH\CodeIgniter.php(507): CodeIgniter\CodeIgniter->runController(Object(App\Controllers\MyBudgetAllotment))
 5 SYSTEMPATH\CodeIgniter.php(354): CodeIgniter\CodeIgniter->handleRequest(null, Object(Config\Cache), false)
 6 SYSTEMPATH\Boot.php(334): CodeIgniter\CodeIgniter->run()
 7 SYSTEMPATH\Boot.php(67): CodeIgniter\Boot::runCodeIgniter(Object(CodeIgniter\CodeIgniter))
 8 FCPATH\index.php(56): CodeIgniter\Boot::bootWeb(Object(Config\Paths))
CRITICAL - 2026-02-18 14:38:38 --> [Caused by] CodeIgniter\Database\Exceptions\DatabaseException: Table 'fods-02132026.tbl_budget_savings_dt' doesn't exist
in SYSTEMPATH\Database\MySQLi\Connection.php on line 332.
 1 SYSTEMPATH\Database\BaseConnection.php(738): CodeIgniter\Database\MySQLi\Connection->execute('DELETE FROM tbl_budget_savings_dt WHERE `project_id` = \'316\'')
 2 SYSTEMPATH\Database\BaseConnection.php(652): CodeIgniter\Database\BaseConnection->simpleQuery('DELETE FROM tbl_budget_savings_dt WHERE `project_id` = \'316\'')
 3 APPPATH\Models\MyBudgetAllotmentModel.php(991): CodeIgniter\Database\BaseConnection->query('DELETE FROM tbl_budget_savings_dt WHERE `project_id` = \'316\'')
 4 APPPATH\Controllers\MyBudgetAllotment.php(36): App\Models\MyBudgetAllotmentModel->budget_save()
 5 SYSTEMPATH\CodeIgniter.php(933): App\Controllers\MyBudgetAllotment->index()
 6 SYSTEMPATH\CodeIgniter.php(507): CodeIgniter\CodeIgniter->runController(Object(App\Controllers\MyBudgetAllotment))
 7 SYSTEMPATH\CodeIgniter.php(354): CodeIgniter\CodeIgniter->handleRequest(null, Object(Config\Cache), false)
 8 SYSTEMPATH\Boot.php(334): CodeIgniter\CodeIgniter->run()
 9 SYSTEMPATH\Boot.php(67): CodeIgniter\Boot::runCodeIgniter(Object(CodeIgniter\CodeIgniter))
10 FCPATH\index.php(56): CodeIgniter\Boot::bootWeb(Object(Config\Paths))
CRITICAL - 2026-02-18 14:38:38 --> [Caused by] mysqli_sql_exception: Table 'fods-02132026.tbl_budget_savings_dt' doesn't exist
in SYSTEMPATH\Database\MySQLi\Connection.php on line 327.
 1 SYSTEMPATH\Database\MySQLi\Connection.php(327): mysqli->query('DELETE FROM tbl_budget_savings_dt WHERE `project_id` = \'316\'', 0)
 2 SYSTEMPATH\Database\BaseConnection.php(738): CodeIgniter\Database\MySQLi\Connection->execute('DELETE FROM tbl_budget_savings_dt WHERE `project_id` = \'316\'')
 3 SYSTEMPATH\Database\BaseConnection.php(652): CodeIgniter\Database\BaseConnection->simpleQuery('DELETE FROM tbl_budget_savings_dt WHERE `project_id` = \'316\'')
 4 APPPATH\Models\MyBudgetAllotmentModel.php(991): CodeIgniter\Database\BaseConnection->query('DELETE FROM tbl_budget_savings_dt WHERE `project_id` = \'316\'')
 5 APPPATH\Controllers\MyBudgetAllotment.php(36): App\Models\MyBudgetAllotmentModel->budget_save()
 6 SYSTEMPATH\CodeIgniter.php(933): App\Controllers\MyBudgetAllotment->index()
 7 SYSTEMPATH\CodeIgniter.php(507): CodeIgniter\CodeIgniter->runController(Object(App\Controllers\MyBudgetAllotment))
 8 SYSTEMPATH\CodeIgniter.php(354): CodeIgniter\CodeIgniter->handleRequest(null, Object(Config\Cache), false)
 9 SYSTEMPATH\Boot.php(334): CodeIgniter\CodeIgniter->run()
10 SYSTEMPATH\Boot.php(67): CodeIgniter\Boot::runCodeIgniter(Object(CodeIgniter\CodeIgniter))
11 FCPATH\index.php(56): CodeIgniter\Boot::bootWeb(Object(Config\Paths))
