CRITICAL - 2025-12-23 14:02:35 --> ErrorException: Undefined variable $Y
[Method: GET, Route: myabstract]
in APPPATH\Views\procurement\abstract\po-pdf.php on line 28.
 1 APPPATH\Views\procurement\abstract\po-pdf.php(28): CodeIgniter\Debug\Exceptions->errorHandler(2, 'Undefined variable $Y', 'C:\\xampp\\htdocs\\fods\\app\\Views\\procurement\\abstract\\po-pdf.php', 28)
 2 SYSTEMPATH\View\View.php(224): include('C:\\xampp\\htdocs\\fods\\app\\Views\\procurement\\abstract\\po-pdf.php')
 3 SYSTEMPATH\View\View.php(227): CodeIgniter\View\View->CodeIgniter\View\{closure}()
 4 SYSTEMPATH\Common.php(1173): CodeIgniter\View\View->render('procurement/abstract/po-pdf', [], true)
 5 APPPATH\Controllers\MyAbstract.php(37): view('procurement/abstract/po-pdf')
 6 SYSTEMPATH\CodeIgniter.php(933): App\Controllers\MyAbstract->index()
 7 SYSTEMPATH\CodeIgniter.php(507): CodeIgniter\CodeIgniter->runController(Object(App\Controllers\MyAbstract))
 8 SYSTEMPATH\CodeIgniter.php(354): CodeIgniter\CodeIgniter->handleRequest(null, Object(Config\Cache), false)
 9 SYSTEMPATH\Boot.php(334): CodeIgniter\CodeIgniter->run()
10 SYSTEMPATH\Boot.php(67): CodeIgniter\Boot::runCodeIgniter(Object(CodeIgniter\CodeIgniter))
11 FCPATH\index.php(56): CodeIgniter\Boot::bootWeb(Object(Config\Paths))
CRITICAL - 2025-12-23 14:41:27 --> Error: Class "PDF" not found
[Method: GET, Route: myabstract]
in APPPATH\Views\procurement\abstract\po-pdf.php on line 11.
 1 SYSTEMPATH\View\View.php(224): include()
 2 SYSTEMPATH\View\View.php(227): CodeIgniter\View\View->CodeIgniter\View\{closure}()
 3 SYSTEMPATH\Common.php(1173): CodeIgniter\View\View->render('procurement/abstract/po-pdf', [], true)
 4 APPPATH\Controllers\MyAbstract.php(37): view('procurement/abstract/po-pdf')
 5 SYSTEMPATH\CodeIgniter.php(933): App\Controllers\MyAbstract->index()
 6 SYSTEMPATH\CodeIgniter.php(507): CodeIgniter\CodeIgniter->runController(Object(App\Controllers\MyAbstract))
 7 SYSTEMPATH\CodeIgniter.php(354): CodeIgniter\CodeIgniter->handleRequest(null, Object(Config\Cache), false)
 8 SYSTEMPATH\Boot.php(334): CodeIgniter\CodeIgniter->run()
 9 SYSTEMPATH\Boot.php(67): CodeIgniter\Boot::runCodeIgniter(Object(CodeIgniter\CodeIgniter))
10 FCPATH\index.php(56): CodeIgniter\Boot::bootWeb(Object(Config\Paths))
