CRITICAL - 2025-05-05 00:33:08 --> ErrorException: Undefined variable $divisondata
[Method: GET, Route: myproject]
in APPPATH\Views\project\project-main.php on line 132.
 1 APPPATH\Views\project\project-main.php(132): CodeIgniter\Debug\Exceptions->errorHandler(2, 'Undefined variable $divisondata', 'C:\\xampp\\htdocs\\ci4-flexy\\app\\Views\\project\\project-main.php', 132)
 2 SYSTEMPATH\View\View.php(224): include('C:\\xampp\\htdocs\\ci4-flexy\\app\\Views\\project\\project-main.php')
 3 SYSTEMPATH\View\View.php(227): CodeIgniter\View\View->CodeIgniter\View\{closure}()
 4 SYSTEMPATH\Common.php(1173): CodeIgniter\View\View->render('project/project-main', [], true)
 5 APPPATH\Controllers\MyProject.php(82): view('project/project-main', [...])
 6 APPPATH\Controllers\MyProject.php(22): App\Controllers\MyProject->loadMainView()
 7 SYSTEMPATH\CodeIgniter.php(933): App\Controllers\MyProject->index()
 8 SYSTEMPATH\CodeIgniter.php(507): CodeIgniter\CodeIgniter->runController(Object(App\Controllers\MyProject))
 9 SYSTEMPATH\CodeIgniter.php(354): CodeIgniter\CodeIgniter->handleRequest(null, Object(Config\Cache), false)
10 SYSTEMPATH\Boot.php(334): CodeIgniter\CodeIgniter->run()
11 SYSTEMPATH\Boot.php(67): CodeIgniter\Boot::runCodeIgniter(Object(CodeIgniter\CodeIgniter))
12 FCPATH\index.php(56): CodeIgniter\Boot::bootWeb(Object(Config\Paths))
CRITICAL - 2025-05-05 02:07:14 --> ErrorException: Undefined array key "recid"
[Method: GET, Route: myproject]
in APPPATH\Views\project\project-main.php on line 176.
 1 APPPATH\Views\project\project-main.php(176): CodeIgniter\Debug\Exceptions->errorHandler(2, 'Undefined array key "recid"', 'C:\\xampp\\htdocs\\ci4-flexy\\app\\Views\\project\\project-main.php', 176)
 2 SYSTEMPATH\View\View.php(224): include('C:\\xampp\\htdocs\\ci4-flexy\\app\\Views\\project\\project-main.php')
 3 SYSTEMPATH\View\View.php(227): CodeIgniter\View\View->CodeIgniter\View\{closure}()
 4 SYSTEMPATH\Common.php(1173): CodeIgniter\View\View->render('project/project-main', [], true)
 5 APPPATH\Controllers\MyProject.php(82): view('project/project-main', [...])
 6 APPPATH\Controllers\MyProject.php(22): App\Controllers\MyProject->loadMainView()
 7 SYSTEMPATH\CodeIgniter.php(933): App\Controllers\MyProject->index()
 8 SYSTEMPATH\CodeIgniter.php(507): CodeIgniter\CodeIgniter->runController(Object(App\Controllers\MyProject))
 9 SYSTEMPATH\CodeIgniter.php(354): CodeIgniter\CodeIgniter->handleRequest(null, Object(Config\Cache), false)
10 SYSTEMPATH\Boot.php(334): CodeIgniter\CodeIgniter->run()
11 SYSTEMPATH\Boot.php(67): CodeIgniter\Boot::runCodeIgniter(Object(CodeIgniter\CodeIgniter))
12 FCPATH\index.php(56): CodeIgniter\Boot::bootWeb(Object(Config\Paths))
ERROR - 2025-05-05 02:08:38 --> mysqli_sql_exception: You have an error in your SQL syntax; check the manual that corresponds to your MariaDB server version for the right syntax to use near 'FROM
        `tbl_reference_project` a
    WHERE 
        a.`recid` = '90'' at line 9 in C:\xampp\htdocs\ci4-flexy\system\Database\MySQLi\Connection.php:327
Stack trace:
#0 C:\xampp\htdocs\ci4-flexy\system\Database\MySQLi\Connection.php(327): mysqli->query('\r\n    SELECT\r\n ...', 0)
#1 C:\xampp\htdocs\ci4-flexy\system\Database\BaseConnection.php(738): CodeIgniter\Database\MySQLi\Connection->execute('\r\n    SELECT\r\n ...')
#2 C:\xampp\htdocs\ci4-flexy\system\Database\BaseConnection.php(652): CodeIgniter\Database\BaseConnection->simpleQuery('\r\n    SELECT\r\n ...')
#3 C:\xampp\htdocs\ci4-flexy\app\Views\project\project-main.php(16): CodeIgniter\Database\BaseConnection->query('\r\n    SELECT\r\n ...')
#4 C:\xampp\htdocs\ci4-flexy\system\View\View.php(224): include('C:\\xampp\\htdocs...')
#5 C:\xampp\htdocs\ci4-flexy\system\View\View.php(227): CodeIgniter\View\View->CodeIgniter\View\{closure}()
#6 C:\xampp\htdocs\ci4-flexy\system\Common.php(1173): CodeIgniter\View\View->render('project/project...', Array, true)
#7 C:\xampp\htdocs\ci4-flexy\app\Controllers\MyProject.php(83): view('project/project...', Array)
#8 C:\xampp\htdocs\ci4-flexy\app\Controllers\MyProject.php(22): App\Controllers\MyProject->loadMainView()
#9 C:\xampp\htdocs\ci4-flexy\system\CodeIgniter.php(933): App\Controllers\MyProject->index()
#10 C:\xampp\htdocs\ci4-flexy\system\CodeIgniter.php(507): CodeIgniter\CodeIgniter->runController(Object(App\Controllers\MyProject))
#11 C:\xampp\htdocs\ci4-flexy\system\CodeIgniter.php(354): CodeIgniter\CodeIgniter->handleRequest(NULL, Object(Config\Cache), false)
#12 C:\xampp\htdocs\ci4-flexy\system\Boot.php(334): CodeIgniter\CodeIgniter->run()
#13 C:\xampp\htdocs\ci4-flexy\system\Boot.php(67): CodeIgniter\Boot::runCodeIgniter(Object(CodeIgniter\CodeIgniter))
#14 C:\xampp\htdocs\ci4-flexy\public\index.php(56): CodeIgniter\Boot::bootWeb(Object(Config\Paths))
#15 {main}
CRITICAL - 2025-05-05 02:08:38 --> CodeIgniter\Database\Exceptions\DatabaseException: You have an error in your SQL syntax; check the manual that corresponds to your MariaDB server version for the right syntax to use near 'FROM
        `tbl_reference_project` a
    WHERE 
        a.`recid` = '90'' at line 9
[Method: GET, Route: myproject]
in SYSTEMPATH\Database\BaseConnection.php on line 692.
 1 APPPATH\Views\project\project-main.php(16): CodeIgniter\Database\BaseConnection->query('
    SELECT
        a.`recid`,
        a.`fundcluster_id`,
        (select `fund_cluster_code` from `tbl_fundcluster` where recid = a.fundcluster_id) as fund_cluster_code,
        a.`division_id`,
        (select `division_name` from `tbl_division` where recid = a.division_id) as division_name,
        a.`responsibility_code`,
        a.`project_title`,
    FROM
        `tbl_reference_project` a
    WHERE 
        a.`recid` = \'90\'')
 2 SYSTEMPATH\View\View.php(224): include('C:\\xampp\\htdocs\\ci4-flexy\\app\\Views\\project\\project-main.php')
 3 SYSTEMPATH\View\View.php(227): CodeIgniter\View\View->CodeIgniter\View\{closure}()
 4 SYSTEMPATH\Common.php(1173): CodeIgniter\View\View->render('project/project-main', [], true)
 5 APPPATH\Controllers\MyProject.php(83): view('project/project-main', [...])
 6 APPPATH\Controllers\MyProject.php(22): App\Controllers\MyProject->loadMainView()
 7 SYSTEMPATH\CodeIgniter.php(933): App\Controllers\MyProject->index()
 8 SYSTEMPATH\CodeIgniter.php(507): CodeIgniter\CodeIgniter->runController(Object(App\Controllers\MyProject))
 9 SYSTEMPATH\CodeIgniter.php(354): CodeIgniter\CodeIgniter->handleRequest(null, Object(Config\Cache), false)
10 SYSTEMPATH\Boot.php(334): CodeIgniter\CodeIgniter->run()
11 SYSTEMPATH\Boot.php(67): CodeIgniter\Boot::runCodeIgniter(Object(CodeIgniter\CodeIgniter))
12 FCPATH\index.php(56): CodeIgniter\Boot::bootWeb(Object(Config\Paths))
CRITICAL - 2025-05-05 02:08:38 --> [Caused by] CodeIgniter\Database\Exceptions\DatabaseException: You have an error in your SQL syntax; check the manual that corresponds to your MariaDB server version for the right syntax to use near 'FROM
        `tbl_reference_project` a
    WHERE 
        a.`recid` = '90'' at line 9
in SYSTEMPATH\Database\MySQLi\Connection.php on line 332.
 1 SYSTEMPATH\Database\BaseConnection.php(738): CodeIgniter\Database\MySQLi\Connection->execute('
    SELECT
        a.`recid`,
        a.`fundcluster_id`,
        (select `fund_cluster_code` from `tbl_fundcluster` where recid = a.fundcluster_id) as fund_cluster_code,
        a.`division_id`,
        (select `division_name` from `tbl_division` where recid = a.division_id) as division_name,
        a.`responsibility_code`,
        a.`project_title`,
    FROM
        `tbl_reference_project` a
    WHERE 
        a.`recid` = \'90\'')
 2 SYSTEMPATH\Database\BaseConnection.php(652): CodeIgniter\Database\BaseConnection->simpleQuery('
    SELECT
        a.`recid`,
        a.`fundcluster_id`,
        (select `fund_cluster_code` from `tbl_fundcluster` where recid = a.fundcluster_id) as fund_cluster_code,
        a.`division_id`,
        (select `division_name` from `tbl_division` where recid = a.division_id) as division_name,
        a.`responsibility_code`,
        a.`project_title`,
    FROM
        `tbl_reference_project` a
    WHERE 
        a.`recid` = \'90\'')
 3 APPPATH\Views\project\project-main.php(16): CodeIgniter\Database\BaseConnection->query('
    SELECT
        a.`recid`,
        a.`fundcluster_id`,
        (select `fund_cluster_code` from `tbl_fundcluster` where recid = a.fundcluster_id) as fund_cluster_code,
        a.`division_id`,
        (select `division_name` from `tbl_division` where recid = a.division_id) as division_name,
        a.`responsibility_code`,
        a.`project_title`,
    FROM
        `tbl_reference_project` a
    WHERE 
        a.`recid` = \'90\'')
 4 SYSTEMPATH\View\View.php(224): include('C:\\xampp\\htdocs\\ci4-flexy\\app\\Views\\project\\project-main.php')
 5 SYSTEMPATH\View\View.php(227): CodeIgniter\View\View->CodeIgniter\View\{closure}()
 6 SYSTEMPATH\Common.php(1173): CodeIgniter\View\View->render('project/project-main', [], true)
 7 APPPATH\Controllers\MyProject.php(83): view('project/project-main', [...])
 8 APPPATH\Controllers\MyProject.php(22): App\Controllers\MyProject->loadMainView()
 9 SYSTEMPATH\CodeIgniter.php(933): App\Controllers\MyProject->index()
10 SYSTEMPATH\CodeIgniter.php(507): CodeIgniter\CodeIgniter->runController(Object(App\Controllers\MyProject))
11 SYSTEMPATH\CodeIgniter.php(354): CodeIgniter\CodeIgniter->handleRequest(null, Object(Config\Cache), false)
12 SYSTEMPATH\Boot.php(334): CodeIgniter\CodeIgniter->run()
13 SYSTEMPATH\Boot.php(67): CodeIgniter\Boot::runCodeIgniter(Object(CodeIgniter\CodeIgniter))
14 FCPATH\index.php(56): CodeIgniter\Boot::bootWeb(Object(Config\Paths))
CRITICAL - 2025-05-05 02:08:38 --> [Caused by] mysqli_sql_exception: You have an error in your SQL syntax; check the manual that corresponds to your MariaDB server version for the right syntax to use near 'FROM
        `tbl_reference_project` a
    WHERE 
        a.`recid` = '90'' at line 9
in SYSTEMPATH\Database\MySQLi\Connection.php on line 327.
 1 SYSTEMPATH\Database\MySQLi\Connection.php(327): mysqli->query('
    SELECT
        a.`recid`,
        a.`fundcluster_id`,
        (select `fund_cluster_code` from `tbl_fundcluster` where recid = a.fundcluster_id) as fund_cluster_code,
        a.`division_id`,
        (select `division_name` from `tbl_division` where recid = a.division_id) as division_name,
        a.`responsibility_code`,
        a.`project_title`,
    FROM
        `tbl_reference_project` a
    WHERE 
        a.`recid` = \'90\'', 0)
 2 SYSTEMPATH\Database\BaseConnection.php(738): CodeIgniter\Database\MySQLi\Connection->execute('
    SELECT
        a.`recid`,
        a.`fundcluster_id`,
        (select `fund_cluster_code` from `tbl_fundcluster` where recid = a.fundcluster_id) as fund_cluster_code,
        a.`division_id`,
        (select `division_name` from `tbl_division` where recid = a.division_id) as division_name,
        a.`responsibility_code`,
        a.`project_title`,
    FROM
        `tbl_reference_project` a
    WHERE 
        a.`recid` = \'90\'')
 3 SYSTEMPATH\Database\BaseConnection.php(652): CodeIgniter\Database\BaseConnection->simpleQuery('
    SELECT
        a.`recid`,
        a.`fundcluster_id`,
        (select `fund_cluster_code` from `tbl_fundcluster` where recid = a.fundcluster_id) as fund_cluster_code,
        a.`division_id`,
        (select `division_name` from `tbl_division` where recid = a.division_id) as division_name,
        a.`responsibility_code`,
        a.`project_title`,
    FROM
        `tbl_reference_project` a
    WHERE 
        a.`recid` = \'90\'')
 4 APPPATH\Views\project\project-main.php(16): CodeIgniter\Database\BaseConnection->query('
    SELECT
        a.`recid`,
        a.`fundcluster_id`,
        (select `fund_cluster_code` from `tbl_fundcluster` where recid = a.fundcluster_id) as fund_cluster_code,
        a.`division_id`,
        (select `division_name` from `tbl_division` where recid = a.division_id) as division_name,
        a.`responsibility_code`,
        a.`project_title`,
    FROM
        `tbl_reference_project` a
    WHERE 
        a.`recid` = \'90\'')
 5 SYSTEMPATH\View\View.php(224): include('C:\\xampp\\htdocs\\ci4-flexy\\app\\Views\\project\\project-main.php')
 6 SYSTEMPATH\View\View.php(227): CodeIgniter\View\View->CodeIgniter\View\{closure}()
 7 SYSTEMPATH\Common.php(1173): CodeIgniter\View\View->render('project/project-main', [], true)
 8 APPPATH\Controllers\MyProject.php(83): view('project/project-main', [...])
 9 APPPATH\Controllers\MyProject.php(22): App\Controllers\MyProject->loadMainView()
10 SYSTEMPATH\CodeIgniter.php(933): App\Controllers\MyProject->index()
11 SYSTEMPATH\CodeIgniter.php(507): CodeIgniter\CodeIgniter->runController(Object(App\Controllers\MyProject))
12 SYSTEMPATH\CodeIgniter.php(354): CodeIgniter\CodeIgniter->handleRequest(null, Object(Config\Cache), false)
13 SYSTEMPATH\Boot.php(334): CodeIgniter\CodeIgniter->run()
14 SYSTEMPATH\Boot.php(67): CodeIgniter\Boot::runCodeIgniter(Object(CodeIgniter\CodeIgniter))
15 FCPATH\index.php(56): CodeIgniter\Boot::bootWeb(Object(Config\Paths))
ERROR - 2025-05-05 02:09:15 --> mysqli_sql_exception: You have an error in your SQL syntax; check the manual that corresponds to your MariaDB server version for the right syntax to use near 'FROM
        `tbl_reference_project` a
    WHERE 
        a.`recid` = '95'' at line 9 in C:\xampp\htdocs\ci4-flexy\system\Database\MySQLi\Connection.php:327
Stack trace:
#0 C:\xampp\htdocs\ci4-flexy\system\Database\MySQLi\Connection.php(327): mysqli->query('\r\n    SELECT\r\n ...', 0)
#1 C:\xampp\htdocs\ci4-flexy\system\Database\BaseConnection.php(738): CodeIgniter\Database\MySQLi\Connection->execute('\r\n    SELECT\r\n ...')
#2 C:\xampp\htdocs\ci4-flexy\system\Database\BaseConnection.php(652): CodeIgniter\Database\BaseConnection->simpleQuery('\r\n    SELECT\r\n ...')
#3 C:\xampp\htdocs\ci4-flexy\app\Views\project\project-main.php(16): CodeIgniter\Database\BaseConnection->query('\r\n    SELECT\r\n ...')
#4 C:\xampp\htdocs\ci4-flexy\system\View\View.php(224): include('C:\\xampp\\htdocs...')
#5 C:\xampp\htdocs\ci4-flexy\system\View\View.php(227): CodeIgniter\View\View->CodeIgniter\View\{closure}()
#6 C:\xampp\htdocs\ci4-flexy\system\Common.php(1173): CodeIgniter\View\View->render('project/project...', Array, true)
#7 C:\xampp\htdocs\ci4-flexy\app\Controllers\MyProject.php(83): view('project/project...', Array)
#8 C:\xampp\htdocs\ci4-flexy\app\Controllers\MyProject.php(22): App\Controllers\MyProject->loadMainView()
#9 C:\xampp\htdocs\ci4-flexy\system\CodeIgniter.php(933): App\Controllers\MyProject->index()
#10 C:\xampp\htdocs\ci4-flexy\system\CodeIgniter.php(507): CodeIgniter\CodeIgniter->runController(Object(App\Controllers\MyProject))
#11 C:\xampp\htdocs\ci4-flexy\system\CodeIgniter.php(354): CodeIgniter\CodeIgniter->handleRequest(NULL, Object(Config\Cache), false)
#12 C:\xampp\htdocs\ci4-flexy\system\Boot.php(334): CodeIgniter\CodeIgniter->run()
#13 C:\xampp\htdocs\ci4-flexy\system\Boot.php(67): CodeIgniter\Boot::runCodeIgniter(Object(CodeIgniter\CodeIgniter))
#14 C:\xampp\htdocs\ci4-flexy\public\index.php(56): CodeIgniter\Boot::bootWeb(Object(Config\Paths))
#15 {main}
CRITICAL - 2025-05-05 02:09:15 --> CodeIgniter\Database\Exceptions\DatabaseException: You have an error in your SQL syntax; check the manual that corresponds to your MariaDB server version for the right syntax to use near 'FROM
        `tbl_reference_project` a
    WHERE 
        a.`recid` = '95'' at line 9
[Method: GET, Route: myproject]
in SYSTEMPATH\Database\BaseConnection.php on line 692.
 1 APPPATH\Views\project\project-main.php(16): CodeIgniter\Database\BaseConnection->query('
    SELECT
        a.`recid`,
        a.`fundcluster_id`,
        (select `fund_cluster_code` from `tbl_fundcluster` where recid = a.fundcluster_id) as fund_cluster_code,
        a.`division_id`,
        (select `division_name` from `tbl_division` where recid = a.division_id) as division_name,
        a.`responsibility_code`,
        a.`project_title`,
    FROM
        `tbl_reference_project` a
    WHERE 
        a.`recid` = \'95\'')
 2 SYSTEMPATH\View\View.php(224): include('C:\\xampp\\htdocs\\ci4-flexy\\app\\Views\\project\\project-main.php')
 3 SYSTEMPATH\View\View.php(227): CodeIgniter\View\View->CodeIgniter\View\{closure}()
 4 SYSTEMPATH\Common.php(1173): CodeIgniter\View\View->render('project/project-main', [], true)
 5 APPPATH\Controllers\MyProject.php(83): view('project/project-main', [...])
 6 APPPATH\Controllers\MyProject.php(22): App\Controllers\MyProject->loadMainView()
 7 SYSTEMPATH\CodeIgniter.php(933): App\Controllers\MyProject->index()
 8 SYSTEMPATH\CodeIgniter.php(507): CodeIgniter\CodeIgniter->runController(Object(App\Controllers\MyProject))
 9 SYSTEMPATH\CodeIgniter.php(354): CodeIgniter\CodeIgniter->handleRequest(null, Object(Config\Cache), false)
10 SYSTEMPATH\Boot.php(334): CodeIgniter\CodeIgniter->run()
11 SYSTEMPATH\Boot.php(67): CodeIgniter\Boot::runCodeIgniter(Object(CodeIgniter\CodeIgniter))
12 FCPATH\index.php(56): CodeIgniter\Boot::bootWeb(Object(Config\Paths))
CRITICAL - 2025-05-05 02:09:15 --> [Caused by] CodeIgniter\Database\Exceptions\DatabaseException: You have an error in your SQL syntax; check the manual that corresponds to your MariaDB server version for the right syntax to use near 'FROM
        `tbl_reference_project` a
    WHERE 
        a.`recid` = '95'' at line 9
in SYSTEMPATH\Database\MySQLi\Connection.php on line 332.
 1 SYSTEMPATH\Database\BaseConnection.php(738): CodeIgniter\Database\MySQLi\Connection->execute('
    SELECT
        a.`recid`,
        a.`fundcluster_id`,
        (select `fund_cluster_code` from `tbl_fundcluster` where recid = a.fundcluster_id) as fund_cluster_code,
        a.`division_id`,
        (select `division_name` from `tbl_division` where recid = a.division_id) as division_name,
        a.`responsibility_code`,
        a.`project_title`,
    FROM
        `tbl_reference_project` a
    WHERE 
        a.`recid` = \'95\'')
 2 SYSTEMPATH\Database\BaseConnection.php(652): CodeIgniter\Database\BaseConnection->simpleQuery('
    SELECT
        a.`recid`,
        a.`fundcluster_id`,
        (select `fund_cluster_code` from `tbl_fundcluster` where recid = a.fundcluster_id) as fund_cluster_code,
        a.`division_id`,
        (select `division_name` from `tbl_division` where recid = a.division_id) as division_name,
        a.`responsibility_code`,
        a.`project_title`,
    FROM
        `tbl_reference_project` a
    WHERE 
        a.`recid` = \'95\'')
 3 APPPATH\Views\project\project-main.php(16): CodeIgniter\Database\BaseConnection->query('
    SELECT
        a.`recid`,
        a.`fundcluster_id`,
        (select `fund_cluster_code` from `tbl_fundcluster` where recid = a.fundcluster_id) as fund_cluster_code,
        a.`division_id`,
        (select `division_name` from `tbl_division` where recid = a.division_id) as division_name,
        a.`responsibility_code`,
        a.`project_title`,
    FROM
        `tbl_reference_project` a
    WHERE 
        a.`recid` = \'95\'')
 4 SYSTEMPATH\View\View.php(224): include('C:\\xampp\\htdocs\\ci4-flexy\\app\\Views\\project\\project-main.php')
 5 SYSTEMPATH\View\View.php(227): CodeIgniter\View\View->CodeIgniter\View\{closure}()
 6 SYSTEMPATH\Common.php(1173): CodeIgniter\View\View->render('project/project-main', [], true)
 7 APPPATH\Controllers\MyProject.php(83): view('project/project-main', [...])
 8 APPPATH\Controllers\MyProject.php(22): App\Controllers\MyProject->loadMainView()
 9 SYSTEMPATH\CodeIgniter.php(933): App\Controllers\MyProject->index()
10 SYSTEMPATH\CodeIgniter.php(507): CodeIgniter\CodeIgniter->runController(Object(App\Controllers\MyProject))
11 SYSTEMPATH\CodeIgniter.php(354): CodeIgniter\CodeIgniter->handleRequest(null, Object(Config\Cache), false)
12 SYSTEMPATH\Boot.php(334): CodeIgniter\CodeIgniter->run()
13 SYSTEMPATH\Boot.php(67): CodeIgniter\Boot::runCodeIgniter(Object(CodeIgniter\CodeIgniter))
14 FCPATH\index.php(56): CodeIgniter\Boot::bootWeb(Object(Config\Paths))
CRITICAL - 2025-05-05 02:09:15 --> [Caused by] mysqli_sql_exception: You have an error in your SQL syntax; check the manual that corresponds to your MariaDB server version for the right syntax to use near 'FROM
        `tbl_reference_project` a
    WHERE 
        a.`recid` = '95'' at line 9
in SYSTEMPATH\Database\MySQLi\Connection.php on line 327.
 1 SYSTEMPATH\Database\MySQLi\Connection.php(327): mysqli->query('
    SELECT
        a.`recid`,
        a.`fundcluster_id`,
        (select `fund_cluster_code` from `tbl_fundcluster` where recid = a.fundcluster_id) as fund_cluster_code,
        a.`division_id`,
        (select `division_name` from `tbl_division` where recid = a.division_id) as division_name,
        a.`responsibility_code`,
        a.`project_title`,
    FROM
        `tbl_reference_project` a
    WHERE 
        a.`recid` = \'95\'', 0)
 2 SYSTEMPATH\Database\BaseConnection.php(738): CodeIgniter\Database\MySQLi\Connection->execute('
    SELECT
        a.`recid`,
        a.`fundcluster_id`,
        (select `fund_cluster_code` from `tbl_fundcluster` where recid = a.fundcluster_id) as fund_cluster_code,
        a.`division_id`,
        (select `division_name` from `tbl_division` where recid = a.division_id) as division_name,
        a.`responsibility_code`,
        a.`project_title`,
    FROM
        `tbl_reference_project` a
    WHERE 
        a.`recid` = \'95\'')
 3 SYSTEMPATH\Database\BaseConnection.php(652): CodeIgniter\Database\BaseConnection->simpleQuery('
    SELECT
        a.`recid`,
        a.`fundcluster_id`,
        (select `fund_cluster_code` from `tbl_fundcluster` where recid = a.fundcluster_id) as fund_cluster_code,
        a.`division_id`,
        (select `division_name` from `tbl_division` where recid = a.division_id) as division_name,
        a.`responsibility_code`,
        a.`project_title`,
    FROM
        `tbl_reference_project` a
    WHERE 
        a.`recid` = \'95\'')
 4 APPPATH\Views\project\project-main.php(16): CodeIgniter\Database\BaseConnection->query('
    SELECT
        a.`recid`,
        a.`fundcluster_id`,
        (select `fund_cluster_code` from `tbl_fundcluster` where recid = a.fundcluster_id) as fund_cluster_code,
        a.`division_id`,
        (select `division_name` from `tbl_division` where recid = a.division_id) as division_name,
        a.`responsibility_code`,
        a.`project_title`,
    FROM
        `tbl_reference_project` a
    WHERE 
        a.`recid` = \'95\'')
 5 SYSTEMPATH\View\View.php(224): include('C:\\xampp\\htdocs\\ci4-flexy\\app\\Views\\project\\project-main.php')
 6 SYSTEMPATH\View\View.php(227): CodeIgniter\View\View->CodeIgniter\View\{closure}()
 7 SYSTEMPATH\Common.php(1173): CodeIgniter\View\View->render('project/project-main', [], true)
 8 APPPATH\Controllers\MyProject.php(83): view('project/project-main', [...])
 9 APPPATH\Controllers\MyProject.php(22): App\Controllers\MyProject->loadMainView()
10 SYSTEMPATH\CodeIgniter.php(933): App\Controllers\MyProject->index()
11 SYSTEMPATH\CodeIgniter.php(507): CodeIgniter\CodeIgniter->runController(Object(App\Controllers\MyProject))
12 SYSTEMPATH\CodeIgniter.php(354): CodeIgniter\CodeIgniter->handleRequest(null, Object(Config\Cache), false)
13 SYSTEMPATH\Boot.php(334): CodeIgniter\CodeIgniter->run()
14 SYSTEMPATH\Boot.php(67): CodeIgniter\Boot::runCodeIgniter(Object(CodeIgniter\CodeIgniter))
15 FCPATH\index.php(56): CodeIgniter\Boot::bootWeb(Object(Config\Paths))
CRITICAL - 2025-05-05 03:30:24 --> ErrorException: Undefined array key "expenditure_category"
[Method: GET, Route: myuacs]
in APPPATH\Views\uacs\uacs-main.php on line 166.
 1 APPPATH\Views\uacs\uacs-main.php(166): CodeIgniter\Debug\Exceptions->errorHandler(2, 'Undefined array key "expenditure_category"', 'C:\\xampp\\htdocs\\ci4-flexy\\app\\Views\\uacs\\uacs-main.php', 166)
 2 SYSTEMPATH\View\View.php(224): include('C:\\xampp\\htdocs\\ci4-flexy\\app\\Views\\uacs\\uacs-main.php')
 3 SYSTEMPATH\View\View.php(227): CodeIgniter\View\View->CodeIgniter\View\{closure}()
 4 SYSTEMPATH\Common.php(1173): CodeIgniter\View\View->render('uacs/uacs-main', [], true)
 5 APPPATH\Controllers\MyUACS.php(58): view('uacs/uacs-main', [...])
 6 APPPATH\Controllers\MyUACS.php(22): App\Controllers\MyUACS->loadMainView()
 7 SYSTEMPATH\CodeIgniter.php(933): App\Controllers\MyUACS->index()
 8 SYSTEMPATH\CodeIgniter.php(507): CodeIgniter\CodeIgniter->runController(Object(App\Controllers\MyUACS))
 9 SYSTEMPATH\CodeIgniter.php(354): CodeIgniter\CodeIgniter->handleRequest(null, Object(Config\Cache), false)
10 SYSTEMPATH\Boot.php(334): CodeIgniter\CodeIgniter->run()
11 SYSTEMPATH\Boot.php(67): CodeIgniter\Boot::runCodeIgniter(Object(CodeIgniter\CodeIgniter))
12 FCPATH\index.php(56): CodeIgniter\Boot::bootWeb(Object(Config\Paths))
CRITICAL - 2025-05-05 05:33:16 --> ErrorException: Undefined variable $color
[Method: POST, Route: mybudgetallotment]
in APPPATH\Models\MyBudgetAllotmentModel.php on line 321.
 1 APPPATH\Models\MyBudgetAllotmentModel.php(321): CodeIgniter\Debug\Exceptions->errorHandler(2, 'Undefined variable $color', 'C:\\xampp\\htdocs\\ci4-flexy\\app\\Models\\MyBudgetAllotmentModel.php', 321)
 2 APPPATH\Controllers\MyBudgetAllotment.php(41): App\Models\MyBudgetAllotmentModel->budget_approve()
 3 SYSTEMPATH\CodeIgniter.php(933): App\Controllers\MyBudgetAllotment->index()
 4 SYSTEMPATH\CodeIgniter.php(507): CodeIgniter\CodeIgniter->runController(Object(App\Controllers\MyBudgetAllotment))
 5 SYSTEMPATH\CodeIgniter.php(354): CodeIgniter\CodeIgniter->handleRequest(null, Object(Config\Cache), false)
 6 SYSTEMPATH\Boot.php(334): CodeIgniter\CodeIgniter->run()
 7 SYSTEMPATH\Boot.php(67): CodeIgniter\Boot::runCodeIgniter(Object(CodeIgniter\CodeIgniter))
 8 FCPATH\index.php(56): CodeIgniter\Boot::bootWeb(Object(Config\Paths))
CRITICAL - 2025-05-05 05:47:09 --> ErrorException: Undefined variable $recid
[Method: POST, Route: uploadFile]
in APPPATH\Controllers\Upload.php on line 72.
 1 APPPATH\Controllers\Upload.php(72): CodeIgniter\Debug\Exceptions->errorHandler(2, 'Undefined variable $recid', 'C:\\xampp\\htdocs\\ci4-flexy\\app\\Controllers\\Upload.php', 72)
 2 SYSTEMPATH\CodeIgniter.php(933): App\Controllers\Upload->index()
 3 SYSTEMPATH\CodeIgniter.php(507): CodeIgniter\CodeIgniter->runController(Object(App\Controllers\Upload))
 4 SYSTEMPATH\CodeIgniter.php(354): CodeIgniter\CodeIgniter->handleRequest(null, Object(Config\Cache), false)
 5 SYSTEMPATH\Boot.php(334): CodeIgniter\CodeIgniter->run()
 6 SYSTEMPATH\Boot.php(67): CodeIgniter\Boot::runCodeIgniter(Object(CodeIgniter\CodeIgniter))
 7 FCPATH\index.php(56): CodeIgniter\Boot::bootWeb(Object(Config\Paths))
CRITICAL - 2025-05-05 05:58:03 --> ErrorException: Undefined variable $color
[Method: POST, Route: uploadFile]
in APPPATH\Controllers\Upload.php on line 67.
 1 APPPATH\Controllers\Upload.php(67): CodeIgniter\Debug\Exceptions->errorHandler(2, 'Undefined variable $color', 'C:\\xampp\\htdocs\\ci4-flexy\\app\\Controllers\\Upload.php', 67)
 2 SYSTEMPATH\CodeIgniter.php(933): App\Controllers\Upload->index()
 3 SYSTEMPATH\CodeIgniter.php(507): CodeIgniter\CodeIgniter->runController(Object(App\Controllers\Upload))
 4 SYSTEMPATH\CodeIgniter.php(354): CodeIgniter\CodeIgniter->handleRequest(null, Object(Config\Cache), false)
 5 SYSTEMPATH\Boot.php(334): CodeIgniter\CodeIgniter->run()
 6 SYSTEMPATH\Boot.php(67): CodeIgniter\Boot::runCodeIgniter(Object(CodeIgniter\CodeIgniter))
 7 FCPATH\index.php(56): CodeIgniter\Boot::bootWeb(Object(Config\Paths))
CRITICAL - 2025-05-05 06:32:33 --> ParseError: syntax error, unexpected token "="
[Method: POST, Route: uploadFile]
in APPPATH\Controllers\Upload.php on line 63.
 1 SYSTEMPATH\Autoloader\Autoloader.php(295): CodeIgniter\Autoloader\Autoloader->includeFile('C:\\xampp\\htdocs\\ci4-flexy\\app\\Controllers\\Upload.php')
 2 SYSTEMPATH\Autoloader\Autoloader.php(271): CodeIgniter\Autoloader\Autoloader->loadInNamespace('App\\Controllers\\Upload')
 3 [internal function]: CodeIgniter\Autoloader\Autoloader->loadClass('App\\Controllers\\Upload')
 4 SYSTEMPATH\CodeIgniter.php(885): class_exists('\\App\\Controllers\\Upload', true)
 5 SYSTEMPATH\CodeIgniter.php(494): CodeIgniter\CodeIgniter->startController()
 6 SYSTEMPATH\CodeIgniter.php(354): CodeIgniter\CodeIgniter->handleRequest(null, Object(Config\Cache), false)
 7 SYSTEMPATH\Boot.php(334): CodeIgniter\CodeIgniter->run()
 8 SYSTEMPATH\Boot.php(67): CodeIgniter\Boot::runCodeIgniter(Object(CodeIgniter\CodeIgniter))
 9 FCPATH\index.php(56): CodeIgniter\Boot::bootWeb(Object(Config\Paths))
CRITICAL - 2025-05-05 06:32:48 --> ParseError: syntax error, unexpected token "="
[Method: POST, Route: uploadFile]
in APPPATH\Controllers\Upload.php on line 63.
 1 SYSTEMPATH\Autoloader\Autoloader.php(295): CodeIgniter\Autoloader\Autoloader->includeFile('C:\\xampp\\htdocs\\ci4-flexy\\app\\Controllers\\Upload.php')
 2 SYSTEMPATH\Autoloader\Autoloader.php(271): CodeIgniter\Autoloader\Autoloader->loadInNamespace('App\\Controllers\\Upload')
 3 [internal function]: CodeIgniter\Autoloader\Autoloader->loadClass('App\\Controllers\\Upload')
 4 SYSTEMPATH\CodeIgniter.php(885): class_exists('\\App\\Controllers\\Upload', true)
 5 SYSTEMPATH\CodeIgniter.php(494): CodeIgniter\CodeIgniter->startController()
 6 SYSTEMPATH\CodeIgniter.php(354): CodeIgniter\CodeIgniter->handleRequest(null, Object(Config\Cache), false)
 7 SYSTEMPATH\Boot.php(334): CodeIgniter\CodeIgniter->run()
 8 SYSTEMPATH\Boot.php(67): CodeIgniter\Boot::runCodeIgniter(Object(CodeIgniter\CodeIgniter))
 9 FCPATH\index.php(56): CodeIgniter\Boot::bootWeb(Object(Config\Paths))
CRITICAL - 2025-05-05 06:36:58 --> ErrorException: Undefined variable $recid
[Method: POST, Route: uploadFile]
in APPPATH\Controllers\Upload.php on line 76.
 1 APPPATH\Controllers\Upload.php(76): CodeIgniter\Debug\Exceptions->errorHandler(2, 'Undefined variable $recid', 'C:\\xampp\\htdocs\\ci4-flexy\\app\\Controllers\\Upload.php', 76)
 2 APPPATH\Controllers\Upload.php(34): App\Controllers\Upload->uploadFile()
 3 SYSTEMPATH\CodeIgniter.php(933): App\Controllers\Upload->index()
 4 SYSTEMPATH\CodeIgniter.php(507): CodeIgniter\CodeIgniter->runController(Object(App\Controllers\Upload))
 5 SYSTEMPATH\CodeIgniter.php(354): CodeIgniter\CodeIgniter->handleRequest(null, Object(Config\Cache), false)
 6 SYSTEMPATH\Boot.php(334): CodeIgniter\CodeIgniter->run()
 7 SYSTEMPATH\Boot.php(67): CodeIgniter\Boot::runCodeIgniter(Object(CodeIgniter\CodeIgniter))
 8 FCPATH\index.php(56): CodeIgniter\Boot::bootWeb(Object(Config\Paths))
