CRITICAL - 2026-03-06 13:34:20 --> Error: Call to undefined method CodeIgniter\Database\MySQLi\Result::row()
[Method: POST, Route: mysaobrpt]
in APPPATH\Models\MySaobReportModel.php on line 508.
 1 APPPATH\Controllers\MySaobReport.php(42): App\Models\MySaobReportModel->saob_save()
 2 SYSTEMPATH\CodeIgniter.php(933): App\Controllers\MySaobReport->index()
 3 SYSTEMPATH\CodeIgniter.php(507): CodeIgniter\CodeIgniter->runController(Object(App\Controllers\MySaobReport))
 4 SYSTEMPATH\CodeIgniter.php(354): CodeIgniter\CodeIgniter->handleRequest(null, Object(Config\Cache), false)
 5 SYSTEMPATH\Boot.php(334): CodeIgniter\CodeIgniter->run()
 6 SYSTEMPATH\Boot.php(67): CodeIgniter\Boot::runCodeIgniter(Object(CodeIgniter\CodeIgniter))
 7 FCPATH\index.php(56): CodeIgniter\Boot::bootWeb(Object(Config\Paths))
CRITICAL - 2026-03-06 13:36:15 --> Error: Object of type stdClass is not callable
[Method: POST, Route: mysaobrpt]
in APPPATH\Models\MySaobReportModel.php on line 508.
 1 APPPATH\Controllers\MySaobReport.php(42): App\Models\MySaobReportModel->saob_save()
 2 SYSTEMPATH\CodeIgniter.php(933): App\Controllers\MySaobReport->index()
 3 SYSTEMPATH\CodeIgniter.php(507): CodeIgniter\CodeIgniter->runController(Object(App\Controllers\MySaobReport))
 4 SYSTEMPATH\CodeIgniter.php(354): CodeIgniter\CodeIgniter->handleRequest(null, Object(Config\Cache), false)
 5 SYSTEMPATH\Boot.php(334): CodeIgniter\CodeIgniter->run()
 6 SYSTEMPATH\Boot.php(67): CodeIgniter\Boot::runCodeIgniter(Object(CodeIgniter\CodeIgniter))
 7 FCPATH\index.php(56): CodeIgniter\Boot::bootWeb(Object(Config\Paths))
CRITICAL - 2026-03-06 13:36:51 --> Error: Call to undefined method CodeIgniter\Database\MySQLi\Connection::where()
[Method: POST, Route: mysaobrpt]
in APPPATH\Models\MySaobReportModel.php on line 512.
 1 APPPATH\Controllers\MySaobReport.php(42): App\Models\MySaobReportModel->saob_save()
 2 SYSTEMPATH\CodeIgniter.php(933): App\Controllers\MySaobReport->index()
 3 SYSTEMPATH\CodeIgniter.php(507): CodeIgniter\CodeIgniter->runController(Object(App\Controllers\MySaobReport))
 4 SYSTEMPATH\CodeIgniter.php(354): CodeIgniter\CodeIgniter->handleRequest(null, Object(Config\Cache), false)
 5 SYSTEMPATH\Boot.php(334): CodeIgniter\CodeIgniter->run()
 6 SYSTEMPATH\Boot.php(67): CodeIgniter\Boot::runCodeIgniter(Object(CodeIgniter\CodeIgniter))
 7 FCPATH\index.php(56): CodeIgniter\Boot::bootWeb(Object(Config\Paths))
ERROR - 2026-03-06 16:42:00 --> mysqli_sql_exception: Duplicate entry '5' for key 'PRIMARY' in C:\xampp\htdocs\fods\system\Database\MySQLi\Connection.php:327
Stack trace:
#0 C:\xampp\htdocs\fods\system\Database\MySQLi\Connection.php(327): mysqli->query('INSERT INTO tbl...', 0)
#1 C:\xampp\htdocs\fods\system\Database\BaseConnection.php(738): CodeIgniter\Database\MySQLi\Connection->execute('INSERT INTO tbl...')
#2 C:\xampp\htdocs\fods\system\Database\BaseConnection.php(652): CodeIgniter\Database\BaseConnection->simpleQuery('INSERT INTO tbl...')
#3 C:\xampp\htdocs\fods\app\Models\MySaobReportModel.php(749): CodeIgniter\Database\BaseConnection->query('INSERT INTO tbl...')
#4 C:\xampp\htdocs\fods\app\Controllers\MySaobReport.php(42): App\Models\MySaobReportModel->saob_save()
#5 C:\xampp\htdocs\fods\system\CodeIgniter.php(933): App\Controllers\MySaobReport->index()
#6 C:\xampp\htdocs\fods\system\CodeIgniter.php(507): CodeIgniter\CodeIgniter->runController(Object(App\Controllers\MySaobReport))
#7 C:\xampp\htdocs\fods\system\CodeIgniter.php(354): CodeIgniter\CodeIgniter->handleRequest(NULL, Object(Config\Cache), false)
#8 C:\xampp\htdocs\fods\system\Boot.php(334): CodeIgniter\CodeIgniter->run()
#9 C:\xampp\htdocs\fods\system\Boot.php(67): CodeIgniter\Boot::runCodeIgniter(Object(CodeIgniter\CodeIgniter))
#10 C:\xampp\htdocs\fods\public\index.php(56): CodeIgniter\Boot::bootWeb(Object(Config\Paths))
#11 {main}
CRITICAL - 2026-03-06 16:42:00 --> CodeIgniter\Database\Exceptions\DatabaseException: Duplicate entry '5' for key 'PRIMARY'
[Method: POST, Route: mysaobrpt]
in SYSTEMPATH\Database\BaseConnection.php on line 692.
 1 APPPATH\Models\MySaobReportModel.php(749): CodeIgniter\Database\BaseConnection->query('INSERT INTO tbl_saob_mooe_dt SELECT * FROM tmp_saob_mooe_dt WHERE project_id = \'47\'')
 2 APPPATH\Controllers\MySaobReport.php(42): App\Models\MySaobReportModel->saob_save()
 3 SYSTEMPATH\CodeIgniter.php(933): App\Controllers\MySaobReport->index()
 4 SYSTEMPATH\CodeIgniter.php(507): CodeIgniter\CodeIgniter->runController(Object(App\Controllers\MySaobReport))
 5 SYSTEMPATH\CodeIgniter.php(354): CodeIgniter\CodeIgniter->handleRequest(null, Object(Config\Cache), false)
 6 SYSTEMPATH\Boot.php(334): CodeIgniter\CodeIgniter->run()
 7 SYSTEMPATH\Boot.php(67): CodeIgniter\Boot::runCodeIgniter(Object(CodeIgniter\CodeIgniter))
 8 FCPATH\index.php(56): CodeIgniter\Boot::bootWeb(Object(Config\Paths))
CRITICAL - 2026-03-06 16:42:00 --> [Caused by] CodeIgniter\Database\Exceptions\DatabaseException: Duplicate entry '5' for key 'PRIMARY'
in SYSTEMPATH\Database\MySQLi\Connection.php on line 332.
 1 SYSTEMPATH\Database\BaseConnection.php(738): CodeIgniter\Database\MySQLi\Connection->execute('INSERT INTO tbl_saob_mooe_dt SELECT * FROM tmp_saob_mooe_dt WHERE project_id = \'47\'')
 2 SYSTEMPATH\Database\BaseConnection.php(652): CodeIgniter\Database\BaseConnection->simpleQuery('INSERT INTO tbl_saob_mooe_dt SELECT * FROM tmp_saob_mooe_dt WHERE project_id = \'47\'')
 3 APPPATH\Models\MySaobReportModel.php(749): CodeIgniter\Database\BaseConnection->query('INSERT INTO tbl_saob_mooe_dt SELECT * FROM tmp_saob_mooe_dt WHERE project_id = \'47\'')
 4 APPPATH\Controllers\MySaobReport.php(42): App\Models\MySaobReportModel->saob_save()
 5 SYSTEMPATH\CodeIgniter.php(933): App\Controllers\MySaobReport->index()
 6 SYSTEMPATH\CodeIgniter.php(507): CodeIgniter\CodeIgniter->runController(Object(App\Controllers\MySaobReport))
 7 SYSTEMPATH\CodeIgniter.php(354): CodeIgniter\CodeIgniter->handleRequest(null, Object(Config\Cache), false)
 8 SYSTEMPATH\Boot.php(334): CodeIgniter\CodeIgniter->run()
 9 SYSTEMPATH\Boot.php(67): CodeIgniter\Boot::runCodeIgniter(Object(CodeIgniter\CodeIgniter))
10 FCPATH\index.php(56): CodeIgniter\Boot::bootWeb(Object(Config\Paths))
CRITICAL - 2026-03-06 16:42:00 --> [Caused by] mysqli_sql_exception: Duplicate entry '5' for key 'PRIMARY'
in SYSTEMPATH\Database\MySQLi\Connection.php on line 327.
 1 SYSTEMPATH\Database\MySQLi\Connection.php(327): mysqli->query('INSERT INTO tbl_saob_mooe_dt SELECT * FROM tmp_saob_mooe_dt WHERE project_id = \'47\'', 0)
 2 SYSTEMPATH\Database\BaseConnection.php(738): CodeIgniter\Database\MySQLi\Connection->execute('INSERT INTO tbl_saob_mooe_dt SELECT * FROM tmp_saob_mooe_dt WHERE project_id = \'47\'')
 3 SYSTEMPATH\Database\BaseConnection.php(652): CodeIgniter\Database\BaseConnection->simpleQuery('INSERT INTO tbl_saob_mooe_dt SELECT * FROM tmp_saob_mooe_dt WHERE project_id = \'47\'')
 4 APPPATH\Models\MySaobReportModel.php(749): CodeIgniter\Database\BaseConnection->query('INSERT INTO tbl_saob_mooe_dt SELECT * FROM tmp_saob_mooe_dt WHERE project_id = \'47\'')
 5 APPPATH\Controllers\MySaobReport.php(42): App\Models\MySaobReportModel->saob_save()
 6 SYSTEMPATH\CodeIgniter.php(933): App\Controllers\MySaobReport->index()
 7 SYSTEMPATH\CodeIgniter.php(507): CodeIgniter\CodeIgniter->runController(Object(App\Controllers\MySaobReport))
 8 SYSTEMPATH\CodeIgniter.php(354): CodeIgniter\CodeIgniter->handleRequest(null, Object(Config\Cache), false)
 9 SYSTEMPATH\Boot.php(334): CodeIgniter\CodeIgniter->run()
10 SYSTEMPATH\Boot.php(67): CodeIgniter\Boot::runCodeIgniter(Object(CodeIgniter\CodeIgniter))
11 FCPATH\index.php(56): CodeIgniter\Boot::bootWeb(Object(Config\Paths))
ERROR - 2026-03-06 16:47:15 --> mysqli_sql_exception: Duplicate entry '5' for key 'PRIMARY' in C:\xampp\htdocs\fods\system\Database\MySQLi\Connection.php:327
Stack trace:
#0 C:\xampp\htdocs\fods\system\Database\MySQLi\Connection.php(327): mysqli->query('INSERT INTO tbl...', 0)
#1 C:\xampp\htdocs\fods\system\Database\BaseConnection.php(738): CodeIgniter\Database\MySQLi\Connection->execute('INSERT INTO tbl...')
#2 C:\xampp\htdocs\fods\system\Database\BaseConnection.php(652): CodeIgniter\Database\BaseConnection->simpleQuery('INSERT INTO tbl...')
#3 C:\xampp\htdocs\fods\app\Models\MySaobReportModel.php(752): CodeIgniter\Database\BaseConnection->query('INSERT INTO tbl...')
#4 C:\xampp\htdocs\fods\app\Controllers\MySaobReport.php(42): App\Models\MySaobReportModel->saob_save()
#5 C:\xampp\htdocs\fods\system\CodeIgniter.php(933): App\Controllers\MySaobReport->index()
#6 C:\xampp\htdocs\fods\system\CodeIgniter.php(507): CodeIgniter\CodeIgniter->runController(Object(App\Controllers\MySaobReport))
#7 C:\xampp\htdocs\fods\system\CodeIgniter.php(354): CodeIgniter\CodeIgniter->handleRequest(NULL, Object(Config\Cache), false)
#8 C:\xampp\htdocs\fods\system\Boot.php(334): CodeIgniter\CodeIgniter->run()
#9 C:\xampp\htdocs\fods\system\Boot.php(67): CodeIgniter\Boot::runCodeIgniter(Object(CodeIgniter\CodeIgniter))
#10 C:\xampp\htdocs\fods\public\index.php(56): CodeIgniter\Boot::bootWeb(Object(Config\Paths))
#11 {main}
CRITICAL - 2026-03-06 16:47:15 --> CodeIgniter\Database\Exceptions\DatabaseException: Duplicate entry '5' for key 'PRIMARY'
[Method: POST, Route: mysaobrpt]
in SYSTEMPATH\Database\BaseConnection.php on line 692.
 1 APPPATH\Models\MySaobReportModel.php(752): CodeIgniter\Database\BaseConnection->query('INSERT INTO tbl_saob_mooe_dt SELECT * FROM tmp_saob_mooe_dt WHERE project_id = \'47\'')
 2 APPPATH\Controllers\MySaobReport.php(42): App\Models\MySaobReportModel->saob_save()
 3 SYSTEMPATH\CodeIgniter.php(933): App\Controllers\MySaobReport->index()
 4 SYSTEMPATH\CodeIgniter.php(507): CodeIgniter\CodeIgniter->runController(Object(App\Controllers\MySaobReport))
 5 SYSTEMPATH\CodeIgniter.php(354): CodeIgniter\CodeIgniter->handleRequest(null, Object(Config\Cache), false)
 6 SYSTEMPATH\Boot.php(334): CodeIgniter\CodeIgniter->run()
 7 SYSTEMPATH\Boot.php(67): CodeIgniter\Boot::runCodeIgniter(Object(CodeIgniter\CodeIgniter))
 8 FCPATH\index.php(56): CodeIgniter\Boot::bootWeb(Object(Config\Paths))
CRITICAL - 2026-03-06 16:47:15 --> [Caused by] CodeIgniter\Database\Exceptions\DatabaseException: Duplicate entry '5' for key 'PRIMARY'
in SYSTEMPATH\Database\MySQLi\Connection.php on line 332.
 1 SYSTEMPATH\Database\BaseConnection.php(738): CodeIgniter\Database\MySQLi\Connection->execute('INSERT INTO tbl_saob_mooe_dt SELECT * FROM tmp_saob_mooe_dt WHERE project_id = \'47\'')
 2 SYSTEMPATH\Database\BaseConnection.php(652): CodeIgniter\Database\BaseConnection->simpleQuery('INSERT INTO tbl_saob_mooe_dt SELECT * FROM tmp_saob_mooe_dt WHERE project_id = \'47\'')
 3 APPPATH\Models\MySaobReportModel.php(752): CodeIgniter\Database\BaseConnection->query('INSERT INTO tbl_saob_mooe_dt SELECT * FROM tmp_saob_mooe_dt WHERE project_id = \'47\'')
 4 APPPATH\Controllers\MySaobReport.php(42): App\Models\MySaobReportModel->saob_save()
 5 SYSTEMPATH\CodeIgniter.php(933): App\Controllers\MySaobReport->index()
 6 SYSTEMPATH\CodeIgniter.php(507): CodeIgniter\CodeIgniter->runController(Object(App\Controllers\MySaobReport))
 7 SYSTEMPATH\CodeIgniter.php(354): CodeIgniter\CodeIgniter->handleRequest(null, Object(Config\Cache), false)
 8 SYSTEMPATH\Boot.php(334): CodeIgniter\CodeIgniter->run()
 9 SYSTEMPATH\Boot.php(67): CodeIgniter\Boot::runCodeIgniter(Object(CodeIgniter\CodeIgniter))
10 FCPATH\index.php(56): CodeIgniter\Boot::bootWeb(Object(Config\Paths))
CRITICAL - 2026-03-06 16:47:15 --> [Caused by] mysqli_sql_exception: Duplicate entry '5' for key 'PRIMARY'
in SYSTEMPATH\Database\MySQLi\Connection.php on line 327.
 1 SYSTEMPATH\Database\MySQLi\Connection.php(327): mysqli->query('INSERT INTO tbl_saob_mooe_dt SELECT * FROM tmp_saob_mooe_dt WHERE project_id = \'47\'', 0)
 2 SYSTEMPATH\Database\BaseConnection.php(738): CodeIgniter\Database\MySQLi\Connection->execute('INSERT INTO tbl_saob_mooe_dt SELECT * FROM tmp_saob_mooe_dt WHERE project_id = \'47\'')
 3 SYSTEMPATH\Database\BaseConnection.php(652): CodeIgniter\Database\BaseConnection->simpleQuery('INSERT INTO tbl_saob_mooe_dt SELECT * FROM tmp_saob_mooe_dt WHERE project_id = \'47\'')
 4 APPPATH\Models\MySaobReportModel.php(752): CodeIgniter\Database\BaseConnection->query('INSERT INTO tbl_saob_mooe_dt SELECT * FROM tmp_saob_mooe_dt WHERE project_id = \'47\'')
 5 APPPATH\Controllers\MySaobReport.php(42): App\Models\MySaobReportModel->saob_save()
 6 SYSTEMPATH\CodeIgniter.php(933): App\Controllers\MySaobReport->index()
 7 SYSTEMPATH\CodeIgniter.php(507): CodeIgniter\CodeIgniter->runController(Object(App\Controllers\MySaobReport))
 8 SYSTEMPATH\CodeIgniter.php(354): CodeIgniter\CodeIgniter->handleRequest(null, Object(Config\Cache), false)
 9 SYSTEMPATH\Boot.php(334): CodeIgniter\CodeIgniter->run()
10 SYSTEMPATH\Boot.php(67): CodeIgniter\Boot::runCodeIgniter(Object(CodeIgniter\CodeIgniter))
11 FCPATH\index.php(56): CodeIgniter\Boot::bootWeb(Object(Config\Paths))
