CRITICAL - 2025-06-05 11:14:35 --> ErrorException: Undefined variable $trx
[Method: POST, Route: mysaobrpt]
in APPPATH\Models\MySaobReportModel.php on line 184.
 1 APPPATH\Models\MySaobReportModel.php(184): CodeIgniter\Debug\Exceptions->errorHandler(2, 'Undefined variable $trx', 'C:\\xampp\\htdocs\\fods\\app\\Models\\MySaobReportModel.php', 184)
 2 APPPATH\Controllers\MySaobReport.php(30): App\Models\MySaobReportModel->saob_save()
 3 SYSTEMPATH\CodeIgniter.php(933): App\Controllers\MySaobReport->index()
 4 SYSTEMPATH\CodeIgniter.php(507): CodeIgniter\CodeIgniter->runController(Object(App\Controllers\MySaobReport))
 5 SYSTEMPATH\CodeIgniter.php(354): CodeIgniter\CodeIgniter->handleRequest(null, Object(Config\Cache), false)
 6 SYSTEMPATH\Boot.php(334): CodeIgniter\CodeIgniter->run()
 7 SYSTEMPATH\Boot.php(67): CodeIgniter\Boot::runCodeIgniter(Object(CodeIgniter\CodeIgniter))
 8 FCPATH\index.php(56): CodeIgniter\Boot::bootWeb(Object(Config\Paths))
CRITICAL - 2025-06-05 11:15:35 --> ErrorException: Undefined variable $tagging
[Method: GET, Route: mysaobrpt]
in APPPATH\Views\report\saob-main.php on line 402.
 1 APPPATH\Views\report\saob-main.php(402): CodeIgniter\Debug\Exceptions->errorHandler(2, 'Undefined variable $tagging', 'C:\\xampp\\htdocs\\fods\\app\\Views\\report\\saob-main.php', 402)
 2 SYSTEMPATH\View\View.php(224): include('C:\\xampp\\htdocs\\fods\\app\\Views\\report\\saob-main.php')
 3 SYSTEMPATH\View\View.php(227): CodeIgniter\View\View->CodeIgniter\View\{closure}()
 4 SYSTEMPATH\Common.php(1173): CodeIgniter\View\View->render('report/saob-main', [], true)
 5 APPPATH\Controllers\MySaobReport.php(121): view('report/saob-main', [...])
 6 APPPATH\Controllers\MySaobReport.php(22): App\Controllers\MySaobReport->loadMainView()
 7 SYSTEMPATH\CodeIgniter.php(933): App\Controllers\MySaobReport->index()
 8 SYSTEMPATH\CodeIgniter.php(507): CodeIgniter\CodeIgniter->runController(Object(App\Controllers\MySaobReport))
 9 SYSTEMPATH\CodeIgniter.php(354): CodeIgniter\CodeIgniter->handleRequest(null, Object(Config\Cache), false)
10 SYSTEMPATH\Boot.php(334): CodeIgniter\CodeIgniter->run()
11 SYSTEMPATH\Boot.php(67): CodeIgniter\Boot::runCodeIgniter(Object(CodeIgniter\CodeIgniter))
12 FCPATH\index.php(56): CodeIgniter\Boot::bootWeb(Object(Config\Paths))
CRITICAL - 2025-06-05 15:49:24 --> ErrorException: Undefined array key 8
[Method: POST, Route: mysaobrpt]
in APPPATH\Models\MySaobReportModel.php on line 383.
 1 APPPATH\Models\MySaobReportModel.php(383): CodeIgniter\Debug\Exceptions->errorHandler(2, 'Undefined array key 8', 'C:\\xampp\\htdocs\\fods\\app\\Models\\MySaobReportModel.php', 383)
 2 APPPATH\Controllers\MySaobReport.php(30): App\Models\MySaobReportModel->saob_save()
 3 SYSTEMPATH\CodeIgniter.php(933): App\Controllers\MySaobReport->index()
 4 SYSTEMPATH\CodeIgniter.php(507): CodeIgniter\CodeIgniter->runController(Object(App\Controllers\MySaobReport))
 5 SYSTEMPATH\CodeIgniter.php(354): CodeIgniter\CodeIgniter->handleRequest(null, Object(Config\Cache), false)
 6 SYSTEMPATH\Boot.php(334): CodeIgniter\CodeIgniter->run()
 7 SYSTEMPATH\Boot.php(67): CodeIgniter\Boot::runCodeIgniter(Object(CodeIgniter\CodeIgniter))
 8 FCPATH\index.php(56): CodeIgniter\Boot::bootWeb(Object(Config\Paths))
