ERROR - 2025-06-09 09:02:42 --> mysqli_sql_exception: Table 'fods.tbl_budget_direct_ps_dt' doesn't exist in C:\xampp\htdocs\fods\system\Database\MySQLi\Connection.php:327
Stack trace:
#0 C:\xampp\htdocs\fods\system\Database\MySQLi\Connection.php(327): mysqli->query('\r\n        SELEC...', 0)
#1 C:\xampp\htdocs\fods\system\Database\BaseConnection.php(738): CodeIgniter\Database\MySQLi\Connection->execute('\r\n        SELEC...')
#2 C:\xampp\htdocs\fods\system\Database\BaseConnection.php(652): CodeIgniter\Database\BaseConnection->simpleQuery('\r\n        SELEC...')
#3 C:\xampp\htdocs\fods\app\Controllers\MyBudgetAllotment.php(66): CodeIgniter\Database\BaseConnection->query('\r\n        SELEC...')
#4 C:\xampp\htdocs\fods\app\Controllers\MyBudgetAllotment.php(28): App\Controllers\MyBudgetAllotment->loadMainView()
#5 C:\xampp\htdocs\fods\system\CodeIgniter.php(933): App\Controllers\MyBudgetAllotment->index()
#6 C:\xampp\htdocs\fods\system\CodeIgniter.php(507): CodeIgniter\CodeIgniter->runController(Object(App\Controllers\MyBudgetAllotment))
#7 C:\xampp\htdocs\fods\system\CodeIgniter.php(354): CodeIgniter\CodeIgniter->handleRequest(NULL, Object(Config\Cache), false)
#8 C:\xampp\htdocs\fods\system\Boot.php(334): CodeIgniter\CodeIgniter->run()
#9 C:\xampp\htdocs\fods\system\Boot.php(67): CodeIgniter\Boot::runCodeIgniter(Object(CodeIgniter\CodeIgniter))
#10 C:\xampp\htdocs\fods\public\index.php(56): CodeIgniter\Boot::bootWeb(Object(Config\Paths))
#11 {main}
CRITICAL - 2025-06-09 09:02:42 --> CodeIgniter\Database\Exceptions\DatabaseException: Table 'fods.tbl_budget_direct_ps_dt' doesn't exist
[Method: GET, Route: mybudgetallotment]
in SYSTEMPATH\Database\BaseConnection.php on line 692.
 1 APPPATH\Controllers\MyBudgetAllotment.php(66): CodeIgniter\Database\BaseConnection->query('
        SELECT 
            a.`recid`,
            a.`trxno`,
            a.`project_title`,
            a.`responsibility_code`,
            a.`fund_cluster_code`,
            a.`division_name`,
            a.`is_pending`,
            a.`is_approved`,
            a.`is_disapproved`,
            a.`added_at`,
            (
                IFNULL((SELECT SUM(`approved_budget`) FROM `tbl_budget_direct_ps_dt` WHERE project_id = a.recid), 0) +
                IFNULL((SELECT SUM(`approved_budget`) FROM `tbl_budget_indirect_ps_dt` WHERE project_id = a.recid), 0) +
                IFNULL((SELECT SUM(`approved_budget`) FROM `tbl_budget_direct_mooe_dt` WHERE project_id = a.recid), 0) +
                IFNULL((SELECT SUM(`approved_budget`) FROM `tbl_budget_indirect_mooe_dt` WHERE project_id = a.recid), 0) +
                IFNULL((SELECT SUM(`approved_budget`) FROM `tbl_budget_indirect_co_dt` WHERE project_id = a.recid), 0) +
                IFNULL((SELECT SUM(`approved_budget`) FROM `tbl_budget_direct_co_dt` WHERE project_id = a.recid), 0)
            ) AS approved_budget
        FROM
            tbl_budget_hd a
        ')
 2 APPPATH\Controllers\MyBudgetAllotment.php(28): App\Controllers\MyBudgetAllotment->loadMainView()
 3 SYSTEMPATH\CodeIgniter.php(933): App\Controllers\MyBudgetAllotment->index()
 4 SYSTEMPATH\CodeIgniter.php(507): CodeIgniter\CodeIgniter->runController(Object(App\Controllers\MyBudgetAllotment))
 5 SYSTEMPATH\CodeIgniter.php(354): CodeIgniter\CodeIgniter->handleRequest(null, Object(Config\Cache), false)
 6 SYSTEMPATH\Boot.php(334): CodeIgniter\CodeIgniter->run()
 7 SYSTEMPATH\Boot.php(67): CodeIgniter\Boot::runCodeIgniter(Object(CodeIgniter\CodeIgniter))
 8 FCPATH\index.php(56): CodeIgniter\Boot::bootWeb(Object(Config\Paths))
CRITICAL - 2025-06-09 09:02:42 --> [Caused by] CodeIgniter\Database\Exceptions\DatabaseException: Table 'fods.tbl_budget_direct_ps_dt' doesn't exist
in SYSTEMPATH\Database\MySQLi\Connection.php on line 332.
 1 SYSTEMPATH\Database\BaseConnection.php(738): CodeIgniter\Database\MySQLi\Connection->execute('
        SELECT 
            a.`recid`,
            a.`trxno`,
            a.`project_title`,
            a.`responsibility_code`,
            a.`fund_cluster_code`,
            a.`division_name`,
            a.`is_pending`,
            a.`is_approved`,
            a.`is_disapproved`,
            a.`added_at`,
            (
                IFNULL((SELECT SUM(`approved_budget`) FROM `tbl_budget_direct_ps_dt` WHERE project_id = a.recid), 0) +
                IFNULL((SELECT SUM(`approved_budget`) FROM `tbl_budget_indirect_ps_dt` WHERE project_id = a.recid), 0) +
                IFNULL((SELECT SUM(`approved_budget`) FROM `tbl_budget_direct_mooe_dt` WHERE project_id = a.recid), 0) +
                IFNULL((SELECT SUM(`approved_budget`) FROM `tbl_budget_indirect_mooe_dt` WHERE project_id = a.recid), 0) +
                IFNULL((SELECT SUM(`approved_budget`) FROM `tbl_budget_indirect_co_dt` WHERE project_id = a.recid), 0) +
                IFNULL((SELECT SUM(`approved_budget`) FROM `tbl_budget_direct_co_dt` WHERE project_id = a.recid), 0)
            ) AS approved_budget
        FROM
            tbl_budget_hd a
        ')
 2 SYSTEMPATH\Database\BaseConnection.php(652): CodeIgniter\Database\BaseConnection->simpleQuery('
        SELECT 
            a.`recid`,
            a.`trxno`,
            a.`project_title`,
            a.`responsibility_code`,
            a.`fund_cluster_code`,
            a.`division_name`,
            a.`is_pending`,
            a.`is_approved`,
            a.`is_disapproved`,
            a.`added_at`,
            (
                IFNULL((SELECT SUM(`approved_budget`) FROM `tbl_budget_direct_ps_dt` WHERE project_id = a.recid), 0) +
                IFNULL((SELECT SUM(`approved_budget`) FROM `tbl_budget_indirect_ps_dt` WHERE project_id = a.recid), 0) +
                IFNULL((SELECT SUM(`approved_budget`) FROM `tbl_budget_direct_mooe_dt` WHERE project_id = a.recid), 0) +
                IFNULL((SELECT SUM(`approved_budget`) FROM `tbl_budget_indirect_mooe_dt` WHERE project_id = a.recid), 0) +
                IFNULL((SELECT SUM(`approved_budget`) FROM `tbl_budget_indirect_co_dt` WHERE project_id = a.recid), 0) +
                IFNULL((SELECT SUM(`approved_budget`) FROM `tbl_budget_direct_co_dt` WHERE project_id = a.recid), 0)
            ) AS approved_budget
        FROM
            tbl_budget_hd a
        ')
 3 APPPATH\Controllers\MyBudgetAllotment.php(66): CodeIgniter\Database\BaseConnection->query('
        SELECT 
            a.`recid`,
            a.`trxno`,
            a.`project_title`,
            a.`responsibility_code`,
            a.`fund_cluster_code`,
            a.`division_name`,
            a.`is_pending`,
            a.`is_approved`,
            a.`is_disapproved`,
            a.`added_at`,
            (
                IFNULL((SELECT SUM(`approved_budget`) FROM `tbl_budget_direct_ps_dt` WHERE project_id = a.recid), 0) +
                IFNULL((SELECT SUM(`approved_budget`) FROM `tbl_budget_indirect_ps_dt` WHERE project_id = a.recid), 0) +
                IFNULL((SELECT SUM(`approved_budget`) FROM `tbl_budget_direct_mooe_dt` WHERE project_id = a.recid), 0) +
                IFNULL((SELECT SUM(`approved_budget`) FROM `tbl_budget_indirect_mooe_dt` WHERE project_id = a.recid), 0) +
                IFNULL((SELECT SUM(`approved_budget`) FROM `tbl_budget_indirect_co_dt` WHERE project_id = a.recid), 0) +
                IFNULL((SELECT SUM(`approved_budget`) FROM `tbl_budget_direct_co_dt` WHERE project_id = a.recid), 0)
            ) AS approved_budget
        FROM
            tbl_budget_hd a
        ')
 4 APPPATH\Controllers\MyBudgetAllotment.php(28): App\Controllers\MyBudgetAllotment->loadMainView()
 5 SYSTEMPATH\CodeIgniter.php(933): App\Controllers\MyBudgetAllotment->index()
 6 SYSTEMPATH\CodeIgniter.php(507): CodeIgniter\CodeIgniter->runController(Object(App\Controllers\MyBudgetAllotment))
 7 SYSTEMPATH\CodeIgniter.php(354): CodeIgniter\CodeIgniter->handleRequest(null, Object(Config\Cache), false)
 8 SYSTEMPATH\Boot.php(334): CodeIgniter\CodeIgniter->run()
 9 SYSTEMPATH\Boot.php(67): CodeIgniter\Boot::runCodeIgniter(Object(CodeIgniter\CodeIgniter))
10 FCPATH\index.php(56): CodeIgniter\Boot::bootWeb(Object(Config\Paths))
CRITICAL - 2025-06-09 09:02:42 --> [Caused by] mysqli_sql_exception: Table 'fods.tbl_budget_direct_ps_dt' doesn't exist
in SYSTEMPATH\Database\MySQLi\Connection.php on line 327.
 1 SYSTEMPATH\Database\MySQLi\Connection.php(327): mysqli->query('
        SELECT 
            a.`recid`,
            a.`trxno`,
            a.`project_title`,
            a.`responsibility_code`,
            a.`fund_cluster_code`,
            a.`division_name`,
            a.`is_pending`,
            a.`is_approved`,
            a.`is_disapproved`,
            a.`added_at`,
            (
                IFNULL((SELECT SUM(`approved_budget`) FROM `tbl_budget_direct_ps_dt` WHERE project_id = a.recid), 0) +
                IFNULL((SELECT SUM(`approved_budget`) FROM `tbl_budget_indirect_ps_dt` WHERE project_id = a.recid), 0) +
                IFNULL((SELECT SUM(`approved_budget`) FROM `tbl_budget_direct_mooe_dt` WHERE project_id = a.recid), 0) +
                IFNULL((SELECT SUM(`approved_budget`) FROM `tbl_budget_indirect_mooe_dt` WHERE project_id = a.recid), 0) +
                IFNULL((SELECT SUM(`approved_budget`) FROM `tbl_budget_indirect_co_dt` WHERE project_id = a.recid), 0) +
                IFNULL((SELECT SUM(`approved_budget`) FROM `tbl_budget_direct_co_dt` WHERE project_id = a.recid), 0)
            ) AS approved_budget
        FROM
            tbl_budget_hd a
        ', 0)
 2 SYSTEMPATH\Database\BaseConnection.php(738): CodeIgniter\Database\MySQLi\Connection->execute('
        SELECT 
            a.`recid`,
            a.`trxno`,
            a.`project_title`,
            a.`responsibility_code`,
            a.`fund_cluster_code`,
            a.`division_name`,
            a.`is_pending`,
            a.`is_approved`,
            a.`is_disapproved`,
            a.`added_at`,
            (
                IFNULL((SELECT SUM(`approved_budget`) FROM `tbl_budget_direct_ps_dt` WHERE project_id = a.recid), 0) +
                IFNULL((SELECT SUM(`approved_budget`) FROM `tbl_budget_indirect_ps_dt` WHERE project_id = a.recid), 0) +
                IFNULL((SELECT SUM(`approved_budget`) FROM `tbl_budget_direct_mooe_dt` WHERE project_id = a.recid), 0) +
                IFNULL((SELECT SUM(`approved_budget`) FROM `tbl_budget_indirect_mooe_dt` WHERE project_id = a.recid), 0) +
                IFNULL((SELECT SUM(`approved_budget`) FROM `tbl_budget_indirect_co_dt` WHERE project_id = a.recid), 0) +
                IFNULL((SELECT SUM(`approved_budget`) FROM `tbl_budget_direct_co_dt` WHERE project_id = a.recid), 0)
            ) AS approved_budget
        FROM
            tbl_budget_hd a
        ')
 3 SYSTEMPATH\Database\BaseConnection.php(652): CodeIgniter\Database\BaseConnection->simpleQuery('
        SELECT 
            a.`recid`,
            a.`trxno`,
            a.`project_title`,
            a.`responsibility_code`,
            a.`fund_cluster_code`,
            a.`division_name`,
            a.`is_pending`,
            a.`is_approved`,
            a.`is_disapproved`,
            a.`added_at`,
            (
                IFNULL((SELECT SUM(`approved_budget`) FROM `tbl_budget_direct_ps_dt` WHERE project_id = a.recid), 0) +
                IFNULL((SELECT SUM(`approved_budget`) FROM `tbl_budget_indirect_ps_dt` WHERE project_id = a.recid), 0) +
                IFNULL((SELECT SUM(`approved_budget`) FROM `tbl_budget_direct_mooe_dt` WHERE project_id = a.recid), 0) +
                IFNULL((SELECT SUM(`approved_budget`) FROM `tbl_budget_indirect_mooe_dt` WHERE project_id = a.recid), 0) +
                IFNULL((SELECT SUM(`approved_budget`) FROM `tbl_budget_indirect_co_dt` WHERE project_id = a.recid), 0) +
                IFNULL((SELECT SUM(`approved_budget`) FROM `tbl_budget_direct_co_dt` WHERE project_id = a.recid), 0)
            ) AS approved_budget
        FROM
            tbl_budget_hd a
        ')
 4 APPPATH\Controllers\MyBudgetAllotment.php(66): CodeIgniter\Database\BaseConnection->query('
        SELECT 
            a.`recid`,
            a.`trxno`,
            a.`project_title`,
            a.`responsibility_code`,
            a.`fund_cluster_code`,
            a.`division_name`,
            a.`is_pending`,
            a.`is_approved`,
            a.`is_disapproved`,
            a.`added_at`,
            (
                IFNULL((SELECT SUM(`approved_budget`) FROM `tbl_budget_direct_ps_dt` WHERE project_id = a.recid), 0) +
                IFNULL((SELECT SUM(`approved_budget`) FROM `tbl_budget_indirect_ps_dt` WHERE project_id = a.recid), 0) +
                IFNULL((SELECT SUM(`approved_budget`) FROM `tbl_budget_direct_mooe_dt` WHERE project_id = a.recid), 0) +
                IFNULL((SELECT SUM(`approved_budget`) FROM `tbl_budget_indirect_mooe_dt` WHERE project_id = a.recid), 0) +
                IFNULL((SELECT SUM(`approved_budget`) FROM `tbl_budget_indirect_co_dt` WHERE project_id = a.recid), 0) +
                IFNULL((SELECT SUM(`approved_budget`) FROM `tbl_budget_direct_co_dt` WHERE project_id = a.recid), 0)
            ) AS approved_budget
        FROM
            tbl_budget_hd a
        ')
 5 APPPATH\Controllers\MyBudgetAllotment.php(28): App\Controllers\MyBudgetAllotment->loadMainView()
 6 SYSTEMPATH\CodeIgniter.php(933): App\Controllers\MyBudgetAllotment->index()
 7 SYSTEMPATH\CodeIgniter.php(507): CodeIgniter\CodeIgniter->runController(Object(App\Controllers\MyBudgetAllotment))
 8 SYSTEMPATH\CodeIgniter.php(354): CodeIgniter\CodeIgniter->handleRequest(null, Object(Config\Cache), false)
 9 SYSTEMPATH\Boot.php(334): CodeIgniter\CodeIgniter->run()
10 SYSTEMPATH\Boot.php(67): CodeIgniter\Boot::runCodeIgniter(Object(CodeIgniter\CodeIgniter))
11 FCPATH\index.php(56): CodeIgniter\Boot::bootWeb(Object(Config\Paths))
ERROR - 2025-06-09 09:10:24 --> mysqli_sql_exception: You have an error in your SQL syntax; check the manual that corresponds to your MariaDB server version for the right syntax to use near 'GROUP BY program_title' at line 1 in C:\xampp\htdocs\fods\system\Database\MySQLi\Connection.php:327
Stack trace:
#0 C:\xampp\htdocs\fods\system\Database\MySQLi\Connection.php(327): mysqli->query('SELECT * FROM t...', 0)
#1 C:\xampp\htdocs\fods\system\Database\BaseConnection.php(738): CodeIgniter\Database\MySQLi\Connection->execute('SELECT * FROM t...')
#2 C:\xampp\htdocs\fods\system\Database\BaseConnection.php(652): CodeIgniter\Database\BaseConnection->simpleQuery('SELECT * FROM t...')
#3 C:\xampp\htdocs\fods\app\Controllers\MySaobReport.php(88): CodeIgniter\Database\BaseConnection->query('SELECT * FROM t...')
#4 C:\xampp\htdocs\fods\app\Controllers\MySaobReport.php(22): App\Controllers\MySaobReport->loadMainView()
#5 C:\xampp\htdocs\fods\system\CodeIgniter.php(933): App\Controllers\MySaobReport->index()
#6 C:\xampp\htdocs\fods\system\CodeIgniter.php(507): CodeIgniter\CodeIgniter->runController(Object(App\Controllers\MySaobReport))
#7 C:\xampp\htdocs\fods\system\CodeIgniter.php(354): CodeIgniter\CodeIgniter->handleRequest(NULL, Object(Config\Cache), false)
#8 C:\xampp\htdocs\fods\system\Boot.php(334): CodeIgniter\CodeIgniter->run()
#9 C:\xampp\htdocs\fods\system\Boot.php(67): CodeIgniter\Boot::runCodeIgniter(Object(CodeIgniter\CodeIgniter))
#10 C:\xampp\htdocs\fods\public\index.php(56): CodeIgniter\Boot::bootWeb(Object(Config\Paths))
#11 {main}
CRITICAL - 2025-06-09 09:10:24 --> CodeIgniter\Database\Exceptions\DatabaseException: You have an error in your SQL syntax; check the manual that corresponds to your MariaDB server version for the right syntax to use near 'GROUP BY program_title' at line 1
[Method: GET, Route: mysaobrpt]
in SYSTEMPATH\Database\BaseConnection.php on line 692.
 1 APPPATH\Controllers\MySaobReport.php(88): CodeIgniter\Database\BaseConnection->query('SELECT * FROM tbl_budget_hd WHERE fund_cluster_code = \'01\' ORDER BY recid DESC GROUP BY program_title')
 2 APPPATH\Controllers\MySaobReport.php(22): App\Controllers\MySaobReport->loadMainView()
 3 SYSTEMPATH\CodeIgniter.php(933): App\Controllers\MySaobReport->index()
 4 SYSTEMPATH\CodeIgniter.php(507): CodeIgniter\CodeIgniter->runController(Object(App\Controllers\MySaobReport))
 5 SYSTEMPATH\CodeIgniter.php(354): CodeIgniter\CodeIgniter->handleRequest(null, Object(Config\Cache), false)
 6 SYSTEMPATH\Boot.php(334): CodeIgniter\CodeIgniter->run()
 7 SYSTEMPATH\Boot.php(67): CodeIgniter\Boot::runCodeIgniter(Object(CodeIgniter\CodeIgniter))
 8 FCPATH\index.php(56): CodeIgniter\Boot::bootWeb(Object(Config\Paths))
CRITICAL - 2025-06-09 09:10:24 --> [Caused by] CodeIgniter\Database\Exceptions\DatabaseException: You have an error in your SQL syntax; check the manual that corresponds to your MariaDB server version for the right syntax to use near 'GROUP BY program_title' at line 1
in SYSTEMPATH\Database\MySQLi\Connection.php on line 332.
 1 SYSTEMPATH\Database\BaseConnection.php(738): CodeIgniter\Database\MySQLi\Connection->execute('SELECT * FROM tbl_budget_hd WHERE fund_cluster_code = \'01\' ORDER BY recid DESC GROUP BY program_title')
 2 SYSTEMPATH\Database\BaseConnection.php(652): CodeIgniter\Database\BaseConnection->simpleQuery('SELECT * FROM tbl_budget_hd WHERE fund_cluster_code = \'01\' ORDER BY recid DESC GROUP BY program_title')
 3 APPPATH\Controllers\MySaobReport.php(88): CodeIgniter\Database\BaseConnection->query('SELECT * FROM tbl_budget_hd WHERE fund_cluster_code = \'01\' ORDER BY recid DESC GROUP BY program_title')
 4 APPPATH\Controllers\MySaobReport.php(22): App\Controllers\MySaobReport->loadMainView()
 5 SYSTEMPATH\CodeIgniter.php(933): App\Controllers\MySaobReport->index()
 6 SYSTEMPATH\CodeIgniter.php(507): CodeIgniter\CodeIgniter->runController(Object(App\Controllers\MySaobReport))
 7 SYSTEMPATH\CodeIgniter.php(354): CodeIgniter\CodeIgniter->handleRequest(null, Object(Config\Cache), false)
 8 SYSTEMPATH\Boot.php(334): CodeIgniter\CodeIgniter->run()
 9 SYSTEMPATH\Boot.php(67): CodeIgniter\Boot::runCodeIgniter(Object(CodeIgniter\CodeIgniter))
10 FCPATH\index.php(56): CodeIgniter\Boot::bootWeb(Object(Config\Paths))
CRITICAL - 2025-06-09 09:10:24 --> [Caused by] mysqli_sql_exception: You have an error in your SQL syntax; check the manual that corresponds to your MariaDB server version for the right syntax to use near 'GROUP BY program_title' at line 1
in SYSTEMPATH\Database\MySQLi\Connection.php on line 327.
 1 SYSTEMPATH\Database\MySQLi\Connection.php(327): mysqli->query('SELECT * FROM tbl_budget_hd WHERE fund_cluster_code = \'01\' ORDER BY recid DESC GROUP BY program_title', 0)
 2 SYSTEMPATH\Database\BaseConnection.php(738): CodeIgniter\Database\MySQLi\Connection->execute('SELECT * FROM tbl_budget_hd WHERE fund_cluster_code = \'01\' ORDER BY recid DESC GROUP BY program_title')
 3 SYSTEMPATH\Database\BaseConnection.php(652): CodeIgniter\Database\BaseConnection->simpleQuery('SELECT * FROM tbl_budget_hd WHERE fund_cluster_code = \'01\' ORDER BY recid DESC GROUP BY program_title')
 4 APPPATH\Controllers\MySaobReport.php(88): CodeIgniter\Database\BaseConnection->query('SELECT * FROM tbl_budget_hd WHERE fund_cluster_code = \'01\' ORDER BY recid DESC GROUP BY program_title')
 5 APPPATH\Controllers\MySaobReport.php(22): App\Controllers\MySaobReport->loadMainView()
 6 SYSTEMPATH\CodeIgniter.php(933): App\Controllers\MySaobReport->index()
 7 SYSTEMPATH\CodeIgniter.php(507): CodeIgniter\CodeIgniter->runController(Object(App\Controllers\MySaobReport))
 8 SYSTEMPATH\CodeIgniter.php(354): CodeIgniter\CodeIgniter->handleRequest(null, Object(Config\Cache), false)
 9 SYSTEMPATH\Boot.php(334): CodeIgniter\CodeIgniter->run()
10 SYSTEMPATH\Boot.php(67): CodeIgniter\Boot::runCodeIgniter(Object(CodeIgniter\CodeIgniter))
11 FCPATH\index.php(56): CodeIgniter\Boot::bootWeb(Object(Config\Paths))
ERROR - 2025-06-09 09:47:04 --> mysqli_sql_exception: Unknown column 'revision' in 'field list' in C:\xampp\htdocs\fods\system\Database\MySQLi\Connection.php:327
Stack trace:
#0 C:\xampp\htdocs\fods\system\Database\MySQLi\Connection.php(327): mysqli->query('\r\n             ...', 0)
#1 C:\xampp\htdocs\fods\system\Database\BaseConnection.php(738): CodeIgniter\Database\MySQLi\Connection->execute('\r\n             ...')
#2 C:\xampp\htdocs\fods\system\Database\BaseConnection.php(652): CodeIgniter\Database\BaseConnection->simpleQuery('\r\n             ...')
#3 C:\xampp\htdocs\fods\app\Views\report\saob-main.php(633): CodeIgniter\Database\BaseConnection->query('\r\n             ...')
#4 C:\xampp\htdocs\fods\system\View\View.php(224): include('C:\\xampp\\htdocs...')
#5 C:\xampp\htdocs\fods\system\View\View.php(227): CodeIgniter\View\View->CodeIgniter\View\{closure}()
#6 C:\xampp\htdocs\fods\system\Common.php(1173): CodeIgniter\View\View->render('report/saob-mai...', Array, true)
#7 C:\xampp\htdocs\fods\app\Controllers\MySaobReport.php(121): view('report/saob-mai...', Array)
#8 C:\xampp\htdocs\fods\app\Controllers\MySaobReport.php(22): App\Controllers\MySaobReport->loadMainView()
#9 C:\xampp\htdocs\fods\system\CodeIgniter.php(933): App\Controllers\MySaobReport->index()
#10 C:\xampp\htdocs\fods\system\CodeIgniter.php(507): CodeIgniter\CodeIgniter->runController(Object(App\Controllers\MySaobReport))
#11 C:\xampp\htdocs\fods\system\CodeIgniter.php(354): CodeIgniter\CodeIgniter->handleRequest(NULL, Object(Config\Cache), false)
#12 C:\xampp\htdocs\fods\system\Boot.php(334): CodeIgniter\CodeIgniter->run()
#13 C:\xampp\htdocs\fods\system\Boot.php(67): CodeIgniter\Boot::runCodeIgniter(Object(CodeIgniter\CodeIgniter))
#14 C:\xampp\htdocs\fods\public\index.php(56): CodeIgniter\Boot::bootWeb(Object(Config\Paths))
#15 {main}
CRITICAL - 2025-06-09 09:47:04 --> CodeIgniter\Database\Exceptions\DatabaseException: Unknown column 'revision' in 'field list'
[Method: GET, Route: mysaobrpt]
in SYSTEMPATH\Database\BaseConnection.php on line 692.
 1 APPPATH\Views\report\saob-main.php(633): CodeIgniter\Database\BaseConnection->query('
                                                                SELECT
                                                                    `recid`,
                                                                    `expense_item`,
                                                                    `particulars`,
                                                                    `code`,
                                                                    `approved_budget`,
                                                                    `revision`,
                                                                    `proposed_revision`
                                                                FROM
                                                                    `tbl_budget_direct_mooe_dt`
                                                                WHERE 
                                                                    `project_id` = \'8\'')
 2 SYSTEMPATH\View\View.php(224): include('C:\\xampp\\htdocs\\fods\\app\\Views\\report\\saob-main.php')
 3 SYSTEMPATH\View\View.php(227): CodeIgniter\View\View->CodeIgniter\View\{closure}()
 4 SYSTEMPATH\Common.php(1173): CodeIgniter\View\View->render('report/saob-main', [], true)
 5 APPPATH\Controllers\MySaobReport.php(121): view('report/saob-main', [...])
 6 APPPATH\Controllers\MySaobReport.php(22): App\Controllers\MySaobReport->loadMainView()
 7 SYSTEMPATH\CodeIgniter.php(933): App\Controllers\MySaobReport->index()
 8 SYSTEMPATH\CodeIgniter.php(507): CodeIgniter\CodeIgniter->runController(Object(App\Controllers\MySaobReport))
 9 SYSTEMPATH\CodeIgniter.php(354): CodeIgniter\CodeIgniter->handleRequest(null, Object(Config\Cache), false)
10 SYSTEMPATH\Boot.php(334): CodeIgniter\CodeIgniter->run()
11 SYSTEMPATH\Boot.php(67): CodeIgniter\Boot::runCodeIgniter(Object(CodeIgniter\CodeIgniter))
12 FCPATH\index.php(56): CodeIgniter\Boot::bootWeb(Object(Config\Paths))
CRITICAL - 2025-06-09 09:47:04 --> [Caused by] CodeIgniter\Database\Exceptions\DatabaseException: Unknown column 'revision' in 'field list'
in SYSTEMPATH\Database\MySQLi\Connection.php on line 332.
 1 SYSTEMPATH\Database\BaseConnection.php(738): CodeIgniter\Database\MySQLi\Connection->execute('
                                                                SELECT
                                                                    `recid`,
                                                                    `expense_item`,
                                                                    `particulars`,
                                                                    `code`,
                                                                    `approved_budget`,
                                                                    `revision`,
                                                                    `proposed_revision`
                                                                FROM
                                                                    `tbl_budget_direct_mooe_dt`
                                                                WHERE 
                                                                    `project_id` = \'8\'')
 2 SYSTEMPATH\Database\BaseConnection.php(652): CodeIgniter\Database\BaseConnection->simpleQuery('
                                                                SELECT
                                                                    `recid`,
                                                                    `expense_item`,
                                                                    `particulars`,
                                                                    `code`,
                                                                    `approved_budget`,
                                                                    `revision`,
                                                                    `proposed_revision`
                                                                FROM
                                                                    `tbl_budget_direct_mooe_dt`
                                                                WHERE 
                                                                    `project_id` = \'8\'')
 3 APPPATH\Views\report\saob-main.php(633): CodeIgniter\Database\BaseConnection->query('
                                                                SELECT
                                                                    `recid`,
                                                                    `expense_item`,
                                                                    `particulars`,
                                                                    `code`,
                                                                    `approved_budget`,
                                                                    `revision`,
                                                                    `proposed_revision`
                                                                FROM
                                                                    `tbl_budget_direct_mooe_dt`
                                                                WHERE 
                                                                    `project_id` = \'8\'')
 4 SYSTEMPATH\View\View.php(224): include('C:\\xampp\\htdocs\\fods\\app\\Views\\report\\saob-main.php')
 5 SYSTEMPATH\View\View.php(227): CodeIgniter\View\View->CodeIgniter\View\{closure}()
 6 SYSTEMPATH\Common.php(1173): CodeIgniter\View\View->render('report/saob-main', [], true)
 7 APPPATH\Controllers\MySaobReport.php(121): view('report/saob-main', [...])
 8 APPPATH\Controllers\MySaobReport.php(22): App\Controllers\MySaobReport->loadMainView()
 9 SYSTEMPATH\CodeIgniter.php(933): App\Controllers\MySaobReport->index()
10 SYSTEMPATH\CodeIgniter.php(507): CodeIgniter\CodeIgniter->runController(Object(App\Controllers\MySaobReport))
11 SYSTEMPATH\CodeIgniter.php(354): CodeIgniter\CodeIgniter->handleRequest(null, Object(Config\Cache), false)
12 SYSTEMPATH\Boot.php(334): CodeIgniter\CodeIgniter->run()
13 SYSTEMPATH\Boot.php(67): CodeIgniter\Boot::runCodeIgniter(Object(CodeIgniter\CodeIgniter))
14 FCPATH\index.php(56): CodeIgniter\Boot::bootWeb(Object(Config\Paths))
CRITICAL - 2025-06-09 09:47:04 --> [Caused by] mysqli_sql_exception: Unknown column 'revision' in 'field list'
in SYSTEMPATH\Database\MySQLi\Connection.php on line 327.
 1 SYSTEMPATH\Database\MySQLi\Connection.php(327): mysqli->query('
                                                                SELECT
                                                                    `recid`,
                                                                    `expense_item`,
                                                                    `particulars`,
                                                                    `code`,
                                                                    `approved_budget`,
                                                                    `revision`,
                                                                    `proposed_revision`
                                                                FROM
                                                                    `tbl_budget_direct_mooe_dt`
                                                                WHERE 
                                                                    `project_id` = \'8\'', 0)
 2 SYSTEMPATH\Database\BaseConnection.php(738): CodeIgniter\Database\MySQLi\Connection->execute('
                                                                SELECT
                                                                    `recid`,
                                                                    `expense_item`,
                                                                    `particulars`,
                                                                    `code`,
                                                                    `approved_budget`,
                                                                    `revision`,
                                                                    `proposed_revision`
                                                                FROM
                                                                    `tbl_budget_direct_mooe_dt`
                                                                WHERE 
                                                                    `project_id` = \'8\'')
 3 SYSTEMPATH\Database\BaseConnection.php(652): CodeIgniter\Database\BaseConnection->simpleQuery('
                                                                SELECT
                                                                    `recid`,
                                                                    `expense_item`,
                                                                    `particulars`,
                                                                    `code`,
                                                                    `approved_budget`,
                                                                    `revision`,
                                                                    `proposed_revision`
                                                                FROM
                                                                    `tbl_budget_direct_mooe_dt`
                                                                WHERE 
                                                                    `project_id` = \'8\'')
 4 APPPATH\Views\report\saob-main.php(633): CodeIgniter\Database\BaseConnection->query('
                                                                SELECT
                                                                    `recid`,
                                                                    `expense_item`,
                                                                    `particulars`,
                                                                    `code`,
                                                                    `approved_budget`,
                                                                    `revision`,
                                                                    `proposed_revision`
                                                                FROM
                                                                    `tbl_budget_direct_mooe_dt`
                                                                WHERE 
                                                                    `project_id` = \'8\'')
 5 SYSTEMPATH\View\View.php(224): include('C:\\xampp\\htdocs\\fods\\app\\Views\\report\\saob-main.php')
 6 SYSTEMPATH\View\View.php(227): CodeIgniter\View\View->CodeIgniter\View\{closure}()
 7 SYSTEMPATH\Common.php(1173): CodeIgniter\View\View->render('report/saob-main', [], true)
 8 APPPATH\Controllers\MySaobReport.php(121): view('report/saob-main', [...])
 9 APPPATH\Controllers\MySaobReport.php(22): App\Controllers\MySaobReport->loadMainView()
10 SYSTEMPATH\CodeIgniter.php(933): App\Controllers\MySaobReport->index()
11 SYSTEMPATH\CodeIgniter.php(507): CodeIgniter\CodeIgniter->runController(Object(App\Controllers\MySaobReport))
12 SYSTEMPATH\CodeIgniter.php(354): CodeIgniter\CodeIgniter->handleRequest(null, Object(Config\Cache), false)
13 SYSTEMPATH\Boot.php(334): CodeIgniter\CodeIgniter->run()
14 SYSTEMPATH\Boot.php(67): CodeIgniter\Boot::runCodeIgniter(Object(CodeIgniter\CodeIgniter))
15 FCPATH\index.php(56): CodeIgniter\Boot::bootWeb(Object(Config\Paths))
CRITICAL - 2025-06-09 10:07:36 --> ErrorException: Undefined variable $tagging
[Method: GET, Route: mysaobrpt]
in APPPATH\Views\report\saob-main.php on line 809.
 1 APPPATH\Views\report\saob-main.php(809): CodeIgniter\Debug\Exceptions->errorHandler(2, 'Undefined variable $tagging', 'C:\\xampp\\htdocs\\fods\\app\\Views\\report\\saob-main.php', 809)
 2 SYSTEMPATH\View\View.php(224): include('C:\\xampp\\htdocs\\fods\\app\\Views\\report\\saob-main.php')
 3 SYSTEMPATH\View\View.php(227): CodeIgniter\View\View->CodeIgniter\View\{closure}()
 4 SYSTEMPATH\Common.php(1173): CodeIgniter\View\View->render('report/saob-main', [], true)
 5 APPPATH\Controllers\MySaobReport.php(121): view('report/saob-main', [...])
 6 APPPATH\Controllers\MySaobReport.php(22): App\Controllers\MySaobReport->loadMainView()
 7 SYSTEMPATH\CodeIgniter.php(933): App\Controllers\MySaobReport->index()
 8 SYSTEMPATH\CodeIgniter.php(507): CodeIgniter\CodeIgniter->runController(Object(App\Controllers\MySaobReport))
 9 SYSTEMPATH\CodeIgniter.php(354): CodeIgniter\CodeIgniter->handleRequest(null, Object(Config\Cache), false)
10 SYSTEMPATH\Boot.php(334): CodeIgniter\CodeIgniter->run()
11 SYSTEMPATH\Boot.php(67): CodeIgniter\Boot::runCodeIgniter(Object(CodeIgniter\CodeIgniter))
12 FCPATH\index.php(56): CodeIgniter\Boot::bootWeb(Object(Config\Paths))
CRITICAL - 2025-06-09 13:28:00 --> ErrorException: Undefined array key 7
[Method: POST, Route: mysaobrpt]
in APPPATH\Models\MySaobReportModel.php on line 407.
 1 APPPATH\Models\MySaobReportModel.php(407): CodeIgniter\Debug\Exceptions->errorHandler(2, 'Undefined array key 7', 'C:\\xampp\\htdocs\\fods\\app\\Models\\MySaobReportModel.php', 407)
 2 APPPATH\Controllers\MySaobReport.php(30): App\Models\MySaobReportModel->saob_save()
 3 SYSTEMPATH\CodeIgniter.php(933): App\Controllers\MySaobReport->index()
 4 SYSTEMPATH\CodeIgniter.php(507): CodeIgniter\CodeIgniter->runController(Object(App\Controllers\MySaobReport))
 5 SYSTEMPATH\CodeIgniter.php(354): CodeIgniter\CodeIgniter->handleRequest(null, Object(Config\Cache), false)
 6 SYSTEMPATH\Boot.php(334): CodeIgniter\CodeIgniter->run()
 7 SYSTEMPATH\Boot.php(67): CodeIgniter\Boot::runCodeIgniter(Object(CodeIgniter\CodeIgniter))
 8 FCPATH\index.php(56): CodeIgniter\Boot::bootWeb(Object(Config\Paths))
ERROR - 2025-06-09 13:28:30 --> mysqli_sql_exception: Unknown column 'revision' in 'field list' in C:\xampp\htdocs\fods\system\Database\MySQLi\Connection.php:327
Stack trace:
#0 C:\xampp\htdocs\fods\system\Database\MySQLi\Connection.php(327): mysqli->query('\r\n             ...', 0)
#1 C:\xampp\htdocs\fods\system\Database\BaseConnection.php(738): CodeIgniter\Database\MySQLi\Connection->execute('\r\n             ...')
#2 C:\xampp\htdocs\fods\system\Database\BaseConnection.php(652): CodeIgniter\Database\BaseConnection->simpleQuery('\r\n             ...')
#3 C:\xampp\htdocs\fods\app\Views\report\saob-main.php(888): CodeIgniter\Database\BaseConnection->query('\r\n             ...')
#4 C:\xampp\htdocs\fods\system\View\View.php(224): include('C:\\xampp\\htdocs...')
#5 C:\xampp\htdocs\fods\system\View\View.php(227): CodeIgniter\View\View->CodeIgniter\View\{closure}()
#6 C:\xampp\htdocs\fods\system\Common.php(1173): CodeIgniter\View\View->render('report/saob-mai...', Array, true)
#7 C:\xampp\htdocs\fods\app\Controllers\MySaobReport.php(125): view('report/saob-mai...', Array)
#8 C:\xampp\htdocs\fods\app\Controllers\MySaobReport.php(22): App\Controllers\MySaobReport->loadMainView()
#9 C:\xampp\htdocs\fods\system\CodeIgniter.php(933): App\Controllers\MySaobReport->index()
#10 C:\xampp\htdocs\fods\system\CodeIgniter.php(507): CodeIgniter\CodeIgniter->runController(Object(App\Controllers\MySaobReport))
#11 C:\xampp\htdocs\fods\system\CodeIgniter.php(354): CodeIgniter\CodeIgniter->handleRequest(NULL, Object(Config\Cache), false)
#12 C:\xampp\htdocs\fods\system\Boot.php(334): CodeIgniter\CodeIgniter->run()
#13 C:\xampp\htdocs\fods\system\Boot.php(67): CodeIgniter\Boot::runCodeIgniter(Object(CodeIgniter\CodeIgniter))
#14 C:\xampp\htdocs\fods\public\index.php(56): CodeIgniter\Boot::bootWeb(Object(Config\Paths))
#15 {main}
CRITICAL - 2025-06-09 13:28:30 --> CodeIgniter\Database\Exceptions\DatabaseException: Unknown column 'revision' in 'field list'
[Method: GET, Route: mysaobrpt]
in SYSTEMPATH\Database\BaseConnection.php on line 692.
 1 APPPATH\Views\report\saob-main.php(888): CodeIgniter\Database\BaseConnection->query('
                                                                SELECT
                                                                    `recid`,
                                                                    `particulars`,
                                                                    `code`,
                                                                    `approved_budget`,
                                                                    `revision`,
                                                                    `proposed_revision`
                                                                FROM
                                                                    `tbl_budget_direct_co_dt`
                                                                WHERE 
                                                                    `project_id` = \'11\'')
 2 SYSTEMPATH\View\View.php(224): include('C:\\xampp\\htdocs\\fods\\app\\Views\\report\\saob-main.php')
 3 SYSTEMPATH\View\View.php(227): CodeIgniter\View\View->CodeIgniter\View\{closure}()
 4 SYSTEMPATH\Common.php(1173): CodeIgniter\View\View->render('report/saob-main', [], true)
 5 APPPATH\Controllers\MySaobReport.php(125): view('report/saob-main', [...])
 6 APPPATH\Controllers\MySaobReport.php(22): App\Controllers\MySaobReport->loadMainView()
 7 SYSTEMPATH\CodeIgniter.php(933): App\Controllers\MySaobReport->index()
 8 SYSTEMPATH\CodeIgniter.php(507): CodeIgniter\CodeIgniter->runController(Object(App\Controllers\MySaobReport))
 9 SYSTEMPATH\CodeIgniter.php(354): CodeIgniter\CodeIgniter->handleRequest(null, Object(Config\Cache), false)
10 SYSTEMPATH\Boot.php(334): CodeIgniter\CodeIgniter->run()
11 SYSTEMPATH\Boot.php(67): CodeIgniter\Boot::runCodeIgniter(Object(CodeIgniter\CodeIgniter))
12 FCPATH\index.php(56): CodeIgniter\Boot::bootWeb(Object(Config\Paths))
CRITICAL - 2025-06-09 13:28:30 --> [Caused by] CodeIgniter\Database\Exceptions\DatabaseException: Unknown column 'revision' in 'field list'
in SYSTEMPATH\Database\MySQLi\Connection.php on line 332.
 1 SYSTEMPATH\Database\BaseConnection.php(738): CodeIgniter\Database\MySQLi\Connection->execute('
                                                                SELECT
                                                                    `recid`,
                                                                    `particulars`,
                                                                    `code`,
                                                                    `approved_budget`,
                                                                    `revision`,
                                                                    `proposed_revision`
                                                                FROM
                                                                    `tbl_budget_direct_co_dt`
                                                                WHERE 
                                                                    `project_id` = \'11\'')
 2 SYSTEMPATH\Database\BaseConnection.php(652): CodeIgniter\Database\BaseConnection->simpleQuery('
                                                                SELECT
                                                                    `recid`,
                                                                    `particulars`,
                                                                    `code`,
                                                                    `approved_budget`,
                                                                    `revision`,
                                                                    `proposed_revision`
                                                                FROM
                                                                    `tbl_budget_direct_co_dt`
                                                                WHERE 
                                                                    `project_id` = \'11\'')
 3 APPPATH\Views\report\saob-main.php(888): CodeIgniter\Database\BaseConnection->query('
                                                                SELECT
                                                                    `recid`,
                                                                    `particulars`,
                                                                    `code`,
                                                                    `approved_budget`,
                                                                    `revision`,
                                                                    `proposed_revision`
                                                                FROM
                                                                    `tbl_budget_direct_co_dt`
                                                                WHERE 
                                                                    `project_id` = \'11\'')
 4 SYSTEMPATH\View\View.php(224): include('C:\\xampp\\htdocs\\fods\\app\\Views\\report\\saob-main.php')
 5 SYSTEMPATH\View\View.php(227): CodeIgniter\View\View->CodeIgniter\View\{closure}()
 6 SYSTEMPATH\Common.php(1173): CodeIgniter\View\View->render('report/saob-main', [], true)
 7 APPPATH\Controllers\MySaobReport.php(125): view('report/saob-main', [...])
 8 APPPATH\Controllers\MySaobReport.php(22): App\Controllers\MySaobReport->loadMainView()
 9 SYSTEMPATH\CodeIgniter.php(933): App\Controllers\MySaobReport->index()
10 SYSTEMPATH\CodeIgniter.php(507): CodeIgniter\CodeIgniter->runController(Object(App\Controllers\MySaobReport))
11 SYSTEMPATH\CodeIgniter.php(354): CodeIgniter\CodeIgniter->handleRequest(null, Object(Config\Cache), false)
12 SYSTEMPATH\Boot.php(334): CodeIgniter\CodeIgniter->run()
13 SYSTEMPATH\Boot.php(67): CodeIgniter\Boot::runCodeIgniter(Object(CodeIgniter\CodeIgniter))
14 FCPATH\index.php(56): CodeIgniter\Boot::bootWeb(Object(Config\Paths))
CRITICAL - 2025-06-09 13:28:30 --> [Caused by] mysqli_sql_exception: Unknown column 'revision' in 'field list'
in SYSTEMPATH\Database\MySQLi\Connection.php on line 327.
 1 SYSTEMPATH\Database\MySQLi\Connection.php(327): mysqli->query('
                                                                SELECT
                                                                    `recid`,
                                                                    `particulars`,
                                                                    `code`,
                                                                    `approved_budget`,
                                                                    `revision`,
                                                                    `proposed_revision`
                                                                FROM
                                                                    `tbl_budget_direct_co_dt`
                                                                WHERE 
                                                                    `project_id` = \'11\'', 0)
 2 SYSTEMPATH\Database\BaseConnection.php(738): CodeIgniter\Database\MySQLi\Connection->execute('
                                                                SELECT
                                                                    `recid`,
                                                                    `particulars`,
                                                                    `code`,
                                                                    `approved_budget`,
                                                                    `revision`,
                                                                    `proposed_revision`
                                                                FROM
                                                                    `tbl_budget_direct_co_dt`
                                                                WHERE 
                                                                    `project_id` = \'11\'')
 3 SYSTEMPATH\Database\BaseConnection.php(652): CodeIgniter\Database\BaseConnection->simpleQuery('
                                                                SELECT
                                                                    `recid`,
                                                                    `particulars`,
                                                                    `code`,
                                                                    `approved_budget`,
                                                                    `revision`,
                                                                    `proposed_revision`
                                                                FROM
                                                                    `tbl_budget_direct_co_dt`
                                                                WHERE 
                                                                    `project_id` = \'11\'')
 4 APPPATH\Views\report\saob-main.php(888): CodeIgniter\Database\BaseConnection->query('
                                                                SELECT
                                                                    `recid`,
                                                                    `particulars`,
                                                                    `code`,
                                                                    `approved_budget`,
                                                                    `revision`,
                                                                    `proposed_revision`
                                                                FROM
                                                                    `tbl_budget_direct_co_dt`
                                                                WHERE 
                                                                    `project_id` = \'11\'')
 5 SYSTEMPATH\View\View.php(224): include('C:\\xampp\\htdocs\\fods\\app\\Views\\report\\saob-main.php')
 6 SYSTEMPATH\View\View.php(227): CodeIgniter\View\View->CodeIgniter\View\{closure}()
 7 SYSTEMPATH\Common.php(1173): CodeIgniter\View\View->render('report/saob-main', [], true)
 8 APPPATH\Controllers\MySaobReport.php(125): view('report/saob-main', [...])
 9 APPPATH\Controllers\MySaobReport.php(22): App\Controllers\MySaobReport->loadMainView()
10 SYSTEMPATH\CodeIgniter.php(933): App\Controllers\MySaobReport->index()
11 SYSTEMPATH\CodeIgniter.php(507): CodeIgniter\CodeIgniter->runController(Object(App\Controllers\MySaobReport))
12 SYSTEMPATH\CodeIgniter.php(354): CodeIgniter\CodeIgniter->handleRequest(null, Object(Config\Cache), false)
13 SYSTEMPATH\Boot.php(334): CodeIgniter\CodeIgniter->run()
14 SYSTEMPATH\Boot.php(67): CodeIgniter\Boot::runCodeIgniter(Object(CodeIgniter\CodeIgniter))
15 FCPATH\index.php(56): CodeIgniter\Boot::bootWeb(Object(Config\Paths))
CRITICAL - 2025-06-09 13:29:46 --> ErrorException: Undefined array key 7
[Method: POST, Route: mysaobrpt]
in APPPATH\Models\MySaobReportModel.php on line 737.
 1 APPPATH\Models\MySaobReportModel.php(737): CodeIgniter\Debug\Exceptions->errorHandler(2, 'Undefined array key 7', 'C:\\xampp\\htdocs\\fods\\app\\Models\\MySaobReportModel.php', 737)
 2 APPPATH\Controllers\MySaobReport.php(30): App\Models\MySaobReportModel->saob_save()
 3 SYSTEMPATH\CodeIgniter.php(933): App\Controllers\MySaobReport->index()
 4 SYSTEMPATH\CodeIgniter.php(507): CodeIgniter\CodeIgniter->runController(Object(App\Controllers\MySaobReport))
 5 SYSTEMPATH\CodeIgniter.php(354): CodeIgniter\CodeIgniter->handleRequest(null, Object(Config\Cache), false)
 6 SYSTEMPATH\Boot.php(334): CodeIgniter\CodeIgniter->run()
 7 SYSTEMPATH\Boot.php(67): CodeIgniter\Boot::runCodeIgniter(Object(CodeIgniter\CodeIgniter))
 8 FCPATH\index.php(56): CodeIgniter\Boot::bootWeb(Object(Config\Paths))
